;  LST file generated by mikroListExporter - v.2.0 
; Date/Time: 22/04/2015 03:27:34 p.m.
;----------------------------------------------

;Address Opcode 	ASM
0x0000	0x2816      	GOTO       22
_____DoICP:
;__Lib_System.c,6 :: 		
;__Lib_System.c,9 :: 		
0x0003	0x1283      	BCF        STATUS, 5
0x0004	0x1303      	BCF        STATUS, 6
0x0005	0x0821      	MOVF       ___DoICPAddr+1, 0
0x0006	0x008A      	MOVWF      PCLATH
;__Lib_System.c,10 :: 		
0x0007	0x0820      	MOVF       ___DoICPAddr, 0
0x0008	0x0082      	MOVWF      PCL
;__Lib_System.c,12 :: 		
L_end_____DoICP:
0x0009	0x0008      	RETURN
; end of _____DoICP
___CC2DW:
;__Lib_System.c,134 :: 		
;__Lib_System.c,137 :: 		
_CC2D_Loop1:
;__Lib_System.c,139 :: 		
0x000A	0x2003      	CALL       _____DoICP
0x000B	0x118A      	BCF        PCLATH, 3
0x000C	0x120A      	BCF        PCLATH, 4
;__Lib_System.c,141 :: 		
0x000D	0x0080      	MOVWF      INDF
;__Lib_System.c,142 :: 		
0x000E	0x0A84      	INCF       FSR, 1
;__Lib_System.c,143 :: 		
0x000F	0x0AA0      	INCF       ___DoICPAddr, 1
;__Lib_System.c,145 :: 		
0x0010	0x1903      	BTFSC      STATUS, 2
;__Lib_System.c,146 :: 		
0x0011	0x0AA1      	INCF       ___DoICPAddr+1, 1
;__Lib_System.c,147 :: 		
0x0012	0x03F0      	DECF       R0, 1
;__Lib_System.c,149 :: 		
0x0013	0x1D03      	BTFSS      STATUS, 2
;__Lib_System.c,150 :: 		
0x0014	0x280A      	GOTO       _CC2D_Loop1
;__Lib_System.c,152 :: 		
L_end___CC2DW:
0x0015	0x0008      	RETURN
; end of ___CC2DW
_main:
;09 ADC.c,1 :: 		void main()
;09 ADC.c,3 :: 		TRISC=0x00;
0x0016	0x1683      	BSF        STATUS, 5
0x0017	0x1303      	BCF        STATUS, 6
0x0018	0x0187      	CLRF       TRISC
;09 ADC.c,4 :: 		TRISD=~0x03;
0x0019	0x30FC      	MOVLW      252
0x001A	0x0088      	MOVWF      TRISD
;09 ADC.c,6 :: 		TRISA=0x01;
0x001B	0x3001      	MOVLW      1
0x001C	0x0085      	MOVWF      TRISA
;09 ADC.c,7 :: 		ANSEL=0x01;
0x001D	0x3001      	MOVLW      1
0x001E	0x1703      	BSF        STATUS, 6
0x001F	0x0088      	MOVWF      ANSEL
;09 ADC.c,9 :: 		ADCON0=0xC1;
0x0020	0x30C1      	MOVLW      193
0x0021	0x1283      	BCF        STATUS, 5
0x0022	0x1303      	BCF        STATUS, 6
0x0023	0x009F      	MOVWF      ADCON0
;09 ADC.c,10 :: 		ADCON1=0x80;
0x0024	0x3080      	MOVLW      128
0x0025	0x1683      	BSF        STATUS, 5
0x0026	0x009F      	MOVWF      ADCON1
;09 ADC.c,12 :: 		while (8)
L_main0:
;09 ADC.c,14 :: 		delay_ms(100);
0x0027	0x3082      	MOVLW      130
0x0028	0x00FC      	MOVWF      R12
0x0029	0x30DD      	MOVLW      221
0x002A	0x00FD      	MOVWF      R13
L_main2:
0x002B	0x0BFD      	DECFSZ     R13, 1
0x002C	0x282B      	GOTO       L_main2
0x002D	0x0BFC      	DECFSZ     R12, 1
0x002E	0x282B      	GOTO       L_main2
0x002F	0x0000      	NOP
0x0030	0x0000      	NOP
;09 ADC.c,16 :: 		ADCON0=0xC3;
0x0031	0x30C3      	MOVLW      195
0x0032	0x1283      	BCF        STATUS, 5
0x0033	0x009F      	MOVWF      ADCON0
;09 ADC.c,18 :: 		while (ADCON0.GO_DONE)
L_main3:
0x0034	0x1C9F      	BTFSS      ADCON0, 1
0x0035	0x2837      	GOTO       L_main4
;09 ADC.c,20 :: 		}
0x0036	0x2834      	GOTO       L_main3
L_main4:
;09 ADC.c,21 :: 		PORTC=ADRESL;
0x0037	0x1683      	BSF        STATUS, 5
0x0038	0x081E      	MOVF       ADRESL, 0
0x0039	0x1283      	BCF        STATUS, 5
0x003A	0x0087      	MOVWF      PORTC
;09 ADC.c,22 :: 		PORTD=ADRESH;
0x003B	0x081E      	MOVF       ADRESH, 0
0x003C	0x0088      	MOVWF      PORTD
;09 ADC.c,23 :: 		}
0x003D	0x2827      	GOTO       L_main0
;09 ADC.c,24 :: 		}
L_end_main:
0x003E	0x283E      	GOTO       $+0
; end of _main
Symbol List:
//** Routines locations **
//ADDRESS    SIZE    PROCEDURE
//----------------------------------------------
0x0003       [7]    _____DoICP
0x000A      [12]    ___CC2DW
0x0016      [41]    _main
//** Variables locations ** 
//ADDRESS    SIZE    VARIABLE
//----------------------------------------------
0x0000       [1]    INDF
0x0002       [1]    PCL
0x0003       [1]    STATUS
0x0004       [1]    FSR
0x0007       [1]    PORTC
0x0008       [1]    PORTD
0x000A       [1]    PCLATH
0x001E       [1]    ADRESH
0x001F       [1]    ADCON0
0x0020       [2]    ___DoICPAddr
0x0070       [1]    R0
0x0071       [1]    R1
0x0072       [1]    R2
0x0073       [1]    R3
0x0074       [1]    R4
0x0075       [1]    R5
0x0076       [1]    R6
0x0077       [1]    R7
0x0078       [1]    R8
0x0079       [1]    R9
0x007A       [1]    R10
0x007B       [1]    R11
0x007C       [1]    R12
0x007D       [1]    R13
0x007E       [1]    R14
0x007F       [1]    R15
0x0085       [1]    TRISA
0x0087       [1]    TRISC
0x0088       [1]    TRISD
0x009E       [1]    ADRESL
0x009F       [1]    ADCON1
0x0188       [1]    ANSEL
//** Label List: ** 
//----------------------------------------------
  L_main0
  L_main1
  L_main2
  L_main3
  L_main4
  L_end_main
  _main
  L_loopCA2AWs
  L_CA2AWend
  _CCA2AW_Loop1
  L_loopCS2Ss
  L_CS2Send
  _CCS2S_Loop1
  L_CCS2Send
  L_loopFZinSWs
  L_FZinSend
  _CC2D_Loop1
  L_end_____DoICP
  _____DoICP
  L_end_____DoIFC
  _____DoIFC
  L_end___CA2AW
  ___CA2AW
  L_end___CCA2AW
  ___CCA2AW
  L_end___CS2S
  ___CS2S
  L_end___CCS2S
  ___CCS2S
  L_end___FZinS
  ___FZinS
  L_end___CC2DW
  ___CC2DW
  L_end_Swap
  _Swap
