;  LST file generated by mikroListExporter - v.2.0 
; Date/Time: 29/04/2015 09:51:48 a. m.
;----------------------------------------------

;Address Opcode 	ASM
0x0000	0x29D0      	GOTO       464
_Delay_1us:
;__Lib_Delays.c,7 :: 		void Delay_1us() {
;__Lib_Delays.c,8 :: 		Delay_us(1);
0x0003	0x0000      	NOP
;__Lib_Delays.c,9 :: 		}
L_end_Delay_1us:
0x0004	0x0008      	RETURN
; end of _Delay_1us
_Delay_50us:
;__Lib_Delays.c,19 :: 		void Delay_50us() {
;__Lib_Delays.c,20 :: 		Delay_us(50);
0x0005	0x3010      	MOVLW      16
0x0006	0x1283      	BCF        STATUS, 5
0x0007	0x1303      	BCF        STATUS, 6
0x0008	0x00FD      	MOVWF      R13
L_Delay_50us2:
0x0009	0x0BFD      	DECFSZ     R13, 1
0x000A	0x2809      	GOTO       L_Delay_50us2
0x000B	0x0000      	NOP
;__Lib_Delays.c,21 :: 		}
L_end_Delay_50us:
0x000C	0x0008      	RETURN
; end of _Delay_50us
_Delay_5500us:
;__Lib_Delays.c,31 :: 		void Delay_5500us() {
;__Lib_Delays.c,32 :: 		Delay_us(5500);
0x000D	0x3008      	MOVLW      8
0x000E	0x1283      	BCF        STATUS, 5
0x000F	0x1303      	BCF        STATUS, 6
0x0010	0x00FC      	MOVWF      R12
0x0011	0x3023      	MOVLW      35
0x0012	0x00FD      	MOVWF      R13
L_Delay_5500us5:
0x0013	0x0BFD      	DECFSZ     R13, 1
0x0014	0x2813      	GOTO       L_Delay_5500us5
0x0015	0x0BFC      	DECFSZ     R12, 1
0x0016	0x2813      	GOTO       L_Delay_5500us5
;__Lib_Delays.c,33 :: 		}
L_end_Delay_5500us:
0x0017	0x0008      	RETURN
; end of _Delay_5500us
_Lcd_Cmd:
;__Lib_Lcd.c,18 :: 		
;__Lib_Lcd.c,20 :: 		
0x0018	0x1683      	BSF        STATUS, 5
0x0019	0x1303      	BCF        STATUS, 6
0x001A	0x1BA6      	BTFSC      FARG_Lcd_Cmd_out_char, 7
0x001B	0x281F      	GOTO       L__Lcd_Cmd21
0x001C	0x1283      	BCF        STATUS, 5
0x001D	0x1287      	BCF        LCD_D7, BitPos(LCD_D7+0)
0x001E	0x2821      	GOTO       L__Lcd_Cmd22
L__Lcd_Cmd21:
0x001F	0x1283      	BCF        STATUS, 5
0x0020	0x1687      	BSF        LCD_D7, BitPos(LCD_D7+0)
L__Lcd_Cmd22:
;__Lib_Lcd.c,21 :: 		
0x0021	0x1683      	BSF        STATUS, 5
0x0022	0x1B26      	BTFSC      FARG_Lcd_Cmd_out_char, 6
0x0023	0x2827      	GOTO       L__Lcd_Cmd23
0x0024	0x1283      	BCF        STATUS, 5
0x0025	0x1207      	BCF        LCD_D6, BitPos(LCD_D6+0)
0x0026	0x2829      	GOTO       L__Lcd_Cmd24
L__Lcd_Cmd23:
0x0027	0x1283      	BCF        STATUS, 5
0x0028	0x1607      	BSF        LCD_D6, BitPos(LCD_D6+0)
L__Lcd_Cmd24:
;__Lib_Lcd.c,22 :: 		
0x0029	0x1683      	BSF        STATUS, 5
0x002A	0x1AA6      	BTFSC      FARG_Lcd_Cmd_out_char, 5
0x002B	0x282F      	GOTO       L__Lcd_Cmd25
0x002C	0x1283      	BCF        STATUS, 5
0x002D	0x1188      	BCF        LCD_D5, BitPos(LCD_D5+0)
0x002E	0x2831      	GOTO       L__Lcd_Cmd26
L__Lcd_Cmd25:
0x002F	0x1283      	BCF        STATUS, 5
0x0030	0x1588      	BSF        LCD_D5, BitPos(LCD_D5+0)
L__Lcd_Cmd26:
;__Lib_Lcd.c,23 :: 		
0x0031	0x1683      	BSF        STATUS, 5
0x0032	0x1A26      	BTFSC      FARG_Lcd_Cmd_out_char, 4
0x0033	0x2837      	GOTO       L__Lcd_Cmd27
0x0034	0x1283      	BCF        STATUS, 5
0x0035	0x1108      	BCF        LCD_D4, BitPos(LCD_D4+0)
0x0036	0x2839      	GOTO       L__Lcd_Cmd28
L__Lcd_Cmd27:
0x0037	0x1283      	BCF        STATUS, 5
0x0038	0x1508      	BSF        LCD_D4, BitPos(LCD_D4+0)
L__Lcd_Cmd28:
;__Lib_Lcd.c,25 :: 		
0x0039	0x186C      	BTFSC      __Lib_Lcd_cmd_status, BitPos(__Lib_Lcd_cmd_status+0)
0x003A	0x283D      	GOTO       L__Lcd_Cmd29
0x003B	0x1587      	BSF        LCD_RS, BitPos(LCD_RS+0)
0x003C	0x283E      	GOTO       L__Lcd_Cmd30
L__Lcd_Cmd29:
0x003D	0x1187      	BCF        LCD_RS, BitPos(LCD_RS+0)
L__Lcd_Cmd30:
;__Lib_Lcd.c,28 :: 		
0x003E	0x1488      	BSF        LCD_EN, BitPos(LCD_EN+0)
;__Lib_Lcd.c,29 :: 		
0x003F	0x2003      	CALL       _Delay_1us
;__Lib_Lcd.c,30 :: 		
0x0040	0x1088      	BCF        LCD_EN, BitPos(LCD_EN+0)
;__Lib_Lcd.c,33 :: 		
0x0041	0x1683      	BSF        STATUS, 5
0x0042	0x19A6      	BTFSC      FARG_Lcd_Cmd_out_char, 3
0x0043	0x2847      	GOTO       L__Lcd_Cmd31
0x0044	0x1283      	BCF        STATUS, 5
0x0045	0x1287      	BCF        LCD_D7, BitPos(LCD_D7+0)
0x0046	0x2849      	GOTO       L__Lcd_Cmd32
L__Lcd_Cmd31:
0x0047	0x1283      	BCF        STATUS, 5
0x0048	0x1687      	BSF        LCD_D7, BitPos(LCD_D7+0)
L__Lcd_Cmd32:
;__Lib_Lcd.c,34 :: 		
0x0049	0x1683      	BSF        STATUS, 5
0x004A	0x1926      	BTFSC      FARG_Lcd_Cmd_out_char, 2
0x004B	0x284F      	GOTO       L__Lcd_Cmd33
0x004C	0x1283      	BCF        STATUS, 5
0x004D	0x1207      	BCF        LCD_D6, BitPos(LCD_D6+0)
0x004E	0x2851      	GOTO       L__Lcd_Cmd34
L__Lcd_Cmd33:
0x004F	0x1283      	BCF        STATUS, 5
0x0050	0x1607      	BSF        LCD_D6, BitPos(LCD_D6+0)
L__Lcd_Cmd34:
;__Lib_Lcd.c,35 :: 		
0x0051	0x1683      	BSF        STATUS, 5
0x0052	0x18A6      	BTFSC      FARG_Lcd_Cmd_out_char, 1
0x0053	0x2857      	GOTO       L__Lcd_Cmd35
0x0054	0x1283      	BCF        STATUS, 5
0x0055	0x1188      	BCF        LCD_D5, BitPos(LCD_D5+0)
0x0056	0x2859      	GOTO       L__Lcd_Cmd36
L__Lcd_Cmd35:
0x0057	0x1283      	BCF        STATUS, 5
0x0058	0x1588      	BSF        LCD_D5, BitPos(LCD_D5+0)
L__Lcd_Cmd36:
;__Lib_Lcd.c,36 :: 		
0x0059	0x1683      	BSF        STATUS, 5
0x005A	0x1826      	BTFSC      FARG_Lcd_Cmd_out_char, 0
0x005B	0x285F      	GOTO       L__Lcd_Cmd37
0x005C	0x1283      	BCF        STATUS, 5
0x005D	0x1108      	BCF        LCD_D4, BitPos(LCD_D4+0)
0x005E	0x2861      	GOTO       L__Lcd_Cmd38
L__Lcd_Cmd37:
0x005F	0x1283      	BCF        STATUS, 5
0x0060	0x1508      	BSF        LCD_D4, BitPos(LCD_D4+0)
L__Lcd_Cmd38:
;__Lib_Lcd.c,38 :: 		
0x0061	0x186C      	BTFSC      __Lib_Lcd_cmd_status, BitPos(__Lib_Lcd_cmd_status+0)
0x0062	0x2865      	GOTO       L__Lcd_Cmd39
0x0063	0x1587      	BSF        LCD_RS, BitPos(LCD_RS+0)
0x0064	0x2866      	GOTO       L__Lcd_Cmd40
L__Lcd_Cmd39:
0x0065	0x1187      	BCF        LCD_RS, BitPos(LCD_RS+0)
L__Lcd_Cmd40:
;__Lib_Lcd.c,40 :: 		
0x0066	0x1488      	BSF        LCD_EN, BitPos(LCD_EN+0)
;__Lib_Lcd.c,41 :: 		
0x0067	0x2003      	CALL       _Delay_1us
;__Lib_Lcd.c,42 :: 		
0x0068	0x1088      	BCF        LCD_EN, BitPos(LCD_EN+0)
;__Lib_Lcd.c,44 :: 		
0x0069	0x1C6C      	BTFSS      __Lib_Lcd_cmd_status, BitPos(__Lib_Lcd_cmd_status+0)
0x006A	0x286D      	GOTO       L_Lcd_Cmd0
;__Lib_Lcd.c,45 :: 		
0x006B	0x200D      	CALL       _Delay_5500us
0x006C	0x286E      	GOTO       L_Lcd_Cmd1
L_Lcd_Cmd0:
;__Lib_Lcd.c,47 :: 		
0x006D	0x2005      	CALL       _Delay_50us
L_Lcd_Cmd1:
;__Lib_Lcd.c,48 :: 		
L_end_Lcd_Cmd:
0x006E	0x0008      	RETURN
; end of _Lcd_Cmd
_Lcd_Chr:
;__Lib_Lcd.c,65 :: 		
;__Lib_Lcd.c,66 :: 		
0x006F	0x2881      	GOTO       L_Lcd_Chr4
;__Lib_Lcd.c,67 :: 		
L_Lcd_Chr6:
0x0070	0x3080      	MOVLW      128
0x0071	0x1683      	BSF        STATUS, 5
0x0072	0x1303      	BCF        STATUS, 6
0x0073	0x00A3      	MOVWF      FARG_Lcd_Chr_row
0x0074	0x2894      	GOTO       L_Lcd_Chr5
;__Lib_Lcd.c,68 :: 		
L_Lcd_Chr7:
0x0075	0x30C0      	MOVLW      192
0x0076	0x00A3      	MOVWF      FARG_Lcd_Chr_row
0x0077	0x2894      	GOTO       L_Lcd_Chr5
;__Lib_Lcd.c,69 :: 		
L_Lcd_Chr8:
0x0078	0x3094      	MOVLW      148
0x0079	0x00A3      	MOVWF      FARG_Lcd_Chr_row
0x007A	0x2894      	GOTO       L_Lcd_Chr5
;__Lib_Lcd.c,70 :: 		
L_Lcd_Chr9:
0x007B	0x30D4      	MOVLW      212
0x007C	0x00A3      	MOVWF      FARG_Lcd_Chr_row
0x007D	0x2894      	GOTO       L_Lcd_Chr5
;__Lib_Lcd.c,71 :: 		
L_Lcd_Chr10:
0x007E	0x3080      	MOVLW      128
0x007F	0x00A3      	MOVWF      FARG_Lcd_Chr_row
;__Lib_Lcd.c,72 :: 		
0x0080	0x2894      	GOTO       L_Lcd_Chr5
L_Lcd_Chr4:
0x0081	0x1683      	BSF        STATUS, 5
0x0082	0x1303      	BCF        STATUS, 6
0x0083	0x0823      	MOVF       FARG_Lcd_Chr_row, 0
0x0084	0x3A01      	XORLW      1
0x0085	0x1903      	BTFSC      STATUS, 2
0x0086	0x2870      	GOTO       L_Lcd_Chr6
0x0087	0x0823      	MOVF       FARG_Lcd_Chr_row, 0
0x0088	0x3A02      	XORLW      2
0x0089	0x1903      	BTFSC      STATUS, 2
0x008A	0x2875      	GOTO       L_Lcd_Chr7
0x008B	0x0823      	MOVF       FARG_Lcd_Chr_row, 0
0x008C	0x3A03      	XORLW      3
0x008D	0x1903      	BTFSC      STATUS, 2
0x008E	0x2878      	GOTO       L_Lcd_Chr8
0x008F	0x0823      	MOVF       FARG_Lcd_Chr_row, 0
0x0090	0x3A04      	XORLW      4
0x0091	0x1903      	BTFSC      STATUS, 2
0x0092	0x287B      	GOTO       L_Lcd_Chr9
0x0093	0x287E      	GOTO       L_Lcd_Chr10
L_Lcd_Chr5:
;__Lib_Lcd.c,74 :: 		
0x0094	0x0324      	DECF       FARG_Lcd_Chr_column, 0
0x0095	0x00F0      	MOVWF      R0
0x0096	0x0823      	MOVF       FARG_Lcd_Chr_row, 0
0x0097	0x07F0      	ADDWF      R0, 1
0x0098	0x0870      	MOVF       R0, 0
0x0099	0x00A3      	MOVWF      FARG_Lcd_Chr_row
;__Lib_Lcd.c,76 :: 		
0x009A	0x1283      	BCF        STATUS, 5
0x009B	0x146C      	BSF        __Lib_Lcd_cmd_status, BitPos(__Lib_Lcd_cmd_status+0)
;__Lib_Lcd.c,77 :: 		
0x009C	0x0870      	MOVF       R0, 0
0x009D	0x1683      	BSF        STATUS, 5
0x009E	0x00A6      	MOVWF      FARG_Lcd_Cmd_out_char
0x009F	0x2018      	CALL       _Lcd_Cmd
;__Lib_Lcd.c,79 :: 		
0x00A0	0x106C      	BCF        __Lib_Lcd_cmd_status, BitPos(__Lib_Lcd_cmd_status+0)
;__Lib_Lcd.c,80 :: 		
0x00A1	0x1683      	BSF        STATUS, 5
0x00A2	0x0825      	MOVF       FARG_Lcd_Chr_out_char, 0
0x00A3	0x00A6      	MOVWF      FARG_Lcd_Cmd_out_char
0x00A4	0x2018      	CALL       _Lcd_Cmd
;__Lib_Lcd.c,81 :: 		
0x00A5	0x146C      	BSF        __Lib_Lcd_cmd_status, BitPos(__Lib_Lcd_cmd_status+0)
;__Lib_Lcd.c,82 :: 		
L_end_Lcd_Chr:
0x00A6	0x0008      	RETURN
; end of _Lcd_Chr
_Lcd_Chr_CP:
;__Lib_Lcd.c,50 :: 		
;__Lib_Lcd.c,52 :: 		
0x00A7	0x1283      	BCF        STATUS, 5
0x00A8	0x1303      	BCF        STATUS, 6
0x00A9	0x106C      	BCF        __Lib_Lcd_cmd_status, BitPos(__Lib_Lcd_cmd_status+0)
;__Lib_Lcd.c,53 :: 		
0x00AA	0x1683      	BSF        STATUS, 5
0x00AB	0x0823      	MOVF       FARG_Lcd_Chr_CP_out_char, 0
0x00AC	0x00A6      	MOVWF      FARG_Lcd_Cmd_out_char
0x00AD	0x2018      	CALL       _Lcd_Cmd
;__Lib_Lcd.c,54 :: 		
0x00AE	0x146C      	BSF        __Lib_Lcd_cmd_status, BitPos(__Lib_Lcd_cmd_status+0)
;__Lib_Lcd.c,55 :: 		
L_end_Lcd_Chr_CP:
0x00AF	0x0008      	RETURN
; end of _Lcd_Chr_CP
_____DoICP:
;__Lib_System.c,6 :: 		
;__Lib_System.c,9 :: 		
0x00B0	0x1283      	BCF        STATUS, 5
0x00B1	0x1303      	BCF        STATUS, 6
0x00B2	0x086E      	MOVF       ___DoICPAddr+1, 0
0x00B3	0x008A      	MOVWF      PCLATH
;__Lib_System.c,10 :: 		
0x00B4	0x086D      	MOVF       ___DoICPAddr, 0
0x00B5	0x0082      	MOVWF      PCL
;__Lib_System.c,12 :: 		
L_end_____DoICP:
0x00B6	0x0008      	RETURN
; end of _____DoICP
_Phantom:
;07 LCD.c,113 :: 		void Phantom(char pos_row, char pos_char)
;07 LCD.c,116 :: 		Lcd_Cmd(64);
0x00B7	0x3040      	MOVLW      64
0x00B8	0x1683      	BSF        STATUS, 5
0x00B9	0x1303      	BCF        STATUS, 6
0x00BA	0x00A6      	MOVWF      FARG_Lcd_Cmd_out_char
0x00BB	0x2018      	CALL       _Lcd_Cmd
;07 LCD.c,117 :: 		for (i = 0; i<=7; i++) Lcd_Chr_CP(character3[i]);
0x00BC	0x01EF      	CLRF       Phantom_i_L0
L_Phantom26:
0x00BD	0x086F      	MOVF       Phantom_i_L0, 0
0x00BE	0x3C07      	SUBLW      7
0x00BF	0x1C03      	BTFSS      STATUS, 0
0x00C0	0x28D4      	GOTO       L_Phantom27
0x00C1	0x086F      	MOVF       Phantom_i_L0, 0
0x00C2	0x3E32      	ADDLW      _character3
0x00C3	0x00F0      	MOVWF      R0
0x00C4	0x3003      	MOVLW      hi_addr(_character3)
0x00C5	0x1803      	BTFSC      STATUS, 0
0x00C6	0x3E01      	ADDLW      1
0x00C7	0x00F1      	MOVWF      R0+1
0x00C8	0x0870      	MOVF       R0, 0
0x00C9	0x00ED      	MOVWF      ___DoICPAddr
0x00CA	0x0871      	MOVF       R0+1, 0
0x00CB	0x00EE      	MOVWF      ___DoICPAddr+1
0x00CC	0x20B0      	CALL       _____DoICP
0x00CD	0x118A      	BCF        PCLATH, 3
0x00CE	0x120A      	BCF        PCLATH, 4
0x00CF	0x1683      	BSF        STATUS, 5
0x00D0	0x00A3      	MOVWF      FARG_Lcd_Chr_CP_out_char
0x00D1	0x20A7      	CALL       _Lcd_Chr_CP
0x00D2	0x0AEF      	INCF       Phantom_i_L0, 1
0x00D3	0x28BD      	GOTO       L_Phantom26
L_Phantom27:
;07 LCD.c,118 :: 		Lcd_Cmd(_LCD_RETURN_HOME);
0x00D4	0x3002      	MOVLW      2
0x00D5	0x1683      	BSF        STATUS, 5
0x00D6	0x00A6      	MOVWF      FARG_Lcd_Cmd_out_char
0x00D7	0x2018      	CALL       _Lcd_Cmd
;07 LCD.c,119 :: 		Lcd_Chr(pos_row, pos_char, 0);
0x00D8	0x1683      	BSF        STATUS, 5
0x00D9	0x0820      	MOVF       FARG_Phantom_pos_row, 0
0x00DA	0x00A3      	MOVWF      FARG_Lcd_Chr_row
0x00DB	0x0821      	MOVF       FARG_Phantom_pos_char, 0
0x00DC	0x00A4      	MOVWF      FARG_Lcd_Chr_column
0x00DD	0x01A5      	CLRF       FARG_Lcd_Chr_out_char
0x00DE	0x206F      	CALL       _Lcd_Chr
;07 LCD.c,120 :: 		}
L_end_Phantom:
0x00DF	0x0008      	RETURN
; end of _Phantom
_PacMan1:
;07 LCD.c,95 :: 		void PacMan1(char pos_row, char pos_char)
;07 LCD.c,98 :: 		Lcd_Cmd(64);
0x00E0	0x3040      	MOVLW      64
0x00E1	0x1683      	BSF        STATUS, 5
0x00E2	0x1303      	BCF        STATUS, 6
0x00E3	0x00A6      	MOVWF      FARG_Lcd_Cmd_out_char
0x00E4	0x2018      	CALL       _Lcd_Cmd
;07 LCD.c,99 :: 		for (i = 0; i<=7; i++) Lcd_Chr_CP(character1[i]);
0x00E5	0x01EF      	CLRF       PacMan1_i_L0
L_PacMan120:
0x00E6	0x086F      	MOVF       PacMan1_i_L0, 0
0x00E7	0x3C07      	SUBLW      7
0x00E8	0x1C03      	BTFSS      STATUS, 0
0x00E9	0x28FD      	GOTO       L_PacMan121
0x00EA	0x086F      	MOVF       PacMan1_i_L0, 0
0x00EB	0x3E2A      	ADDLW      _character1
0x00EC	0x00F0      	MOVWF      R0
0x00ED	0x3003      	MOVLW      hi_addr(_character1)
0x00EE	0x1803      	BTFSC      STATUS, 0
0x00EF	0x3E01      	ADDLW      1
0x00F0	0x00F1      	MOVWF      R0+1
0x00F1	0x0870      	MOVF       R0, 0
0x00F2	0x00ED      	MOVWF      ___DoICPAddr
0x00F3	0x0871      	MOVF       R0+1, 0
0x00F4	0x00EE      	MOVWF      ___DoICPAddr+1
0x00F5	0x20B0      	CALL       _____DoICP
0x00F6	0x118A      	BCF        PCLATH, 3
0x00F7	0x120A      	BCF        PCLATH, 4
0x00F8	0x1683      	BSF        STATUS, 5
0x00F9	0x00A3      	MOVWF      FARG_Lcd_Chr_CP_out_char
0x00FA	0x20A7      	CALL       _Lcd_Chr_CP
0x00FB	0x0AEF      	INCF       PacMan1_i_L0, 1
0x00FC	0x28E6      	GOTO       L_PacMan120
L_PacMan121:
;07 LCD.c,100 :: 		Lcd_Cmd(_LCD_RETURN_HOME);
0x00FD	0x3002      	MOVLW      2
0x00FE	0x1683      	BSF        STATUS, 5
0x00FF	0x00A6      	MOVWF      FARG_Lcd_Cmd_out_char
0x0100	0x2018      	CALL       _Lcd_Cmd
;07 LCD.c,101 :: 		Lcd_Chr(pos_row, pos_char, 0);
0x0101	0x1683      	BSF        STATUS, 5
0x0102	0x0820      	MOVF       FARG_PacMan1_pos_row, 0
0x0103	0x00A3      	MOVWF      FARG_Lcd_Chr_row
0x0104	0x0821      	MOVF       FARG_PacMan1_pos_char, 0
0x0105	0x00A4      	MOVWF      FARG_Lcd_Chr_column
0x0106	0x01A5      	CLRF       FARG_Lcd_Chr_out_char
0x0107	0x206F      	CALL       _Lcd_Chr
;07 LCD.c,102 :: 		}
L_end_PacMan1:
0x0108	0x0008      	RETURN
; end of _PacMan1
_PacMan2:
;07 LCD.c,104 :: 		void PacMan2(char pos_row, char pos_char)
;07 LCD.c,107 :: 		Lcd_Cmd(64);
0x0109	0x3040      	MOVLW      64
0x010A	0x1683      	BSF        STATUS, 5
0x010B	0x1303      	BCF        STATUS, 6
0x010C	0x00A6      	MOVWF      FARG_Lcd_Cmd_out_char
0x010D	0x2018      	CALL       _Lcd_Cmd
;07 LCD.c,108 :: 		for (i = 0; i<=7; i++) Lcd_Chr_CP(character2[i]);
0x010E	0x01EF      	CLRF       PacMan2_i_L0
L_PacMan223:
0x010F	0x086F      	MOVF       PacMan2_i_L0, 0
0x0110	0x3C07      	SUBLW      7
0x0111	0x1C03      	BTFSS      STATUS, 0
0x0112	0x2926      	GOTO       L_PacMan224
0x0113	0x086F      	MOVF       PacMan2_i_L0, 0
0x0114	0x3E22      	ADDLW      _character2
0x0115	0x00F0      	MOVWF      R0
0x0116	0x3003      	MOVLW      hi_addr(_character2)
0x0117	0x1803      	BTFSC      STATUS, 0
0x0118	0x3E01      	ADDLW      1
0x0119	0x00F1      	MOVWF      R0+1
0x011A	0x0870      	MOVF       R0, 0
0x011B	0x00ED      	MOVWF      ___DoICPAddr
0x011C	0x0871      	MOVF       R0+1, 0
0x011D	0x00EE      	MOVWF      ___DoICPAddr+1
0x011E	0x20B0      	CALL       _____DoICP
0x011F	0x118A      	BCF        PCLATH, 3
0x0120	0x120A      	BCF        PCLATH, 4
0x0121	0x1683      	BSF        STATUS, 5
0x0122	0x00A3      	MOVWF      FARG_Lcd_Chr_CP_out_char
0x0123	0x20A7      	CALL       _Lcd_Chr_CP
0x0124	0x0AEF      	INCF       PacMan2_i_L0, 1
0x0125	0x290F      	GOTO       L_PacMan223
L_PacMan224:
;07 LCD.c,109 :: 		Lcd_Cmd(_LCD_RETURN_HOME);
0x0126	0x3002      	MOVLW      2
0x0127	0x1683      	BSF        STATUS, 5
0x0128	0x00A6      	MOVWF      FARG_Lcd_Cmd_out_char
0x0129	0x2018      	CALL       _Lcd_Cmd
;07 LCD.c,110 :: 		Lcd_Chr(pos_row, pos_char, 0);
0x012A	0x1683      	BSF        STATUS, 5
0x012B	0x0820      	MOVF       FARG_PacMan2_pos_row, 0
0x012C	0x00A3      	MOVWF      FARG_Lcd_Chr_row
0x012D	0x0821      	MOVF       FARG_PacMan2_pos_char, 0
0x012E	0x00A4      	MOVWF      FARG_Lcd_Chr_column
0x012F	0x01A5      	CLRF       FARG_Lcd_Chr_out_char
0x0130	0x206F      	CALL       _Lcd_Chr
;07 LCD.c,111 :: 		}
L_end_PacMan2:
0x0131	0x0008      	RETURN
; end of _PacMan2
___CC2DW:
;__Lib_System.c,134 :: 		
;__Lib_System.c,137 :: 		
_CC2D_Loop1:
;__Lib_System.c,139 :: 		
0x0132	0x20B0      	CALL       _____DoICP
0x0133	0x118A      	BCF        PCLATH, 3
0x0134	0x120A      	BCF        PCLATH, 4
;__Lib_System.c,141 :: 		
0x0135	0x0080      	MOVWF      INDF
;__Lib_System.c,142 :: 		
0x0136	0x0A84      	INCF       FSR, 1
;__Lib_System.c,143 :: 		
0x0137	0x0AED      	INCF       ___DoICPAddr, 1
;__Lib_System.c,145 :: 		
0x0138	0x1903      	BTFSC      STATUS, 2
;__Lib_System.c,146 :: 		
0x0139	0x0AEE      	INCF       ___DoICPAddr+1, 1
;__Lib_System.c,147 :: 		
0x013A	0x03F0      	DECF       R0, 1
;__Lib_System.c,149 :: 		
0x013B	0x1D03      	BTFSS      STATUS, 2
;__Lib_System.c,150 :: 		
0x013C	0x2932      	GOTO       _CC2D_Loop1
;__Lib_System.c,152 :: 		
L_end___CC2DW:
0x013D	0x0008      	RETURN
; end of ___CC2DW
_Lcd_Init:
;__Lib_Lcd.c,84 :: 		
;__Lib_Lcd.c,86 :: 		
0x013E	0x1683      	BSF        STATUS, 5
0x013F	0x1303      	BCF        STATUS, 6
0x0140	0x1088      	BCF        LCD_EN_Direction, BitPos(LCD_EN_Direction+0)
;__Lib_Lcd.c,87 :: 		
0x0141	0x1187      	BCF        LCD_RS_Direction, BitPos(LCD_RS_Direction+0)
;__Lib_Lcd.c,88 :: 		
0x0142	0x1108      	BCF        LCD_D4_Direction, BitPos(LCD_D4_Direction+0)
;__Lib_Lcd.c,89 :: 		
0x0143	0x1188      	BCF        LCD_D5_Direction, BitPos(LCD_D5_Direction+0)
;__Lib_Lcd.c,90 :: 		
0x0144	0x1207      	BCF        LCD_D6_Direction, BitPos(LCD_D6_Direction+0)
;__Lib_Lcd.c,91 :: 		
0x0145	0x1287      	BCF        LCD_D7_Direction, BitPos(LCD_D7_Direction+0)
;__Lib_Lcd.c,93 :: 		
0x0146	0x1283      	BCF        STATUS, 5
0x0147	0x1088      	BCF        LCD_EN, BitPos(LCD_EN+0)
;__Lib_Lcd.c,94 :: 		
0x0148	0x1187      	BCF        LCD_RS, BitPos(LCD_RS+0)
;__Lib_Lcd.c,95 :: 		
0x0149	0x1287      	BCF        LCD_D7, BitPos(LCD_D7+0)
;__Lib_Lcd.c,96 :: 		
0x014A	0x1207      	BCF        LCD_D6, BitPos(LCD_D6+0)
;__Lib_Lcd.c,97 :: 		
0x014B	0x1188      	BCF        LCD_D5, BitPos(LCD_D5+0)
;__Lib_Lcd.c,98 :: 		
0x014C	0x1108      	BCF        LCD_D4, BitPos(LCD_D4+0)
;__Lib_Lcd.c,100 :: 		
0x014D	0x200D      	CALL       _Delay_5500us
;__Lib_Lcd.c,101 :: 		
0x014E	0x200D      	CALL       _Delay_5500us
;__Lib_Lcd.c,102 :: 		
0x014F	0x200D      	CALL       _Delay_5500us
;__Lib_Lcd.c,105 :: 		
0x0150	0x1588      	BSF        LCD_D5, BitPos(LCD_D5+0)
;__Lib_Lcd.c,106 :: 		
0x0151	0x1508      	BSF        LCD_D4, BitPos(LCD_D4+0)
;__Lib_Lcd.c,107 :: 		
0x0152	0x1488      	BSF        LCD_EN, BitPos(LCD_EN+0)
;__Lib_Lcd.c,108 :: 		
0x0153	0x2003      	CALL       _Delay_1us
;__Lib_Lcd.c,109 :: 		
0x0154	0x1088      	BCF        LCD_EN, BitPos(LCD_EN+0)
;__Lib_Lcd.c,110 :: 		
0x0155	0x200D      	CALL       _Delay_5500us
;__Lib_Lcd.c,112 :: 		
0x0156	0x1488      	BSF        LCD_EN, BitPos(LCD_EN+0)
;__Lib_Lcd.c,113 :: 		
0x0157	0x2003      	CALL       _Delay_1us
;__Lib_Lcd.c,114 :: 		
0x0158	0x1088      	BCF        LCD_EN, BitPos(LCD_EN+0)
;__Lib_Lcd.c,115 :: 		
0x0159	0x200D      	CALL       _Delay_5500us
;__Lib_Lcd.c,117 :: 		
0x015A	0x1488      	BSF        LCD_EN, BitPos(LCD_EN+0)
;__Lib_Lcd.c,118 :: 		
0x015B	0x2003      	CALL       _Delay_1us
;__Lib_Lcd.c,119 :: 		
0x015C	0x1088      	BCF        LCD_EN, BitPos(LCD_EN+0)
;__Lib_Lcd.c,120 :: 		
0x015D	0x200D      	CALL       _Delay_5500us
;__Lib_Lcd.c,123 :: 		
0x015E	0x1108      	BCF        LCD_D4, BitPos(LCD_D4+0)
;__Lib_Lcd.c,124 :: 		
0x015F	0x1488      	BSF        LCD_EN, BitPos(LCD_EN+0)
;__Lib_Lcd.c,125 :: 		
0x0160	0x2003      	CALL       _Delay_1us
;__Lib_Lcd.c,126 :: 		
0x0161	0x1088      	BCF        LCD_EN, BitPos(LCD_EN+0)
;__Lib_Lcd.c,127 :: 		
0x0162	0x200D      	CALL       _Delay_5500us
;__Lib_Lcd.c,130 :: 		
0x0163	0x1488      	BSF        LCD_EN, BitPos(LCD_EN+0)
;__Lib_Lcd.c,131 :: 		
0x0164	0x2003      	CALL       _Delay_1us
;__Lib_Lcd.c,132 :: 		
0x0165	0x1088      	BCF        LCD_EN, BitPos(LCD_EN+0)
;__Lib_Lcd.c,134 :: 		
0x0166	0x1188      	BCF        LCD_D5, BitPos(LCD_D5+0)
;__Lib_Lcd.c,135 :: 		
0x0167	0x1687      	BSF        LCD_D7, BitPos(LCD_D7+0)
;__Lib_Lcd.c,136 :: 		
0x0168	0x1488      	BSF        LCD_EN, BitPos(LCD_EN+0)
;__Lib_Lcd.c,137 :: 		
0x0169	0x2003      	CALL       _Delay_1us
;__Lib_Lcd.c,138 :: 		
0x016A	0x1088      	BCF        LCD_EN, BitPos(LCD_EN+0)
;__Lib_Lcd.c,139 :: 		
0x016B	0x200D      	CALL       _Delay_5500us
;__Lib_Lcd.c,142 :: 		
0x016C	0x1287      	BCF        LCD_D7, BitPos(LCD_D7+0)
;__Lib_Lcd.c,143 :: 		
0x016D	0x1508      	BSF        LCD_D4, BitPos(LCD_D4+0)
;__Lib_Lcd.c,144 :: 		
0x016E	0x1488      	BSF        LCD_EN, BitPos(LCD_EN+0)
;__Lib_Lcd.c,145 :: 		
0x016F	0x2003      	CALL       _Delay_1us
;__Lib_Lcd.c,146 :: 		
0x0170	0x1088      	BCF        LCD_EN, BitPos(LCD_EN+0)
;__Lib_Lcd.c,148 :: 		
0x0171	0x1108      	BCF        LCD_D4, BitPos(LCD_D4+0)
;__Lib_Lcd.c,149 :: 		
0x0172	0x1488      	BSF        LCD_EN, BitPos(LCD_EN+0)
;__Lib_Lcd.c,150 :: 		
0x0173	0x2003      	CALL       _Delay_1us
;__Lib_Lcd.c,151 :: 		
0x0174	0x1088      	BCF        LCD_EN, BitPos(LCD_EN+0)
;__Lib_Lcd.c,152 :: 		
0x0175	0x200D      	CALL       _Delay_5500us
;__Lib_Lcd.c,155 :: 		
0x0176	0x1488      	BSF        LCD_EN, BitPos(LCD_EN+0)
;__Lib_Lcd.c,156 :: 		
0x0177	0x2003      	CALL       _Delay_1us
;__Lib_Lcd.c,157 :: 		
0x0178	0x1088      	BCF        LCD_EN, BitPos(LCD_EN+0)
;__Lib_Lcd.c,159 :: 		
0x0179	0x1508      	BSF        LCD_D4, BitPos(LCD_D4+0)
;__Lib_Lcd.c,160 :: 		
0x017A	0x1488      	BSF        LCD_EN, BitPos(LCD_EN+0)
;__Lib_Lcd.c,161 :: 		
0x017B	0x2003      	CALL       _Delay_1us
;__Lib_Lcd.c,162 :: 		
0x017C	0x1088      	BCF        LCD_EN, BitPos(LCD_EN+0)
;__Lib_Lcd.c,163 :: 		
0x017D	0x200D      	CALL       _Delay_5500us
;__Lib_Lcd.c,166 :: 		
0x017E	0x1108      	BCF        LCD_D4, BitPos(LCD_D4+0)
;__Lib_Lcd.c,167 :: 		
0x017F	0x1488      	BSF        LCD_EN, BitPos(LCD_EN+0)
;__Lib_Lcd.c,168 :: 		
0x0180	0x2003      	CALL       _Delay_1us
;__Lib_Lcd.c,169 :: 		
0x0181	0x1088      	BCF        LCD_EN, BitPos(LCD_EN+0)
;__Lib_Lcd.c,171 :: 		
0x0182	0x1687      	BSF        LCD_D7, BitPos(LCD_D7+0)
;__Lib_Lcd.c,172 :: 		
0x0183	0x1607      	BSF        LCD_D6, BitPos(LCD_D6+0)
;__Lib_Lcd.c,173 :: 		
0x0184	0x1588      	BSF        LCD_D5, BitPos(LCD_D5+0)
;__Lib_Lcd.c,174 :: 		
0x0185	0x1508      	BSF        LCD_D4, BitPos(LCD_D4+0)
;__Lib_Lcd.c,175 :: 		
0x0186	0x1488      	BSF        LCD_EN, BitPos(LCD_EN+0)
;__Lib_Lcd.c,176 :: 		
0x0187	0x2003      	CALL       _Delay_1us
;__Lib_Lcd.c,177 :: 		
0x0188	0x1088      	BCF        LCD_EN, BitPos(LCD_EN+0)
;__Lib_Lcd.c,179 :: 		
0x0189	0x200D      	CALL       _Delay_5500us
;__Lib_Lcd.c,181 :: 		
0x018A	0x146C      	BSF        __Lib_Lcd_cmd_status, BitPos(__Lib_Lcd_cmd_status+0)
;__Lib_Lcd.c,182 :: 		
L_end_Lcd_Init:
0x018B	0x0008      	RETURN
; end of _Lcd_Init
_Lcd_Out:
;__Lib_Lcd.c,184 :: 		
;__Lib_Lcd.c,187 :: 		
0x018C	0x299E      	GOTO       L_Lcd_Out11
;__Lib_Lcd.c,188 :: 		
L_Lcd_Out13:
0x018D	0x3080      	MOVLW      128
0x018E	0x1683      	BSF        STATUS, 5
0x018F	0x1303      	BCF        STATUS, 6
0x0190	0x00A0      	MOVWF      FARG_Lcd_Out_row
0x0191	0x29B1      	GOTO       L_Lcd_Out12
;__Lib_Lcd.c,189 :: 		
L_Lcd_Out14:
0x0192	0x30C0      	MOVLW      192
0x0193	0x00A0      	MOVWF      FARG_Lcd_Out_row
0x0194	0x29B1      	GOTO       L_Lcd_Out12
;__Lib_Lcd.c,190 :: 		
L_Lcd_Out15:
0x0195	0x3094      	MOVLW      148
0x0196	0x00A0      	MOVWF      FARG_Lcd_Out_row
0x0197	0x29B1      	GOTO       L_Lcd_Out12
;__Lib_Lcd.c,191 :: 		
L_Lcd_Out16:
0x0198	0x30D4      	MOVLW      212
0x0199	0x00A0      	MOVWF      FARG_Lcd_Out_row
0x019A	0x29B1      	GOTO       L_Lcd_Out12
;__Lib_Lcd.c,192 :: 		
L_Lcd_Out17:
0x019B	0x3080      	MOVLW      128
0x019C	0x00A0      	MOVWF      FARG_Lcd_Out_row
;__Lib_Lcd.c,193 :: 		
0x019D	0x29B1      	GOTO       L_Lcd_Out12
L_Lcd_Out11:
0x019E	0x1683      	BSF        STATUS, 5
0x019F	0x1303      	BCF        STATUS, 6
0x01A0	0x0820      	MOVF       FARG_Lcd_Out_row, 0
0x01A1	0x3A01      	XORLW      1
0x01A2	0x1903      	BTFSC      STATUS, 2
0x01A3	0x298D      	GOTO       L_Lcd_Out13
0x01A4	0x0820      	MOVF       FARG_Lcd_Out_row, 0
0x01A5	0x3A02      	XORLW      2
0x01A6	0x1903      	BTFSC      STATUS, 2
0x01A7	0x2992      	GOTO       L_Lcd_Out14
0x01A8	0x0820      	MOVF       FARG_Lcd_Out_row, 0
0x01A9	0x3A03      	XORLW      3
0x01AA	0x1903      	BTFSC      STATUS, 2
0x01AB	0x2995      	GOTO       L_Lcd_Out15
0x01AC	0x0820      	MOVF       FARG_Lcd_Out_row, 0
0x01AD	0x3A04      	XORLW      4
0x01AE	0x1903      	BTFSC      STATUS, 2
0x01AF	0x2998      	GOTO       L_Lcd_Out16
0x01B0	0x299B      	GOTO       L_Lcd_Out17
L_Lcd_Out12:
;__Lib_Lcd.c,194 :: 		
0x01B1	0x0321      	DECF       FARG_Lcd_Out_column, 0
0x01B2	0x00F0      	MOVWF      R0
0x01B3	0x0820      	MOVF       FARG_Lcd_Out_row, 0
0x01B4	0x07F0      	ADDWF      R0, 1
0x01B5	0x0870      	MOVF       R0, 0
0x01B6	0x00A0      	MOVWF      FARG_Lcd_Out_row
;__Lib_Lcd.c,196 :: 		
0x01B7	0x0870      	MOVF       R0, 0
0x01B8	0x00A6      	MOVWF      FARG_Lcd_Cmd_out_char
0x01B9	0x2018      	CALL       _Lcd_Cmd
;__Lib_Lcd.c,197 :: 		
0x01BA	0x106C      	BCF        __Lib_Lcd_cmd_status, BitPos(__Lib_Lcd_cmd_status+0)
;__Lib_Lcd.c,198 :: 		
0x01BB	0x01EF      	CLRF       Lcd_Out_i_L0
;__Lib_Lcd.c,199 :: 		
L_Lcd_Out18:
0x01BC	0x086F      	MOVF       Lcd_Out_i_L0, 0
0x01BD	0x1683      	BSF        STATUS, 5
0x01BE	0x0722      	ADDWF      FARG_Lcd_Out_text, 0
0x01BF	0x0084      	MOVWF      FSR
0x01C0	0x0800      	MOVF       INDF, 0
0x01C1	0x1903      	BTFSC      STATUS, 2
0x01C2	0x29CD      	GOTO       L_Lcd_Out19
;__Lib_Lcd.c,200 :: 		
0x01C3	0x1283      	BCF        STATUS, 5
0x01C4	0x086F      	MOVF       Lcd_Out_i_L0, 0
0x01C5	0x1683      	BSF        STATUS, 5
0x01C6	0x0722      	ADDWF      FARG_Lcd_Out_text, 0
0x01C7	0x0084      	MOVWF      FSR
0x01C8	0x0800      	MOVF       INDF, 0
0x01C9	0x00A3      	MOVWF      FARG_Lcd_Chr_CP_out_char
0x01CA	0x20A7      	CALL       _Lcd_Chr_CP
0x01CB	0x0AEF      	INCF       Lcd_Out_i_L0, 1
0x01CC	0x29BC      	GOTO       L_Lcd_Out18
L_Lcd_Out19:
0x01CD	0x1283      	BCF        STATUS, 5
;__Lib_Lcd.c,201 :: 		
0x01CE	0x146C      	BSF        __Lib_Lcd_cmd_status, BitPos(__Lib_Lcd_cmd_status+0)
;__Lib_Lcd.c,202 :: 		
L_end_Lcd_Out:
0x01CF	0x0008      	RETURN
; end of _Lcd_Out
_main:
0x01D0	0x233A      	CALL       826
;07 LCD.c,30 :: 		void main()
;07 LCD.c,32 :: 		TRISA=0x03;
0x01D1	0x3003      	MOVLW      3
0x01D2	0x1683      	BSF        STATUS, 5
0x01D3	0x1303      	BCF        STATUS, 6
0x01D4	0x0085      	MOVWF      TRISA
;07 LCD.c,33 :: 		TRISD=0x00;
0x01D5	0x0188      	CLRF       TRISD
;07 LCD.c,34 :: 		TRISC=0x00;
0x01D6	0x0187      	CLRF       TRISC
;07 LCD.c,35 :: 		ANSEL=0x00;
0x01D7	0x1703      	BSF        STATUS, 6
0x01D8	0x0188      	CLRF       ANSEL
;07 LCD.c,37 :: 		PORTC=0;
0x01D9	0x1283      	BCF        STATUS, 5
0x01DA	0x1303      	BCF        STATUS, 6
0x01DB	0x0187      	CLRF       PORTC
;07 LCD.c,38 :: 		PORTD=0;
0x01DC	0x0188      	CLRF       PORTD
;07 LCD.c,39 :: 		PORTA=0 ;
0x01DD	0x0185      	CLRF       PORTA
;07 LCD.c,41 :: 		Lcd_init();
0x01DE	0x213E      	CALL       _Lcd_Init
;07 LCD.c,42 :: 		Lcd_Cmd(_LCD_CURSOR_OFF);
0x01DF	0x300C      	MOVLW      12
0x01E0	0x1683      	BSF        STATUS, 5
0x01E1	0x00A6      	MOVWF      FARG_Lcd_Cmd_out_char
0x01E2	0x2018      	CALL       _Lcd_Cmd
;07 LCD.c,44 :: 		while(8)
L_main0:
;07 LCD.c,46 :: 		Lcd_Out(1, 1, "  Practica 07");      //Mensaje
0x01E3	0x3001      	MOVLW      1
0x01E4	0x1683      	BSF        STATUS, 5
0x01E5	0x00A0      	MOVWF      FARG_Lcd_Out_row
0x01E6	0x3001      	MOVLW      1
0x01E7	0x00A1      	MOVWF      FARG_Lcd_Out_column
0x01E8	0x305D      	MOVLW      ?lstr1_07_32LCD
0x01E9	0x00A2      	MOVWF      FARG_Lcd_Out_text
0x01EA	0x218C      	CALL       _Lcd_Out
;07 LCD.c,47 :: 		Lcd_Out(2, 1, "C para Embebidos");   //        en reposo
0x01EB	0x3002      	MOVLW      2
0x01EC	0x1683      	BSF        STATUS, 5
0x01ED	0x00A0      	MOVWF      FARG_Lcd_Out_row
0x01EE	0x3001      	MOVLW      1
0x01EF	0x00A1      	MOVWF      FARG_Lcd_Out_column
0x01F0	0x304C      	MOVLW      ?lstr2_07_32LCD
0x01F1	0x00A2      	MOVWF      FARG_Lcd_Out_text
0x01F2	0x218C      	CALL       _Lcd_Out
;07 LCD.c,50 :: 		if (PORTA.RA0)                       //Muestra mensaje1
0x01F3	0x1C05      	BTFSS      PORTA, 0
0x01F4	0x2A58      	GOTO       L_main2
;07 LCD.c,52 :: 		Lcd_cmd(_LCD_CLEAR);
0x01F5	0x3001      	MOVLW      1
0x01F6	0x1683      	BSF        STATUS, 5
0x01F7	0x00A6      	MOVWF      FARG_Lcd_Cmd_out_char
0x01F8	0x2018      	CALL       _Lcd_Cmd
;07 LCD.c,53 :: 		delay_ms(250);
0x01F9	0x3002      	MOVLW      2
0x01FA	0x00FB      	MOVWF      R11
0x01FB	0x3045      	MOVLW      69
0x01FC	0x00FC      	MOVWF      R12
0x01FD	0x30A9      	MOVLW      169
0x01FE	0x00FD      	MOVWF      R13
L_main3:
0x01FF	0x0BFD      	DECFSZ     R13, 1
0x0200	0x29FF      	GOTO       L_main3
0x0201	0x0BFC      	DECFSZ     R12, 1
0x0202	0x29FF      	GOTO       L_main3
0x0203	0x0BFB      	DECFSZ     R11, 1
0x0204	0x29FF      	GOTO       L_main3
0x0205	0x0000      	NOP
0x0206	0x0000      	NOP
;07 LCD.c,54 :: 		Lcd_Out(1, 1, TEXTO1);            //Muestra nombre y
0x0207	0x3001      	MOVLW      1
0x0208	0x1683      	BSF        STATUS, 5
0x0209	0x00A0      	MOVWF      FARG_Lcd_Out_row
0x020A	0x3001      	MOVLW      1
0x020B	0x00A1      	MOVWF      FARG_Lcd_Out_column
0x020C	0x303B      	MOVLW      _TEXTO1
0x020D	0x00A2      	MOVWF      FARG_Lcd_Out_text
0x020E	0x218C      	CALL       _Lcd_Out
;07 LCD.c,55 :: 		Delay_ms(250);
0x020F	0x3002      	MOVLW      2
0x0210	0x00FB      	MOVWF      R11
0x0211	0x3045      	MOVLW      69
0x0212	0x00FC      	MOVWF      R12
0x0213	0x30A9      	MOVLW      169
0x0214	0x00FD      	MOVWF      R13
L_main4:
0x0215	0x0BFD      	DECFSZ     R13, 1
0x0216	0x2A15      	GOTO       L_main4
0x0217	0x0BFC      	DECFSZ     R12, 1
0x0218	0x2A15      	GOTO       L_main4
0x0219	0x0BFB      	DECFSZ     R11, 1
0x021A	0x2A15      	GOTO       L_main4
0x021B	0x0000      	NOP
0x021C	0x0000      	NOP
;07 LCD.c,56 :: 		Lcd_Out(2, 1, TEXTO2);            //código en el display
0x021D	0x3002      	MOVLW      2
0x021E	0x1683      	BSF        STATUS, 5
0x021F	0x00A0      	MOVWF      FARG_Lcd_Out_row
0x0220	0x3001      	MOVLW      1
0x0221	0x00A1      	MOVWF      FARG_Lcd_Out_column
0x0222	0x3020      	MOVLW      _TEXTO2
0x0223	0x00A2      	MOVWF      FARG_Lcd_Out_text
0x0224	0x218C      	CALL       _Lcd_Out
;07 LCD.c,57 :: 		delay_ms(1000);
0x0225	0x3006      	MOVLW      6
0x0226	0x00FB      	MOVWF      R11
0x0227	0x3013      	MOVLW      19
0x0228	0x00FC      	MOVWF      R12
0x0229	0x30AD      	MOVLW      173
0x022A	0x00FD      	MOVWF      R13
L_main5:
0x022B	0x0BFD      	DECFSZ     R13, 1
0x022C	0x2A2B      	GOTO       L_main5
0x022D	0x0BFC      	DECFSZ     R12, 1
0x022E	0x2A2B      	GOTO       L_main5
0x022F	0x0BFB      	DECFSZ     R11, 1
0x0230	0x2A2B      	GOTO       L_main5
0x0231	0x0000      	NOP
0x0232	0x0000      	NOP
;07 LCD.c,59 :: 		for(i=0; i<17; i++)
0x0233	0x01EB      	CLRF       _i
L_main6:
0x0234	0x3011      	MOVLW      17
0x0235	0x026B      	SUBWF      _i, 0
0x0236	0x1803      	BTFSC      STATUS, 0
0x0237	0x2A46      	GOTO       L_main7
;07 LCD.c,61 :: 		Lcd_Cmd(_LCD_SHIFT_LEFT); //Mueve el texto a la izquiera
0x0238	0x3018      	MOVLW      24
0x0239	0x1683      	BSF        STATUS, 5
0x023A	0x00A6      	MOVWF      FARG_Lcd_Cmd_out_char
0x023B	0x2018      	CALL       _Lcd_Cmd
;07 LCD.c,62 :: 		delay_ms(150);
0x023C	0x30C3      	MOVLW      195
0x023D	0x00FC      	MOVWF      R12
0x023E	0x30CD      	MOVLW      205
0x023F	0x00FD      	MOVWF      R13
L_main9:
0x0240	0x0BFD      	DECFSZ     R13, 1
0x0241	0x2A40      	GOTO       L_main9
0x0242	0x0BFC      	DECFSZ     R12, 1
0x0243	0x2A40      	GOTO       L_main9
;07 LCD.c,59 :: 		for(i=0; i<17; i++)
0x0244	0x0AEB      	INCF       _i, 1
;07 LCD.c,63 :: 		}
0x0245	0x2A34      	GOTO       L_main6
L_main7:
;07 LCD.c,64 :: 		delay_ms(500);
0x0246	0x3003      	MOVLW      3
0x0247	0x00FB      	MOVWF      R11
0x0248	0x308A      	MOVLW      138
0x0249	0x00FC      	MOVWF      R12
0x024A	0x3055      	MOVLW      85
0x024B	0x00FD      	MOVWF      R13
L_main10:
0x024C	0x0BFD      	DECFSZ     R13, 1
0x024D	0x2A4C      	GOTO       L_main10
0x024E	0x0BFC      	DECFSZ     R12, 1
0x024F	0x2A4C      	GOTO       L_main10
0x0250	0x0BFB      	DECFSZ     R11, 1
0x0251	0x2A4C      	GOTO       L_main10
0x0252	0x0000      	NOP
0x0253	0x0000      	NOP
;07 LCD.c,65 :: 		Lcd_cmd(_LCD_CLEAR);       //Limpia la pantalla
0x0254	0x3001      	MOVLW      1
0x0255	0x1683      	BSF        STATUS, 5
0x0256	0x00A6      	MOVWF      FARG_Lcd_Cmd_out_char
0x0257	0x2018      	CALL       _Lcd_Cmd
;07 LCD.c,66 :: 		}
L_main2:
;07 LCD.c,68 :: 		if (PORTA.RA1)                      //Animación
0x0258	0x1C85      	BTFSS      PORTA, 1
0x0259	0x2AD0      	GOTO       L_main11
;07 LCD.c,70 :: 		Lcd_cmd(_LCD_CLEAR);
0x025A	0x3001      	MOVLW      1
0x025B	0x1683      	BSF        STATUS, 5
0x025C	0x00A6      	MOVWF      FARG_Lcd_Cmd_out_char
0x025D	0x2018      	CALL       _Lcd_Cmd
;07 LCD.c,71 :: 		Lcd_Out(1, 5, "-PACMAN-");
0x025E	0x3001      	MOVLW      1
0x025F	0x1683      	BSF        STATUS, 5
0x0260	0x00A0      	MOVWF      FARG_Lcd_Out_row
0x0261	0x3005      	MOVLW      5
0x0262	0x00A1      	MOVWF      FARG_Lcd_Out_column
0x0263	0x3032      	MOVLW      ?lstr3_07_32LCD
0x0264	0x00A2      	MOVWF      FARG_Lcd_Out_text
0x0265	0x218C      	CALL       _Lcd_Out
;07 LCD.c,72 :: 		delay_ms(1000);
0x0266	0x3006      	MOVLW      6
0x0267	0x00FB      	MOVWF      R11
0x0268	0x3013      	MOVLW      19
0x0269	0x00FC      	MOVWF      R12
0x026A	0x30AD      	MOVLW      173
0x026B	0x00FD      	MOVWF      R13
L_main12:
0x026C	0x0BFD      	DECFSZ     R13, 1
0x026D	0x2A6C      	GOTO       L_main12
0x026E	0x0BFC      	DECFSZ     R12, 1
0x026F	0x2A6C      	GOTO       L_main12
0x0270	0x0BFB      	DECFSZ     R11, 1
0x0271	0x2A6C      	GOTO       L_main12
0x0272	0x0000      	NOP
0x0273	0x0000      	NOP
;07 LCD.c,74 :: 		for (i=0; i!=17; i++)          //Ciclo For para el movimiento
0x0274	0x01EB      	CLRF       _i
L_main13:
0x0275	0x086B      	MOVF       _i, 0
0x0276	0x3A11      	XORLW      17
0x0277	0x1903      	BTFSC      STATUS, 2
0x0278	0x2ACC      	GOTO       L_main14
;07 LCD.c,76 :: 		Lcd_cmd(_LCD_CLEAR);
0x0279	0x3001      	MOVLW      1
0x027A	0x1683      	BSF        STATUS, 5
0x027B	0x00A6      	MOVWF      FARG_Lcd_Cmd_out_char
0x027C	0x2018      	CALL       _Lcd_Cmd
;07 LCD.c,77 :: 		Phantom(2,i);           //Función de caracter personal "Fantasma"
0x027D	0x3002      	MOVLW      2
0x027E	0x1683      	BSF        STATUS, 5
0x027F	0x00A0      	MOVWF      FARG_Phantom_pos_row
0x0280	0x1283      	BCF        STATUS, 5
0x0281	0x086B      	MOVF       _i, 0
0x0282	0x1683      	BSF        STATUS, 5
0x0283	0x00A1      	MOVWF      FARG_Phantom_pos_char
0x0284	0x20B7      	CALL       _Phantom
;07 LCD.c,78 :: 		Lcd_Cmd(_LCD_SHIFT_RIGHT);
0x0285	0x301C      	MOVLW      28
0x0286	0x1683      	BSF        STATUS, 5
0x0287	0x00A6      	MOVWF      FARG_Lcd_Cmd_out_char
0x0288	0x2018      	CALL       _Lcd_Cmd
;07 LCD.c,79 :: 		delay_ms(200);
0x0289	0x3002      	MOVLW      2
0x028A	0x00FB      	MOVWF      R11
0x028B	0x3004      	MOVLW      4
0x028C	0x00FC      	MOVWF      R12
0x028D	0x30BA      	MOVLW      186
0x028E	0x00FD      	MOVWF      R13
L_main16:
0x028F	0x0BFD      	DECFSZ     R13, 1
0x0290	0x2A8F      	GOTO       L_main16
0x0291	0x0BFC      	DECFSZ     R12, 1
0x0292	0x2A8F      	GOTO       L_main16
0x0293	0x0BFB      	DECFSZ     R11, 1
0x0294	0x2A8F      	GOTO       L_main16
0x0295	0x0000      	NOP
;07 LCD.c,81 :: 		PacMan1(2,i);           //Pac-Man boca abierta
0x0296	0x3002      	MOVLW      2
0x0297	0x1683      	BSF        STATUS, 5
0x0298	0x00A0      	MOVWF      FARG_PacMan1_pos_row
0x0299	0x1283      	BCF        STATUS, 5
0x029A	0x086B      	MOVF       _i, 0
0x029B	0x1683      	BSF        STATUS, 5
0x029C	0x00A1      	MOVWF      FARG_PacMan1_pos_char
0x029D	0x20E0      	CALL       _PacMan1
;07 LCD.c,82 :: 		delay_ms(200);
0x029E	0x3002      	MOVLW      2
0x029F	0x00FB      	MOVWF      R11
0x02A0	0x3004      	MOVLW      4
0x02A1	0x00FC      	MOVWF      R12
0x02A2	0x30BA      	MOVLW      186
0x02A3	0x00FD      	MOVWF      R13
L_main17:
0x02A4	0x0BFD      	DECFSZ     R13, 1
0x02A5	0x2AA4      	GOTO       L_main17
0x02A6	0x0BFC      	DECFSZ     R12, 1
0x02A7	0x2AA4      	GOTO       L_main17
0x02A8	0x0BFB      	DECFSZ     R11, 1
0x02A9	0x2AA4      	GOTO       L_main17
0x02AA	0x0000      	NOP
;07 LCD.c,83 :: 		PacMan2(2,i);
0x02AB	0x3002      	MOVLW      2
0x02AC	0x1683      	BSF        STATUS, 5
0x02AD	0x00A0      	MOVWF      FARG_PacMan2_pos_row
0x02AE	0x1283      	BCF        STATUS, 5
0x02AF	0x086B      	MOVF       _i, 0
0x02B0	0x1683      	BSF        STATUS, 5
0x02B1	0x00A1      	MOVWF      FARG_PacMan2_pos_char
0x02B2	0x2109      	CALL       _PacMan2
;07 LCD.c,84 :: 		delay_ms(100);           //Pac-Man boca cerrada
0x02B3	0x3082      	MOVLW      130
0x02B4	0x00FC      	MOVWF      R12
0x02B5	0x30DD      	MOVLW      221
0x02B6	0x00FD      	MOVWF      R13
L_main18:
0x02B7	0x0BFD      	DECFSZ     R13, 1
0x02B8	0x2AB7      	GOTO       L_main18
0x02B9	0x0BFC      	DECFSZ     R12, 1
0x02BA	0x2AB7      	GOTO       L_main18
0x02BB	0x0000      	NOP
0x02BC	0x0000      	NOP
;07 LCD.c,85 :: 		Lcd_Cmd(_LCD_SHIFT_RIGHT);
0x02BD	0x301C      	MOVLW      28
0x02BE	0x1683      	BSF        STATUS, 5
0x02BF	0x00A6      	MOVWF      FARG_Lcd_Cmd_out_char
0x02C0	0x2018      	CALL       _Lcd_Cmd
;07 LCD.c,87 :: 		delay_ms(50);
0x02C1	0x3041      	MOVLW      65
0x02C2	0x00FC      	MOVWF      R12
0x02C3	0x30EE      	MOVLW      238
0x02C4	0x00FD      	MOVWF      R13
L_main19:
0x02C5	0x0BFD      	DECFSZ     R13, 1
0x02C6	0x2AC5      	GOTO       L_main19
0x02C7	0x0BFC      	DECFSZ     R12, 1
0x02C8	0x2AC5      	GOTO       L_main19
0x02C9	0x0000      	NOP
;07 LCD.c,74 :: 		for (i=0; i!=17; i++)          //Ciclo For para el movimiento
0x02CA	0x0AEB      	INCF       _i, 1
;07 LCD.c,88 :: 		}
0x02CB	0x2A75      	GOTO       L_main13
L_main14:
;07 LCD.c,90 :: 		Lcd_Cmd(_LCD_SHIFT_LEFT);
0x02CC	0x3018      	MOVLW      24
0x02CD	0x1683      	BSF        STATUS, 5
0x02CE	0x00A6      	MOVWF      FARG_Lcd_Cmd_out_char
0x02CF	0x2018      	CALL       _Lcd_Cmd
;07 LCD.c,91 :: 		}
L_main11:
;07 LCD.c,92 :: 		}
0x02D0	0x29E3      	GOTO       L_main0
;07 LCD.c,93 :: 		}
L_end_main:
0x02D1	0x2AD1      	GOTO       $+0
; end of _main
0x033A	0x3020      	MOVLW      32
0x033B	0x0084      	MOVWF      FSR
0x033C	0x304B      	MOVLW      75
0x033D	0x1283      	BCF        STATUS, 5
0x033E	0x1303      	BCF        STATUS, 6
0x033F	0x00F0      	MOVWF      R0
0x0340	0x30D7      	MOVLW      215
0x0341	0x00ED      	MOVWF      ___DoICPAddr
0x0342	0x3002      	MOVLW      2
0x0343	0x00EE      	MOVWF      110
0x0344	0x2132      	CALL       306
0x0345	0x0008      	RETURN
;07 LCD.c,0 :: ?ICS_TEXTO2
0x02D7	0x3445 ;?ICS_TEXTO2+0
0x02D8	0x3473 ;?ICS_TEXTO2+1
0x02D9	0x3470 ;?ICS_TEXTO2+2
0x02DA	0x3461 ;?ICS_TEXTO2+3
0x02DB	0x3472 ;?ICS_TEXTO2+4
0x02DC	0x347A ;?ICS_TEXTO2+5
0x02DD	0x3461 ;?ICS_TEXTO2+6
0x02DE	0x3420 ;?ICS_TEXTO2+7
0x02DF	0x3432 ;?ICS_TEXTO2+8
0x02E0	0x3431 ;?ICS_TEXTO2+9
0x02E1	0x3430 ;?ICS_TEXTO2+10
0x02E2	0x3434 ;?ICS_TEXTO2+11
0x02E3	0x3435 ;?ICS_TEXTO2+12
0x02E4	0x3439 ;?ICS_TEXTO2+13
0x02E5	0x3439 ;?ICS_TEXTO2+14
0x02E6	0x3437 ;?ICS_TEXTO2+15
0x02E7	0x3434 ;?ICS_TEXTO2+16
0x02E8	0x3400 ;?ICS_TEXTO2+17
; end of ?ICS_TEXTO2
;07 LCD.c,0 :: ?ICS?lstr3_07_32LCD
0x02E9	0x342D ;?ICS?lstr3_07_32LCD+0
0x02EA	0x3450 ;?ICS?lstr3_07_32LCD+1
0x02EB	0x3441 ;?ICS?lstr3_07_32LCD+2
0x02EC	0x3443 ;?ICS?lstr3_07_32LCD+3
0x02ED	0x344D ;?ICS?lstr3_07_32LCD+4
0x02EE	0x3441 ;?ICS?lstr3_07_32LCD+5
0x02EF	0x344E ;?ICS?lstr3_07_32LCD+6
0x02F0	0x342D ;?ICS?lstr3_07_32LCD+7
0x02F1	0x3400 ;?ICS?lstr3_07_32LCD+8
; end of ?ICS?lstr3_07_32LCD
;07 LCD.c,0 :: ?ICS_TEXTO1
0x02F2	0x344A ;?ICS_TEXTO1+0
0x02F3	0x3475 ;?ICS_TEXTO1+1
0x02F4	0x3461 ;?ICS_TEXTO1+2
0x02F5	0x346E ;?ICS_TEXTO1+3
0x02F6	0x3420 ;?ICS_TEXTO1+4
0x02F7	0x344D ;?ICS_TEXTO1+5
0x02F8	0x3461 ;?ICS_TEXTO1+6
0x02F9	0x346E ;?ICS_TEXTO1+7
0x02FA	0x3475 ;?ICS_TEXTO1+8
0x02FB	0x3465 ;?ICS_TEXTO1+9
0x02FC	0x346C ;?ICS_TEXTO1+10
0x02FD	0x3420 ;?ICS_TEXTO1+11
0x02FE	0x344C ;?ICS_TEXTO1+12
0x02FF	0x3461 ;?ICS_TEXTO1+13
0x0300	0x3472 ;?ICS_TEXTO1+14
0x0301	0x3461 ;?ICS_TEXTO1+15
0x0302	0x3400 ;?ICS_TEXTO1+16
; end of ?ICS_TEXTO1
;07 LCD.c,0 :: ?ICS?lstr2_07_32LCD
0x0303	0x3443 ;?ICS?lstr2_07_32LCD+0
0x0304	0x3420 ;?ICS?lstr2_07_32LCD+1
0x0305	0x3470 ;?ICS?lstr2_07_32LCD+2
0x0306	0x3461 ;?ICS?lstr2_07_32LCD+3
0x0307	0x3472 ;?ICS?lstr2_07_32LCD+4
0x0308	0x3461 ;?ICS?lstr2_07_32LCD+5
0x0309	0x3420 ;?ICS?lstr2_07_32LCD+6
0x030A	0x3445 ;?ICS?lstr2_07_32LCD+7
0x030B	0x346D ;?ICS?lstr2_07_32LCD+8
0x030C	0x3462 ;?ICS?lstr2_07_32LCD+9
0x030D	0x3465 ;?ICS?lstr2_07_32LCD+10
0x030E	0x3462 ;?ICS?lstr2_07_32LCD+11
0x030F	0x3469 ;?ICS?lstr2_07_32LCD+12
0x0310	0x3464 ;?ICS?lstr2_07_32LCD+13
0x0311	0x346F ;?ICS?lstr2_07_32LCD+14
0x0312	0x3473 ;?ICS?lstr2_07_32LCD+15
0x0313	0x3400 ;?ICS?lstr2_07_32LCD+16
; end of ?ICS?lstr2_07_32LCD
;07 LCD.c,0 :: ?ICS?lstr1_07_32LCD
0x0314	0x3420 ;?ICS?lstr1_07_32LCD+0
0x0315	0x3420 ;?ICS?lstr1_07_32LCD+1
0x0316	0x3450 ;?ICS?lstr1_07_32LCD+2
0x0317	0x3472 ;?ICS?lstr1_07_32LCD+3
0x0318	0x3461 ;?ICS?lstr1_07_32LCD+4
0x0319	0x3463 ;?ICS?lstr1_07_32LCD+5
0x031A	0x3474 ;?ICS?lstr1_07_32LCD+6
0x031B	0x3469 ;?ICS?lstr1_07_32LCD+7
0x031C	0x3463 ;?ICS?lstr1_07_32LCD+8
0x031D	0x3461 ;?ICS?lstr1_07_32LCD+9
0x031E	0x3420 ;?ICS?lstr1_07_32LCD+10
0x031F	0x3430 ;?ICS?lstr1_07_32LCD+11
0x0320	0x3437 ;?ICS?lstr1_07_32LCD+12
0x0321	0x3400 ;?ICS?lstr1_07_32LCD+13
; end of ?ICS?lstr1_07_32LCD
;07 LCD.c,4 :: _character2
0x0322	0x3400 ;_character2+0
0x0323	0x340E ;_character2+1
0x0324	0x341F ;_character2+2
0x0325	0x341F ;_character2+3
0x0326	0x341F ;_character2+4
0x0327	0x341F ;_character2+5
0x0328	0x340E ;_character2+6
0x0329	0x3400 ;_character2+7
; end of _character2
;07 LCD.c,3 :: _character1
0x032A	0x3400 ;_character1+0
0x032B	0x340E ;_character1+1
0x032C	0x341F ;_character1+2
0x032D	0x341E ;_character1+3
0x032E	0x341C ;_character1+4
0x032F	0x341F ;_character1+5
0x0330	0x340E ;_character1+6
0x0331	0x3400 ;_character1+7
; end of _character1
;07 LCD.c,5 :: _character3
0x0332	0x3400 ;_character3+0
0x0333	0x340E ;_character3+1
0x0334	0x341F ;_character3+2
0x0335	0x3415 ;_character3+3
0x0336	0x341F ;_character3+4
0x0337	0x341F ;_character3+5
0x0338	0x3415 ;_character3+6
0x0339	0x3400 ;_character3+7
; end of _character3
Symbol List:
//** Routines locations **
//ADDRESS    SIZE    PROCEDURE
//----------------------------------------------
0x0003       [2]    _Delay_1us
0x0005       [8]    _Delay_50us
0x000D      [11]    _Delay_5500us
0x0018      [87]    _Lcd_Cmd
0x006F      [56]    _Lcd_Chr
0x00A7       [9]    _Lcd_Chr_CP
0x00B0       [7]    _____DoICP
0x00B7      [41]    _Phantom
0x00E0      [41]    _PacMan1
0x0109      [41]    _PacMan2
0x0132      [12]    ___CC2DW
0x013E      [78]    _Lcd_Init
0x018C      [68]    _Lcd_Out
0x01D0     [257]    _main
//** Variables locations ** 
//ADDRESS    SIZE    VARIABLE
//----------------------------------------------
0x0000       [1]    INDF
0x0002       [1]    PCL
0x0003       [1]    STATUS
0x0004       [1]    FSR
0x0005       [1]    PORTA
0x0007       [0]    LCD_D7
0x0007       [0]    RC3_bit
0x0007       [0]    LCD_D6
0x0007       [1]    PORTC
0x0007       [0]    LCD_RS
0x0007       [0]    RC4_bit
0x0007       [0]    RC5_bit
0x0008       [1]    PORTD
0x0008       [0]    LCD_EN
0x0008       [0]    RD3_bit
0x0008       [0]    RD2_bit
0x0008       [0]    LCD_D5
0x0008       [0]    RD1_bit
0x0008       [0]    LCD_D4
0x000A       [1]    PCLATH
0x0020      [18]    _TEXTO2
0x0032       [9]    ?lstr3_07_32LCD
0x003B      [17]    _TEXTO1
0x004C      [17]    ?lstr2_07_32LCD
0x005D      [14]    ?lstr1_07_32LCD
0x006B       [1]    _i
0x006C       [0]    __Lib_Lcd_cmd_status
0x006D       [2]    ___DoICPAddr
0x006F       [1]    Lcd_Out_i_L0
0x006F       [1]    PacMan2_i_L0
0x006F       [1]    Phantom_i_L0
0x006F       [1]    PacMan1_i_L0
0x0070       [1]    R0
0x0071       [1]    R1
0x0072       [1]    R2
0x0073       [1]    R3
0x0074       [1]    R4
0x0075       [1]    R5
0x0076       [1]    R6
0x0077       [1]    R7
0x0078       [1]    R8
0x0079       [1]    R9
0x007A       [1]    R10
0x007B       [1]    R11
0x007C       [1]    R12
0x007D       [1]    R13
0x007E       [1]    R14
0x007F       [1]    R15
0x0085       [1]    TRISA
0x0087       [0]    TRISC4_bit
0x0087       [0]    TRISC3_bit
0x0087       [1]    TRISC
0x0087       [0]    LCD_RS_Direction
0x0087       [0]    TRISC5_bit
0x0087       [0]    LCD_D6_Direction
0x0087       [0]    LCD_D7_Direction
0x0088       [0]    TRISD2_bit
0x0088       [0]    TRISD1_bit
0x0088       [0]    LCD_D4_Direction
0x0088       [0]    LCD_D5_Direction
0x0088       [0]    TRISD3_bit
0x0088       [0]    LCD_EN_Direction
0x0088       [1]    TRISD
0x00A0       [1]    FARG_Phantom_pos_row
0x00A0       [1]    FARG_Lcd_Out_row
0x00A0       [1]    FARG_PacMan1_pos_row
0x00A0       [1]    FARG_PacMan2_pos_row
0x00A1       [1]    FARG_PacMan1_pos_char
0x00A1       [1]    FARG_PacMan2_pos_char
0x00A1       [1]    FARG_Lcd_Out_column
0x00A1       [1]    FARG_Phantom_pos_char
0x00A2       [1]    FARG_Lcd_Out_text
0x00A3       [1]    FARG_Lcd_Chr_row
0x00A3       [1]    FARG_Lcd_Chr_CP_out_char
0x00A4       [1]    FARG_Lcd_Chr_column
0x00A5       [1]    FARG_Lcd_Chr_out_char
0x00A6       [1]    FARG_Lcd_Cmd_out_char
0x0188       [1]    ANSEL
//** Constants locations ** 
//ADDRESS    SIZE    CONSTANT
//----------------------------------------------
0x02D7      [18]    ?ICS_TEXTO2
0x02E9       [9]    ?ICS?lstr3_07_32LCD
0x02F2      [17]    ?ICS_TEXTO1
0x0303      [17]    ?ICS?lstr2_07_32LCD
0x0314      [14]    ?ICS?lstr1_07_32LCD
0x0322       [8]    _character2
0x032A       [8]    _character1
0x0332       [8]    _character3
//** Label List: ** 
//----------------------------------------------
  L_main0
  L_main1
  L_main2
  L_main3
  L_main4
  L_main5
  L_main6
  L_main7
  L_main8
  L_main9
  L_main10
  L_main11
  L_main12
  L_main13
  L_main14
  L_main15
  L_main16
  L_main17
  L_main18
  L_main19
  L_PacMan120
  L_PacMan121
  L_PacMan122
  L_PacMan223
  L_PacMan224
  L_PacMan225
  L_Phantom26
  L_Phantom27
  L_Phantom28
  L_end_main
  _main
  L_end_PacMan1
  _PacMan1
  L_end_PacMan2
  _PacMan2
  L_end_Phantom
  _Phantom
  L_Delay_10us0
  L_Delay_22us1
  L_Delay_50us2
  L_Delay_80us3
  L_Delay_500us4
  L_Delay_5500us5
  L_Delay_1ms6
  L_Delay_5ms7
  L_Delay_8ms8
  L_Delay_10ms9
  L_Delay_100ms10
  L_Delay_1sec11
  L_boot16_Delay_5ms12
  L_Delay_Cyc13
  L_Delay_Cyc14
  L_VDelay_ms15
  L_VDelay_ms16
  L_VDelay_ms17
  L_VDelay_Advanced_ms18
  L_VDelay_Advanced_ms19
  L_VDelay_Advanced_ms20
  L_end_Get_Fosc_kHz
  _Get_Fosc_kHz
  L_end_Delay_1us
  _Delay_1us
  L_end_Delay_10us
  _Delay_10us
  L_end_Delay_22us
  _Delay_22us
  L_end_Delay_50us
  _Delay_50us
  L_end_Delay_80us
  _Delay_80us
  L_end_Delay_500us
  _Delay_500us
  L_end_Delay_5500us
  _Delay_5500us
  L_end_Delay_1ms
  _Delay_1ms
  L_end_Delay_5ms
  _Delay_5ms
  L_end_Delay_8ms
  _Delay_8ms
  L_end_Delay_10ms
  _Delay_10ms
  L_end_Delay_100ms
  _Delay_100ms
  L_end_Delay_1sec
  _Delay_1sec
  L_end_boot16_Delay_5ms
  _boot16_Delay_5ms
  L_end_Delay_Cyc
  _Delay_Cyc
  L_end_VDelay_ms
  _VDelay_ms
  L__VDelay_ms38
  L__VDelay_ms39
  L__VDelay_ms40
  L_end_VDelay_Advanced_ms
  _VDelay_Advanced_ms
  L__VDelay_Advanced_ms42
  L__VDelay_Advanced_ms43
  L__VDelay_Advanced_ms44
  L_Lcd_Cmd0
  L_Lcd_Cmd1
  L_Lcd_Out_CP2
  L_Lcd_Out_CP3
  L_Lcd_Chr4
  L_Lcd_Chr5
  L_Lcd_Chr6
  L_Lcd_Chr7
  L_Lcd_Chr8
  L_Lcd_Chr9
  L_Lcd_Chr10
  L_Lcd_Out11
  L_Lcd_Out12
  L_Lcd_Out13
  L_Lcd_Out14
  L_Lcd_Out15
  L_Lcd_Out16
  L_Lcd_Out17
  L_Lcd_Out18
  L_Lcd_Out19
  L_end_Lcd_Cmd
  _Lcd_Cmd
  L__Lcd_Cmd21
  L__Lcd_Cmd22
  L__Lcd_Cmd23
  L__Lcd_Cmd24
  L__Lcd_Cmd25
  L__Lcd_Cmd26
  L__Lcd_Cmd27
  L__Lcd_Cmd28
  L__Lcd_Cmd29
  L__Lcd_Cmd30
  L__Lcd_Cmd31
  L__Lcd_Cmd32
  L__Lcd_Cmd33
  L__Lcd_Cmd34
  L__Lcd_Cmd35
  L__Lcd_Cmd36
  L__Lcd_Cmd37
  L__Lcd_Cmd38
  L__Lcd_Cmd39
  L__Lcd_Cmd40
  L_end_Lcd_Chr_CP
  _Lcd_Chr_CP
  L_end_Lcd_Out_CP
  _Lcd_Out_CP
  L_end_Lcd_Chr
  _Lcd_Chr
  L_end_Lcd_Init
  _Lcd_Init
  L_end_Lcd_Out
  _Lcd_Out
  L_loopCA2AWs
  L_CA2AWend
  _CCA2AW_Loop1
  L_loopCS2Ss
  L_CS2Send
  _CCS2S_Loop1
  L_CCS2Send
  L_loopFZinSWs
  L_FZinSend
  _CC2D_Loop1
  L_end_____DoICP
  _____DoICP
  L_end_____DoIFC
  _____DoIFC
  L_end___CA2AW
  ___CA2AW
  L_end___CCA2AW
  ___CCA2AW
  L_end___CS2S
  ___CS2S
  L_end___CCS2S
  ___CCS2S
  L_end___FZinS
  ___FZinS
  L_end___CC2DW
  ___CC2DW
  L_end_Swap
  _Swap
