;  LST file generated by mikroListExporter - v.2.0 
; Date/Time: 06/05/2015 08:14:09 p.m.
;----------------------------------------------

;Address Opcode 	ASM
0x0000	0x2BD9      	GOTO       985
_Delay_1us:
;__Lib_Delays.c,7 :: 		void Delay_1us() {
;__Lib_Delays.c,8 :: 		Delay_us(1);
0x0003	0x0000      	NOP
;__Lib_Delays.c,9 :: 		}
L_end_Delay_1us:
0x0004	0x0008      	RETURN
; end of _Delay_1us
_Delay_50us:
;__Lib_Delays.c,19 :: 		void Delay_50us() {
;__Lib_Delays.c,20 :: 		Delay_us(50);
0x0005	0x3010      	MOVLW      16
0x0006	0x1283      	BCF        STATUS, 5
0x0007	0x1303      	BCF        STATUS, 6
0x0008	0x00FD      	MOVWF      R13
L_Delay_50us2:
0x0009	0x0BFD      	DECFSZ     R13, 1
0x000A	0x2809      	GOTO       L_Delay_50us2
0x000B	0x0000      	NOP
;__Lib_Delays.c,21 :: 		}
L_end_Delay_50us:
0x000C	0x0008      	RETURN
; end of _Delay_50us
_Delay_5500us:
;__Lib_Delays.c,31 :: 		void Delay_5500us() {
;__Lib_Delays.c,32 :: 		Delay_us(5500);
0x000D	0x3008      	MOVLW      8
0x000E	0x1283      	BCF        STATUS, 5
0x000F	0x1303      	BCF        STATUS, 6
0x0010	0x00FC      	MOVWF      R12
0x0011	0x3023      	MOVLW      35
0x0012	0x00FD      	MOVWF      R13
L_Delay_5500us5:
0x0013	0x0BFD      	DECFSZ     R13, 1
0x0014	0x2813      	GOTO       L_Delay_5500us5
0x0015	0x0BFC      	DECFSZ     R12, 1
0x0016	0x2813      	GOTO       L_Delay_5500us5
;__Lib_Delays.c,33 :: 		}
L_end_Delay_5500us:
0x0017	0x0008      	RETURN
; end of _Delay_5500us
_Lcd_Cmd:
;__Lib_Lcd.c,18 :: 		
;__Lib_Lcd.c,20 :: 		
0x0018	0x1283      	BCF        STATUS, 5
0x0019	0x1703      	BSF        STATUS, 6
0x001A	0x1BAE      	BTFSC      FARG_Lcd_Cmd_out_char, 7
0x001B	0x281E      	GOTO       L__Lcd_Cmd21
0x001C	0x1386      	BCF        LCD_D7, BitPos(LCD_D7+0)
0x001D	0x281F      	GOTO       L__Lcd_Cmd22
L__Lcd_Cmd21:
0x001E	0x1786      	BSF        LCD_D7, BitPos(LCD_D7+0)
L__Lcd_Cmd22:
;__Lib_Lcd.c,21 :: 		
0x001F	0x1B2E      	BTFSC      FARG_Lcd_Cmd_out_char, 6
0x0020	0x2823      	GOTO       L__Lcd_Cmd23
0x0021	0x1306      	BCF        LCD_D6, BitPos(LCD_D6+0)
0x0022	0x2824      	GOTO       L__Lcd_Cmd24
L__Lcd_Cmd23:
0x0023	0x1706      	BSF        LCD_D6, BitPos(LCD_D6+0)
L__Lcd_Cmd24:
;__Lib_Lcd.c,22 :: 		
0x0024	0x1AAE      	BTFSC      FARG_Lcd_Cmd_out_char, 5
0x0025	0x2828      	GOTO       L__Lcd_Cmd25
0x0026	0x1286      	BCF        LCD_D5, BitPos(LCD_D5+0)
0x0027	0x2829      	GOTO       L__Lcd_Cmd26
L__Lcd_Cmd25:
0x0028	0x1686      	BSF        LCD_D5, BitPos(LCD_D5+0)
L__Lcd_Cmd26:
;__Lib_Lcd.c,23 :: 		
0x0029	0x1A2E      	BTFSC      FARG_Lcd_Cmd_out_char, 4
0x002A	0x282D      	GOTO       L__Lcd_Cmd27
0x002B	0x1206      	BCF        LCD_D4, BitPos(LCD_D4+0)
0x002C	0x282E      	GOTO       L__Lcd_Cmd28
L__Lcd_Cmd27:
0x002D	0x1606      	BSF        LCD_D4, BitPos(LCD_D4+0)
L__Lcd_Cmd28:
;__Lib_Lcd.c,25 :: 		
0x002E	0x1683      	BSF        STATUS, 5
0x002F	0x1303      	BCF        STATUS, 6
0x0030	0x186F      	BTFSC      __Lib_Lcd_cmd_status, BitPos(__Lib_Lcd_cmd_status+0)
0x0031	0x2835      	GOTO       L__Lcd_Cmd29
0x0032	0x1283      	BCF        STATUS, 5
0x0033	0x1506      	BSF        LCD_RS, BitPos(LCD_RS+0)
0x0034	0x2837      	GOTO       L__Lcd_Cmd30
L__Lcd_Cmd29:
0x0035	0x1283      	BCF        STATUS, 5
0x0036	0x1106      	BCF        LCD_RS, BitPos(LCD_RS+0)
L__Lcd_Cmd30:
;__Lib_Lcd.c,28 :: 		
0x0037	0x1586      	BSF        LCD_EN, BitPos(LCD_EN+0)
;__Lib_Lcd.c,29 :: 		
0x0038	0x2003      	CALL       _Delay_1us
;__Lib_Lcd.c,30 :: 		
0x0039	0x1186      	BCF        LCD_EN, BitPos(LCD_EN+0)
;__Lib_Lcd.c,33 :: 		
0x003A	0x1703      	BSF        STATUS, 6
0x003B	0x19AE      	BTFSC      FARG_Lcd_Cmd_out_char, 3
0x003C	0x283F      	GOTO       L__Lcd_Cmd31
0x003D	0x1386      	BCF        LCD_D7, BitPos(LCD_D7+0)
0x003E	0x2840      	GOTO       L__Lcd_Cmd32
L__Lcd_Cmd31:
0x003F	0x1786      	BSF        LCD_D7, BitPos(LCD_D7+0)
L__Lcd_Cmd32:
;__Lib_Lcd.c,34 :: 		
0x0040	0x192E      	BTFSC      FARG_Lcd_Cmd_out_char, 2
0x0041	0x2844      	GOTO       L__Lcd_Cmd33
0x0042	0x1306      	BCF        LCD_D6, BitPos(LCD_D6+0)
0x0043	0x2845      	GOTO       L__Lcd_Cmd34
L__Lcd_Cmd33:
0x0044	0x1706      	BSF        LCD_D6, BitPos(LCD_D6+0)
L__Lcd_Cmd34:
;__Lib_Lcd.c,35 :: 		
0x0045	0x18AE      	BTFSC      FARG_Lcd_Cmd_out_char, 1
0x0046	0x2849      	GOTO       L__Lcd_Cmd35
0x0047	0x1286      	BCF        LCD_D5, BitPos(LCD_D5+0)
0x0048	0x284A      	GOTO       L__Lcd_Cmd36
L__Lcd_Cmd35:
0x0049	0x1686      	BSF        LCD_D5, BitPos(LCD_D5+0)
L__Lcd_Cmd36:
;__Lib_Lcd.c,36 :: 		
0x004A	0x182E      	BTFSC      FARG_Lcd_Cmd_out_char, 0
0x004B	0x284E      	GOTO       L__Lcd_Cmd37
0x004C	0x1206      	BCF        LCD_D4, BitPos(LCD_D4+0)
0x004D	0x284F      	GOTO       L__Lcd_Cmd38
L__Lcd_Cmd37:
0x004E	0x1606      	BSF        LCD_D4, BitPos(LCD_D4+0)
L__Lcd_Cmd38:
;__Lib_Lcd.c,38 :: 		
0x004F	0x1683      	BSF        STATUS, 5
0x0050	0x1303      	BCF        STATUS, 6
0x0051	0x186F      	BTFSC      __Lib_Lcd_cmd_status, BitPos(__Lib_Lcd_cmd_status+0)
0x0052	0x2856      	GOTO       L__Lcd_Cmd39
0x0053	0x1283      	BCF        STATUS, 5
0x0054	0x1506      	BSF        LCD_RS, BitPos(LCD_RS+0)
0x0055	0x2858      	GOTO       L__Lcd_Cmd40
L__Lcd_Cmd39:
0x0056	0x1283      	BCF        STATUS, 5
0x0057	0x1106      	BCF        LCD_RS, BitPos(LCD_RS+0)
L__Lcd_Cmd40:
;__Lib_Lcd.c,40 :: 		
0x0058	0x1586      	BSF        LCD_EN, BitPos(LCD_EN+0)
;__Lib_Lcd.c,41 :: 		
0x0059	0x2003      	CALL       _Delay_1us
;__Lib_Lcd.c,42 :: 		
0x005A	0x1186      	BCF        LCD_EN, BitPos(LCD_EN+0)
;__Lib_Lcd.c,44 :: 		
0x005B	0x1683      	BSF        STATUS, 5
0x005C	0x1C6F      	BTFSS      __Lib_Lcd_cmd_status, BitPos(__Lib_Lcd_cmd_status+0)
0x005D	0x2860      	GOTO       L_Lcd_Cmd0
;__Lib_Lcd.c,45 :: 		
0x005E	0x200D      	CALL       _Delay_5500us
0x005F	0x2861      	GOTO       L_Lcd_Cmd1
L_Lcd_Cmd0:
;__Lib_Lcd.c,47 :: 		
0x0060	0x2005      	CALL       _Delay_50us
L_Lcd_Cmd1:
;__Lib_Lcd.c,48 :: 		
L_end_Lcd_Cmd:
0x0061	0x0008      	RETURN
; end of _Lcd_Cmd
_Lcd_Chr_CP:
;__Lib_Lcd.c,50 :: 		
;__Lib_Lcd.c,52 :: 		
0x0062	0x1683      	BSF        STATUS, 5
0x0063	0x1303      	BCF        STATUS, 6
0x0064	0x106F      	BCF        __Lib_Lcd_cmd_status, BitPos(__Lib_Lcd_cmd_status+0)
;__Lib_Lcd.c,53 :: 		
0x0065	0x1283      	BCF        STATUS, 5
0x0066	0x1703      	BSF        STATUS, 6
0x0067	0x0829      	MOVF       FARG_Lcd_Chr_CP_out_char, 0
0x0068	0x00AE      	MOVWF      FARG_Lcd_Cmd_out_char
0x0069	0x2018      	CALL       _Lcd_Cmd
;__Lib_Lcd.c,54 :: 		
0x006A	0x1683      	BSF        STATUS, 5
0x006B	0x146F      	BSF        __Lib_Lcd_cmd_status, BitPos(__Lib_Lcd_cmd_status+0)
;__Lib_Lcd.c,55 :: 		
L_end_Lcd_Chr_CP:
0x006C	0x0008      	RETURN
; end of _Lcd_Chr_CP
_Delay_10us:
;__Lib_Delays.c,11 :: 		void Delay_10us() {
;__Lib_Delays.c,12 :: 		Delay_us(10);
0x006D	0x3003      	MOVLW      3
0x006E	0x1283      	BCF        STATUS, 5
0x006F	0x1303      	BCF        STATUS, 6
0x0070	0x00FD      	MOVWF      R13
L_Delay_10us0:
0x0071	0x0BFD      	DECFSZ     R13, 1
0x0072	0x2871      	GOTO       L_Delay_10us0
;__Lib_Delays.c,13 :: 		}
L_end_Delay_10us:
0x0073	0x0008      	RETURN
; end of _Delay_10us
_Keypad_Key_Press:
;__Lib_Keypad4x4.c,38 :: 		
;__Lib_Keypad4x4.c,42 :: 		
0x0074	0x1283      	BCF        STATUS, 5
0x0075	0x1703      	BSF        STATUS, 6
0x0076	0x01A9      	CLRF       Keypad_Key_Press_rslt_L0
;__Lib_Keypad4x4.c,43 :: 		
0x0077	0x01AB      	CLRF       Keypad_Key_Press_loc_L0
;__Lib_Keypad4x4.c,44 :: 		
0x0078	0x01AC      	CLRF       Keypad_Key_Press_rowcnt_L0
;__Lib_Keypad4x4.c,45 :: 		
0x0079	0x3010      	MOVLW      16
0x007A	0x00AD      	MOVWF      Keypad_Key_Press_shifter_L0
;__Lib_Keypad4x4.c,47 :: 		
L_Keypad_Key_Press0:
0x007B	0x3004      	MOVLW      4
0x007C	0x022C      	SUBWF      Keypad_Key_Press_rowcnt_L0, 0
0x007D	0x1803      	BTFSC      STATUS, 0
0x007E	0x28A4      	GOTO       L_Keypad_Key_Press1
;__Lib_Keypad4x4.c,49 :: 		
0x007F	0x30F0      	MOVLW      240
0x0080	0x1303      	BCF        STATUS, 6
0x0081	0x0088      	MOVWF      keypadPort
;__Lib_Keypad4x4.c,50 :: 		
0x0082	0x1703      	BSF        STATUS, 6
0x0083	0x092D      	COMF       Keypad_Key_Press_shifter_L0, 0
0x0084	0x1683      	BSF        STATUS, 5
0x0085	0x1303      	BCF        STATUS, 6
0x0086	0x0088      	MOVWF      keypadPort+128
;__Lib_Keypad4x4.c,54 :: 		
0x0087	0x2003      	CALL       _Delay_1us
;__Lib_Keypad4x4.c,55 :: 		
0x0088	0x2003      	CALL       _Delay_1us
;__Lib_Keypad4x4.c,56 :: 		
0x0089	0x300F      	MOVLW      15
0x008A	0x1283      	BCF        STATUS, 5
0x008B	0x0508      	ANDWF      keypadPort, 0
0x008C	0x00F0      	MOVWF      R0
0x008D	0x0870      	MOVF       R0, 0
0x008E	0x1703      	BSF        STATUS, 6
0x008F	0x00AA      	MOVWF      Keypad_Key_Press_kdata_L0
;__Lib_Keypad4x4.c,57 :: 		
0x0090	0x0870      	MOVF       R0, 0
0x0091	0x1903      	BTFSC      STATUS, 2
0x0092	0x289E      	GOTO       L_Keypad_Key_Press2
;__Lib_Keypad4x4.c,59 :: 		
0x0093	0x082B      	MOVF       Keypad_Key_Press_loc_L0, 0
0x0094	0x00A9      	MOVWF      Keypad_Key_Press_rslt_L0
;__Lib_Keypad4x4.c,60 :: 		
L_Keypad_Key_Press3:
0x0095	0x082A      	MOVF       Keypad_Key_Press_kdata_L0, 0
0x0096	0x1903      	BTFSC      STATUS, 2
0x0097	0x289C      	GOTO       L_Keypad_Key_Press4
;__Lib_Keypad4x4.c,61 :: 		
0x0098	0x0CAA      	RRF        Keypad_Key_Press_kdata_L0, 1
0x0099	0x13AA      	BCF        Keypad_Key_Press_kdata_L0, 7
;__Lib_Keypad4x4.c,62 :: 		
0x009A	0x0AA9      	INCF       Keypad_Key_Press_rslt_L0, 1
;__Lib_Keypad4x4.c,63 :: 		
0x009B	0x2895      	GOTO       L_Keypad_Key_Press3
L_Keypad_Key_Press4:
;__Lib_Keypad4x4.c,65 :: 		
0x009C	0x3004      	MOVLW      4
0x009D	0x00AC      	MOVWF      Keypad_Key_Press_rowcnt_L0
;__Lib_Keypad4x4.c,66 :: 		
L_Keypad_Key_Press2:
;__Lib_Keypad4x4.c,67 :: 		
0x009E	0x0DAD      	RLF        Keypad_Key_Press_shifter_L0, 1
0x009F	0x102D      	BCF        Keypad_Key_Press_shifter_L0, 0
;__Lib_Keypad4x4.c,68 :: 		
0x00A0	0x3004      	MOVLW      4
0x00A1	0x07AB      	ADDWF      Keypad_Key_Press_loc_L0, 1
;__Lib_Keypad4x4.c,69 :: 		
0x00A2	0x0AAC      	INCF       Keypad_Key_Press_rowcnt_L0, 1
;__Lib_Keypad4x4.c,70 :: 		
0x00A3	0x287B      	GOTO       L_Keypad_Key_Press0
L_Keypad_Key_Press1:
;__Lib_Keypad4x4.c,72 :: 		
0x00A4	0x0829      	MOVF       Keypad_Key_Press_rslt_L0, 0
0x00A5	0x00F0      	MOVWF      R0
;__Lib_Keypad4x4.c,73 :: 		
L_end_Keypad_Key_Press:
0x00A6	0x0008      	RETURN
; end of _Keypad_Key_Press
_____DoICP:
;__Lib_System.c,6 :: 		
;__Lib_System.c,9 :: 		
0x00A7	0x1683      	BSF        STATUS, 5
0x00A8	0x1303      	BCF        STATUS, 6
0x00A9	0x086E      	MOVF       ___DoICPAddr+1, 0
0x00AA	0x008A      	MOVWF      PCLATH
;__Lib_System.c,10 :: 		
0x00AB	0x086D      	MOVF       ___DoICPAddr, 0
0x00AC	0x0082      	MOVWF      PCL
;__Lib_System.c,12 :: 		
L_end_____DoICP:
0x00AD	0x0008      	RETURN
; end of _____DoICP
_Keypad_Key_Click:
;__Lib_Keypad4x4.c,76 :: 		
;__Lib_Keypad4x4.c,80 :: 		
0x00AE	0x2074      	CALL       _Keypad_Key_Press
0x00AF	0x0870      	MOVF       R0, 0
0x00B0	0x00A5      	MOVWF      Keypad_Key_Click_rslt_L0
;__Lib_Keypad4x4.c,82 :: 		
L_Keypad_Key_Click5:
0x00B1	0x300F      	MOVLW      15
0x00B2	0x1303      	BCF        STATUS, 6
0x00B3	0x0508      	ANDWF      keypadPort, 0
0x00B4	0x00F0      	MOVWF      R0
0x00B5	0x1903      	BTFSC      STATUS, 2
0x00B6	0x28B9      	GOTO       L_Keypad_Key_Click6
;__Lib_Keypad4x4.c,83 :: 		
0x00B7	0x206D      	CALL       _Delay_10us
0x00B8	0x28B1      	GOTO       L_Keypad_Key_Click5
L_Keypad_Key_Click6:
;__Lib_Keypad4x4.c,85 :: 		
0x00B9	0x1703      	BSF        STATUS, 6
0x00BA	0x0825      	MOVF       Keypad_Key_Click_rslt_L0, 0
0x00BB	0x00F0      	MOVWF      R0
;__Lib_Keypad4x4.c,86 :: 		
L_end_Keypad_Key_Click:
0x00BC	0x0008      	RETURN
; end of _Keypad_Key_Click
_Lcd_Out:
;__Lib_Lcd.c,184 :: 		
;__Lib_Lcd.c,187 :: 		
0x00BD	0x28CF      	GOTO       L_Lcd_Out11
;__Lib_Lcd.c,188 :: 		
L_Lcd_Out13:
0x00BE	0x3080      	MOVLW      128
0x00BF	0x1283      	BCF        STATUS, 5
0x00C0	0x1703      	BSF        STATUS, 6
0x00C1	0x00A5      	MOVWF      FARG_Lcd_Out_row
0x00C2	0x28E2      	GOTO       L_Lcd_Out12
;__Lib_Lcd.c,189 :: 		
L_Lcd_Out14:
0x00C3	0x30C0      	MOVLW      192
0x00C4	0x00A5      	MOVWF      FARG_Lcd_Out_row
0x00C5	0x28E2      	GOTO       L_Lcd_Out12
;__Lib_Lcd.c,190 :: 		
L_Lcd_Out15:
0x00C6	0x3094      	MOVLW      148
0x00C7	0x00A5      	MOVWF      FARG_Lcd_Out_row
0x00C8	0x28E2      	GOTO       L_Lcd_Out12
;__Lib_Lcd.c,191 :: 		
L_Lcd_Out16:
0x00C9	0x30D4      	MOVLW      212
0x00CA	0x00A5      	MOVWF      FARG_Lcd_Out_row
0x00CB	0x28E2      	GOTO       L_Lcd_Out12
;__Lib_Lcd.c,192 :: 		
L_Lcd_Out17:
0x00CC	0x3080      	MOVLW      128
0x00CD	0x00A5      	MOVWF      FARG_Lcd_Out_row
;__Lib_Lcd.c,193 :: 		
0x00CE	0x28E2      	GOTO       L_Lcd_Out12
L_Lcd_Out11:
0x00CF	0x1283      	BCF        STATUS, 5
0x00D0	0x1703      	BSF        STATUS, 6
0x00D1	0x0825      	MOVF       FARG_Lcd_Out_row, 0
0x00D2	0x3A01      	XORLW      1
0x00D3	0x1903      	BTFSC      STATUS, 2
0x00D4	0x28BE      	GOTO       L_Lcd_Out13
0x00D5	0x0825      	MOVF       FARG_Lcd_Out_row, 0
0x00D6	0x3A02      	XORLW      2
0x00D7	0x1903      	BTFSC      STATUS, 2
0x00D8	0x28C3      	GOTO       L_Lcd_Out14
0x00D9	0x0825      	MOVF       FARG_Lcd_Out_row, 0
0x00DA	0x3A03      	XORLW      3
0x00DB	0x1903      	BTFSC      STATUS, 2
0x00DC	0x28C6      	GOTO       L_Lcd_Out15
0x00DD	0x0825      	MOVF       FARG_Lcd_Out_row, 0
0x00DE	0x3A04      	XORLW      4
0x00DF	0x1903      	BTFSC      STATUS, 2
0x00E0	0x28C9      	GOTO       L_Lcd_Out16
0x00E1	0x28CC      	GOTO       L_Lcd_Out17
L_Lcd_Out12:
;__Lib_Lcd.c,194 :: 		
0x00E2	0x0326      	DECF       FARG_Lcd_Out_column, 0
0x00E3	0x00F0      	MOVWF      R0
0x00E4	0x0825      	MOVF       FARG_Lcd_Out_row, 0
0x00E5	0x07F0      	ADDWF      R0, 1
0x00E6	0x0870      	MOVF       R0, 0
0x00E7	0x00A5      	MOVWF      FARG_Lcd_Out_row
;__Lib_Lcd.c,196 :: 		
0x00E8	0x0870      	MOVF       R0, 0
0x00E9	0x00AE      	MOVWF      FARG_Lcd_Cmd_out_char
0x00EA	0x2018      	CALL       _Lcd_Cmd
;__Lib_Lcd.c,197 :: 		
0x00EB	0x1683      	BSF        STATUS, 5
0x00EC	0x106F      	BCF        __Lib_Lcd_cmd_status, BitPos(__Lib_Lcd_cmd_status+0)
;__Lib_Lcd.c,198 :: 		
0x00ED	0x1283      	BCF        STATUS, 5
0x00EE	0x1703      	BSF        STATUS, 6
0x00EF	0x01A8      	CLRF       Lcd_Out_i_L0
;__Lib_Lcd.c,199 :: 		
L_Lcd_Out18:
0x00F0	0x0828      	MOVF       Lcd_Out_i_L0, 0
0x00F1	0x0727      	ADDWF      FARG_Lcd_Out_text, 0
0x00F2	0x0084      	MOVWF      FSR
0x00F3	0x0800      	MOVF       INDF, 0
0x00F4	0x1903      	BTFSC      STATUS, 2
0x00F5	0x2900      	GOTO       L_Lcd_Out19
;__Lib_Lcd.c,200 :: 		
0x00F6	0x0828      	MOVF       Lcd_Out_i_L0, 0
0x00F7	0x0727      	ADDWF      FARG_Lcd_Out_text, 0
0x00F8	0x0084      	MOVWF      FSR
0x00F9	0x0800      	MOVF       INDF, 0
0x00FA	0x00A9      	MOVWF      FARG_Lcd_Chr_CP_out_char
0x00FB	0x2062      	CALL       _Lcd_Chr_CP
0x00FC	0x1283      	BCF        STATUS, 5
0x00FD	0x1703      	BSF        STATUS, 6
0x00FE	0x0AA8      	INCF       Lcd_Out_i_L0, 1
0x00FF	0x28F0      	GOTO       L_Lcd_Out18
L_Lcd_Out19:
;__Lib_Lcd.c,201 :: 		
0x0100	0x1683      	BSF        STATUS, 5
0x0101	0x1303      	BCF        STATUS, 6
0x0102	0x146F      	BSF        __Lib_Lcd_cmd_status, BitPos(__Lib_Lcd_cmd_status+0)
;__Lib_Lcd.c,202 :: 		
L_end_Lcd_Out:
0x0103	0x0008      	RETURN
; end of _Lcd_Out
_Comparacion:
;Matrix.c,193 :: 		void Comparacion()                                                //Comparar el valor del LED con el tecleado
;Matrix.c,195 :: 		Turno=Ronda;
0x0104	0x1283      	BCF        STATUS, 5
0x0105	0x1303      	BCF        STATUS, 6
0x0106	0x084E      	MOVF       _Ronda, 0
0x0107	0x1683      	BSF        STATUS, 5
0x0108	0x00EC      	MOVWF      _Turno
;Matrix.c,196 :: 		Lcd_cmd(_LCD_CLEAR);
0x0109	0x3001      	MOVLW      1
0x010A	0x1283      	BCF        STATUS, 5
0x010B	0x1703      	BSF        STATUS, 6
0x010C	0x00AE      	MOVWF      FARG_Lcd_Cmd_out_char
0x010D	0x2018      	CALL       _Lcd_Cmd
;Matrix.c,198 :: 		if (alm[Turno]==led[Turno])                                      //Si son iguales
0x010E	0x1683      	BSF        STATUS, 5
0x010F	0x086C      	MOVF       _Turno, 0
0x0110	0x3E10      	ADDLW      _alm
0x0111	0x0084      	MOVWF      FSR
0x0112	0x0800      	MOVF       INDF, 0
0x0113	0x00F1      	MOVWF      R1
0x0114	0x086C      	MOVF       _Turno, 0
0x0115	0x3E1B      	ADDLW      _led
0x0116	0x0084      	MOVWF      FSR
0x0117	0x0871      	MOVF       R1, 0
0x0118	0x0600      	XORWF      INDF, 0
0x0119	0x1D03      	BTFSS      STATUS, 2
0x011A	0x2934      	GOTO       L_Comparacion71
;Matrix.c,200 :: 		Ronda++;                                                     //-Se avanza de ronda
0x011B	0x1283      	BCF        STATUS, 5
0x011C	0x0ACE      	INCF       _Ronda, 1
;Matrix.c,201 :: 		Lcd_Out (1, 1, "    CORRECTO!");                             //Y se muestra este mensaje
0x011D	0x3001      	MOVLW      1
0x011E	0x1703      	BSF        STATUS, 6
0x011F	0x00A5      	MOVWF      FARG_Lcd_Out_row
0x0120	0x3001      	MOVLW      1
0x0121	0x00A6      	MOVWF      FARG_Lcd_Out_column
0x0122	0x30DD      	MOVLW      ?lstr8_Matrix
0x0123	0x00A7      	MOVWF      FARG_Lcd_Out_text
0x0124	0x20BD      	CALL       _Lcd_Out
;Matrix.c,202 :: 		delay_ms(750);
0x0125	0x3004      	MOVLW      4
0x0126	0x00FB      	MOVWF      R11
0x0127	0x30CF      	MOVLW      207
0x0128	0x00FC      	MOVWF      R12
0x0129	0x3001      	MOVLW      1
0x012A	0x00FD      	MOVWF      R13
L_Comparacion72:
0x012B	0x0BFD      	DECFSZ     R13, 1
0x012C	0x292B      	GOTO       L_Comparacion72
0x012D	0x0BFC      	DECFSZ     R12, 1
0x012E	0x292B      	GOTO       L_Comparacion72
0x012F	0x0BFB      	DECFSZ     R11, 1
0x0130	0x292B      	GOTO       L_Comparacion72
0x0131	0x0000      	NOP
0x0132	0x0000      	NOP
;Matrix.c,203 :: 		}
0x0133	0x2961      	GOTO       L_Comparacion73
L_Comparacion71:
;Matrix.c,205 :: 		else if (led[Turno]!=alm[Turno])                              //Si no
0x0134	0x086C      	MOVF       _Turno, 0
0x0135	0x3E1B      	ADDLW      _led
0x0136	0x0084      	MOVWF      FSR
0x0137	0x0800      	MOVF       INDF, 0
0x0138	0x00F1      	MOVWF      R1
0x0139	0x086C      	MOVF       _Turno, 0
0x013A	0x3E10      	ADDLW      _alm
0x013B	0x0084      	MOVWF      FSR
0x013C	0x0871      	MOVF       R1, 0
0x013D	0x0600      	XORWF      INDF, 0
0x013E	0x1903      	BTFSC      STATUS, 2
0x013F	0x2961      	GOTO       L_Comparacion74
;Matrix.c,207 :: 		Ronda=0;                                             // Ronda es 0 para salir del ciclo principal
0x0140	0x1283      	BCF        STATUS, 5
0x0141	0x01CE      	CLRF       _Ronda
;Matrix.c,208 :: 		Lcd_Out(1, 1, "   Incorrecto!");                     // Y se despliega
0x0142	0x3001      	MOVLW      1
0x0143	0x1703      	BSF        STATUS, 6
0x0144	0x00A5      	MOVWF      FARG_Lcd_Out_row
0x0145	0x3001      	MOVLW      1
0x0146	0x00A6      	MOVWF      FARG_Lcd_Out_column
0x0147	0x30A0      	MOVLW      ?lstr9_Matrix
0x0148	0x00A7      	MOVWF      FARG_Lcd_Out_text
0x0149	0x20BD      	CALL       _Lcd_Out
;Matrix.c,209 :: 		Lcd_Out(2, 1,  "  FIN DEL JUEGO");                   // este mensaje
0x014A	0x3002      	MOVLW      2
0x014B	0x1283      	BCF        STATUS, 5
0x014C	0x1703      	BSF        STATUS, 6
0x014D	0x00A5      	MOVWF      FARG_Lcd_Out_row
0x014E	0x3001      	MOVLW      1
0x014F	0x00A6      	MOVWF      FARG_Lcd_Out_column
0x0150	0x3060      	MOVLW      ?lstr10_Matrix
0x0151	0x00A7      	MOVWF      FARG_Lcd_Out_text
0x0152	0x20BD      	CALL       _Lcd_Out
;Matrix.c,210 :: 		delay_ms(10000);
0x0153	0x3033      	MOVLW      51
0x0154	0x00FB      	MOVWF      R11
0x0155	0x30BB      	MOVLW      187
0x0156	0x00FC      	MOVWF      R12
0x0157	0x30DF      	MOVLW      223
0x0158	0x00FD      	MOVWF      R13
L_Comparacion75:
0x0159	0x0BFD      	DECFSZ     R13, 1
0x015A	0x2959      	GOTO       L_Comparacion75
0x015B	0x0BFC      	DECFSZ     R12, 1
0x015C	0x2959      	GOTO       L_Comparacion75
0x015D	0x0BFB      	DECFSZ     R11, 1
0x015E	0x2959      	GOTO       L_Comparacion75
0x015F	0x0000      	NOP
0x0160	0x0000      	NOP
;Matrix.c,211 :: 		}
L_Comparacion74:
L_Comparacion73:
;Matrix.c,213 :: 		LCD_cmd(_LCD_CLEAR);
0x0161	0x3001      	MOVLW      1
0x0162	0x1283      	BCF        STATUS, 5
0x0163	0x1703      	BSF        STATUS, 6
0x0164	0x00AE      	MOVWF      FARG_Lcd_Cmd_out_char
0x0165	0x2018      	CALL       _Lcd_Cmd
;Matrix.c,214 :: 		}
L_end_Comparacion:
0x0166	0x0008      	RETURN
; end of _Comparacion
_Mostrar:
;Matrix.c,77 :: 		void Mostrar()                                       //Mostrar en los LED la secuencia
;Matrix.c,79 :: 		Lcd_Cmd(_LCD_CLEAR);
0x0167	0x3001      	MOVLW      1
0x0168	0x1283      	BCF        STATUS, 5
0x0169	0x1703      	BSF        STATUS, 6
0x016A	0x00AE      	MOVWF      FARG_Lcd_Cmd_out_char
0x016B	0x2018      	CALL       _Lcd_Cmd
;Matrix.c,80 :: 		Lcd_Out(1, 1, "     .  .  .");
0x016C	0x3001      	MOVLW      1
0x016D	0x1703      	BSF        STATUS, 6
0x016E	0x00A5      	MOVWF      FARG_Lcd_Out_row
0x016F	0x3001      	MOVLW      1
0x0170	0x00A6      	MOVWF      FARG_Lcd_Out_column
0x0171	0x30D0      	MOVLW      ?lstr5_Matrix
0x0172	0x00A7      	MOVWF      FARG_Lcd_Out_text
0x0173	0x20BD      	CALL       _Lcd_Out
;Matrix.c,81 :: 		Turno=Ronda;
0x0174	0x1283      	BCF        STATUS, 5
0x0175	0x084E      	MOVF       _Ronda, 0
0x0176	0x1683      	BSF        STATUS, 5
0x0177	0x00EC      	MOVWF      _Turno
;Matrix.c,83 :: 		while (Turno)                                       //Ciclo para crear la secuencia
L_Mostrar9:
0x0178	0x1683      	BSF        STATUS, 5
0x0179	0x086C      	MOVF       _Turno, 0
0x017A	0x1903      	BTFSC      STATUS, 2
0x017B	0x2A97      	GOTO       L_Mostrar10
;Matrix.c,85 :: 		x+=3;                                        //Función para que sea seudoaleaotorio
0x017C	0x3003      	MOVLW      3
0x017D	0x076B      	ADDWF      _x, 0
0x017E	0x00F1      	MOVWF      R1
0x017F	0x0871      	MOVF       R1, 0
0x0180	0x00EB      	MOVWF      _x
;Matrix.c,87 :: 		if (x==1)
0x0181	0x0871      	MOVF       R1, 0
0x0182	0x3A01      	XORLW      1
0x0183	0x1D03      	BTFSS      STATUS, 2
0x0184	0x2987      	GOTO       L_Mostrar11
;Matrix.c,88 :: 		x=2;
0x0185	0x3002      	MOVLW      2
0x0186	0x00EB      	MOVWF      _x
L_Mostrar11:
;Matrix.c,90 :: 		if (x==11)                                    //Funciones
0x0187	0x086B      	MOVF       _x, 0
0x0188	0x3A0B      	XORLW      11
0x0189	0x1D03      	BTFSS      STATUS, 2
0x018A	0x298D      	GOTO       L_Mostrar12
;Matrix.c,91 :: 		x=1;                                          //En
0x018B	0x3001      	MOVLW      1
0x018C	0x00EB      	MOVWF      _x
L_Mostrar12:
;Matrix.c,92 :: 		if (x==13|x==14)                              //Caso
0x018D	0x086B      	MOVF       _x, 0
0x018E	0x3A0D      	XORLW      13
0x018F	0x3001      	MOVLW      1
0x0190	0x1D03      	BTFSS      STATUS, 2
0x0191	0x3000      	MOVLW      0
0x0192	0x00F1      	MOVWF      R1
0x0193	0x086B      	MOVF       _x, 0
0x0194	0x3A0E      	XORLW      14
0x0195	0x3001      	MOVLW      1
0x0196	0x1D03      	BTFSS      STATUS, 2
0x0197	0x3000      	MOVLW      0
0x0198	0x00F0      	MOVWF      R0
0x0199	0x0871      	MOVF       R1, 0
0x019A	0x04F0      	IORWF      R0, 1
0x019B	0x1903      	BTFSC      STATUS, 2
0x019C	0x299F      	GOTO       L_Mostrar13
;Matrix.c,93 :: 		x=5;                                          //Que
0x019D	0x3005      	MOVLW      5
0x019E	0x00EB      	MOVWF      _x
L_Mostrar13:
;Matrix.c,94 :: 		if (x==15)                                    //Se
0x019F	0x086B      	MOVF       _x, 0
0x01A0	0x3A0F      	XORLW      15
0x01A1	0x1D03      	BTFSS      STATUS, 2
0x01A2	0x29A5      	GOTO       L_Mostrar14
;Matrix.c,95 :: 		x=3;                                          //Rebase
0x01A3	0x3003      	MOVLW      3
0x01A4	0x00EB      	MOVWF      _x
L_Mostrar14:
;Matrix.c,96 :: 		if (x==16)                                    //el
0x01A5	0x086B      	MOVF       _x, 0
0x01A6	0x3A10      	XORLW      16
0x01A7	0x1D03      	BTFSS      STATUS, 2
0x01A8	0x29AB      	GOTO       L_Mostrar15
;Matrix.c,97 :: 		x=1;                                          //número de
0x01A9	0x3001      	MOVLW      1
0x01AA	0x00EB      	MOVWF      _x
L_Mostrar15:
;Matrix.c,98 :: 		if (x>=17)                                    //LEDs
0x01AB	0x3011      	MOVLW      17
0x01AC	0x026B      	SUBWF      _x, 0
0x01AD	0x1C03      	BTFSS      STATUS, 0
0x01AE	0x29B1      	GOTO       L_Mostrar16
;Matrix.c,99 :: 		x=11;
0x01AF	0x300B      	MOVLW      11
0x01B0	0x00EB      	MOVWF      _x
L_Mostrar16:
;Matrix.c,101 :: 		switch (x)
0x01B1	0x29D6      	GOTO       L_Mostrar17
;Matrix.c,103 :: 		case  1: PORTC.RC0 = 1; break;
L_Mostrar19:
0x01B2	0x1283      	BCF        STATUS, 5
0x01B3	0x1407      	BSF        PORTC, 0
0x01B4	0x2A07      	GOTO       L_Mostrar18
;Matrix.c,104 :: 		case  2: PORTC.RC1 = 1; break;
L_Mostrar20:
0x01B5	0x1283      	BCF        STATUS, 5
0x01B6	0x1487      	BSF        PORTC, 1
0x01B7	0x2A07      	GOTO       L_Mostrar18
;Matrix.c,105 :: 		case  3: PORTC.RC2 = 1; break;
L_Mostrar21:
0x01B8	0x1283      	BCF        STATUS, 5
0x01B9	0x1507      	BSF        PORTC, 2
0x01BA	0x2A07      	GOTO       L_Mostrar18
;Matrix.c,106 :: 		case  4: PORTC.RC3 = 1; break;
L_Mostrar22:
0x01BB	0x1283      	BCF        STATUS, 5
0x01BC	0x1587      	BSF        PORTC, 3
0x01BD	0x2A07      	GOTO       L_Mostrar18
;Matrix.c,107 :: 		case  5: PORTC.RC4 = 1; break;
L_Mostrar23:
0x01BE	0x1283      	BCF        STATUS, 5
0x01BF	0x1607      	BSF        PORTC, 4
0x01C0	0x2A07      	GOTO       L_Mostrar18
;Matrix.c,108 :: 		case  6: PORTC.RC5 = 1; break;
L_Mostrar24:
0x01C1	0x1283      	BCF        STATUS, 5
0x01C2	0x1687      	BSF        PORTC, 5
0x01C3	0x2A07      	GOTO       L_Mostrar18
;Matrix.c,109 :: 		case  7: PORTC.RC6 = 1; break;
L_Mostrar25:
0x01C4	0x1283      	BCF        STATUS, 5
0x01C5	0x1707      	BSF        PORTC, 6
0x01C6	0x2A07      	GOTO       L_Mostrar18
;Matrix.c,110 :: 		case  8: PORTC.RC7 = 1; break;
L_Mostrar26:
0x01C7	0x1283      	BCF        STATUS, 5
0x01C8	0x1787      	BSF        PORTC, 7
0x01C9	0x2A07      	GOTO       L_Mostrar18
;Matrix.c,111 :: 		case  9: PORTA.RA4 = 1; break;
L_Mostrar27:
0x01CA	0x1283      	BCF        STATUS, 5
0x01CB	0x1605      	BSF        PORTA, 4
0x01CC	0x2A07      	GOTO       L_Mostrar18
;Matrix.c,112 :: 		case 10: PORTA.RA5 = 1; break;
L_Mostrar28:
0x01CD	0x1283      	BCF        STATUS, 5
0x01CE	0x1685      	BSF        PORTA, 5
0x01CF	0x2A07      	GOTO       L_Mostrar18
;Matrix.c,113 :: 		case 11: PORTA.RA6 = 1; break;
L_Mostrar29:
0x01D0	0x1283      	BCF        STATUS, 5
0x01D1	0x1705      	BSF        PORTA, 6
0x01D2	0x2A07      	GOTO       L_Mostrar18
;Matrix.c,114 :: 		case 12: PORTA.RA7 = 1; break;
L_Mostrar30:
0x01D3	0x1283      	BCF        STATUS, 5
0x01D4	0x1785      	BSF        PORTA, 7
0x01D5	0x2A07      	GOTO       L_Mostrar18
;Matrix.c,115 :: 		}
L_Mostrar17:
0x01D6	0x1683      	BSF        STATUS, 5
0x01D7	0x086B      	MOVF       _x, 0
0x01D8	0x3A01      	XORLW      1
0x01D9	0x1903      	BTFSC      STATUS, 2
0x01DA	0x29B2      	GOTO       L_Mostrar19
0x01DB	0x086B      	MOVF       _x, 0
0x01DC	0x3A02      	XORLW      2
0x01DD	0x1903      	BTFSC      STATUS, 2
0x01DE	0x29B5      	GOTO       L_Mostrar20
0x01DF	0x086B      	MOVF       _x, 0
0x01E0	0x3A03      	XORLW      3
0x01E1	0x1903      	BTFSC      STATUS, 2
0x01E2	0x29B8      	GOTO       L_Mostrar21
0x01E3	0x086B      	MOVF       _x, 0
0x01E4	0x3A04      	XORLW      4
0x01E5	0x1903      	BTFSC      STATUS, 2
0x01E6	0x29BB      	GOTO       L_Mostrar22
0x01E7	0x086B      	MOVF       _x, 0
0x01E8	0x3A05      	XORLW      5
0x01E9	0x1903      	BTFSC      STATUS, 2
0x01EA	0x29BE      	GOTO       L_Mostrar23
0x01EB	0x086B      	MOVF       _x, 0
0x01EC	0x3A06      	XORLW      6
0x01ED	0x1903      	BTFSC      STATUS, 2
0x01EE	0x29C1      	GOTO       L_Mostrar24
0x01EF	0x086B      	MOVF       _x, 0
0x01F0	0x3A07      	XORLW      7
0x01F1	0x1903      	BTFSC      STATUS, 2
0x01F2	0x29C4      	GOTO       L_Mostrar25
0x01F3	0x086B      	MOVF       _x, 0
0x01F4	0x3A08      	XORLW      8
0x01F5	0x1903      	BTFSC      STATUS, 2
0x01F6	0x29C7      	GOTO       L_Mostrar26
0x01F7	0x086B      	MOVF       _x, 0
0x01F8	0x3A09      	XORLW      9
0x01F9	0x1903      	BTFSC      STATUS, 2
0x01FA	0x29CA      	GOTO       L_Mostrar27
0x01FB	0x086B      	MOVF       _x, 0
0x01FC	0x3A0A      	XORLW      10
0x01FD	0x1903      	BTFSC      STATUS, 2
0x01FE	0x29CD      	GOTO       L_Mostrar28
0x01FF	0x086B      	MOVF       _x, 0
0x0200	0x3A0B      	XORLW      11
0x0201	0x1903      	BTFSC      STATUS, 2
0x0202	0x29D0      	GOTO       L_Mostrar29
0x0203	0x086B      	MOVF       _x, 0
0x0204	0x3A0C      	XORLW      12
0x0205	0x1903      	BTFSC      STATUS, 2
0x0206	0x29D3      	GOTO       L_Mostrar30
L_Mostrar18:
0x0207	0x1683      	BSF        STATUS, 5
;Matrix.c,116 :: 		led[Turno]=x;
0x0208	0x086C      	MOVF       _Turno, 0
0x0209	0x3E1B      	ADDLW      _led
0x020A	0x0084      	MOVWF      FSR
0x020B	0x086B      	MOVF       _x, 0
0x020C	0x0080      	MOVWF      INDF
;Matrix.c,118 :: 		if (Ronda==1)
0x020D	0x1283      	BCF        STATUS, 5
0x020E	0x084E      	MOVF       _Ronda, 0
0x020F	0x3A01      	XORLW      1
0x0210	0x1D03      	BTFSS      STATUS, 2
0x0211	0x2A21      	GOTO       L_Mostrar31
;Matrix.c,120 :: 		delay_ms(1000);
0x0212	0x3006      	MOVLW      6
0x0213	0x00FB      	MOVWF      R11
0x0214	0x3013      	MOVLW      19
0x0215	0x00FC      	MOVWF      R12
0x0216	0x30AD      	MOVLW      173
0x0217	0x00FD      	MOVWF      R13
L_Mostrar32:
0x0218	0x0BFD      	DECFSZ     R13, 1
0x0219	0x2A18      	GOTO       L_Mostrar32
0x021A	0x0BFC      	DECFSZ     R12, 1
0x021B	0x2A18      	GOTO       L_Mostrar32
0x021C	0x0BFB      	DECFSZ     R11, 1
0x021D	0x2A18      	GOTO       L_Mostrar32
0x021E	0x0000      	NOP
0x021F	0x0000      	NOP
;Matrix.c,121 :: 		}
0x0220	0x2A87      	GOTO       L_Mostrar33
L_Mostrar31:
;Matrix.c,123 :: 		else if (Ronda==2)
0x0221	0x084E      	MOVF       _Ronda, 0
0x0222	0x3A02      	XORLW      2
0x0223	0x1D03      	BTFSS      STATUS, 2
0x0224	0x2A33      	GOTO       L_Mostrar34
;Matrix.c,125 :: 		delay_ms(850);
0x0225	0x3005      	MOVLW      5
0x0226	0x00FB      	MOVWF      R11
0x0227	0x3050      	MOVLW      80
0x0228	0x00FC      	MOVWF      R12
0x0229	0x30E0      	MOVLW      224
0x022A	0x00FD      	MOVWF      R13
L_Mostrar35:
0x022B	0x0BFD      	DECFSZ     R13, 1
0x022C	0x2A2B      	GOTO       L_Mostrar35
0x022D	0x0BFC      	DECFSZ     R12, 1
0x022E	0x2A2B      	GOTO       L_Mostrar35
0x022F	0x0BFB      	DECFSZ     R11, 1
0x0230	0x2A2B      	GOTO       L_Mostrar35
0x0231	0x0000      	NOP
;Matrix.c,126 :: 		}
0x0232	0x2A87      	GOTO       L_Mostrar36
L_Mostrar34:
;Matrix.c,128 :: 		else if (Ronda==3)
0x0233	0x084E      	MOVF       _Ronda, 0
0x0234	0x3A03      	XORLW      3
0x0235	0x1D03      	BTFSS      STATUS, 2
0x0236	0x2A45      	GOTO       L_Mostrar37
;Matrix.c,130 :: 		delay_ms(700);
0x0237	0x3004      	MOVLW      4
0x0238	0x00FB      	MOVWF      R11
0x0239	0x308E      	MOVLW      142
0x023A	0x00FC      	MOVWF      R12
0x023B	0x3012      	MOVLW      18
0x023C	0x00FD      	MOVWF      R13
L_Mostrar38:
0x023D	0x0BFD      	DECFSZ     R13, 1
0x023E	0x2A3D      	GOTO       L_Mostrar38
0x023F	0x0BFC      	DECFSZ     R12, 1
0x0240	0x2A3D      	GOTO       L_Mostrar38
0x0241	0x0BFB      	DECFSZ     R11, 1
0x0242	0x2A3D      	GOTO       L_Mostrar38
0x0243	0x0000      	NOP
;Matrix.c,131 :: 		}
0x0244	0x2A87      	GOTO       L_Mostrar39
L_Mostrar37:
;Matrix.c,133 :: 		else if (Ronda==4)
0x0245	0x084E      	MOVF       _Ronda, 0
0x0246	0x3A04      	XORLW      4
0x0247	0x1D03      	BTFSS      STATUS, 2
0x0248	0x2A56      	GOTO       L_Mostrar40
;Matrix.c,135 :: 		delay_ms(550);
0x0249	0x3003      	MOVLW      3
0x024A	0x00FB      	MOVWF      R11
0x024B	0x30CB      	MOVLW      203
0x024C	0x00FC      	MOVWF      R12
0x024D	0x3045      	MOVLW      69
0x024E	0x00FD      	MOVWF      R13
L_Mostrar41:
0x024F	0x0BFD      	DECFSZ     R13, 1
0x0250	0x2A4F      	GOTO       L_Mostrar41
0x0251	0x0BFC      	DECFSZ     R12, 1
0x0252	0x2A4F      	GOTO       L_Mostrar41
0x0253	0x0BFB      	DECFSZ     R11, 1
0x0254	0x2A4F      	GOTO       L_Mostrar41
;Matrix.c,136 :: 		}
0x0255	0x2A87      	GOTO       L_Mostrar42
L_Mostrar40:
;Matrix.c,138 :: 		else if (Ronda==5)
0x0256	0x084E      	MOVF       _Ronda, 0
0x0257	0x3A05      	XORLW      5
0x0258	0x1D03      	BTFSS      STATUS, 2
0x0259	0x2A68      	GOTO       L_Mostrar43
;Matrix.c,140 :: 		delay_ms(450);
0x025A	0x3003      	MOVLW      3
0x025B	0x00FB      	MOVWF      R11
0x025C	0x3049      	MOVLW      73
0x025D	0x00FC      	MOVWF      R12
0x025E	0x3066      	MOVLW      102
0x025F	0x00FD      	MOVWF      R13
L_Mostrar44:
0x0260	0x0BFD      	DECFSZ     R13, 1
0x0261	0x2A60      	GOTO       L_Mostrar44
0x0262	0x0BFC      	DECFSZ     R12, 1
0x0263	0x2A60      	GOTO       L_Mostrar44
0x0264	0x0BFB      	DECFSZ     R11, 1
0x0265	0x2A60      	GOTO       L_Mostrar44
0x0266	0x0000      	NOP
;Matrix.c,141 :: 		}
0x0267	0x2A87      	GOTO       L_Mostrar45
L_Mostrar43:
;Matrix.c,143 :: 		else if (Ronda==6)
0x0268	0x084E      	MOVF       _Ronda, 0
0x0269	0x3A06      	XORLW      6
0x026A	0x1D03      	BTFSS      STATUS, 2
0x026B	0x2A7A      	GOTO       L_Mostrar46
;Matrix.c,145 :: 		delay_ms(350);
0x026C	0x3002      	MOVLW      2
0x026D	0x00FB      	MOVWF      R11
0x026E	0x30C7      	MOVLW      199
0x026F	0x00FC      	MOVWF      R12
0x0270	0x3088      	MOVLW      136
0x0271	0x00FD      	MOVWF      R13
L_Mostrar47:
0x0272	0x0BFD      	DECFSZ     R13, 1
0x0273	0x2A72      	GOTO       L_Mostrar47
0x0274	0x0BFC      	DECFSZ     R12, 1
0x0275	0x2A72      	GOTO       L_Mostrar47
0x0276	0x0BFB      	DECFSZ     R11, 1
0x0277	0x2A72      	GOTO       L_Mostrar47
0x0278	0x0000      	NOP
;Matrix.c,146 :: 		}
0x0279	0x2A87      	GOTO       L_Mostrar48
L_Mostrar46:
;Matrix.c,148 :: 		else delay_ms(200);
0x027A	0x3002      	MOVLW      2
0x027B	0x00FB      	MOVWF      R11
0x027C	0x3004      	MOVLW      4
0x027D	0x00FC      	MOVWF      R12
0x027E	0x30BA      	MOVLW      186
0x027F	0x00FD      	MOVWF      R13
L_Mostrar49:
0x0280	0x0BFD      	DECFSZ     R13, 1
0x0281	0x2A80      	GOTO       L_Mostrar49
0x0282	0x0BFC      	DECFSZ     R12, 1
0x0283	0x2A80      	GOTO       L_Mostrar49
0x0284	0x0BFB      	DECFSZ     R11, 1
0x0285	0x2A80      	GOTO       L_Mostrar49
0x0286	0x0000      	NOP
L_Mostrar48:
L_Mostrar45:
L_Mostrar42:
L_Mostrar39:
L_Mostrar36:
L_Mostrar33:
;Matrix.c,150 :: 		Turno--;
0x0287	0x1683      	BSF        STATUS, 5
0x0288	0x03EC      	DECF       _Turno, 1
;Matrix.c,152 :: 		PORTA=1;
0x0289	0x3001      	MOVLW      1
0x028A	0x1283      	BCF        STATUS, 5
0x028B	0x0085      	MOVWF      PORTA
;Matrix.c,153 :: 		PORTC=0;
0x028C	0x0187      	CLRF       PORTC
;Matrix.c,154 :: 		delay_ms(50);
0x028D	0x3041      	MOVLW      65
0x028E	0x00FC      	MOVWF      R12
0x028F	0x30EE      	MOVLW      238
0x0290	0x00FD      	MOVWF      R13
L_Mostrar50:
0x0291	0x0BFD      	DECFSZ     R13, 1
0x0292	0x2A91      	GOTO       L_Mostrar50
0x0293	0x0BFC      	DECFSZ     R12, 1
0x0294	0x2A91      	GOTO       L_Mostrar50
0x0295	0x0000      	NOP
;Matrix.c,155 :: 		}
0x0296	0x2978      	GOTO       L_Mostrar9
L_Mostrar10:
;Matrix.c,156 :: 		}
L_end_Mostrar:
0x0297	0x0008      	RETURN
; end of _Mostrar
_Inicio:
;Matrix.c,70 :: 		void Inicio()
;Matrix.c,72 :: 		Lcd_Cmd(_LCD_CLEAR);
0x0298	0x3001      	MOVLW      1
0x0299	0x1283      	BCF        STATUS, 5
0x029A	0x1703      	BSF        STATUS, 6
0x029B	0x00AE      	MOVWF      FARG_Lcd_Cmd_out_char
0x029C	0x2018      	CALL       _Lcd_Cmd
;Matrix.c,73 :: 		Lcd_Out(1, 1, "   Atencion... ");
0x029D	0x3001      	MOVLW      1
0x029E	0x1703      	BSF        STATUS, 6
0x029F	0x00A5      	MOVWF      FARG_Lcd_Out_row
0x02A0	0x3001      	MOVLW      1
0x02A1	0x00A6      	MOVWF      FARG_Lcd_Out_column
0x02A2	0x303E      	MOVLW      ?lstr4_Matrix
0x02A3	0x00A7      	MOVWF      FARG_Lcd_Out_text
0x02A4	0x20BD      	CALL       _Lcd_Out
;Matrix.c,74 :: 		delay_ms(1000);
0x02A5	0x3006      	MOVLW      6
0x02A6	0x00FB      	MOVWF      R11
0x02A7	0x3013      	MOVLW      19
0x02A8	0x00FC      	MOVWF      R12
0x02A9	0x30AD      	MOVLW      173
0x02AA	0x00FD      	MOVWF      R13
L_Inicio8:
0x02AB	0x0BFD      	DECFSZ     R13, 1
0x02AC	0x2AAB      	GOTO       L_Inicio8
0x02AD	0x0BFC      	DECFSZ     R12, 1
0x02AE	0x2AAB      	GOTO       L_Inicio8
0x02AF	0x0BFB      	DECFSZ     R11, 1
0x02B0	0x2AAB      	GOTO       L_Inicio8
0x02B1	0x0000      	NOP
0x02B2	0x0000      	NOP
;Matrix.c,75 :: 		}
L_end_Inicio:
0x02B3	0x0008      	RETURN
; end of _Inicio
_Keypad_Init:
;__Lib_Keypad4x4.c,33 :: 		
;__Lib_Keypad4x4.c,34 :: 		
0x02B4	0x30FF      	MOVLW      255
0x02B5	0x1683      	BSF        STATUS, 5
0x02B6	0x1303      	BCF        STATUS, 6
0x02B7	0x0088      	MOVWF      keypadPort+128
;__Lib_Keypad4x4.c,35 :: 		
L_end_Keypad_Init:
0x02B8	0x0008      	RETURN
; end of _Keypad_Init
_Lcd_Init:
;__Lib_Lcd.c,84 :: 		
;__Lib_Lcd.c,86 :: 		
0x02B9	0x1683      	BSF        STATUS, 5
0x02BA	0x1303      	BCF        STATUS, 6
0x02BB	0x1186      	BCF        LCD_EN_Direction, BitPos(LCD_EN_Direction+0)
;__Lib_Lcd.c,87 :: 		
0x02BC	0x1106      	BCF        LCD_RS_Direction, BitPos(LCD_RS_Direction+0)
;__Lib_Lcd.c,88 :: 		
0x02BD	0x1206      	BCF        LCD_D4_Direction, BitPos(LCD_D4_Direction+0)
;__Lib_Lcd.c,89 :: 		
0x02BE	0x1286      	BCF        LCD_D5_Direction, BitPos(LCD_D5_Direction+0)
;__Lib_Lcd.c,90 :: 		
0x02BF	0x1306      	BCF        LCD_D6_Direction, BitPos(LCD_D6_Direction+0)
;__Lib_Lcd.c,91 :: 		
0x02C0	0x1386      	BCF        LCD_D7_Direction, BitPos(LCD_D7_Direction+0)
;__Lib_Lcd.c,93 :: 		
0x02C1	0x1283      	BCF        STATUS, 5
0x02C2	0x1186      	BCF        LCD_EN, BitPos(LCD_EN+0)
;__Lib_Lcd.c,94 :: 		
0x02C3	0x1106      	BCF        LCD_RS, BitPos(LCD_RS+0)
;__Lib_Lcd.c,95 :: 		
0x02C4	0x1386      	BCF        LCD_D7, BitPos(LCD_D7+0)
;__Lib_Lcd.c,96 :: 		
0x02C5	0x1306      	BCF        LCD_D6, BitPos(LCD_D6+0)
;__Lib_Lcd.c,97 :: 		
0x02C6	0x1286      	BCF        LCD_D5, BitPos(LCD_D5+0)
;__Lib_Lcd.c,98 :: 		
0x02C7	0x1206      	BCF        LCD_D4, BitPos(LCD_D4+0)
;__Lib_Lcd.c,100 :: 		
0x02C8	0x200D      	CALL       _Delay_5500us
;__Lib_Lcd.c,101 :: 		
0x02C9	0x200D      	CALL       _Delay_5500us
;__Lib_Lcd.c,102 :: 		
0x02CA	0x200D      	CALL       _Delay_5500us
;__Lib_Lcd.c,105 :: 		
0x02CB	0x1686      	BSF        LCD_D5, BitPos(LCD_D5+0)
;__Lib_Lcd.c,106 :: 		
0x02CC	0x1606      	BSF        LCD_D4, BitPos(LCD_D4+0)
;__Lib_Lcd.c,107 :: 		
0x02CD	0x1586      	BSF        LCD_EN, BitPos(LCD_EN+0)
;__Lib_Lcd.c,108 :: 		
0x02CE	0x2003      	CALL       _Delay_1us
;__Lib_Lcd.c,109 :: 		
0x02CF	0x1186      	BCF        LCD_EN, BitPos(LCD_EN+0)
;__Lib_Lcd.c,110 :: 		
0x02D0	0x200D      	CALL       _Delay_5500us
;__Lib_Lcd.c,112 :: 		
0x02D1	0x1586      	BSF        LCD_EN, BitPos(LCD_EN+0)
;__Lib_Lcd.c,113 :: 		
0x02D2	0x2003      	CALL       _Delay_1us
;__Lib_Lcd.c,114 :: 		
0x02D3	0x1186      	BCF        LCD_EN, BitPos(LCD_EN+0)
;__Lib_Lcd.c,115 :: 		
0x02D4	0x200D      	CALL       _Delay_5500us
;__Lib_Lcd.c,117 :: 		
0x02D5	0x1586      	BSF        LCD_EN, BitPos(LCD_EN+0)
;__Lib_Lcd.c,118 :: 		
0x02D6	0x2003      	CALL       _Delay_1us
;__Lib_Lcd.c,119 :: 		
0x02D7	0x1186      	BCF        LCD_EN, BitPos(LCD_EN+0)
;__Lib_Lcd.c,120 :: 		
0x02D8	0x200D      	CALL       _Delay_5500us
;__Lib_Lcd.c,123 :: 		
0x02D9	0x1206      	BCF        LCD_D4, BitPos(LCD_D4+0)
;__Lib_Lcd.c,124 :: 		
0x02DA	0x1586      	BSF        LCD_EN, BitPos(LCD_EN+0)
;__Lib_Lcd.c,125 :: 		
0x02DB	0x2003      	CALL       _Delay_1us
;__Lib_Lcd.c,126 :: 		
0x02DC	0x1186      	BCF        LCD_EN, BitPos(LCD_EN+0)
;__Lib_Lcd.c,127 :: 		
0x02DD	0x200D      	CALL       _Delay_5500us
;__Lib_Lcd.c,130 :: 		
0x02DE	0x1586      	BSF        LCD_EN, BitPos(LCD_EN+0)
;__Lib_Lcd.c,131 :: 		
0x02DF	0x2003      	CALL       _Delay_1us
;__Lib_Lcd.c,132 :: 		
0x02E0	0x1186      	BCF        LCD_EN, BitPos(LCD_EN+0)
;__Lib_Lcd.c,134 :: 		
0x02E1	0x1286      	BCF        LCD_D5, BitPos(LCD_D5+0)
;__Lib_Lcd.c,135 :: 		
0x02E2	0x1786      	BSF        LCD_D7, BitPos(LCD_D7+0)
;__Lib_Lcd.c,136 :: 		
0x02E3	0x1586      	BSF        LCD_EN, BitPos(LCD_EN+0)
;__Lib_Lcd.c,137 :: 		
0x02E4	0x2003      	CALL       _Delay_1us
;__Lib_Lcd.c,138 :: 		
0x02E5	0x1186      	BCF        LCD_EN, BitPos(LCD_EN+0)
;__Lib_Lcd.c,139 :: 		
0x02E6	0x200D      	CALL       _Delay_5500us
;__Lib_Lcd.c,142 :: 		
0x02E7	0x1386      	BCF        LCD_D7, BitPos(LCD_D7+0)
;__Lib_Lcd.c,143 :: 		
0x02E8	0x1606      	BSF        LCD_D4, BitPos(LCD_D4+0)
;__Lib_Lcd.c,144 :: 		
0x02E9	0x1586      	BSF        LCD_EN, BitPos(LCD_EN+0)
;__Lib_Lcd.c,145 :: 		
0x02EA	0x2003      	CALL       _Delay_1us
;__Lib_Lcd.c,146 :: 		
0x02EB	0x1186      	BCF        LCD_EN, BitPos(LCD_EN+0)
;__Lib_Lcd.c,148 :: 		
0x02EC	0x1206      	BCF        LCD_D4, BitPos(LCD_D4+0)
;__Lib_Lcd.c,149 :: 		
0x02ED	0x1586      	BSF        LCD_EN, BitPos(LCD_EN+0)
;__Lib_Lcd.c,150 :: 		
0x02EE	0x2003      	CALL       _Delay_1us
;__Lib_Lcd.c,151 :: 		
0x02EF	0x1186      	BCF        LCD_EN, BitPos(LCD_EN+0)
;__Lib_Lcd.c,152 :: 		
0x02F0	0x200D      	CALL       _Delay_5500us
;__Lib_Lcd.c,155 :: 		
0x02F1	0x1586      	BSF        LCD_EN, BitPos(LCD_EN+0)
;__Lib_Lcd.c,156 :: 		
0x02F2	0x2003      	CALL       _Delay_1us
;__Lib_Lcd.c,157 :: 		
0x02F3	0x1186      	BCF        LCD_EN, BitPos(LCD_EN+0)
;__Lib_Lcd.c,159 :: 		
0x02F4	0x1606      	BSF        LCD_D4, BitPos(LCD_D4+0)
;__Lib_Lcd.c,160 :: 		
0x02F5	0x1586      	BSF        LCD_EN, BitPos(LCD_EN+0)
;__Lib_Lcd.c,161 :: 		
0x02F6	0x2003      	CALL       _Delay_1us
;__Lib_Lcd.c,162 :: 		
0x02F7	0x1186      	BCF        LCD_EN, BitPos(LCD_EN+0)
;__Lib_Lcd.c,163 :: 		
0x02F8	0x200D      	CALL       _Delay_5500us
;__Lib_Lcd.c,166 :: 		
0x02F9	0x1206      	BCF        LCD_D4, BitPos(LCD_D4+0)
;__Lib_Lcd.c,167 :: 		
0x02FA	0x1586      	BSF        LCD_EN, BitPos(LCD_EN+0)
;__Lib_Lcd.c,168 :: 		
0x02FB	0x2003      	CALL       _Delay_1us
;__Lib_Lcd.c,169 :: 		
0x02FC	0x1186      	BCF        LCD_EN, BitPos(LCD_EN+0)
;__Lib_Lcd.c,171 :: 		
0x02FD	0x1786      	BSF        LCD_D7, BitPos(LCD_D7+0)
;__Lib_Lcd.c,172 :: 		
0x02FE	0x1706      	BSF        LCD_D6, BitPos(LCD_D6+0)
;__Lib_Lcd.c,173 :: 		
0x02FF	0x1686      	BSF        LCD_D5, BitPos(LCD_D5+0)
;__Lib_Lcd.c,174 :: 		
0x0300	0x1606      	BSF        LCD_D4, BitPos(LCD_D4+0)
;__Lib_Lcd.c,175 :: 		
0x0301	0x1586      	BSF        LCD_EN, BitPos(LCD_EN+0)
;__Lib_Lcd.c,176 :: 		
0x0302	0x2003      	CALL       _Delay_1us
;__Lib_Lcd.c,177 :: 		
0x0303	0x1186      	BCF        LCD_EN, BitPos(LCD_EN+0)
;__Lib_Lcd.c,179 :: 		
0x0304	0x200D      	CALL       _Delay_5500us
;__Lib_Lcd.c,181 :: 		
0x0305	0x1683      	BSF        STATUS, 5
0x0306	0x146F      	BSF        __Lib_Lcd_cmd_status, BitPos(__Lib_Lcd_cmd_status+0)
;__Lib_Lcd.c,182 :: 		
L_end_Lcd_Init:
0x0307	0x0008      	RETURN
; end of _Lcd_Init
_Adquirir:
;Matrix.c,158 :: 		void Adquirir()                                           //Adquirir el valor tecleado
;Matrix.c,160 :: 		Lcd_Cmd(_LCD_CLEAR);
0x0308	0x3001      	MOVLW      1
0x0309	0x1283      	BCF        STATUS, 5
0x030A	0x1703      	BSF        STATUS, 6
0x030B	0x00AE      	MOVWF      FARG_Lcd_Cmd_out_char
0x030C	0x2018      	CALL       _Lcd_Cmd
;Matrix.c,161 :: 		Lcd_Out(1, 1, " Introduzca la");
0x030D	0x3001      	MOVLW      1
0x030E	0x1703      	BSF        STATUS, 6
0x030F	0x00A5      	MOVWF      FARG_Lcd_Out_row
0x0310	0x3001      	MOVLW      1
0x0311	0x00A6      	MOVWF      FARG_Lcd_Out_column
0x0312	0x302F      	MOVLW      ?lstr6_Matrix
0x0313	0x00A7      	MOVWF      FARG_Lcd_Out_text
0x0314	0x20BD      	CALL       _Lcd_Out
;Matrix.c,162 :: 		Lcd_Out(2, 1, "     secuencia");
0x0315	0x3002      	MOVLW      2
0x0316	0x1283      	BCF        STATUS, 5
0x0317	0x1703      	BSF        STATUS, 6
0x0318	0x00A5      	MOVWF      FARG_Lcd_Out_row
0x0319	0x3001      	MOVLW      1
0x031A	0x00A6      	MOVWF      FARG_Lcd_Out_column
0x031B	0x3020      	MOVLW      ?lstr7_Matrix
0x031C	0x00A7      	MOVWF      FARG_Lcd_Out_text
0x031D	0x20BD      	CALL       _Lcd_Out
;Matrix.c,163 :: 		Turno=Ronda;
0x031E	0x1283      	BCF        STATUS, 5
0x031F	0x084E      	MOVF       _Ronda, 0
0x0320	0x1683      	BSF        STATUS, 5
0x0321	0x00EC      	MOVWF      _Turno
;Matrix.c,165 :: 		while (Turno)
L_Adquirir51:
0x0322	0x086C      	MOVF       _Turno, 0
0x0323	0x1903      	BTFSC      STATUS, 2
0x0324	0x2BCC      	GOTO       L_Adquirir52
;Matrix.c,167 :: 		do
L_Adquirir53:
;Matrix.c,169 :: 		kp = Keypad_Key_Click();
0x0325	0x20AE      	CALL       _Keypad_Key_Click
0x0326	0x0870      	MOVF       R0, 0
0x0327	0x009A      	MOVWF      _kp
;Matrix.c,170 :: 		delay_ms(100);
0x0328	0x3082      	MOVLW      130
0x0329	0x00FC      	MOVWF      R12
0x032A	0x30DD      	MOVLW      221
0x032B	0x00FD      	MOVWF      R13
L_Adquirir56:
0x032C	0x0BFD      	DECFSZ     R13, 1
0x032D	0x2B2C      	GOTO       L_Adquirir56
0x032E	0x0BFC      	DECFSZ     R12, 1
0x032F	0x2B2C      	GOTO       L_Adquirir56
0x0330	0x0000      	NOP
0x0331	0x0000      	NOP
;Matrix.c,172 :: 		while (!kp);
0x0332	0x081A      	MOVF       _kp, 0
0x0333	0x1903      	BTFSC      STATUS, 2
0x0334	0x2B25      	GOTO       L_Adquirir53
;Matrix.c,174 :: 		switch (kp)
0x0335	0x2B96      	GOTO       L_Adquirir57
;Matrix.c,176 :: 		case  1: alm[Turno] = 1; break;
L_Adquirir59:
0x0336	0x1683      	BSF        STATUS, 5
0x0337	0x1303      	BCF        STATUS, 6
0x0338	0x086C      	MOVF       _Turno, 0
0x0339	0x3E10      	ADDLW      _alm
0x033A	0x0084      	MOVWF      FSR
0x033B	0x3001      	MOVLW      1
0x033C	0x0080      	MOVWF      INDF
0x033D	0x2BC8      	GOTO       L_Adquirir58
;Matrix.c,177 :: 		case  2: alm[Turno] = 2; break;
L_Adquirir60:
0x033E	0x1683      	BSF        STATUS, 5
0x033F	0x1303      	BCF        STATUS, 6
0x0340	0x086C      	MOVF       _Turno, 0
0x0341	0x3E10      	ADDLW      _alm
0x0342	0x0084      	MOVWF      FSR
0x0343	0x3002      	MOVLW      2
0x0344	0x0080      	MOVWF      INDF
0x0345	0x2BC8      	GOTO       L_Adquirir58
;Matrix.c,178 :: 		case  3: alm[Turno] = 3; break;
L_Adquirir61:
0x0346	0x1683      	BSF        STATUS, 5
0x0347	0x1303      	BCF        STATUS, 6
0x0348	0x086C      	MOVF       _Turno, 0
0x0349	0x3E10      	ADDLW      _alm
0x034A	0x0084      	MOVWF      FSR
0x034B	0x3003      	MOVLW      3
0x034C	0x0080      	MOVWF      INDF
0x034D	0x2BC8      	GOTO       L_Adquirir58
;Matrix.c,179 :: 		case  4: alm[Turno] = 4; break;
L_Adquirir62:
0x034E	0x1683      	BSF        STATUS, 5
0x034F	0x1303      	BCF        STATUS, 6
0x0350	0x086C      	MOVF       _Turno, 0
0x0351	0x3E10      	ADDLW      _alm
0x0352	0x0084      	MOVWF      FSR
0x0353	0x3004      	MOVLW      4
0x0354	0x0080      	MOVWF      INDF
0x0355	0x2BC8      	GOTO       L_Adquirir58
;Matrix.c,180 :: 		case  5: alm[Turno] = 5; break;
L_Adquirir63:
0x0356	0x1683      	BSF        STATUS, 5
0x0357	0x1303      	BCF        STATUS, 6
0x0358	0x086C      	MOVF       _Turno, 0
0x0359	0x3E10      	ADDLW      _alm
0x035A	0x0084      	MOVWF      FSR
0x035B	0x3005      	MOVLW      5
0x035C	0x0080      	MOVWF      INDF
0x035D	0x2BC8      	GOTO       L_Adquirir58
;Matrix.c,181 :: 		case  6: alm[Turno] = 6; break;
L_Adquirir64:
0x035E	0x1683      	BSF        STATUS, 5
0x035F	0x1303      	BCF        STATUS, 6
0x0360	0x086C      	MOVF       _Turno, 0
0x0361	0x3E10      	ADDLW      _alm
0x0362	0x0084      	MOVWF      FSR
0x0363	0x3006      	MOVLW      6
0x0364	0x0080      	MOVWF      INDF
0x0365	0x2BC8      	GOTO       L_Adquirir58
;Matrix.c,182 :: 		case  7: alm[Turno] = 7; break;
L_Adquirir65:
0x0366	0x1683      	BSF        STATUS, 5
0x0367	0x1303      	BCF        STATUS, 6
0x0368	0x086C      	MOVF       _Turno, 0
0x0369	0x3E10      	ADDLW      _alm
0x036A	0x0084      	MOVWF      FSR
0x036B	0x3007      	MOVLW      7
0x036C	0x0080      	MOVWF      INDF
0x036D	0x2BC8      	GOTO       L_Adquirir58
;Matrix.c,183 :: 		case  8: alm[Turno] = 8; break;
L_Adquirir66:
0x036E	0x1683      	BSF        STATUS, 5
0x036F	0x1303      	BCF        STATUS, 6
0x0370	0x086C      	MOVF       _Turno, 0
0x0371	0x3E10      	ADDLW      _alm
0x0372	0x0084      	MOVWF      FSR
0x0373	0x3008      	MOVLW      8
0x0374	0x0080      	MOVWF      INDF
0x0375	0x2BC8      	GOTO       L_Adquirir58
;Matrix.c,184 :: 		case  9: alm[Turno] = 9; break;
L_Adquirir67:
0x0376	0x1683      	BSF        STATUS, 5
0x0377	0x1303      	BCF        STATUS, 6
0x0378	0x086C      	MOVF       _Turno, 0
0x0379	0x3E10      	ADDLW      _alm
0x037A	0x0084      	MOVWF      FSR
0x037B	0x3009      	MOVLW      9
0x037C	0x0080      	MOVWF      INDF
0x037D	0x2BC8      	GOTO       L_Adquirir58
;Matrix.c,185 :: 		case 10: alm[Turno] = 10; break;
L_Adquirir68:
0x037E	0x1683      	BSF        STATUS, 5
0x037F	0x1303      	BCF        STATUS, 6
0x0380	0x086C      	MOVF       _Turno, 0
0x0381	0x3E10      	ADDLW      _alm
0x0382	0x0084      	MOVWF      FSR
0x0383	0x300A      	MOVLW      10
0x0384	0x0080      	MOVWF      INDF
0x0385	0x2BC8      	GOTO       L_Adquirir58
;Matrix.c,186 :: 		case 11: alm[Turno] = 11; break;
L_Adquirir69:
0x0386	0x1683      	BSF        STATUS, 5
0x0387	0x1303      	BCF        STATUS, 6
0x0388	0x086C      	MOVF       _Turno, 0
0x0389	0x3E10      	ADDLW      _alm
0x038A	0x0084      	MOVWF      FSR
0x038B	0x300B      	MOVLW      11
0x038C	0x0080      	MOVWF      INDF
0x038D	0x2BC8      	GOTO       L_Adquirir58
;Matrix.c,187 :: 		case 12: alm[Turno] = 12; break;
L_Adquirir70:
0x038E	0x1683      	BSF        STATUS, 5
0x038F	0x1303      	BCF        STATUS, 6
0x0390	0x086C      	MOVF       _Turno, 0
0x0391	0x3E10      	ADDLW      _alm
0x0392	0x0084      	MOVWF      FSR
0x0393	0x300C      	MOVLW      12
0x0394	0x0080      	MOVWF      INDF
0x0395	0x2BC8      	GOTO       L_Adquirir58
;Matrix.c,188 :: 		}
L_Adquirir57:
0x0396	0x1283      	BCF        STATUS, 5
0x0397	0x1703      	BSF        STATUS, 6
0x0398	0x081A      	MOVF       _kp, 0
0x0399	0x3A01      	XORLW      1
0x039A	0x1903      	BTFSC      STATUS, 2
0x039B	0x2B36      	GOTO       L_Adquirir59
0x039C	0x081A      	MOVF       _kp, 0
0x039D	0x3A02      	XORLW      2
0x039E	0x1903      	BTFSC      STATUS, 2
0x039F	0x2B3E      	GOTO       L_Adquirir60
0x03A0	0x081A      	MOVF       _kp, 0
0x03A1	0x3A03      	XORLW      3
0x03A2	0x1903      	BTFSC      STATUS, 2
0x03A3	0x2B46      	GOTO       L_Adquirir61
0x03A4	0x081A      	MOVF       _kp, 0
0x03A5	0x3A04      	XORLW      4
0x03A6	0x1903      	BTFSC      STATUS, 2
0x03A7	0x2B4E      	GOTO       L_Adquirir62
0x03A8	0x081A      	MOVF       _kp, 0
0x03A9	0x3A05      	XORLW      5
0x03AA	0x1903      	BTFSC      STATUS, 2
0x03AB	0x2B56      	GOTO       L_Adquirir63
0x03AC	0x081A      	MOVF       _kp, 0
0x03AD	0x3A06      	XORLW      6
0x03AE	0x1903      	BTFSC      STATUS, 2
0x03AF	0x2B5E      	GOTO       L_Adquirir64
0x03B0	0x081A      	MOVF       _kp, 0
0x03B1	0x3A07      	XORLW      7
0x03B2	0x1903      	BTFSC      STATUS, 2
0x03B3	0x2B66      	GOTO       L_Adquirir65
0x03B4	0x081A      	MOVF       _kp, 0
0x03B5	0x3A08      	XORLW      8
0x03B6	0x1903      	BTFSC      STATUS, 2
0x03B7	0x2B6E      	GOTO       L_Adquirir66
0x03B8	0x081A      	MOVF       _kp, 0
0x03B9	0x3A09      	XORLW      9
0x03BA	0x1903      	BTFSC      STATUS, 2
0x03BB	0x2B76      	GOTO       L_Adquirir67
0x03BC	0x081A      	MOVF       _kp, 0
0x03BD	0x3A0A      	XORLW      10
0x03BE	0x1903      	BTFSC      STATUS, 2
0x03BF	0x2B7E      	GOTO       L_Adquirir68
0x03C0	0x081A      	MOVF       _kp, 0
0x03C1	0x3A0B      	XORLW      11
0x03C2	0x1903      	BTFSC      STATUS, 2
0x03C3	0x2B86      	GOTO       L_Adquirir69
0x03C4	0x081A      	MOVF       _kp, 0
0x03C5	0x3A0C      	XORLW      12
0x03C6	0x1903      	BTFSC      STATUS, 2
0x03C7	0x2B8E      	GOTO       L_Adquirir70
L_Adquirir58:
;Matrix.c,189 :: 		Turno--;
0x03C8	0x1683      	BSF        STATUS, 5
0x03C9	0x1303      	BCF        STATUS, 6
0x03CA	0x03EC      	DECF       _Turno, 1
;Matrix.c,190 :: 		}
0x03CB	0x2B22      	GOTO       L_Adquirir51
L_Adquirir52:
;Matrix.c,191 :: 		}
L_end_Adquirir:
0x03CC	0x0008      	RETURN
; end of _Adquirir
___CC2DW:
;__Lib_System.c,134 :: 		
;__Lib_System.c,137 :: 		
_CC2D_Loop1:
;__Lib_System.c,139 :: 		
0x03CD	0x20A7      	CALL       _____DoICP
0x03CE	0x118A      	BCF        PCLATH, 3
0x03CF	0x120A      	BCF        PCLATH, 4
;__Lib_System.c,141 :: 		
0x03D0	0x0080      	MOVWF      INDF
;__Lib_System.c,142 :: 		
0x03D1	0x0A84      	INCF       FSR, 1
;__Lib_System.c,143 :: 		
0x03D2	0x0AED      	INCF       ___DoICPAddr, 1
;__Lib_System.c,145 :: 		
0x03D3	0x1903      	BTFSC      STATUS, 2
;__Lib_System.c,146 :: 		
0x03D4	0x0AEE      	INCF       ___DoICPAddr+1, 1
;__Lib_System.c,147 :: 		
0x03D5	0x03F0      	DECF       R0, 1
;__Lib_System.c,149 :: 		
0x03D6	0x1D03      	BTFSS      STATUS, 2
;__Lib_System.c,150 :: 		
0x03D7	0x2BCD      	GOTO       _CC2D_Loop1
;__Lib_System.c,152 :: 		
L_end___CC2DW:
0x03D8	0x0008      	RETURN
; end of ___CC2DW
_main:
0x03D9	0x24CE      	CALL       1230
;Matrix.c,24 :: 		void main()
;Matrix.c,26 :: 		TRISC=0;                                        //Puerto C como salida
0x03DA	0x1683      	BSF        STATUS, 5
0x03DB	0x1303      	BCF        STATUS, 6
0x03DC	0x0187      	CLRF       TRISC
;Matrix.c,27 :: 		PORTC=0;                                        //Limpiar Puerto C
0x03DD	0x1283      	BCF        STATUS, 5
0x03DE	0x0187      	CLRF       PORTC
;Matrix.c,29 :: 		TRISA=0x01;                                     //Bit 0 de PORTA como entrada
0x03DF	0x3001      	MOVLW      1
0x03E0	0x1683      	BSF        STATUS, 5
0x03E1	0x0085      	MOVWF      TRISA
;Matrix.c,30 :: 		PORTA=0;                                        //Limpiar puerto A
0x03E2	0x1283      	BCF        STATUS, 5
0x03E3	0x0185      	CLRF       PORTA
;Matrix.c,32 :: 		ANSEL=0;                                 // Entradas en PORTA y
0x03E4	0x1683      	BSF        STATUS, 5
0x03E5	0x1703      	BSF        STATUS, 6
0x03E6	0x0188      	CLRF       ANSEL
;Matrix.c,33 :: 		ANSELH=0;                                // PORTB como digitales.
0x03E7	0x0189      	CLRF       ANSELH
;Matrix.c,35 :: 		Lcd_init();                              // Inicia la LCD
0x03E8	0x22B9      	CALL       _Lcd_Init
;Matrix.c,36 :: 		Keypad_init();                            // Inicia el teclado matricial
0x03E9	0x22B4      	CALL       _Keypad_Init
;Matrix.c,37 :: 		Lcd_Cmd(_LCD_CLEAR);                     // Limpia el display.
0x03EA	0x3001      	MOVLW      1
0x03EB	0x1283      	BCF        STATUS, 5
0x03EC	0x1703      	BSF        STATUS, 6
0x03ED	0x00AE      	MOVWF      FARG_Lcd_Cmd_out_char
0x03EE	0x2018      	CALL       _Lcd_Cmd
;Matrix.c,38 :: 		Lcd_Cmd(_LCD_CURSOR_OFF);                // Apaga el cursor.
0x03EF	0x300C      	MOVLW      12
0x03F0	0x1703      	BSF        STATUS, 6
0x03F1	0x00AE      	MOVWF      FARG_Lcd_Cmd_out_char
0x03F2	0x2018      	CALL       _Lcd_Cmd
;Matrix.c,40 :: 		led[1]=1;
0x03F3	0x3001      	MOVLW      1
0x03F4	0x1703      	BSF        STATUS, 6
0x03F5	0x009C      	MOVWF      _led+1
;Matrix.c,41 :: 		alm[1]=1;
0x03F6	0x3001      	MOVLW      1
0x03F7	0x0091      	MOVWF      _alm+1
;Matrix.c,43 :: 		while(8)                                       //Ciclo Infinito
L_main0:
;Matrix.c,45 :: 		while (Ronda)                            //Mientras no se haya  perdido
L_main2:
0x03F8	0x1303      	BCF        STATUS, 6
0x03F9	0x084E      	MOVF       _Ronda, 0
0x03FA	0x1903      	BTFSC      STATUS, 2
0x03FB	0x2C2A      	GOTO       L_main3
;Matrix.c,47 :: 		if (Ronda==1)                          //Mensaje por defecto al iniciar el juego
0x03FC	0x084E      	MOVF       _Ronda, 0
0x03FD	0x3A01      	XORLW      1
0x03FE	0x1D03      	BTFSS      STATUS, 2
0x03FF	0x2C12      	GOTO       L_main4
;Matrix.c,49 :: 		LCD_Out(1, 1, "TecladoMatricial");
0x0400	0x3001      	MOVLW      1
0x0401	0x1703      	BSF        STATUS, 6
0x0402	0x00A5      	MOVWF      FARG_Lcd_Out_row
0x0403	0x3001      	MOVLW      1
0x0404	0x00A6      	MOVWF      FARG_Lcd_Out_column
0x0405	0x304F      	MOVLW      ?lstr1_Matrix
0x0406	0x00A7      	MOVWF      FARG_Lcd_Out_text
0x0407	0x20BD      	CALL       _Lcd_Out
;Matrix.c,50 :: 		LCD_Out(2, 1, " Practica 8 y 9");
0x0408	0x3002      	MOVLW      2
0x0409	0x1283      	BCF        STATUS, 5
0x040A	0x1703      	BSF        STATUS, 6
0x040B	0x00A5      	MOVWF      FARG_Lcd_Out_row
0x040C	0x3001      	MOVLW      1
0x040D	0x00A6      	MOVWF      FARG_Lcd_Out_column
0x040E	0x30C0      	MOVLW      ?lstr2_Matrix
0x040F	0x00A7      	MOVWF      FARG_Lcd_Out_text
0x0410	0x20BD      	CALL       _Lcd_Out
;Matrix.c,51 :: 		}
0x0411	0x2C1F      	GOTO       L_main5
L_main4:
;Matrix.c,53 :: 		else if(Ronda>1)                              //Mensaje en rondas posteriores
0x0412	0x1283      	BCF        STATUS, 5
0x0413	0x084E      	MOVF       _Ronda, 0
0x0414	0x3C01      	SUBLW      1
0x0415	0x1803      	BTFSC      STATUS, 0
0x0416	0x2C1F      	GOTO       L_main6
;Matrix.c,55 :: 		LCD_Out(1, 1, " Siguiente Ronda");
0x0417	0x3001      	MOVLW      1
0x0418	0x1703      	BSF        STATUS, 6
0x0419	0x00A5      	MOVWF      FARG_Lcd_Out_row
0x041A	0x3001      	MOVLW      1
0x041B	0x00A6      	MOVWF      FARG_Lcd_Out_column
0x041C	0x30AF      	MOVLW      ?lstr3_Matrix
0x041D	0x00A7      	MOVWF      FARG_Lcd_Out_text
0x041E	0x20BD      	CALL       _Lcd_Out
;Matrix.c,56 :: 		}
L_main6:
L_main5:
;Matrix.c,58 :: 		if (PORTA.RA0)                                 //Al presionar RA0 se inicia el programa
0x041F	0x1283      	BCF        STATUS, 5
0x0420	0x1C05      	BTFSS      PORTA, 0
0x0421	0x2C29      	GOTO       L_main7
;Matrix.c,60 :: 		x=1;
0x0422	0x3001      	MOVLW      1
0x0423	0x1683      	BSF        STATUS, 5
0x0424	0x00EB      	MOVWF      _x
;Matrix.c,61 :: 		Inicio();
0x0425	0x2298      	CALL       _Inicio
;Matrix.c,62 :: 		Mostrar();
0x0426	0x2167      	CALL       _Mostrar
;Matrix.c,63 :: 		Adquirir();
0x0427	0x2308      	CALL       _Adquirir
;Matrix.c,64 :: 		Comparacion();
0x0428	0x2104      	CALL       _Comparacion
;Matrix.c,65 :: 		}
L_main7:
;Matrix.c,66 :: 		}
0x0429	0x2BF8      	GOTO       L_main2
L_main3:
;Matrix.c,67 :: 		}
0x042A	0x2BF8      	GOTO       L_main0
;Matrix.c,68 :: 		}
L_end_main:
0x042B	0x2C2B      	GOTO       $+0
; end of _main
0x04CE	0x3020      	MOVLW      32
0x04CF	0x0084      	MOVWF      FSR
0x04D0	0x3050      	MOVLW      80
0x04D1	0x1283      	BCF        STATUS, 5
0x04D2	0x1303      	BCF        STATUS, 6
0x04D3	0x00F0      	MOVWF      R0
0x04D4	0x3031      	MOVLW      49
0x04D5	0x1683      	BSF        STATUS, 5
0x04D6	0x00ED      	MOVWF      ___DoICPAddr
0x04D7	0x3004      	MOVLW      4
0x04D8	0x00EE      	MOVWF      238
0x04D9	0x23CD      	CALL       973
0x04DA	0x30A0      	MOVLW      160
0x04DB	0x0084      	MOVWF      FSR
0x04DC	0x304C      	MOVLW      76
0x04DD	0x1283      	BCF        STATUS, 5
0x04DE	0x00F0      	MOVWF      R0
0x04DF	0x3081      	MOVLW      129
0x04E0	0x1683      	BSF        STATUS, 5
0x04E1	0x00ED      	MOVWF      ___DoICPAddr
0x04E2	0x3004      	MOVLW      4
0x04E3	0x00EE      	MOVWF      238
0x04E4	0x23CD      	CALL       973
0x04E5	0x0008      	RETURN
;Matrix.c,0 :: ?ICS?lstr7_Matrix
0x0431	0x3420 ;?ICS?lstr7_Matrix+0
0x0432	0x3420 ;?ICS?lstr7_Matrix+1
0x0433	0x3420 ;?ICS?lstr7_Matrix+2
0x0434	0x3420 ;?ICS?lstr7_Matrix+3
0x0435	0x3420 ;?ICS?lstr7_Matrix+4
0x0436	0x3473 ;?ICS?lstr7_Matrix+5
0x0437	0x3465 ;?ICS?lstr7_Matrix+6
0x0438	0x3463 ;?ICS?lstr7_Matrix+7
0x0439	0x3475 ;?ICS?lstr7_Matrix+8
0x043A	0x3465 ;?ICS?lstr7_Matrix+9
0x043B	0x346E ;?ICS?lstr7_Matrix+10
0x043C	0x3463 ;?ICS?lstr7_Matrix+11
0x043D	0x3469 ;?ICS?lstr7_Matrix+12
0x043E	0x3461 ;?ICS?lstr7_Matrix+13
0x043F	0x3400 ;?ICS?lstr7_Matrix+14
; end of ?ICS?lstr7_Matrix
;Matrix.c,0 :: ?ICS?lstr6_Matrix
0x0440	0x3420 ;?ICS?lstr6_Matrix+0
0x0441	0x3449 ;?ICS?lstr6_Matrix+1
0x0442	0x346E ;?ICS?lstr6_Matrix+2
0x0443	0x3474 ;?ICS?lstr6_Matrix+3
0x0444	0x3472 ;?ICS?lstr6_Matrix+4
0x0445	0x346F ;?ICS?lstr6_Matrix+5
0x0446	0x3464 ;?ICS?lstr6_Matrix+6
0x0447	0x3475 ;?ICS?lstr6_Matrix+7
0x0448	0x347A ;?ICS?lstr6_Matrix+8
0x0449	0x3463 ;?ICS?lstr6_Matrix+9
0x044A	0x3461 ;?ICS?lstr6_Matrix+10
0x044B	0x3420 ;?ICS?lstr6_Matrix+11
0x044C	0x346C ;?ICS?lstr6_Matrix+12
0x044D	0x3461 ;?ICS?lstr6_Matrix+13
0x044E	0x3400 ;?ICS?lstr6_Matrix+14
; end of ?ICS?lstr6_Matrix
;Matrix.c,0 :: ?ICS?lstr4_Matrix
0x044F	0x3420 ;?ICS?lstr4_Matrix+0
0x0450	0x3420 ;?ICS?lstr4_Matrix+1
0x0451	0x3420 ;?ICS?lstr4_Matrix+2
0x0452	0x3441 ;?ICS?lstr4_Matrix+3
0x0453	0x3474 ;?ICS?lstr4_Matrix+4
0x0454	0x3465 ;?ICS?lstr4_Matrix+5
0x0455	0x346E ;?ICS?lstr4_Matrix+6
0x0456	0x3463 ;?ICS?lstr4_Matrix+7
0x0457	0x3469 ;?ICS?lstr4_Matrix+8
0x0458	0x346F ;?ICS?lstr4_Matrix+9
0x0459	0x346E ;?ICS?lstr4_Matrix+10
0x045A	0x342E ;?ICS?lstr4_Matrix+11
0x045B	0x342E ;?ICS?lstr4_Matrix+12
0x045C	0x342E ;?ICS?lstr4_Matrix+13
0x045D	0x3420 ;?ICS?lstr4_Matrix+14
0x045E	0x3400 ;?ICS?lstr4_Matrix+15
; end of ?ICS?lstr4_Matrix
;Matrix.c,0 :: ?ICS_Ronda
0x045F	0x3401 ;?ICS_Ronda+0
; end of ?ICS_Ronda
;Matrix.c,0 :: ?ICS?lstr1_Matrix
0x0460	0x3454 ;?ICS?lstr1_Matrix+0
0x0461	0x3465 ;?ICS?lstr1_Matrix+1
0x0462	0x3463 ;?ICS?lstr1_Matrix+2
0x0463	0x346C ;?ICS?lstr1_Matrix+3
0x0464	0x3461 ;?ICS?lstr1_Matrix+4
0x0465	0x3464 ;?ICS?lstr1_Matrix+5
0x0466	0x346F ;?ICS?lstr1_Matrix+6
0x0467	0x344D ;?ICS?lstr1_Matrix+7
0x0468	0x3461 ;?ICS?lstr1_Matrix+8
0x0469	0x3474 ;?ICS?lstr1_Matrix+9
0x046A	0x3472 ;?ICS?lstr1_Matrix+10
0x046B	0x3469 ;?ICS?lstr1_Matrix+11
0x046C	0x3463 ;?ICS?lstr1_Matrix+12
0x046D	0x3469 ;?ICS?lstr1_Matrix+13
0x046E	0x3461 ;?ICS?lstr1_Matrix+14
0x046F	0x346C ;?ICS?lstr1_Matrix+15
0x0470	0x3400 ;?ICS?lstr1_Matrix+16
; end of ?ICS?lstr1_Matrix
;Matrix.c,0 :: ?ICS?lstr10_Matrix
0x0471	0x3420 ;?ICS?lstr10_Matrix+0
0x0472	0x3420 ;?ICS?lstr10_Matrix+1
0x0473	0x3446 ;?ICS?lstr10_Matrix+2
0x0474	0x3449 ;?ICS?lstr10_Matrix+3
0x0475	0x344E ;?ICS?lstr10_Matrix+4
0x0476	0x3420 ;?ICS?lstr10_Matrix+5
0x0477	0x3444 ;?ICS?lstr10_Matrix+6
0x0478	0x3445 ;?ICS?lstr10_Matrix+7
0x0479	0x344C ;?ICS?lstr10_Matrix+8
0x047A	0x3420 ;?ICS?lstr10_Matrix+9
0x047B	0x344A ;?ICS?lstr10_Matrix+10
0x047C	0x3455 ;?ICS?lstr10_Matrix+11
0x047D	0x3445 ;?ICS?lstr10_Matrix+12
0x047E	0x3447 ;?ICS?lstr10_Matrix+13
0x047F	0x344F ;?ICS?lstr10_Matrix+14
0x0480	0x3400 ;?ICS?lstr10_Matrix+15
; end of ?ICS?lstr10_Matrix
;Matrix.c,0 :: ?ICS?lstr9_Matrix
0x0481	0x3420 ;?ICS?lstr9_Matrix+0
0x0482	0x3420 ;?ICS?lstr9_Matrix+1
0x0483	0x3420 ;?ICS?lstr9_Matrix+2
0x0484	0x3449 ;?ICS?lstr9_Matrix+3
0x0485	0x346E ;?ICS?lstr9_Matrix+4
0x0486	0x3463 ;?ICS?lstr9_Matrix+5
0x0487	0x346F ;?ICS?lstr9_Matrix+6
0x0488	0x3472 ;?ICS?lstr9_Matrix+7
0x0489	0x3472 ;?ICS?lstr9_Matrix+8
0x048A	0x3465 ;?ICS?lstr9_Matrix+9
0x048B	0x3463 ;?ICS?lstr9_Matrix+10
0x048C	0x3474 ;?ICS?lstr9_Matrix+11
0x048D	0x346F ;?ICS?lstr9_Matrix+12
0x048E	0x3421 ;?ICS?lstr9_Matrix+13
0x048F	0x3400 ;?ICS?lstr9_Matrix+14
; end of ?ICS?lstr9_Matrix
;Matrix.c,0 :: ?ICS?lstr3_Matrix
0x0490	0x3420 ;?ICS?lstr3_Matrix+0
0x0491	0x3453 ;?ICS?lstr3_Matrix+1
0x0492	0x3469 ;?ICS?lstr3_Matrix+2
0x0493	0x3467 ;?ICS?lstr3_Matrix+3
0x0494	0x3475 ;?ICS?lstr3_Matrix+4
0x0495	0x3469 ;?ICS?lstr3_Matrix+5
0x0496	0x3465 ;?ICS?lstr3_Matrix+6
0x0497	0x346E ;?ICS?lstr3_Matrix+7
0x0498	0x3474 ;?ICS?lstr3_Matrix+8
0x0499	0x3465 ;?ICS?lstr3_Matrix+9
0x049A	0x3420 ;?ICS?lstr3_Matrix+10
0x049B	0x3452 ;?ICS?lstr3_Matrix+11
0x049C	0x346F ;?ICS?lstr3_Matrix+12
0x049D	0x346E ;?ICS?lstr3_Matrix+13
0x049E	0x3464 ;?ICS?lstr3_Matrix+14
0x049F	0x3461 ;?ICS?lstr3_Matrix+15
0x04A0	0x3400 ;?ICS?lstr3_Matrix+16
; end of ?ICS?lstr3_Matrix
;Matrix.c,0 :: ?ICS?lstr2_Matrix
0x04A1	0x3420 ;?ICS?lstr2_Matrix+0
0x04A2	0x3450 ;?ICS?lstr2_Matrix+1
0x04A3	0x3472 ;?ICS?lstr2_Matrix+2
0x04A4	0x3461 ;?ICS?lstr2_Matrix+3
0x04A5	0x3463 ;?ICS?lstr2_Matrix+4
0x04A6	0x3474 ;?ICS?lstr2_Matrix+5
0x04A7	0x3469 ;?ICS?lstr2_Matrix+6
0x04A8	0x3463 ;?ICS?lstr2_Matrix+7
0x04A9	0x3461 ;?ICS?lstr2_Matrix+8
0x04AA	0x3420 ;?ICS?lstr2_Matrix+9
0x04AB	0x3438 ;?ICS?lstr2_Matrix+10
0x04AC	0x3420 ;?ICS?lstr2_Matrix+11
0x04AD	0x3479 ;?ICS?lstr2_Matrix+12
0x04AE	0x3420 ;?ICS?lstr2_Matrix+13
0x04AF	0x3439 ;?ICS?lstr2_Matrix+14
0x04B0	0x3400 ;?ICS?lstr2_Matrix+15
; end of ?ICS?lstr2_Matrix
;Matrix.c,0 :: ?ICS?lstr5_Matrix
0x04B1	0x3420 ;?ICS?lstr5_Matrix+0
0x04B2	0x3420 ;?ICS?lstr5_Matrix+1
0x04B3	0x3420 ;?ICS?lstr5_Matrix+2
0x04B4	0x3420 ;?ICS?lstr5_Matrix+3
0x04B5	0x3420 ;?ICS?lstr5_Matrix+4
0x04B6	0x342E ;?ICS?lstr5_Matrix+5
0x04B7	0x3420 ;?ICS?lstr5_Matrix+6
0x04B8	0x3420 ;?ICS?lstr5_Matrix+7
0x04B9	0x342E ;?ICS?lstr5_Matrix+8
0x04BA	0x3420 ;?ICS?lstr5_Matrix+9
0x04BB	0x3420 ;?ICS?lstr5_Matrix+10
0x04BC	0x342E ;?ICS?lstr5_Matrix+11
0x04BD	0x3400 ;?ICS?lstr5_Matrix+12
; end of ?ICS?lstr5_Matrix
;Matrix.c,0 :: ?ICS?lstr8_Matrix
0x04BE	0x3420 ;?ICS?lstr8_Matrix+0
0x04BF	0x3420 ;?ICS?lstr8_Matrix+1
0x04C0	0x3420 ;?ICS?lstr8_Matrix+2
0x04C1	0x3420 ;?ICS?lstr8_Matrix+3
0x04C2	0x3443 ;?ICS?lstr8_Matrix+4
0x04C3	0x344F ;?ICS?lstr8_Matrix+5
0x04C4	0x3452 ;?ICS?lstr8_Matrix+6
0x04C5	0x3452 ;?ICS?lstr8_Matrix+7
0x04C6	0x3445 ;?ICS?lstr8_Matrix+8
0x04C7	0x3443 ;?ICS?lstr8_Matrix+9
0x04C8	0x3454 ;?ICS?lstr8_Matrix+10
0x04C9	0x344F ;?ICS?lstr8_Matrix+11
0x04CA	0x3421 ;?ICS?lstr8_Matrix+12
0x04CB	0x3400 ;?ICS?lstr8_Matrix+13
; end of ?ICS?lstr8_Matrix
;Matrix.c,0 :: ?ICS_x
0x04CC	0x3400 ;?ICS_x+0
; end of ?ICS_x
Symbol List:
//** Routines locations **
//ADDRESS    SIZE    PROCEDURE
//----------------------------------------------
0x0003       [2]    _Delay_1us
0x0005       [8]    _Delay_50us
0x000D      [11]    _Delay_5500us
0x0018      [74]    _Lcd_Cmd
0x0062      [11]    _Lcd_Chr_CP
0x006D       [7]    _Delay_10us
0x0074      [51]    _Keypad_Key_Press
0x00A7       [7]    _____DoICP
0x00AE      [15]    _Keypad_Key_Click
0x00BD      [71]    _Lcd_Out
0x0104      [99]    _Comparacion
0x0167     [305]    _Mostrar
0x0298      [28]    _Inicio
0x02B4       [5]    _Keypad_Init
0x02B9      [79]    _Lcd_Init
0x0308     [197]    _Adquirir
0x03CD      [12]    ___CC2DW
0x03D9      [82]    _main
//** Variables locations ** 
//ADDRESS    SIZE    VARIABLE
//----------------------------------------------
0x0000       [1]    INDF
0x0002       [1]    PCL
0x0003       [1]    STATUS
0x0004       [1]    FSR
0x0005       [1]    PORTA
0x0006       [0]    LCD_D7
0x0006       [0]    RB2_bit
0x0006       [0]    LCD_D5
0x0006       [0]    RB3_bit
0x0006       [0]    RB4_bit
0x0006       [0]    LCD_D6
0x0006       [0]    RB6_bit
0x0006       [0]    LCD_D4
0x0006       [0]    LCD_EN
0x0006       [0]    RB5_bit
0x0006       [0]    RB7_bit
0x0006       [0]    LCD_RS
0x0007       [1]    PORTC
0x0008       [1]    keypadPort
0x0008       [1]    PORTD
0x000A       [1]    PCLATH
0x0020      [15]    ?lstr7_Matrix
0x002F      [15]    ?lstr6_Matrix
0x003E      [16]    ?lstr4_Matrix
0x004E       [1]    _Ronda
0x004F      [17]    ?lstr1_Matrix
0x0060      [16]    ?lstr10_Matrix
0x0070       [1]    R0
0x0071       [1]    R1
0x0072       [1]    R2
0x0073       [1]    R3
0x0074       [1]    R4
0x0075       [1]    R5
0x0076       [1]    R6
0x0077       [1]    R7
0x0078       [1]    R8
0x0079       [1]    R9
0x007A       [1]    R10
0x007B       [1]    R11
0x007C       [1]    R12
0x007D       [1]    R13
0x007E       [1]    R14
0x007F       [1]    R15
0x0085       [1]    TRISA
0x0086       [0]    TRISB7_bit
0x0086       [0]    TRISB4_bit
0x0086       [0]    TRISB6_bit
0x0086       [0]    TRISB2_bit
0x0086       [0]    TRISB3_bit
0x0086       [0]    TRISB5_bit
0x0086       [0]    LCD_EN_Direction
0x0086       [0]    LCD_RS_Direction
0x0086       [0]    LCD_D4_Direction
0x0086       [0]    LCD_D5_Direction
0x0086       [0]    LCD_D7_Direction
0x0086       [0]    LCD_D6_Direction
0x0087       [1]    TRISC
0x00A0      [15]    ?lstr9_Matrix
0x00AF      [17]    ?lstr3_Matrix
0x00C0      [16]    ?lstr2_Matrix
0x00D0      [13]    ?lstr5_Matrix
0x00DD      [14]    ?lstr8_Matrix
0x00EB       [1]    _x
0x00EC       [1]    _Turno
0x00ED       [2]    ___DoICPAddr
0x00EF       [0]    __Lib_Lcd_cmd_status
0x0110      [10]    _alm
0x011A       [1]    _kp
0x011B      [10]    _led
0x0125       [1]    FARG_Lcd_Out_row
0x0125       [1]    Keypad_Key_Click_rslt_L0
0x0126       [1]    FARG_Lcd_Out_column
0x0127       [1]    FARG_Lcd_Out_text
0x0128       [1]    Lcd_Out_i_L0
0x0129       [1]    Keypad_Key_Press_rslt_L0
0x0129       [1]    FARG_Lcd_Chr_CP_out_char
0x012A       [1]    Keypad_Key_Press_kdata_L0
0x012B       [1]    Keypad_Key_Press_loc_L0
0x012C       [1]    Keypad_Key_Press_rowcnt_L0
0x012D       [1]    Keypad_Key_Press_shifter_L0
0x012E       [1]    FARG_Lcd_Cmd_out_char
0x0188       [1]    ANSEL
0x0189       [1]    ANSELH
//** Constants locations ** 
//ADDRESS    SIZE    CONSTANT
//----------------------------------------------
0x0431      [15]    ?ICS?lstr7_Matrix
0x0440      [15]    ?ICS?lstr6_Matrix
0x044F      [16]    ?ICS?lstr4_Matrix
0x045F       [1]    ?ICS_Ronda
0x0460      [17]    ?ICS?lstr1_Matrix
0x0471      [16]    ?ICS?lstr10_Matrix
0x0481      [15]    ?ICS?lstr9_Matrix
0x0490      [17]    ?ICS?lstr3_Matrix
0x04A1      [16]    ?ICS?lstr2_Matrix
0x04B1      [13]    ?ICS?lstr5_Matrix
0x04BE      [14]    ?ICS?lstr8_Matrix
0x04CC       [1]    ?ICS_x
//** Label List: ** 
//----------------------------------------------
  L_main0
  L_main1
  L_main2
  L_main3
  L_main4
  L_main5
  L_main6
  L_main7
  L_Inicio8
  L_Mostrar9
  L_Mostrar10
  L_Mostrar11
  L_Mostrar12
  L_Mostrar13
  L_Mostrar14
  L_Mostrar15
  L_Mostrar16
  L_Mostrar17
  L_Mostrar18
  L_Mostrar19
  L_Mostrar20
  L_Mostrar21
  L_Mostrar22
  L_Mostrar23
  L_Mostrar24
  L_Mostrar25
  L_Mostrar26
  L_Mostrar27
  L_Mostrar28
  L_Mostrar29
  L_Mostrar30
  L_Mostrar31
  L_Mostrar32
  L_Mostrar33
  L_Mostrar34
  L_Mostrar35
  L_Mostrar36
  L_Mostrar37
  L_Mostrar38
  L_Mostrar39
  L_Mostrar40
  L_Mostrar41
  L_Mostrar42
  L_Mostrar43
  L_Mostrar44
  L_Mostrar45
  L_Mostrar46
  L_Mostrar47
  L_Mostrar48
  L_Mostrar49
  L_Mostrar50
  L_Adquirir51
  L_Adquirir52
  L_Adquirir53
  L_Adquirir54
  L_Adquirir55
  L_Adquirir56
  L_Adquirir57
  L_Adquirir58
  L_Adquirir59
  L_Adquirir60
  L_Adquirir61
  L_Adquirir62
  L_Adquirir63
  L_Adquirir64
  L_Adquirir65
  L_Adquirir66
  L_Adquirir67
  L_Adquirir68
  L_Adquirir69
  L_Adquirir70
  L_Comparacion71
  L_Comparacion72
  L_Comparacion73
  L_Comparacion74
  L_Comparacion75
  L_end_main
  _main
  L_end_Inicio
  _Inicio
  L_end_Mostrar
  _Mostrar
  L_end_Adquirir
  _Adquirir
  L_end_Comparacion
  _Comparacion
  L_Delay_10us0
  L_Delay_22us1
  L_Delay_50us2
  L_Delay_80us3
  L_Delay_500us4
  L_Delay_5500us5
  L_Delay_1ms6
  L_Delay_5ms7
  L_Delay_8ms8
  L_Delay_10ms9
  L_Delay_100ms10
  L_Delay_1sec11
  L_boot16_Delay_5ms12
  L_Delay_Cyc13
  L_Delay_Cyc14
  L_VDelay_ms15
  L_VDelay_ms16
  L_VDelay_ms17
  L_VDelay_Advanced_ms18
  L_VDelay_Advanced_ms19
  L_VDelay_Advanced_ms20
  L_end_Get_Fosc_kHz
  _Get_Fosc_kHz
  L_end_Delay_1us
  _Delay_1us
  L_end_Delay_10us
  _Delay_10us
  L_end_Delay_22us
  _Delay_22us
  L_end_Delay_50us
  _Delay_50us
  L_end_Delay_80us
  _Delay_80us
  L_end_Delay_500us
  _Delay_500us
  L_end_Delay_5500us
  _Delay_5500us
  L_end_Delay_1ms
  _Delay_1ms
  L_end_Delay_5ms
  _Delay_5ms
  L_end_Delay_8ms
  _Delay_8ms
  L_end_Delay_10ms
  _Delay_10ms
  L_end_Delay_100ms
  _Delay_100ms
  L_end_Delay_1sec
  _Delay_1sec
  L_end_boot16_Delay_5ms
  _boot16_Delay_5ms
  L_end_Delay_Cyc
  _Delay_Cyc
  L_end_VDelay_ms
  _VDelay_ms
  L__VDelay_ms38
  L__VDelay_ms39
  L__VDelay_ms40
  L_end_VDelay_Advanced_ms
  _VDelay_Advanced_ms
  L__VDelay_Advanced_ms42
  L__VDelay_Advanced_ms43
  L__VDelay_Advanced_ms44
  L_Keypad_Key_Press0
  L_Keypad_Key_Press1
  L_Keypad_Key_Press2
  L_Keypad_Key_Press3
  L_Keypad_Key_Press4
  L_Keypad_Key_Click5
  L_Keypad_Key_Click6
  L_end_Keypad_Init
  _Keypad_Init
  L_end_Keypad_Key_Press
  _Keypad_Key_Press
  L_end_Keypad_Key_Click
  _Keypad_Key_Click
  L_Lcd_Cmd0
  L_Lcd_Cmd1
  L_Lcd_Out_CP2
  L_Lcd_Out_CP3
  L_Lcd_Chr4
  L_Lcd_Chr5
  L_Lcd_Chr6
  L_Lcd_Chr7
  L_Lcd_Chr8
  L_Lcd_Chr9
  L_Lcd_Chr10
  L_Lcd_Out11
  L_Lcd_Out12
  L_Lcd_Out13
  L_Lcd_Out14
  L_Lcd_Out15
  L_Lcd_Out16
  L_Lcd_Out17
  L_Lcd_Out18
  L_Lcd_Out19
  L_end_Lcd_Cmd
  _Lcd_Cmd
  L__Lcd_Cmd21
  L__Lcd_Cmd22
  L__Lcd_Cmd23
  L__Lcd_Cmd24
  L__Lcd_Cmd25
  L__Lcd_Cmd26
  L__Lcd_Cmd27
  L__Lcd_Cmd28
  L__Lcd_Cmd29
  L__Lcd_Cmd30
  L__Lcd_Cmd31
  L__Lcd_Cmd32
  L__Lcd_Cmd33
  L__Lcd_Cmd34
  L__Lcd_Cmd35
  L__Lcd_Cmd36
  L__Lcd_Cmd37
  L__Lcd_Cmd38
  L__Lcd_Cmd39
  L__Lcd_Cmd40
  L_end_Lcd_Chr_CP
  _Lcd_Chr_CP
  L_end_Lcd_Out_CP
  _Lcd_Out_CP
  L_end_Lcd_Chr
  _Lcd_Chr
  L_end_Lcd_Init
  _Lcd_Init
  L_end_Lcd_Out
  _Lcd_Out
  L_loopCA2AWs
  L_CA2AWend
  _CCA2AW_Loop1
  L_loopCS2Ss
  L_CS2Send
  _CCS2S_Loop1
  L_CCS2Send
  L_loopFZinSWs
  L_FZinSend
  _CC2D_Loop1
  L_end_____DoICP
  _____DoICP
  L_end_____DoIFC
  _____DoIFC
  L_end___CA2AW
  ___CA2AW
  L_end___CCA2AW
  ___CCA2AW
  L_end___CS2S
  ___CS2S
  L_end___CCS2S
  ___CCS2S
  L_end___FZinS
  ___FZinS
  L_end___CC2DW
  ___CC2DW
  L_end_Swap
  _Swap
