;  LST file generated by mikroListExporter - v.2.0 
; Date/Time: 22/04/2015 03:21:30 p.m.
;----------------------------------------------

;Address Opcode 	ASM
0x0000	0x28C8      	GOTO       200
_conteo:
;Contador de pasajeros.c,44 :: 		void conteo()
;Contador de pasajeros.c,46 :: 		unidades=unidades+TMR0;
0x0003	0x1283      	BCF        STATUS, 5
0x0004	0x1303      	BCF        STATUS, 6
0x0005	0x0801      	MOVF       TMR0, 0
0x0006	0x072D      	ADDWF      _unidades, 0
0x0007	0x00F1      	MOVWF      R1
0x0008	0x0871      	MOVF       R1, 0
0x0009	0x00AD      	MOVWF      _unidades
;Contador de pasajeros.c,47 :: 		if (unidades==10)
0x000A	0x0871      	MOVF       R1, 0
0x000B	0x3A0A      	XORLW      10
0x000C	0x1D03      	BTFSS      STATUS, 2
0x000D	0x281B      	GOTO       L_conteo5
;Contador de pasajeros.c,49 :: 		unidades=0;
0x000E	0x01AD      	CLRF       _unidades
;Contador de pasajeros.c,51 :: 		decenas++;
0x000F	0x0AAC      	INCF       _decenas, 1
;Contador de pasajeros.c,52 :: 		if (decenas==10)
0x0010	0x082C      	MOVF       _decenas, 0
0x0011	0x3A0A      	XORLW      10
0x0012	0x1D03      	BTFSS      STATUS, 2
0x0013	0x281B      	GOTO       L_conteo6
;Contador de pasajeros.c,54 :: 		decenas=0;
0x0014	0x01AC      	CLRF       _decenas
;Contador de pasajeros.c,56 :: 		centenas++;
0x0015	0x0AA0      	INCF       _centenas, 1
;Contador de pasajeros.c,57 :: 		if (centenas==10)
0x0016	0x0820      	MOVF       _centenas, 0
0x0017	0x3A0A      	XORLW      10
0x0018	0x1D03      	BTFSS      STATUS, 2
0x0019	0x281B      	GOTO       L_conteo7
;Contador de pasajeros.c,59 :: 		centenas=0;
0x001A	0x01A0      	CLRF       _centenas
;Contador de pasajeros.c,61 :: 		}
L_conteo7:
;Contador de pasajeros.c,62 :: 		}
L_conteo6:
;Contador de pasajeros.c,63 :: 		}
L_conteo5:
;Contador de pasajeros.c,64 :: 		}
L_end_conteo:
0x001B	0x0008      	RETURN
; end of _conteo
_____DoICP:
;__Lib_System.c,6 :: 		
;__Lib_System.c,9 :: 		
0x001C	0x1283      	BCF        STATUS, 5
0x001D	0x1303      	BCF        STATUS, 6
0x001E	0x082F      	MOVF       ___DoICPAddr+1, 0
0x001F	0x008A      	MOVWF      PCLATH
;__Lib_System.c,10 :: 		
0x0020	0x082E      	MOVF       ___DoICPAddr, 0
0x0021	0x0082      	MOVWF      PCL
;__Lib_System.c,12 :: 		
L_end_____DoICP:
0x0022	0x0008      	RETURN
; end of _____DoICP
_LecturaSens:
;Contador de pasajeros.c,93 :: 		void LecturaSens()
;Contador de pasajeros.c,95 :: 		delay_us(2500);
0x0023	0x3004      	MOVLW      4
0x0024	0x1283      	BCF        STATUS, 5
0x0025	0x1303      	BCF        STATUS, 6
0x0026	0x00FC      	MOVWF      R12
0x0027	0x303D      	MOVLW      61
0x0028	0x00FD      	MOVWF      R13
L_LecturaSens13:
0x0029	0x0BFD      	DECFSZ     R13, 1
0x002A	0x2829      	GOTO       L_LecturaSens13
0x002B	0x0BFC      	DECFSZ     R12, 1
0x002C	0x2829      	GOTO       L_LecturaSens13
0x002D	0x0000      	NOP
0x002E	0x0000      	NOP
;Contador de pasajeros.c,96 :: 		ADCON0=0xC3; //1100 0011 Activar conversión en canal 000
0x002F	0x30C3      	MOVLW      195
0x0030	0x009F      	MOVWF      ADCON0
;Contador de pasajeros.c,97 :: 		while (ADCON0.GO_DONE)
L_LecturaSens14:
0x0031	0x1C9F      	BTFSS      ADCON0, 1
0x0032	0x2834      	GOTO       L_LecturaSens15
;Contador de pasajeros.c,98 :: 		{}
0x0033	0x2831      	GOTO       L_LecturaSens14
L_LecturaSens15:
;Contador de pasajeros.c,99 :: 		reg=ADRESH;
0x0034	0x081E      	MOVF       ADRESH, 0
0x0035	0x00B0      	MOVWF      _reg
;Contador de pasajeros.c,101 :: 		if (reg>=0xAF)
0x0036	0x30AF      	MOVLW      175
0x0037	0x0230      	SUBWF      _reg, 0
0x0038	0x1C03      	BTFSS      STATUS, 0
0x0039	0x283D      	GOTO       L_LecturaSens16
;Contador de pasajeros.c,102 :: 		sensor1=1;
0x003A	0x3001      	MOVLW      1
0x003B	0x00B1      	MOVWF      _sensor1
0x003C	0x283E      	GOTO       L_LecturaSens17
L_LecturaSens16:
;Contador de pasajeros.c,104 :: 		sensor1=0;
0x003D	0x01B1      	CLRF       _sensor1
L_LecturaSens17:
;Contador de pasajeros.c,106 :: 		ADCON0=0xC5;  //1100 0101 Cambiamos de canal
0x003E	0x30C5      	MOVLW      197
0x003F	0x009F      	MOVWF      ADCON0
;Contador de pasajeros.c,108 :: 		delay_us(2500);
0x0040	0x3004      	MOVLW      4
0x0041	0x00FC      	MOVWF      R12
0x0042	0x303D      	MOVLW      61
0x0043	0x00FD      	MOVWF      R13
L_LecturaSens18:
0x0044	0x0BFD      	DECFSZ     R13, 1
0x0045	0x2844      	GOTO       L_LecturaSens18
0x0046	0x0BFC      	DECFSZ     R12, 1
0x0047	0x2844      	GOTO       L_LecturaSens18
0x0048	0x0000      	NOP
0x0049	0x0000      	NOP
;Contador de pasajeros.c,109 :: 		ADCON0=0xC7;  //1100 0111 Activar conversión en canal 001
0x004A	0x30C7      	MOVLW      199
0x004B	0x009F      	MOVWF      ADCON0
;Contador de pasajeros.c,111 :: 		while (ADCON0.GO_DONE)
L_LecturaSens19:
0x004C	0x1C9F      	BTFSS      ADCON0, 1
0x004D	0x284F      	GOTO       L_LecturaSens20
;Contador de pasajeros.c,112 :: 		{}
0x004E	0x284C      	GOTO       L_LecturaSens19
L_LecturaSens20:
;Contador de pasajeros.c,113 :: 		reg=ADRESH;
0x004F	0x081E      	MOVF       ADRESH, 0
0x0050	0x00B0      	MOVWF      _reg
;Contador de pasajeros.c,115 :: 		if (reg>=0xAF) //700 = 1010 1111 00
0x0051	0x30AF      	MOVLW      175
0x0052	0x0230      	SUBWF      _reg, 0
0x0053	0x1C03      	BTFSS      STATUS, 0
0x0054	0x2858      	GOTO       L_LecturaSens21
;Contador de pasajeros.c,116 :: 		sensor2=1;
0x0055	0x3001      	MOVLW      1
0x0056	0x00B2      	MOVWF      _sensor2
0x0057	0x2859      	GOTO       L_LecturaSens22
L_LecturaSens21:
;Contador de pasajeros.c,118 :: 		sensor2=0;
0x0058	0x01B2      	CLRF       _sensor2
L_LecturaSens22:
;Contador de pasajeros.c,119 :: 		}
L_end_LecturaSens:
0x0059	0x0008      	RETURN
; end of _LecturaSens
_multiplexado:
;Contador de pasajeros.c,66 :: 		void multiplexado(unsigned char veces)
;Contador de pasajeros.c,68 :: 		PORTD&=0x00;
0x005A	0x3000      	MOVLW      0
0x005B	0x1283      	BCF        STATUS, 5
0x005C	0x1303      	BCF        STATUS, 6
0x005D	0x0588      	ANDWF      PORTD, 1
;Contador de pasajeros.c,69 :: 		while(veces)
L_multiplexado8:
0x005E	0x0833      	MOVF       FARG_multiplexado_veces, 0
0x005F	0x1903      	BTFSC      STATUS, 2
0x0060	0x2899      	GOTO       L_multiplexado9
;Contador de pasajeros.c,71 :: 		PORTC=TABLA[centenas];
0x0061	0x0820      	MOVF       _centenas, 0
0x0062	0x3E21      	ADDLW      _TABLA
0x0063	0x0084      	MOVWF      FSR
0x0064	0x0800      	MOVF       INDF, 0
0x0065	0x0087      	MOVWF      PORTC
;Contador de pasajeros.c,72 :: 		PORTD=0x02;
0x0066	0x3002      	MOVLW      2
0x0067	0x0088      	MOVWF      PORTD
;Contador de pasajeros.c,74 :: 		delay_us(3333); //PIC
0x0068	0x3005      	MOVLW      5
0x0069	0x00FC      	MOVWF      R12
0x006A	0x3052      	MOVLW      82
0x006B	0x00FD      	MOVWF      R13
L_multiplexado10:
0x006C	0x0BFD      	DECFSZ     R13, 1
0x006D	0x286C      	GOTO       L_multiplexado10
0x006E	0x0BFC      	DECFSZ     R12, 1
0x006F	0x286C      	GOTO       L_multiplexado10
0x0070	0x0000      	NOP
0x0071	0x0000      	NOP
;Contador de pasajeros.c,75 :: 		PORTD=0x00;
0x0072	0x0188      	CLRF       PORTD
;Contador de pasajeros.c,77 :: 		PORTC=TABLA[decenas];
0x0073	0x082C      	MOVF       _decenas, 0
0x0074	0x3E21      	ADDLW      _TABLA
0x0075	0x0084      	MOVWF      FSR
0x0076	0x0800      	MOVF       INDF, 0
0x0077	0x0087      	MOVWF      PORTC
;Contador de pasajeros.c,78 :: 		PORTD=0x04;
0x0078	0x3004      	MOVLW      4
0x0079	0x0088      	MOVWF      PORTD
;Contador de pasajeros.c,80 :: 		delay_us(3333); //PIC
0x007A	0x3005      	MOVLW      5
0x007B	0x00FC      	MOVWF      R12
0x007C	0x3052      	MOVLW      82
0x007D	0x00FD      	MOVWF      R13
L_multiplexado11:
0x007E	0x0BFD      	DECFSZ     R13, 1
0x007F	0x287E      	GOTO       L_multiplexado11
0x0080	0x0BFC      	DECFSZ     R12, 1
0x0081	0x287E      	GOTO       L_multiplexado11
0x0082	0x0000      	NOP
0x0083	0x0000      	NOP
;Contador de pasajeros.c,81 :: 		PORTD=0x00;
0x0084	0x0188      	CLRF       PORTD
;Contador de pasajeros.c,83 :: 		PORTC=TABLA[unidades];
0x0085	0x082D      	MOVF       _unidades, 0
0x0086	0x3E21      	ADDLW      _TABLA
0x0087	0x0084      	MOVWF      FSR
0x0088	0x0800      	MOVF       INDF, 0
0x0089	0x0087      	MOVWF      PORTC
;Contador de pasajeros.c,84 :: 		PORTD=0x08;
0x008A	0x3008      	MOVLW      8
0x008B	0x0088      	MOVWF      PORTD
;Contador de pasajeros.c,86 :: 		delay_us(3333); //PIC
0x008C	0x3005      	MOVLW      5
0x008D	0x00FC      	MOVWF      R12
0x008E	0x3052      	MOVLW      82
0x008F	0x00FD      	MOVWF      R13
L_multiplexado12:
0x0090	0x0BFD      	DECFSZ     R13, 1
0x0091	0x2890      	GOTO       L_multiplexado12
0x0092	0x0BFC      	DECFSZ     R12, 1
0x0093	0x2890      	GOTO       L_multiplexado12
0x0094	0x0000      	NOP
0x0095	0x0000      	NOP
;Contador de pasajeros.c,87 :: 		PORTD=0x00;
0x0096	0x0188      	CLRF       PORTD
;Contador de pasajeros.c,89 :: 		veces--;
0x0097	0x03B3      	DECF       FARG_multiplexado_veces, 1
;Contador de pasajeros.c,90 :: 		}
0x0098	0x285E      	GOTO       L_multiplexado8
L_multiplexado9:
;Contador de pasajeros.c,91 :: 		}
L_end_multiplexado:
0x0099	0x0008      	RETURN
; end of _multiplexado
___CC2DW:
;__Lib_System.c,134 :: 		
;__Lib_System.c,137 :: 		
_CC2D_Loop1:
;__Lib_System.c,139 :: 		
0x009A	0x201C      	CALL       _____DoICP
0x009B	0x118A      	BCF        PCLATH, 3
0x009C	0x120A      	BCF        PCLATH, 4
;__Lib_System.c,141 :: 		
0x009D	0x0080      	MOVWF      INDF
;__Lib_System.c,142 :: 		
0x009E	0x0A84      	INCF       FSR, 1
;__Lib_System.c,143 :: 		
0x009F	0x0AAE      	INCF       ___DoICPAddr, 1
;__Lib_System.c,145 :: 		
0x00A0	0x1903      	BTFSC      STATUS, 2
;__Lib_System.c,146 :: 		
0x00A1	0x0AAF      	INCF       ___DoICPAddr+1, 1
;__Lib_System.c,147 :: 		
0x00A2	0x03F0      	DECF       R0, 1
;__Lib_System.c,149 :: 		
0x00A3	0x1D03      	BTFSS      STATUS, 2
;__Lib_System.c,150 :: 		
0x00A4	0x289A      	GOTO       _CC2D_Loop1
;__Lib_System.c,152 :: 		
L_end___CC2DW:
0x00A5	0x0008      	RETURN
; end of ___CC2DW
_CompSens:
;Contador de pasajeros.c,121 :: 		void CompSens ()
;Contador de pasajeros.c,123 :: 		LecturaSens ();
0x00A6	0x2023      	CALL       _LecturaSens
;Contador de pasajeros.c,124 :: 		if (sensor1==1&&sensor2==0)
0x00A7	0x0831      	MOVF       _sensor1, 0
0x00A8	0x3A01      	XORLW      1
0x00A9	0x1D03      	BTFSS      STATUS, 2
0x00AA	0x28B1      	GOTO       L_CompSens25
0x00AB	0x0832      	MOVF       _sensor2, 0
0x00AC	0x3A00      	XORLW      0
0x00AD	0x1D03      	BTFSS      STATUS, 2
0x00AE	0x28B1      	GOTO       L_CompSens25
L__CompSens32:
;Contador de pasajeros.c,126 :: 		PORTA.RA3=1;
0x00AF	0x1585      	BSF        PORTA, 3
;Contador de pasajeros.c,127 :: 		}
0x00B0	0x28C7      	GOTO       L_CompSens26
L_CompSens25:
;Contador de pasajeros.c,129 :: 		else if (sensor1==0&&sensor2==1)
0x00B1	0x0831      	MOVF       _sensor1, 0
0x00B2	0x3A00      	XORLW      0
0x00B3	0x1D03      	BTFSS      STATUS, 2
0x00B4	0x28C1      	GOTO       L_CompSens29
0x00B5	0x0832      	MOVF       _sensor2, 0
0x00B6	0x3A01      	XORLW      1
0x00B7	0x1D03      	BTFSS      STATUS, 2
0x00B8	0x28C1      	GOTO       L_CompSens29
L__CompSens31:
;Contador de pasajeros.c,131 :: 		TRISA=0x1B; //0001 1011;
0x00B9	0x301B      	MOVLW      27
0x00BA	0x1683      	BSF        STATUS, 5
0x00BB	0x0085      	MOVWF      TRISA
;Contador de pasajeros.c,132 :: 		PORTA.RA3=0;
0x00BC	0x1283      	BCF        STATUS, 5
0x00BD	0x1185      	BCF        PORTA, 3
;Contador de pasajeros.c,133 :: 		x=8; //PIC
0x00BE	0x3008      	MOVLW      8
0x00BF	0x00AB      	MOVWF      _x
;Contador de pasajeros.c,135 :: 		}
0x00C0	0x28C7      	GOTO       L_CompSens30
L_CompSens29:
;Contador de pasajeros.c,139 :: 		TRISA=0x13; //0001 0011
0x00C1	0x3013      	MOVLW      19
0x00C2	0x1683      	BSF        STATUS, 5
0x00C3	0x0085      	MOVWF      TRISA
;Contador de pasajeros.c,140 :: 		PORTA.RA3=0;
0x00C4	0x1283      	BCF        STATUS, 5
0x00C5	0x1185      	BCF        PORTA, 3
;Contador de pasajeros.c,141 :: 		conteo ();
0x00C6	0x2003      	CALL       _conteo
;Contador de pasajeros.c,142 :: 		}
L_CompSens30:
L_CompSens26:
;Contador de pasajeros.c,143 :: 		}
L_end_CompSens:
0x00C7	0x0008      	RETURN
; end of _CompSens
_main:
0x00C8	0x1283      	BCF        STATUS, 5
0x00C9	0x1303      	BCF        STATUS, 6
0x00CA	0x01A0      	CLRF       _centenas
0x00CB	0x3077      	MOVLW      119
0x00CC	0x00A1      	MOVWF      _TABLA
0x00CD	0x3041      	MOVLW      65
0x00CE	0x00A2      	MOVWF      34
0x00CF	0x303B      	MOVLW      59
0x00D0	0x00A3      	MOVWF      35
0x00D1	0x306B      	MOVLW      107
0x00D2	0x00A4      	MOVWF      36
0x00D3	0x304D      	MOVLW      77
0x00D4	0x00A5      	MOVWF      37
0x00D5	0x306E      	MOVLW      110
0x00D6	0x00A6      	MOVWF      38
0x00D7	0x307E      	MOVLW      126
0x00D8	0x00A7      	MOVWF      39
0x00D9	0x3043      	MOVLW      67
0x00DA	0x00A8      	MOVWF      40
0x00DB	0x307F      	MOVLW      127
0x00DC	0x00A9      	MOVWF      41
0x00DD	0x306F      	MOVLW      111
0x00DE	0x00AA      	MOVWF      42
0x00DF	0x01AB      	CLRF       _x
0x00E0	0x01AC      	CLRF       _decenas
0x00E1	0x01AD      	CLRF       _unidades
;Contador de pasajeros.c,9 :: 		void main()
;Contador de pasajeros.c,11 :: 		TRISA=0x13;   //Configurar RA0, RA1 y RA4 como entradas     0001 0011
0x00E2	0x3013      	MOVLW      19
0x00E3	0x1683      	BSF        STATUS, 5
0x00E4	0x0085      	MOVWF      TRISA
;Contador de pasajeros.c,12 :: 		ANSEL=0x03;   //"    "     RA0 y RA1 como entradas  análogas
0x00E5	0x3003      	MOVLW      3
0x00E6	0x1703      	BSF        STATUS, 6
0x00E7	0x0088      	MOVWF      ANSEL
;Contador de pasajeros.c,13 :: 		TRISB=0x00;  //Evitar ruido
0x00E8	0x0186      	CLRF       TRISB
;Contador de pasajeros.c,14 :: 		TRISC&=0x00;  //Configurar el puerto C como salida, Display
0x00E9	0x3000      	MOVLW      0
0x00EA	0x1303      	BCF        STATUS, 6
0x00EB	0x0587      	ANDWF      TRISC, 1
;Contador de pasajeros.c,15 :: 		TRISD=0x00;   //Configurar RD0, RD1, RD2 y RD3 como salidas, Habilitadores
0x00EC	0x0188      	CLRF       TRISD
;Contador de pasajeros.c,16 :: 		OPTION_REG=0xF8; //Configuración del timer
0x00ED	0x30F8      	MOVLW      248
0x00EE	0x0081      	MOVWF      OPTION_REG
;Contador de pasajeros.c,17 :: 		ADCON0=0xC1; //Configura "Conversion Clock" e inicia el ADC
0x00EF	0x30C1      	MOVLW      193
0x00F0	0x1283      	BCF        STATUS, 5
0x00F1	0x009F      	MOVWF      ADCON0
;Contador de pasajeros.c,18 :: 		ADCON1=0x00; //Justificación a la izquiera
0x00F2	0x1683      	BSF        STATUS, 5
0x00F3	0x019F      	CLRF       ADCON1
;Contador de pasajeros.c,19 :: 		PORTC=0x00; //Limpiar el puerto C
0x00F4	0x1283      	BCF        STATUS, 5
0x00F5	0x0187      	CLRF       PORTC
;Contador de pasajeros.c,20 :: 		TMR0=0x00;  //Limpia el Timer
0x00F6	0x0181      	CLRF       TMR0
;Contador de pasajeros.c,22 :: 		while (8)
L_main0:
;Contador de pasajeros.c,24 :: 		if (x==0)
0x00F7	0x082B      	MOVF       _x, 0
0x00F8	0x3A00      	XORLW      0
0x00F9	0x1D03      	BTFSS      STATUS, 2
0x00FA	0x28FD      	GOTO       L_main2
;Contador de pasajeros.c,26 :: 		PORTA.RA2=0;
0x00FB	0x1105      	BCF        PORTA, 2
;Contador de pasajeros.c,27 :: 		CompSens();
0x00FC	0x20A6      	CALL       _CompSens
;Contador de pasajeros.c,28 :: 		}
L_main2:
;Contador de pasajeros.c,30 :: 		if (TMR0)
0x00FD	0x0801      	MOVF       TMR0, 0
0x00FE	0x1903      	BTFSC      STATUS, 2
0x00FF	0x2901      	GOTO       L_main3
;Contador de pasajeros.c,32 :: 		conteo();
0x0100	0x2003      	CALL       _conteo
;Contador de pasajeros.c,33 :: 		}
L_main3:
;Contador de pasajeros.c,34 :: 		multiplexado (10);
0x0101	0x300A      	MOVLW      10
0x0102	0x00B3      	MOVWF      FARG_multiplexado_veces
0x0103	0x205A      	CALL       _multiplexado
;Contador de pasajeros.c,36 :: 		if (x!=0)
0x0104	0x082B      	MOVF       _x, 0
0x0105	0x3A00      	XORLW      0
0x0106	0x1903      	BTFSC      STATUS, 2
0x0107	0x2909      	GOTO       L_main4
;Contador de pasajeros.c,38 :: 		x-=1;
0x0108	0x03AB      	DECF       _x, 1
;Contador de pasajeros.c,39 :: 		}
L_main4:
;Contador de pasajeros.c,40 :: 		TMR0=0;
0x0109	0x0181      	CLRF       TMR0
;Contador de pasajeros.c,41 :: 		}
0x010A	0x28F7      	GOTO       L_main0
;Contador de pasajeros.c,42 :: 		}
L_end_main:
0x010B	0x290B      	GOTO       $+0
; end of _main
Symbol List:
//** Routines locations **
//ADDRESS    SIZE    PROCEDURE
//----------------------------------------------
0x0003      [25]    _conteo
0x001C       [7]    _____DoICP
0x0023      [55]    _LecturaSens
0x005A      [64]    _multiplexado
0x009A      [12]    ___CC2DW
0x00A6      [34]    _CompSens
0x00C8      [68]    _main
//** Variables locations ** 
//ADDRESS    SIZE    VARIABLE
//----------------------------------------------
0x0000       [1]    INDF
0x0001       [1]    TMR0
0x0002       [1]    PCL
0x0003       [1]    STATUS
0x0004       [1]    FSR
0x0005       [1]    PORTA
0x0007       [1]    PORTC
0x0008       [1]    PORTD
0x000A       [1]    PCLATH
0x001E       [1]    ADRESH
0x001F       [1]    ADCON0
0x0020       [1]    _centenas
0x0021      [10]    _TABLA
0x002B       [1]    _x
0x002C       [1]    _decenas
0x002D       [1]    _unidades
0x002E       [2]    ___DoICPAddr
0x0030       [1]    _reg
0x0031       [1]    _sensor1
0x0032       [1]    _sensor2
0x0033       [1]    FARG_multiplexado_veces
0x0070       [1]    R0
0x0071       [1]    R1
0x0072       [1]    R2
0x0073       [1]    R3
0x0074       [1]    R4
0x0075       [1]    R5
0x0076       [1]    R6
0x0077       [1]    R7
0x0078       [1]    R8
0x0079       [1]    R9
0x007A       [1]    R10
0x007B       [1]    R11
0x007C       [1]    R12
0x007D       [1]    R13
0x007E       [1]    R14
0x007F       [1]    R15
0x0081       [1]    OPTION_REG
0x0085       [1]    TRISA
0x0086       [1]    TRISB
0x0087       [1]    TRISC
0x0088       [1]    TRISD
0x009F       [1]    ADCON1
0x0188       [1]    ANSEL
//** Label List: ** 
//----------------------------------------------
  L_main0
  L_main1
  L_main2
  L_main3
  L_main4
  L_conteo5
  L_conteo6
  L_conteo7
  L_multiplexado8
  L_multiplexado9
  L_multiplexado10
  L_multiplexado11
  L_multiplexado12
  L_LecturaSens13
  L_LecturaSens14
  L_LecturaSens15
  L_LecturaSens16
  L_LecturaSens17
  L_LecturaSens18
  L_LecturaSens19
  L_LecturaSens20
  L_LecturaSens21
  L_LecturaSens22
  L_CompSens23
  L_CompSens24
  L_CompSens25
  L_CompSens26
  L_CompSens27
  L_CompSens28
  L_CompSens29
  L_CompSens30
  L__CompSens31
  L__CompSens32
  L_end_main
  _main
  L_end_conteo
  _conteo
  L_end_multiplexado
  _multiplexado
  L_end_LecturaSens
  _LecturaSens
  L_end_CompSens
  _CompSens
  L_loopCA2AWs
  L_CA2AWend
  _CCA2AW_Loop1
  L_loopCS2Ss
  L_CS2Send
  _CCS2S_Loop1
  L_CCS2Send
  L_loopFZinSWs
  L_FZinSend
  _CC2D_Loop1
  L_end_____DoICP
  _____DoICP
  L_end_____DoIFC
  _____DoIFC
  L_end___CA2AW
  ___CA2AW
  L_end___CCA2AW
  ___CCA2AW
  L_end___CS2S
  ___CS2S
  L_end___CCS2S
  ___CCS2S
  L_end___FZinS
  ___FZinS
  L_end___CC2DW
  ___CC2DW
  L_end_Swap
  _Swap
