;  LST file generated by mikroListExporter - v.2.0 
; Date/Time: 10/05/2015 09:42:16 p.m.
;----------------------------------------------

;Address Opcode 	ASM
0x0000	0x286E      	GOTO       110
_Enable:
;12 LCD.c,59 :: 		void Enable()
;12 LCD.c,61 :: 		PORTD=DB;
0x0003	0x1283      	BCF        STATUS, 5
0x0004	0x1303      	BCF        STATUS, 6
0x0005	0x0842      	MOVF       _DB, 0
0x0006	0x0088      	MOVWF      PORTD
;12 LCD.c,62 :: 		PORTE|=(1<<E);
0x0007	0x1509      	BSF        PORTE, 2
;12 LCD.c,63 :: 		delay_ms(2);
0x0008	0x3003      	MOVLW      3
0x0009	0x00FC      	MOVWF      R12
0x000A	0x3097      	MOVLW      151
0x000B	0x00FD      	MOVWF      R13
L_Enable3:
0x000C	0x0BFD      	DECFSZ     R13, 1
0x000D	0x280C      	GOTO       L_Enable3
0x000E	0x0BFC      	DECFSZ     R12, 1
0x000F	0x280C      	GOTO       L_Enable3
0x0010	0x0000      	NOP
0x0011	0x0000      	NOP
;12 LCD.c,64 :: 		PORTE&=~((1<<E));
0x0012	0x1109      	BCF        PORTE, 2
;12 LCD.c,65 :: 		}
L_end_Enable:
0x0013	0x0008      	RETURN
; end of _Enable
_____DoICP:
;__Lib_System.c,6 :: 		
;__Lib_System.c,9 :: 		
0x0014	0x1283      	BCF        STATUS, 5
0x0015	0x1303      	BCF        STATUS, 6
0x0016	0x0841      	MOVF       ___DoICPAddr+1, 0
0x0017	0x008A      	MOVWF      PCLATH
;__Lib_System.c,10 :: 		
0x0018	0x0840      	MOVF       ___DoICPAddr, 0
0x0019	0x0082      	MOVWF      PCL
;__Lib_System.c,12 :: 		
L_end_____DoICP:
0x001A	0x0008      	RETURN
; end of _____DoICP
_CADENA2:
;12 LCD.c,84 :: 		void CADENA2(void)
;12 LCD.c,86 :: 		unsigned char i=0;
0x001B	0x1283      	BCF        STATUS, 5
0x001C	0x1303      	BCF        STATUS, 6
0x001D	0x01C3      	CLRF       CADENA2_i_L0
;12 LCD.c,88 :: 		PORTE|=(1<<RS);
0x001E	0x1409      	BSF        PORTE, 0
;12 LCD.c,90 :: 		while ((TEXTO2[i]!='\n'))
L_CADENA27:
0x001F	0x0843      	MOVF       CADENA2_i_L0, 0
0x0020	0x3E32      	ADDLW      _TEXTO2
0x0021	0x0084      	MOVWF      FSR
0x0022	0x0800      	MOVF       INDF, 0
0x0023	0x00F1      	MOVWF      R1
0x0024	0x0871      	MOVF       R1, 0
0x0025	0x3A0A      	XORLW      10
0x0026	0x1903      	BTFSC      STATUS, 2
0x0027	0x283C      	GOTO       L_CADENA28
;12 LCD.c,92 :: 		DB=TEXTO2[i];
0x0028	0x0843      	MOVF       CADENA2_i_L0, 0
0x0029	0x3E32      	ADDLW      _TEXTO2
0x002A	0x0084      	MOVWF      FSR
0x002B	0x0800      	MOVF       INDF, 0
0x002C	0x00F0      	MOVWF      R0
0x002D	0x0870      	MOVF       R0, 0
0x002E	0x00C2      	MOVWF      _DB
;12 LCD.c,93 :: 		Enable();
0x002F	0x2003      	CALL       _Enable
;12 LCD.c,94 :: 		i++;
0x0030	0x0AC3      	INCF       CADENA2_i_L0, 1
;12 LCD.c,95 :: 		delay_ms(100);
0x0031	0x3082      	MOVLW      130
0x0032	0x00FC      	MOVWF      R12
0x0033	0x30DD      	MOVLW      221
0x0034	0x00FD      	MOVWF      R13
L_CADENA29:
0x0035	0x0BFD      	DECFSZ     R13, 1
0x0036	0x2835      	GOTO       L_CADENA29
0x0037	0x0BFC      	DECFSZ     R12, 1
0x0038	0x2835      	GOTO       L_CADENA29
0x0039	0x0000      	NOP
0x003A	0x0000      	NOP
;12 LCD.c,96 :: 		}
0x003B	0x281F      	GOTO       L_CADENA27
L_CADENA28:
;12 LCD.c,98 :: 		PORTE&=((1<<RS));
0x003C	0x3001      	MOVLW      1
0x003D	0x0589      	ANDWF      PORTE, 1
;12 LCD.c,99 :: 		}
L_end_CADENA2:
0x003E	0x0008      	RETURN
; end of _CADENA2
___CC2DW:
;__Lib_System.c,134 :: 		
;__Lib_System.c,137 :: 		
_CC2D_Loop1:
;__Lib_System.c,139 :: 		
0x003F	0x2014      	CALL       _____DoICP
0x0040	0x118A      	BCF        PCLATH, 3
0x0041	0x120A      	BCF        PCLATH, 4
;__Lib_System.c,141 :: 		
0x0042	0x0080      	MOVWF      INDF
;__Lib_System.c,142 :: 		
0x0043	0x0A84      	INCF       FSR, 1
;__Lib_System.c,143 :: 		
0x0044	0x0AC0      	INCF       ___DoICPAddr, 1
;__Lib_System.c,145 :: 		
0x0045	0x1903      	BTFSC      STATUS, 2
;__Lib_System.c,146 :: 		
0x0046	0x0AC1      	INCF       ___DoICPAddr+1, 1
;__Lib_System.c,147 :: 		
0x0047	0x03F0      	DECF       R0, 1
;__Lib_System.c,149 :: 		
0x0048	0x1D03      	BTFSS      STATUS, 2
;__Lib_System.c,150 :: 		
0x0049	0x283F      	GOTO       _CC2D_Loop1
;__Lib_System.c,152 :: 		
L_end___CC2DW:
0x004A	0x0008      	RETURN
; end of ___CC2DW
_Cadena1:
;12 LCD.c,67 :: 		void Cadena1()
;12 LCD.c,69 :: 		unsigned char i=0;
0x004B	0x1283      	BCF        STATUS, 5
0x004C	0x1303      	BCF        STATUS, 6
0x004D	0x01C3      	CLRF       Cadena1_i_L0
;12 LCD.c,71 :: 		PORTE|=(1<<RS);
0x004E	0x1409      	BSF        PORTE, 0
;12 LCD.c,73 :: 		while ((TEXTO1[i]!='\n'))
L_Cadena14:
0x004F	0x0843      	MOVF       Cadena1_i_L0, 0
0x0050	0x3E20      	ADDLW      _TEXTO1
0x0051	0x0084      	MOVWF      FSR
0x0052	0x0800      	MOVF       INDF, 0
0x0053	0x00F1      	MOVWF      R1
0x0054	0x0871      	MOVF       R1, 0
0x0055	0x3A0A      	XORLW      10
0x0056	0x1903      	BTFSC      STATUS, 2
0x0057	0x286C      	GOTO       L_Cadena15
;12 LCD.c,75 :: 		DB=TEXTO1[i];
0x0058	0x0843      	MOVF       Cadena1_i_L0, 0
0x0059	0x3E20      	ADDLW      _TEXTO1
0x005A	0x0084      	MOVWF      FSR
0x005B	0x0800      	MOVF       INDF, 0
0x005C	0x00F0      	MOVWF      R0
0x005D	0x0870      	MOVF       R0, 0
0x005E	0x00C2      	MOVWF      _DB
;12 LCD.c,76 :: 		Enable();
0x005F	0x2003      	CALL       _Enable
;12 LCD.c,77 :: 		i++;
0x0060	0x0AC3      	INCF       Cadena1_i_L0, 1
;12 LCD.c,78 :: 		delay_ms(10);
0x0061	0x300D      	MOVLW      13
0x0062	0x00FC      	MOVWF      R12
0x0063	0x30FB      	MOVLW      251
0x0064	0x00FD      	MOVWF      R13
L_Cadena16:
0x0065	0x0BFD      	DECFSZ     R13, 1
0x0066	0x2865      	GOTO       L_Cadena16
0x0067	0x0BFC      	DECFSZ     R12, 1
0x0068	0x2865      	GOTO       L_Cadena16
0x0069	0x0000      	NOP
0x006A	0x0000      	NOP
;12 LCD.c,79 :: 		}
0x006B	0x284F      	GOTO       L_Cadena14
L_Cadena15:
;12 LCD.c,81 :: 		PORTE&=~((1<<RS));
0x006C	0x1009      	BCF        PORTE, 0
;12 LCD.c,82 :: 		}
L_end_Cadena1:
0x006D	0x0008      	RETURN
; end of _Cadena1
_main:
0x006E	0x3020      	MOVLW      32
0x006F	0x1283      	BCF        STATUS, 5
0x0070	0x1303      	BCF        STATUS, 6
0x0071	0x00A0      	MOVWF      _TEXTO1
0x0072	0x3043      	MOVLW      67
0x0073	0x00A1      	MOVWF      33
0x0074	0x3020      	MOVLW      32
0x0075	0x00A2      	MOVWF      34
0x0076	0x3063      	MOVLW      99
0x0077	0x00A3      	MOVWF      35
0x0078	0x306F      	MOVLW      111
0x0079	0x00A4      	MOVWF      36
0x007A	0x306E      	MOVLW      110
0x007B	0x00A5      	MOVWF      37
0x007C	0x3020      	MOVLW      32
0x007D	0x00A6      	MOVWF      38
0x007E	0x3065      	MOVLW      101
0x007F	0x00A7      	MOVWF      39
0x0080	0x306C      	MOVLW      108
0x0081	0x00A8      	MOVWF      40
0x0082	0x3020      	MOVLW      32
0x0083	0x00A9      	MOVWF      41
0x0084	0x304D      	MOVLW      77
0x0085	0x00AA      	MOVWF      42
0x0086	0x3049      	MOVLW      73
0x0087	0x00AB      	MOVWF      43
0x0088	0x3043      	MOVLW      67
0x0089	0x00AC      	MOVWF      44
0x008A	0x3052      	MOVLW      82
0x008B	0x00AD      	MOVWF      45
0x008C	0x304F      	MOVLW      79
0x008D	0x00AE      	MOVWF      46
0x008E	0x3020      	MOVLW      32
0x008F	0x00AF      	MOVWF      47
0x0090	0x300A      	MOVLW      10
0x0091	0x00B0      	MOVWF      48
0x0092	0x01B1      	CLRF       49
0x0093	0x3020      	MOVLW      32
0x0094	0x00B2      	MOVWF      _TEXTO2
0x0095	0x3020      	MOVLW      32
0x0096	0x00B3      	MOVWF      51
0x0097	0x3020      	MOVLW      32
0x0098	0x00B4      	MOVWF      52
0x0099	0x3050      	MOVLW      80
0x009A	0x00B5      	MOVWF      53
0x009B	0x3049      	MOVLW      73
0x009C	0x00B6      	MOVWF      54
0x009D	0x3043      	MOVLW      67
0x009E	0x00B7      	MOVWF      55
0x009F	0x3031      	MOVLW      49
0x00A0	0x00B8      	MOVWF      56
0x00A1	0x3036      	MOVLW      54
0x00A2	0x00B9      	MOVWF      57
0x00A3	0x3046      	MOVLW      70
0x00A4	0x00BA      	MOVWF      58
0x00A5	0x3038      	MOVLW      56
0x00A6	0x00BB      	MOVWF      59
0x00A7	0x3038      	MOVLW      56
0x00A8	0x00BC      	MOVWF      60
0x00A9	0x3037      	MOVLW      55
0x00AA	0x00BD      	MOVWF      61
0x00AB	0x300A      	MOVLW      10
0x00AC	0x00BE      	MOVWF      62
0x00AD	0x01BF      	CLRF       63
;12 LCD.c,32 :: 		void main()
;12 LCD.c,34 :: 		ANSEL=0;
0x00AE	0x1683      	BSF        STATUS, 5
0x00AF	0x1703      	BSF        STATUS, 6
0x00B0	0x0188      	CLRF       ANSEL
;12 LCD.c,35 :: 		PORTE&=(0<<RS|0<<RW|0<<E);
0x00B1	0x3000      	MOVLW      0
0x00B2	0x1283      	BCF        STATUS, 5
0x00B3	0x1303      	BCF        STATUS, 6
0x00B4	0x0589      	ANDWF      PORTE, 1
;12 LCD.c,36 :: 		PORTD=0x30;
0x00B5	0x3030      	MOVLW      48
0x00B6	0x0088      	MOVWF      PORTD
;12 LCD.c,37 :: 		TRISE&=(0<<RS|0<<RW|0<<E);
0x00B7	0x3000      	MOVLW      0
0x00B8	0x1683      	BSF        STATUS, 5
0x00B9	0x0589      	ANDWF      TRISE, 1
;12 LCD.c,38 :: 		TRISD=0;
0x00BA	0x0188      	CLRF       TRISD
;12 LCD.c,40 :: 		delay_ms(50);
0x00BB	0x3041      	MOVLW      65
0x00BC	0x00FC      	MOVWF      R12
0x00BD	0x30EE      	MOVLW      238
0x00BE	0x00FD      	MOVWF      R13
L_main0:
0x00BF	0x0BFD      	DECFSZ     R13, 1
0x00C0	0x28BF      	GOTO       L_main0
0x00C1	0x0BFC      	DECFSZ     R12, 1
0x00C2	0x28BF      	GOTO       L_main0
0x00C3	0x0000      	NOP
;12 LCD.c,42 :: 		DB=0x03C;  //00 0011 1100 Configuración
0x00C4	0x303C      	MOVLW      60
0x00C5	0x1283      	BCF        STATUS, 5
0x00C6	0x00C2      	MOVWF      _DB
;12 LCD.c,43 :: 		Enable();
0x00C7	0x2003      	CALL       _Enable
;12 LCD.c,44 :: 		DB=0x00F; //00000001111 Activar Display
0x00C8	0x300F      	MOVLW      15
0x00C9	0x00C2      	MOVWF      _DB
;12 LCD.c,45 :: 		Enable();
0x00CA	0x2003      	CALL       _Enable
;12 LCD.c,46 :: 		DB=0x01; //Clear Display
0x00CB	0x3001      	MOVLW      1
0x00CC	0x00C2      	MOVWF      _DB
;12 LCD.c,47 :: 		Enable();
0x00CD	0x2003      	CALL       _Enable
;12 LCD.c,48 :: 		DB=0x006; //Mover el cursor
0x00CE	0x3006      	MOVLW      6
0x00CF	0x00C2      	MOVWF      _DB
;12 LCD.c,49 :: 		Enable();
0x00D0	0x2003      	CALL       _Enable
;12 LCD.c,50 :: 		Cadena1();
0x00D1	0x204B      	CALL       _Cadena1
;12 LCD.c,51 :: 		DB=0x0C0; //Set DDRAM
0x00D2	0x30C0      	MOVLW      192
0x00D3	0x00C2      	MOVWF      _DB
;12 LCD.c,52 :: 		Enable();
0x00D4	0x2003      	CALL       _Enable
;12 LCD.c,53 :: 		Cadena2();
0x00D5	0x201B      	CALL       _CADENA2
;12 LCD.c,56 :: 		while (8);
L_main1:
0x00D6	0x28D6      	GOTO       L_main1
;12 LCD.c,57 :: 		}
L_end_main:
0x00D7	0x28D7      	GOTO       $+0
; end of _main
Symbol List:
//** Routines locations **
//ADDRESS    SIZE    PROCEDURE
//----------------------------------------------
0x0003      [17]    _Enable
0x0014       [7]    _____DoICP
0x001B      [36]    _CADENA2
0x003F      [12]    ___CC2DW
0x004B      [35]    _Cadena1
0x006E     [106]    _main
//** Variables locations ** 
//ADDRESS    SIZE    VARIABLE
//----------------------------------------------
0x0000       [1]    INDF
0x0002       [1]    PCL
0x0003       [1]    STATUS
0x0004       [1]    FSR
0x0008       [1]    PORTD
0x0009       [1]    PORTE
0x000A       [1]    PCLATH
0x0020      [18]    _TEXTO1
0x0032      [14]    _TEXTO2
0x0040       [2]    ___DoICPAddr
0x0042       [1]    _DB
0x0043       [1]    CADENA2_i_L0
0x0043       [1]    Cadena1_i_L0
0x0070       [1]    R0
0x0071       [1]    R1
0x0072       [1]    R2
0x0073       [1]    R3
0x0074       [1]    R4
0x0075       [1]    R5
0x0076       [1]    R6
0x0077       [1]    R7
0x0078       [1]    R8
0x0079       [1]    R9
0x007A       [1]    R10
0x007B       [1]    R11
0x007C       [1]    R12
0x007D       [1]    R13
0x007E       [1]    R14
0x007F       [1]    R15
0x0088       [1]    TRISD
0x0089       [1]    TRISE
0x0188       [1]    ANSEL
//** Label List: ** 
//----------------------------------------------
  L_main0
  L_main1
  L_main2
  L_Enable3
  L_Cadena14
  L_Cadena15
  L_Cadena16
  L_CADENA27
  L_CADENA28
  L_CADENA29
  L_end_main
  _main
  L_end_Enable
  _Enable
  L_end_Cadena1
  _Cadena1
  L_end_CADENA2
  _CADENA2
  L_loopCA2AWs
  L_CA2AWend
  _CCA2AW_Loop1
  L_loopCS2Ss
  L_CS2Send
  _CCS2S_Loop1
  L_CCS2Send
  L_loopFZinSWs
  L_FZinSend
  _CC2D_Loop1
  L_end_____DoICP
  _____DoICP
  L_end_____DoIFC
  _____DoIFC
  L_end___CA2AW
  ___CA2AW
  L_end___CCA2AW
  ___CCA2AW
  L_end___CS2S
  ___CS2S
  L_end___CCS2S
  ___CCS2S
  L_end___FZinS
  ___FZinS
  L_end___CC2DW
  ___CC2DW
  L_end_Swap
  _Swap
