;  LST file generated by mikroListExporter - v.2.0 
; Date/Time: 20/05/2015 12:48:04 p. m.
;----------------------------------------------

;Address Opcode 	ASM
0x0000	0x2BBD      	GOTO       957
_interrupt:
0x0004	0x00FF      	MOVWF      R15
0x0005	0x0E03      	SWAPF      STATUS, 0
0x0006	0x0183      	CLRF       STATUS
0x0007	0x00D7      	MOVWF      ___saveSTATUS
0x0008	0x080A      	MOVF       PCLATH, 0
0x0009	0x00D5      	MOVWF      ___savePCLATH
0x000A	0x018A      	CLRF       PCLATH
0x000B	0x0870      	MOVF       R0, 0
0x000C	0x00A4      	MOVWF      36
0x000D	0x0871      	MOVF       R1, 0
0x000E	0x00A3      	MOVWF      35
0x000F	0x0872      	MOVF       R2, 0
0x0010	0x00A2      	MOVWF      34
0x0011	0x0873      	MOVF       R3, 0
0x0012	0x00A1      	MOVWF      33
;Frecuencimetro TMR1.c,69 :: 		void interrupt(){
;Frecuencimetro TMR1.c,70 :: 		if (PIR1.TMR1IF){
0x0013	0x1C0C      	BTFSS      PIR1, 0
0x0014	0x282D      	GOTO       L_interrupt3
;Frecuencimetro TMR1.c,71 :: 		cuenta++;
0x0015	0x0829      	MOVF       _cuenta, 0
0x0016	0x00F0      	MOVWF      R0
0x0017	0x082A      	MOVF       _cuenta+1, 0
0x0018	0x00F1      	MOVWF      R0+1
0x0019	0x082B      	MOVF       _cuenta+2, 0
0x001A	0x00F2      	MOVWF      R0+2
0x001B	0x082C      	MOVF       _cuenta+3, 0
0x001C	0x00F3      	MOVWF      R0+3
0x001D	0x0AF0      	INCF       R0, 1
0x001E	0x1903      	BTFSC      STATUS, 2
0x001F	0x0AF1      	INCF       R0+1, 1
0x0020	0x1903      	BTFSC      STATUS, 2
0x0021	0x0AF2      	INCF       R0+2, 1
0x0022	0x1903      	BTFSC      STATUS, 2
0x0023	0x0AF3      	INCF       R0+3, 1
0x0024	0x0870      	MOVF       R0, 0
0x0025	0x00A9      	MOVWF      _cuenta
0x0026	0x0871      	MOVF       R0+1, 0
0x0027	0x00AA      	MOVWF      _cuenta+1
0x0028	0x0872      	MOVF       R0+2, 0
0x0029	0x00AB      	MOVWF      _cuenta+2
0x002A	0x0873      	MOVF       R0+3, 0
0x002B	0x00AC      	MOVWF      _cuenta+3
;Frecuencimetro TMR1.c,72 :: 		PIR1.TMR1IF = 0;
0x002C	0x100C      	BCF        PIR1, 0
;Frecuencimetro TMR1.c,73 :: 		}
L_interrupt3:
;Frecuencimetro TMR1.c,74 :: 		}
L_end_interrupt:
L__interrupt7:
0x002D	0x0824      	MOVF       36, 0
0x002E	0x00F0      	MOVWF      R0
0x002F	0x0823      	MOVF       35, 0
0x0030	0x00F1      	MOVWF      R1
0x0031	0x0822      	MOVF       34, 0
0x0032	0x00F2      	MOVWF      R2
0x0033	0x0821      	MOVF       33, 0
0x0034	0x00F3      	MOVWF      R3
0x0035	0x0855      	MOVF       ___savePCLATH, 0
0x0036	0x008A      	MOVWF      PCLATH
0x0037	0x0E57      	SWAPF      ___saveSTATUS, 0
0x0038	0x0083      	MOVWF      STATUS
0x0039	0x0EFF      	SWAPF      R15, 1
0x003A	0x0E7F      	SWAPF      R15, 0
0x003B	0x0009      	RETFIE
; end of _interrupt
_Delay_1us:
;__Lib_Delays.c,7 :: 		void Delay_1us() {
;__Lib_Delays.c,8 :: 		Delay_us(1);
0x003C	0x0000      	NOP
;__Lib_Delays.c,9 :: 		}
L_end_Delay_1us:
0x003D	0x0008      	RETURN
; end of _Delay_1us
_Delay_5500us:
;__Lib_Delays.c,31 :: 		void Delay_5500us() {
;__Lib_Delays.c,32 :: 		Delay_us(5500);
0x003E	0x3008      	MOVLW      8
0x003F	0x1283      	BCF        STATUS, 5
0x0040	0x1303      	BCF        STATUS, 6
0x0041	0x00FC      	MOVWF      R12
0x0042	0x3023      	MOVLW      35
0x0043	0x00FD      	MOVWF      R13
L_Delay_5500us5:
0x0044	0x0BFD      	DECFSZ     R13, 1
0x0045	0x2844      	GOTO       L_Delay_5500us5
0x0046	0x0BFC      	DECFSZ     R12, 1
0x0047	0x2844      	GOTO       L_Delay_5500us5
;__Lib_Delays.c,33 :: 		}
L_end_Delay_5500us:
0x0048	0x0008      	RETURN
; end of _Delay_5500us
_Delay_50us:
;__Lib_Delays.c,19 :: 		void Delay_50us() {
;__Lib_Delays.c,20 :: 		Delay_us(50);
0x0049	0x3010      	MOVLW      16
0x004A	0x1283      	BCF        STATUS, 5
0x004B	0x1303      	BCF        STATUS, 6
0x004C	0x00FD      	MOVWF      R13
L_Delay_50us2:
0x004D	0x0BFD      	DECFSZ     R13, 1
0x004E	0x284D      	GOTO       L_Delay_50us2
0x004F	0x0000      	NOP
;__Lib_Delays.c,21 :: 		}
L_end_Delay_50us:
0x0050	0x0008      	RETURN
; end of _Delay_50us
_Lcd_Cmd:
;__Lib_Lcd.c,18 :: 		
;__Lib_Lcd.c,20 :: 		
0x0051	0x1283      	BCF        STATUS, 5
0x0052	0x1303      	BCF        STATUS, 6
0x0053	0x1BED      	BTFSC      FARG_Lcd_Cmd_out_char, 7
0x0054	0x2857      	GOTO       L__Lcd_Cmd21
0x0055	0x1386      	BCF        LCD_D7, BitPos(LCD_D7+0)
0x0056	0x2858      	GOTO       L__Lcd_Cmd22
L__Lcd_Cmd21:
0x0057	0x1786      	BSF        LCD_D7, BitPos(LCD_D7+0)
L__Lcd_Cmd22:
;__Lib_Lcd.c,21 :: 		
0x0058	0x1B6D      	BTFSC      FARG_Lcd_Cmd_out_char, 6
0x0059	0x285C      	GOTO       L__Lcd_Cmd23
0x005A	0x1306      	BCF        LCD_D6, BitPos(LCD_D6+0)
0x005B	0x285D      	GOTO       L__Lcd_Cmd24
L__Lcd_Cmd23:
0x005C	0x1706      	BSF        LCD_D6, BitPos(LCD_D6+0)
L__Lcd_Cmd24:
;__Lib_Lcd.c,22 :: 		
0x005D	0x1AED      	BTFSC      FARG_Lcd_Cmd_out_char, 5
0x005E	0x2861      	GOTO       L__Lcd_Cmd25
0x005F	0x1286      	BCF        LCD_D5, BitPos(LCD_D5+0)
0x0060	0x2862      	GOTO       L__Lcd_Cmd26
L__Lcd_Cmd25:
0x0061	0x1686      	BSF        LCD_D5, BitPos(LCD_D5+0)
L__Lcd_Cmd26:
;__Lib_Lcd.c,23 :: 		
0x0062	0x1A6D      	BTFSC      FARG_Lcd_Cmd_out_char, 4
0x0063	0x2866      	GOTO       L__Lcd_Cmd27
0x0064	0x1206      	BCF        LCD_D4, BitPos(LCD_D4+0)
0x0065	0x2867      	GOTO       L__Lcd_Cmd28
L__Lcd_Cmd27:
0x0066	0x1606      	BSF        LCD_D4, BitPos(LCD_D4+0)
L__Lcd_Cmd28:
;__Lib_Lcd.c,25 :: 		
0x0067	0x1856      	BTFSC      __Lib_Lcd_cmd_status, BitPos(__Lib_Lcd_cmd_status+0)
0x0068	0x286B      	GOTO       L__Lcd_Cmd29
0x0069	0x1506      	BSF        LCD_RS, BitPos(LCD_RS+0)
0x006A	0x286C      	GOTO       L__Lcd_Cmd30
L__Lcd_Cmd29:
0x006B	0x1106      	BCF        LCD_RS, BitPos(LCD_RS+0)
L__Lcd_Cmd30:
;__Lib_Lcd.c,28 :: 		
0x006C	0x1586      	BSF        LCD_EN, BitPos(LCD_EN+0)
;__Lib_Lcd.c,29 :: 		
0x006D	0x203C      	CALL       _Delay_1us
;__Lib_Lcd.c,30 :: 		
0x006E	0x1186      	BCF        LCD_EN, BitPos(LCD_EN+0)
;__Lib_Lcd.c,33 :: 		
0x006F	0x19ED      	BTFSC      FARG_Lcd_Cmd_out_char, 3
0x0070	0x2873      	GOTO       L__Lcd_Cmd31
0x0071	0x1386      	BCF        LCD_D7, BitPos(LCD_D7+0)
0x0072	0x2874      	GOTO       L__Lcd_Cmd32
L__Lcd_Cmd31:
0x0073	0x1786      	BSF        LCD_D7, BitPos(LCD_D7+0)
L__Lcd_Cmd32:
;__Lib_Lcd.c,34 :: 		
0x0074	0x196D      	BTFSC      FARG_Lcd_Cmd_out_char, 2
0x0075	0x2878      	GOTO       L__Lcd_Cmd33
0x0076	0x1306      	BCF        LCD_D6, BitPos(LCD_D6+0)
0x0077	0x2879      	GOTO       L__Lcd_Cmd34
L__Lcd_Cmd33:
0x0078	0x1706      	BSF        LCD_D6, BitPos(LCD_D6+0)
L__Lcd_Cmd34:
;__Lib_Lcd.c,35 :: 		
0x0079	0x18ED      	BTFSC      FARG_Lcd_Cmd_out_char, 1
0x007A	0x287D      	GOTO       L__Lcd_Cmd35
0x007B	0x1286      	BCF        LCD_D5, BitPos(LCD_D5+0)
0x007C	0x287E      	GOTO       L__Lcd_Cmd36
L__Lcd_Cmd35:
0x007D	0x1686      	BSF        LCD_D5, BitPos(LCD_D5+0)
L__Lcd_Cmd36:
;__Lib_Lcd.c,36 :: 		
0x007E	0x186D      	BTFSC      FARG_Lcd_Cmd_out_char, 0
0x007F	0x2882      	GOTO       L__Lcd_Cmd37
0x0080	0x1206      	BCF        LCD_D4, BitPos(LCD_D4+0)
0x0081	0x2883      	GOTO       L__Lcd_Cmd38
L__Lcd_Cmd37:
0x0082	0x1606      	BSF        LCD_D4, BitPos(LCD_D4+0)
L__Lcd_Cmd38:
;__Lib_Lcd.c,38 :: 		
0x0083	0x1856      	BTFSC      __Lib_Lcd_cmd_status, BitPos(__Lib_Lcd_cmd_status+0)
0x0084	0x2887      	GOTO       L__Lcd_Cmd39
0x0085	0x1506      	BSF        LCD_RS, BitPos(LCD_RS+0)
0x0086	0x2888      	GOTO       L__Lcd_Cmd40
L__Lcd_Cmd39:
0x0087	0x1106      	BCF        LCD_RS, BitPos(LCD_RS+0)
L__Lcd_Cmd40:
;__Lib_Lcd.c,40 :: 		
0x0088	0x1586      	BSF        LCD_EN, BitPos(LCD_EN+0)
;__Lib_Lcd.c,41 :: 		
0x0089	0x203C      	CALL       _Delay_1us
;__Lib_Lcd.c,42 :: 		
0x008A	0x1186      	BCF        LCD_EN, BitPos(LCD_EN+0)
;__Lib_Lcd.c,44 :: 		
0x008B	0x1C56      	BTFSS      __Lib_Lcd_cmd_status, BitPos(__Lib_Lcd_cmd_status+0)
0x008C	0x288F      	GOTO       L_Lcd_Cmd0
;__Lib_Lcd.c,45 :: 		
0x008D	0x203E      	CALL       _Delay_5500us
0x008E	0x2890      	GOTO       L_Lcd_Cmd1
L_Lcd_Cmd0:
;__Lib_Lcd.c,47 :: 		
0x008F	0x2049      	CALL       _Delay_50us
L_Lcd_Cmd1:
;__Lib_Lcd.c,48 :: 		
L_end_Lcd_Cmd:
0x0090	0x0008      	RETURN
; end of _Lcd_Cmd
_Div_32x32_U:
;__Lib_Math.c,1317 :: 		
;__Lib_Math.c,1326 :: 		
;__Lib_Math.c,1328 :: 		
0x0091	0x1283      	BCF        STATUS, 5
;__Lib_Math.c,1329 :: 		
0x0092	0x1303      	BCF        STATUS, 6
;__Lib_Math.c,1330 :: 		
0x0093	0x01FB      	CLRF       R11
;__Lib_Math.c,1331 :: 		
0x0094	0x01FA      	CLRF       R10
;__Lib_Math.c,1332 :: 		
0x0095	0x01F9      	CLRF       R9
;__Lib_Math.c,1333 :: 		
0x0096	0x01F8      	CLRF       R8
;__Lib_Math.c,1335 :: 		
0x0097	0x01A0      	CLRF       ___math_tempb
;__Lib_Math.c,1337 :: 		
0x0098	0x0D73      	RLF        R3, 0
;__Lib_Math.c,1338 :: 		
0x0099	0x0DF8      	RLF        R8, 1
;__Lib_Math.c,1339 :: 		
0x009A	0x0874      	MOVF       R4, 0
;__Lib_Math.c,1340 :: 		
0x009B	0x02F8      	SUBWF      R8, 1
;__Lib_Math.c,1341 :: 		
0x009C	0x0875      	MOVF       R5, 0
;__Lib_Math.c,1342 :: 		
0x009D	0x1C03      	BTFSS      STATUS, 0
;__Lib_Math.c,1343 :: 		
0x009E	0x0F75      	INCFSZ     R5, 0
;__Lib_Math.c,1344 :: 		
0x009F	0x02F9      	SUBWF      R9, 1
;__Lib_Math.c,1345 :: 		
0x00A0	0x0876      	MOVF       R6, 0
;__Lib_Math.c,1346 :: 		
0x00A1	0x1C03      	BTFSS      STATUS, 0
;__Lib_Math.c,1347 :: 		
0x00A2	0x0F76      	INCFSZ     R6, 0
;__Lib_Math.c,1348 :: 		
0x00A3	0x02FA      	SUBWF      R10, 1
;__Lib_Math.c,1349 :: 		
0x00A4	0x0877      	MOVF       R7, 0
;__Lib_Math.c,1350 :: 		
0x00A5	0x1C03      	BTFSS      STATUS, 0
;__Lib_Math.c,1351 :: 		
0x00A6	0x0F77      	INCFSZ     R7, 0
;__Lib_Math.c,1352 :: 		
0x00A7	0x02FB      	SUBWF      R11, 1
;__Lib_Math.c,1354 :: 		
0x00A8	0x0100      	CLRW
;__Lib_Math.c,1355 :: 		
0x00A9	0x1C03      	BTFSS      STATUS, 0
;__Lib_Math.c,1356 :: 		
0x00AA	0x3001      	MOVLW      1
;__Lib_Math.c,1357 :: 		
0x00AB	0x02A0      	SUBWF      ___math_tempb, 1
;__Lib_Math.c,1358 :: 		
0x00AC	0x0DF3      	RLF        R3, 1
;__Lib_Math.c,1360 :: 		
0x00AD	0x3007      	MOVLW      7
;__Lib_Math.c,1361 :: 		
0x00AE	0x00FC      	MOVWF      R12
;__Lib_Math.c,1363 :: 		
LOOPU3232A:
;__Lib_Math.c,1364 :: 		
0x00AF	0x0D73      	RLF        R3, 0
;__Lib_Math.c,1365 :: 		
0x00B0	0x0DF8      	RLF        R8, 1
;__Lib_Math.c,1366 :: 		
0x00B1	0x0DF9      	RLF        R9, 1
;__Lib_Math.c,1367 :: 		
0x00B2	0x0DFA      	RLF        R10, 1
;__Lib_Math.c,1368 :: 		
0x00B3	0x0DFB      	RLF        R11, 1
;__Lib_Math.c,1369 :: 		
0x00B4	0x0DA0      	RLF        ___math_tempb, 1
;__Lib_Math.c,1370 :: 		
0x00B5	0x0874      	MOVF       R4, 0
;__Lib_Math.c,1371 :: 		
0x00B6	0x1C73      	BTFSS      R3, 0
;__Lib_Math.c,1372 :: 		
0x00B7	0x28CA      	GOTO       UADD22LA
;__Lib_Math.c,1374 :: 		
0x00B8	0x02F8      	SUBWF      R8, 1
;__Lib_Math.c,1375 :: 		
0x00B9	0x0875      	MOVF       R5, 0
;__Lib_Math.c,1376 :: 		
0x00BA	0x1C03      	BTFSS      STATUS, 0
;__Lib_Math.c,1377 :: 		
0x00BB	0x0F75      	INCFSZ     R5, 0
;__Lib_Math.c,1378 :: 		
0x00BC	0x02F9      	SUBWF      R9, 1
;__Lib_Math.c,1379 :: 		
0x00BD	0x0876      	MOVF       R6, 0
;__Lib_Math.c,1380 :: 		
0x00BE	0x1C03      	BTFSS      STATUS, 0
;__Lib_Math.c,1381 :: 		
0x00BF	0x0F76      	INCFSZ     R6, 0
;__Lib_Math.c,1382 :: 		
0x00C0	0x02FA      	SUBWF      R10, 1
;__Lib_Math.c,1383 :: 		
0x00C1	0x0877      	MOVF       R7, 0
;__Lib_Math.c,1384 :: 		
0x00C2	0x1C03      	BTFSS      STATUS, 0
;__Lib_Math.c,1385 :: 		
0x00C3	0x0F77      	INCFSZ     R7, 0
;__Lib_Math.c,1386 :: 		
0x00C4	0x02FB      	SUBWF      R11, 1
;__Lib_Math.c,1387 :: 		
0x00C5	0x0100      	CLRW
;__Lib_Math.c,1388 :: 		
0x00C6	0x1C03      	BTFSS      STATUS, 0
;__Lib_Math.c,1389 :: 		
0x00C7	0x3001      	MOVLW      1
;__Lib_Math.c,1390 :: 		
0x00C8	0x02A0      	SUBWF      ___math_tempb, 1
;__Lib_Math.c,1391 :: 		
0x00C9	0x28DB      	GOTO       UOK22LA
;__Lib_Math.c,1393 :: 		
UADD22LA:
;__Lib_Math.c,1394 :: 		
0x00CA	0x07F8      	ADDWF      R8, 1
;__Lib_Math.c,1395 :: 		
0x00CB	0x0875      	MOVF       R5, 0
;__Lib_Math.c,1396 :: 		
0x00CC	0x1803      	BTFSC      STATUS, 0
;__Lib_Math.c,1397 :: 		
0x00CD	0x0F75      	INCFSZ     R5, 0
;__Lib_Math.c,1398 :: 		
0x00CE	0x07F9      	ADDWF      R9, 1
;__Lib_Math.c,1399 :: 		
0x00CF	0x0876      	MOVF       R6, 0
;__Lib_Math.c,1400 :: 		
0x00D0	0x1803      	BTFSC      STATUS, 0
;__Lib_Math.c,1401 :: 		
0x00D1	0x0F76      	INCFSZ     R6, 0
;__Lib_Math.c,1402 :: 		
0x00D2	0x07FA      	ADDWF      R10, 1
;__Lib_Math.c,1403 :: 		
0x00D3	0x0877      	MOVF       R7, 0
;__Lib_Math.c,1404 :: 		
0x00D4	0x1803      	BTFSC      STATUS, 0
;__Lib_Math.c,1405 :: 		
0x00D5	0x0F77      	INCFSZ     R7, 0
;__Lib_Math.c,1406 :: 		
0x00D6	0x07FB      	ADDWF      R11, 1
;__Lib_Math.c,1407 :: 		
0x00D7	0x0100      	CLRW
;__Lib_Math.c,1408 :: 		
0x00D8	0x1803      	BTFSC      STATUS, 0
;__Lib_Math.c,1409 :: 		
0x00D9	0x3001      	MOVLW      1
;__Lib_Math.c,1410 :: 		
0x00DA	0x07A0      	ADDWF      ___math_tempb, 1
;__Lib_Math.c,1412 :: 		
UOK22LA:
;__Lib_Math.c,1413 :: 		
0x00DB	0x0DF3      	RLF        R3, 1
;__Lib_Math.c,1415 :: 		
0x00DC	0x0BFC      	DECFSZ     R12, 1
;__Lib_Math.c,1416 :: 		
0x00DD	0x28AF      	GOTO       LOOPU3232A
;__Lib_Math.c,1418 :: 		
0x00DE	0x0D72      	RLF        R2, 0
;__Lib_Math.c,1419 :: 		
0x00DF	0x0DF8      	RLF        R8, 1
;__Lib_Math.c,1420 :: 		
0x00E0	0x0DF9      	RLF        R9, 1
;__Lib_Math.c,1421 :: 		
0x00E1	0x0DFA      	RLF        R10, 1
;__Lib_Math.c,1422 :: 		
0x00E2	0x0DFB      	RLF        R11, 1
;__Lib_Math.c,1423 :: 		
0x00E3	0x0DA0      	RLF        ___math_tempb, 1
;__Lib_Math.c,1424 :: 		
0x00E4	0x0874      	MOVF       R4, 0
;__Lib_Math.c,1425 :: 		
0x00E5	0x1C73      	BTFSS      R3, 0
;__Lib_Math.c,1426 :: 		
0x00E6	0x28F9      	GOTO       UADD22L8
;__Lib_Math.c,1428 :: 		
0x00E7	0x02F8      	SUBWF      R8, 1
;__Lib_Math.c,1429 :: 		
0x00E8	0x0875      	MOVF       R5, 0
;__Lib_Math.c,1430 :: 		
0x00E9	0x1C03      	BTFSS      STATUS, 0
;__Lib_Math.c,1431 :: 		
0x00EA	0x0F75      	INCFSZ     R5, 0
;__Lib_Math.c,1432 :: 		
0x00EB	0x02F9      	SUBWF      R9, 1
;__Lib_Math.c,1433 :: 		
0x00EC	0x0876      	MOVF       R6, 0
;__Lib_Math.c,1434 :: 		
0x00ED	0x1C03      	BTFSS      STATUS, 0
;__Lib_Math.c,1435 :: 		
0x00EE	0x0F76      	INCFSZ     R6, 0
;__Lib_Math.c,1436 :: 		
0x00EF	0x02FA      	SUBWF      R10, 1
;__Lib_Math.c,1437 :: 		
0x00F0	0x0877      	MOVF       R7, 0
;__Lib_Math.c,1438 :: 		
0x00F1	0x1C03      	BTFSS      STATUS, 0
;__Lib_Math.c,1439 :: 		
0x00F2	0x0F77      	INCFSZ     R7, 0
;__Lib_Math.c,1440 :: 		
0x00F3	0x02FB      	SUBWF      R11, 1
;__Lib_Math.c,1441 :: 		
0x00F4	0x0100      	CLRW
;__Lib_Math.c,1442 :: 		
0x00F5	0x1C03      	BTFSS      STATUS, 0
;__Lib_Math.c,1443 :: 		
0x00F6	0x3001      	MOVLW      1
;__Lib_Math.c,1444 :: 		
0x00F7	0x02A0      	SUBWF      ___math_tempb, 1
;__Lib_Math.c,1445 :: 		
0x00F8	0x290A      	GOTO       UOK22L8
;__Lib_Math.c,1447 :: 		
UADD22L8:
;__Lib_Math.c,1448 :: 		
0x00F9	0x07F8      	ADDWF      R8, 1
;__Lib_Math.c,1449 :: 		
0x00FA	0x0875      	MOVF       R5, 0
;__Lib_Math.c,1450 :: 		
0x00FB	0x1803      	BTFSC      STATUS, 0
;__Lib_Math.c,1451 :: 		
0x00FC	0x0F75      	INCFSZ     R5, 0
;__Lib_Math.c,1452 :: 		
0x00FD	0x07F9      	ADDWF      R9, 1
;__Lib_Math.c,1453 :: 		
0x00FE	0x0876      	MOVF       R6, 0
;__Lib_Math.c,1454 :: 		
0x00FF	0x1803      	BTFSC      STATUS, 0
;__Lib_Math.c,1455 :: 		
0x0100	0x0F76      	INCFSZ     R6, 0
;__Lib_Math.c,1456 :: 		
0x0101	0x07FA      	ADDWF      R10, 1
;__Lib_Math.c,1457 :: 		
0x0102	0x0877      	MOVF       R7, 0
;__Lib_Math.c,1458 :: 		
0x0103	0x1803      	BTFSC      STATUS, 0
;__Lib_Math.c,1459 :: 		
0x0104	0x0F77      	INCFSZ     R7, 0
;__Lib_Math.c,1460 :: 		
0x0105	0x07FB      	ADDWF      R11, 1
;__Lib_Math.c,1461 :: 		
0x0106	0x0100      	CLRW
;__Lib_Math.c,1462 :: 		
0x0107	0x1803      	BTFSC      STATUS, 0
;__Lib_Math.c,1463 :: 		
0x0108	0x3001      	MOVLW      1
;__Lib_Math.c,1464 :: 		
0x0109	0x07A0      	ADDWF      ___math_tempb, 1
;__Lib_Math.c,1466 :: 		
UOK22L8:
;__Lib_Math.c,1467 :: 		
0x010A	0x0DF2      	RLF        R2, 1
;__Lib_Math.c,1469 :: 		
0x010B	0x3007      	MOVLW      7
;__Lib_Math.c,1470 :: 		
0x010C	0x00FC      	MOVWF      R12
;__Lib_Math.c,1472 :: 		
LOOPU3232B:
;__Lib_Math.c,1473 :: 		
0x010D	0x0D72      	RLF        R2, 0
;__Lib_Math.c,1474 :: 		
0x010E	0x0DF8      	RLF        R8, 1
;__Lib_Math.c,1475 :: 		
0x010F	0x0DF9      	RLF        R9, 1
;__Lib_Math.c,1476 :: 		
0x0110	0x0DFA      	RLF        R10, 1
;__Lib_Math.c,1477 :: 		
0x0111	0x0DFB      	RLF        R11, 1
;__Lib_Math.c,1478 :: 		
0x0112	0x0DA0      	RLF        ___math_tempb, 1
;__Lib_Math.c,1479 :: 		
0x0113	0x0874      	MOVF       R4, 0
;__Lib_Math.c,1480 :: 		
0x0114	0x1C72      	BTFSS      R2, 0
;__Lib_Math.c,1481 :: 		
0x0115	0x2928      	GOTO       UADD22LB
;__Lib_Math.c,1483 :: 		
0x0116	0x02F8      	SUBWF      R8, 1
;__Lib_Math.c,1484 :: 		
0x0117	0x0875      	MOVF       R5, 0
;__Lib_Math.c,1485 :: 		
0x0118	0x1C03      	BTFSS      STATUS, 0
;__Lib_Math.c,1486 :: 		
0x0119	0x0F75      	INCFSZ     R5, 0
;__Lib_Math.c,1487 :: 		
0x011A	0x02F9      	SUBWF      R9, 1
;__Lib_Math.c,1488 :: 		
0x011B	0x0876      	MOVF       R6, 0
;__Lib_Math.c,1489 :: 		
0x011C	0x1C03      	BTFSS      STATUS, 0
;__Lib_Math.c,1490 :: 		
0x011D	0x0F76      	INCFSZ     R6, 0
;__Lib_Math.c,1491 :: 		
0x011E	0x02FA      	SUBWF      R10, 1
;__Lib_Math.c,1492 :: 		
0x011F	0x0877      	MOVF       R7, 0
;__Lib_Math.c,1493 :: 		
0x0120	0x1C03      	BTFSS      STATUS, 0
;__Lib_Math.c,1494 :: 		
0x0121	0x0F77      	INCFSZ     R7, 0
;__Lib_Math.c,1495 :: 		
0x0122	0x02FB      	SUBWF      R11, 1
;__Lib_Math.c,1496 :: 		
0x0123	0x0100      	CLRW
;__Lib_Math.c,1497 :: 		
0x0124	0x1C03      	BTFSS      STATUS, 0
;__Lib_Math.c,1498 :: 		
0x0125	0x3001      	MOVLW      1
;__Lib_Math.c,1499 :: 		
0x0126	0x02A0      	SUBWF      ___math_tempb, 1
;__Lib_Math.c,1500 :: 		
0x0127	0x2939      	GOTO       UOK22LB
;__Lib_Math.c,1502 :: 		
UADD22LB:
;__Lib_Math.c,1503 :: 		
0x0128	0x07F8      	ADDWF      R8, 1
;__Lib_Math.c,1504 :: 		
0x0129	0x0875      	MOVF       R5, 0
;__Lib_Math.c,1505 :: 		
0x012A	0x1803      	BTFSC      STATUS, 0
;__Lib_Math.c,1506 :: 		
0x012B	0x0F75      	INCFSZ     R5, 0
;__Lib_Math.c,1507 :: 		
0x012C	0x07F9      	ADDWF      R9, 1
;__Lib_Math.c,1508 :: 		
0x012D	0x0876      	MOVF       R6, 0
;__Lib_Math.c,1509 :: 		
0x012E	0x1803      	BTFSC      STATUS, 0
;__Lib_Math.c,1510 :: 		
0x012F	0x0F76      	INCFSZ     R6, 0
;__Lib_Math.c,1511 :: 		
0x0130	0x07FA      	ADDWF      R10, 1
;__Lib_Math.c,1512 :: 		
0x0131	0x0877      	MOVF       R7, 0
;__Lib_Math.c,1513 :: 		
0x0132	0x1803      	BTFSC      STATUS, 0
;__Lib_Math.c,1514 :: 		
0x0133	0x0F77      	INCFSZ     R7, 0
;__Lib_Math.c,1515 :: 		
0x0134	0x07FB      	ADDWF      R11, 1
;__Lib_Math.c,1516 :: 		
0x0135	0x0100      	CLRW
;__Lib_Math.c,1517 :: 		
0x0136	0x1803      	BTFSC      STATUS, 0
;__Lib_Math.c,1518 :: 		
0x0137	0x3001      	MOVLW      1
;__Lib_Math.c,1519 :: 		
0x0138	0x07A0      	ADDWF      ___math_tempb, 1
;__Lib_Math.c,1521 :: 		
UOK22LB:
;__Lib_Math.c,1522 :: 		
0x0139	0x0DF2      	RLF        R2, 1
;__Lib_Math.c,1524 :: 		
0x013A	0x0BFC      	DECFSZ     R12, 1
;__Lib_Math.c,1525 :: 		
0x013B	0x290D      	GOTO       LOOPU3232B
;__Lib_Math.c,1527 :: 		
0x013C	0x0D71      	RLF        R1, 0
;__Lib_Math.c,1528 :: 		
0x013D	0x0DF8      	RLF        R8, 1
;__Lib_Math.c,1529 :: 		
0x013E	0x0DF9      	RLF        R9, 1
;__Lib_Math.c,1530 :: 		
0x013F	0x0DFA      	RLF        R10, 1
;__Lib_Math.c,1531 :: 		
0x0140	0x0DFB      	RLF        R11, 1
;__Lib_Math.c,1532 :: 		
0x0141	0x0DA0      	RLF        ___math_tempb, 1
;__Lib_Math.c,1533 :: 		
0x0142	0x0874      	MOVF       R4, 0
;__Lib_Math.c,1534 :: 		
0x0143	0x1C72      	BTFSS      R2, 0
;__Lib_Math.c,1535 :: 		
0x0144	0x2957      	GOTO       UADD22L16
;__Lib_Math.c,1537 :: 		
0x0145	0x02F8      	SUBWF      R8, 1
;__Lib_Math.c,1538 :: 		
0x0146	0x0875      	MOVF       R5, 0
;__Lib_Math.c,1539 :: 		
0x0147	0x1C03      	BTFSS      STATUS, 0
;__Lib_Math.c,1540 :: 		
0x0148	0x0F75      	INCFSZ     R5, 0
;__Lib_Math.c,1541 :: 		
0x0149	0x02F9      	SUBWF      R9, 1
;__Lib_Math.c,1542 :: 		
0x014A	0x0876      	MOVF       R6, 0
;__Lib_Math.c,1543 :: 		
0x014B	0x1C03      	BTFSS      STATUS, 0
;__Lib_Math.c,1544 :: 		
0x014C	0x0F76      	INCFSZ     R6, 0
;__Lib_Math.c,1545 :: 		
0x014D	0x02FA      	SUBWF      R10, 1
;__Lib_Math.c,1546 :: 		
0x014E	0x0877      	MOVF       R7, 0
;__Lib_Math.c,1547 :: 		
0x014F	0x1C03      	BTFSS      STATUS, 0
;__Lib_Math.c,1548 :: 		
0x0150	0x0F77      	INCFSZ     R7, 0
;__Lib_Math.c,1549 :: 		
0x0151	0x02FB      	SUBWF      R11, 1
;__Lib_Math.c,1550 :: 		
0x0152	0x0100      	CLRW
;__Lib_Math.c,1551 :: 		
0x0153	0x1C03      	BTFSS      STATUS, 0
;__Lib_Math.c,1552 :: 		
0x0154	0x3001      	MOVLW      1
;__Lib_Math.c,1553 :: 		
0x0155	0x02A0      	SUBWF      ___math_tempb, 1
;__Lib_Math.c,1554 :: 		
0x0156	0x2968      	GOTO       UOK22L16
;__Lib_Math.c,1556 :: 		
UADD22L16:
;__Lib_Math.c,1557 :: 		
0x0157	0x07F8      	ADDWF      R8, 1
;__Lib_Math.c,1558 :: 		
0x0158	0x0875      	MOVF       R5, 0
;__Lib_Math.c,1559 :: 		
0x0159	0x1803      	BTFSC      STATUS, 0
;__Lib_Math.c,1560 :: 		
0x015A	0x0F75      	INCFSZ     R5, 0
;__Lib_Math.c,1561 :: 		
0x015B	0x07F9      	ADDWF      R9, 1
;__Lib_Math.c,1562 :: 		
0x015C	0x0876      	MOVF       R6, 0
;__Lib_Math.c,1563 :: 		
0x015D	0x1803      	BTFSC      STATUS, 0
;__Lib_Math.c,1564 :: 		
0x015E	0x0F76      	INCFSZ     R6, 0
;__Lib_Math.c,1565 :: 		
0x015F	0x07FA      	ADDWF      R10, 1
;__Lib_Math.c,1566 :: 		
0x0160	0x0877      	MOVF       R7, 0
;__Lib_Math.c,1567 :: 		
0x0161	0x1803      	BTFSC      STATUS, 0
;__Lib_Math.c,1568 :: 		
0x0162	0x0F77      	INCFSZ     R7, 0
;__Lib_Math.c,1569 :: 		
0x0163	0x07FB      	ADDWF      R11, 1
;__Lib_Math.c,1570 :: 		
0x0164	0x0100      	CLRW
;__Lib_Math.c,1571 :: 		
0x0165	0x1803      	BTFSC      STATUS, 0
;__Lib_Math.c,1572 :: 		
0x0166	0x3001      	MOVLW      1
;__Lib_Math.c,1573 :: 		
0x0167	0x07A0      	ADDWF      ___math_tempb, 1
;__Lib_Math.c,1575 :: 		
UOK22L16:
;__Lib_Math.c,1576 :: 		
0x0168	0x0DF1      	RLF        R1, 1
;__Lib_Math.c,1578 :: 		
0x0169	0x3007      	MOVLW      7
;__Lib_Math.c,1579 :: 		
0x016A	0x00FC      	MOVWF      R12
;__Lib_Math.c,1581 :: 		
LOOPU3232C:
;__Lib_Math.c,1582 :: 		
0x016B	0x0D71      	RLF        R1, 0
;__Lib_Math.c,1583 :: 		
0x016C	0x0DF8      	RLF        R8, 1
;__Lib_Math.c,1584 :: 		
0x016D	0x0DF9      	RLF        R9, 1
;__Lib_Math.c,1585 :: 		
0x016E	0x0DFA      	RLF        R10, 1
;__Lib_Math.c,1586 :: 		
0x016F	0x0DFB      	RLF        R11, 1
;__Lib_Math.c,1587 :: 		
0x0170	0x0DA0      	RLF        ___math_tempb, 1
;__Lib_Math.c,1588 :: 		
0x0171	0x0874      	MOVF       R4, 0
;__Lib_Math.c,1589 :: 		
0x0172	0x1C71      	BTFSS      R1, 0
;__Lib_Math.c,1590 :: 		
0x0173	0x2986      	GOTO       UADD22LC
;__Lib_Math.c,1592 :: 		
0x0174	0x02F8      	SUBWF      R8, 1
;__Lib_Math.c,1593 :: 		
0x0175	0x0875      	MOVF       R5, 0
;__Lib_Math.c,1594 :: 		
0x0176	0x1C03      	BTFSS      STATUS, 0
;__Lib_Math.c,1595 :: 		
0x0177	0x0F75      	INCFSZ     R5, 0
;__Lib_Math.c,1596 :: 		
0x0178	0x02F9      	SUBWF      R9, 1
;__Lib_Math.c,1597 :: 		
0x0179	0x0876      	MOVF       R6, 0
;__Lib_Math.c,1598 :: 		
0x017A	0x1C03      	BTFSS      STATUS, 0
;__Lib_Math.c,1599 :: 		
0x017B	0x0F76      	INCFSZ     R6, 0
;__Lib_Math.c,1600 :: 		
0x017C	0x02FA      	SUBWF      R10, 1
;__Lib_Math.c,1601 :: 		
0x017D	0x0877      	MOVF       R7, 0
;__Lib_Math.c,1602 :: 		
0x017E	0x1C03      	BTFSS      STATUS, 0
;__Lib_Math.c,1603 :: 		
0x017F	0x0F77      	INCFSZ     R7, 0
;__Lib_Math.c,1604 :: 		
0x0180	0x02FB      	SUBWF      R11, 1
;__Lib_Math.c,1605 :: 		
0x0181	0x0100      	CLRW
;__Lib_Math.c,1606 :: 		
0x0182	0x1C03      	BTFSS      STATUS, 0
;__Lib_Math.c,1607 :: 		
0x0183	0x3001      	MOVLW      1
;__Lib_Math.c,1608 :: 		
0x0184	0x02A0      	SUBWF      ___math_tempb, 1
;__Lib_Math.c,1609 :: 		
0x0185	0x2997      	GOTO       UOK22LC
;__Lib_Math.c,1611 :: 		
UADD22LC:
;__Lib_Math.c,1612 :: 		
0x0186	0x07F8      	ADDWF      R8, 1
;__Lib_Math.c,1613 :: 		
0x0187	0x0875      	MOVF       R5, 0
;__Lib_Math.c,1614 :: 		
0x0188	0x1803      	BTFSC      STATUS, 0
;__Lib_Math.c,1615 :: 		
0x0189	0x0F75      	INCFSZ     R5, 0
;__Lib_Math.c,1616 :: 		
0x018A	0x07F9      	ADDWF      R9, 1
;__Lib_Math.c,1617 :: 		
0x018B	0x0876      	MOVF       R6, 0
;__Lib_Math.c,1618 :: 		
0x018C	0x1803      	BTFSC      STATUS, 0
;__Lib_Math.c,1619 :: 		
0x018D	0x0F76      	INCFSZ     R6, 0
;__Lib_Math.c,1620 :: 		
0x018E	0x07FA      	ADDWF      R10, 1
;__Lib_Math.c,1621 :: 		
0x018F	0x0877      	MOVF       R7, 0
;__Lib_Math.c,1622 :: 		
0x0190	0x1803      	BTFSC      STATUS, 0
;__Lib_Math.c,1623 :: 		
0x0191	0x0F77      	INCFSZ     R7, 0
;__Lib_Math.c,1624 :: 		
0x0192	0x07FB      	ADDWF      R11, 1
;__Lib_Math.c,1625 :: 		
0x0193	0x0100      	CLRW
;__Lib_Math.c,1626 :: 		
0x0194	0x1803      	BTFSC      STATUS, 0
;__Lib_Math.c,1627 :: 		
0x0195	0x3001      	MOVLW      1
;__Lib_Math.c,1628 :: 		
0x0196	0x07A0      	ADDWF      ___math_tempb, 1
;__Lib_Math.c,1630 :: 		
UOK22LC:
;__Lib_Math.c,1631 :: 		
0x0197	0x0DF1      	RLF        R1, 1
;__Lib_Math.c,1633 :: 		
0x0198	0x0BFC      	DECFSZ     R12, 1
;__Lib_Math.c,1634 :: 		
0x0199	0x296B      	GOTO       LOOPU3232C
;__Lib_Math.c,1636 :: 		
0x019A	0x0D70      	RLF        R0, 0
;__Lib_Math.c,1637 :: 		
0x019B	0x0DF8      	RLF        R8, 1
;__Lib_Math.c,1638 :: 		
0x019C	0x0DF9      	RLF        R9, 1
;__Lib_Math.c,1639 :: 		
0x019D	0x0DFA      	RLF        R10, 1
;__Lib_Math.c,1640 :: 		
0x019E	0x0DFB      	RLF        R11, 1
;__Lib_Math.c,1641 :: 		
0x019F	0x0DA0      	RLF        ___math_tempb, 1
;__Lib_Math.c,1642 :: 		
0x01A0	0x0874      	MOVF       R4, 0
;__Lib_Math.c,1643 :: 		
0x01A1	0x1C71      	BTFSS      R1, 0
;__Lib_Math.c,1644 :: 		
0x01A2	0x29B5      	GOTO       UADD22L24
;__Lib_Math.c,1646 :: 		
0x01A3	0x02F8      	SUBWF      R8, 1
;__Lib_Math.c,1647 :: 		
0x01A4	0x0875      	MOVF       R5, 0
;__Lib_Math.c,1648 :: 		
0x01A5	0x1C03      	BTFSS      STATUS, 0
;__Lib_Math.c,1649 :: 		
0x01A6	0x0F75      	INCFSZ     R5, 0
;__Lib_Math.c,1650 :: 		
0x01A7	0x02F9      	SUBWF      R9, 1
;__Lib_Math.c,1651 :: 		
0x01A8	0x0876      	MOVF       R6, 0
;__Lib_Math.c,1652 :: 		
0x01A9	0x1C03      	BTFSS      STATUS, 0
;__Lib_Math.c,1653 :: 		
0x01AA	0x0F76      	INCFSZ     R6, 0
;__Lib_Math.c,1654 :: 		
0x01AB	0x02FA      	SUBWF      R10, 1
;__Lib_Math.c,1655 :: 		
0x01AC	0x0877      	MOVF       R7, 0
;__Lib_Math.c,1656 :: 		
0x01AD	0x1C03      	BTFSS      STATUS, 0
;__Lib_Math.c,1657 :: 		
0x01AE	0x0F77      	INCFSZ     R7, 0
;__Lib_Math.c,1658 :: 		
0x01AF	0x02FB      	SUBWF      R11, 1
;__Lib_Math.c,1659 :: 		
0x01B0	0x0100      	CLRW
;__Lib_Math.c,1660 :: 		
0x01B1	0x1C03      	BTFSS      STATUS, 0
;__Lib_Math.c,1661 :: 		
0x01B2	0x3001      	MOVLW      1
;__Lib_Math.c,1662 :: 		
0x01B3	0x02A0      	SUBWF      ___math_tempb, 1
;__Lib_Math.c,1663 :: 		
0x01B4	0x29C6      	GOTO       UOK22L24
;__Lib_Math.c,1665 :: 		
UADD22L24:
;__Lib_Math.c,1666 :: 		
0x01B5	0x07F8      	ADDWF      R8, 1
;__Lib_Math.c,1667 :: 		
0x01B6	0x0875      	MOVF       R5, 0
;__Lib_Math.c,1668 :: 		
0x01B7	0x1803      	BTFSC      STATUS, 0
;__Lib_Math.c,1669 :: 		
0x01B8	0x0F75      	INCFSZ     R5, 0
;__Lib_Math.c,1670 :: 		
0x01B9	0x07F9      	ADDWF      R9, 1
;__Lib_Math.c,1671 :: 		
0x01BA	0x0876      	MOVF       R6, 0
;__Lib_Math.c,1672 :: 		
0x01BB	0x1803      	BTFSC      STATUS, 0
;__Lib_Math.c,1673 :: 		
0x01BC	0x0F76      	INCFSZ     R6, 0
;__Lib_Math.c,1674 :: 		
0x01BD	0x07FA      	ADDWF      R10, 1
;__Lib_Math.c,1675 :: 		
0x01BE	0x0877      	MOVF       R7, 0
;__Lib_Math.c,1676 :: 		
0x01BF	0x1803      	BTFSC      STATUS, 0
;__Lib_Math.c,1677 :: 		
0x01C0	0x0F77      	INCFSZ     R7, 0
;__Lib_Math.c,1678 :: 		
0x01C1	0x07FB      	ADDWF      R11, 1
;__Lib_Math.c,1679 :: 		
0x01C2	0x0100      	CLRW
;__Lib_Math.c,1680 :: 		
0x01C3	0x1803      	BTFSC      STATUS, 0
;__Lib_Math.c,1681 :: 		
0x01C4	0x3001      	MOVLW      1
;__Lib_Math.c,1682 :: 		
0x01C5	0x07A0      	ADDWF      ___math_tempb, 1
;__Lib_Math.c,1684 :: 		
UOK22L24:
;__Lib_Math.c,1685 :: 		
0x01C6	0x0DF0      	RLF        R0, 1
;__Lib_Math.c,1687 :: 		
0x01C7	0x3007      	MOVLW      7
;__Lib_Math.c,1688 :: 		
0x01C8	0x00FC      	MOVWF      R12
;__Lib_Math.c,1690 :: 		
LOOPU3232D:
;__Lib_Math.c,1691 :: 		
0x01C9	0x0D70      	RLF        R0, 0
;__Lib_Math.c,1692 :: 		
0x01CA	0x0DF8      	RLF        R8, 1
;__Lib_Math.c,1693 :: 		
0x01CB	0x0DF9      	RLF        R9, 1
;__Lib_Math.c,1694 :: 		
0x01CC	0x0DFA      	RLF        R10, 1
;__Lib_Math.c,1695 :: 		
0x01CD	0x0DFB      	RLF        R11, 1
;__Lib_Math.c,1696 :: 		
0x01CE	0x0DA0      	RLF        ___math_tempb, 1
;__Lib_Math.c,1697 :: 		
0x01CF	0x0874      	MOVF       R4, 0
;__Lib_Math.c,1698 :: 		
0x01D0	0x1C70      	BTFSS      R0, 0
;__Lib_Math.c,1699 :: 		
0x01D1	0x29E4      	GOTO       UADD22LD
;__Lib_Math.c,1701 :: 		
0x01D2	0x02F8      	SUBWF      R8, 1
;__Lib_Math.c,1702 :: 		
0x01D3	0x0875      	MOVF       R5, 0
;__Lib_Math.c,1703 :: 		
0x01D4	0x1C03      	BTFSS      STATUS, 0
;__Lib_Math.c,1704 :: 		
0x01D5	0x0F75      	INCFSZ     R5, 0
;__Lib_Math.c,1705 :: 		
0x01D6	0x02F9      	SUBWF      R9, 1
;__Lib_Math.c,1706 :: 		
0x01D7	0x0876      	MOVF       R6, 0
;__Lib_Math.c,1707 :: 		
0x01D8	0x1C03      	BTFSS      STATUS, 0
;__Lib_Math.c,1708 :: 		
0x01D9	0x0F76      	INCFSZ     R6, 0
;__Lib_Math.c,1709 :: 		
0x01DA	0x02FA      	SUBWF      R10, 1
;__Lib_Math.c,1710 :: 		
0x01DB	0x0877      	MOVF       R7, 0
;__Lib_Math.c,1711 :: 		
0x01DC	0x1C03      	BTFSS      STATUS, 0
;__Lib_Math.c,1712 :: 		
0x01DD	0x0F77      	INCFSZ     R7, 0
;__Lib_Math.c,1713 :: 		
0x01DE	0x02FB      	SUBWF      R11, 1
;__Lib_Math.c,1714 :: 		
0x01DF	0x0100      	CLRW
;__Lib_Math.c,1715 :: 		
0x01E0	0x1C03      	BTFSS      STATUS, 0
;__Lib_Math.c,1716 :: 		
0x01E1	0x3001      	MOVLW      1
;__Lib_Math.c,1717 :: 		
0x01E2	0x02A0      	SUBWF      ___math_tempb, 1
;__Lib_Math.c,1718 :: 		
0x01E3	0x29F5      	GOTO       UOK22LD
;__Lib_Math.c,1720 :: 		
UADD22LD:
;__Lib_Math.c,1721 :: 		
0x01E4	0x07F8      	ADDWF      R8, 1
;__Lib_Math.c,1722 :: 		
0x01E5	0x0875      	MOVF       R5, 0
;__Lib_Math.c,1723 :: 		
0x01E6	0x1803      	BTFSC      STATUS, 0
;__Lib_Math.c,1724 :: 		
0x01E7	0x0F75      	INCFSZ     R5, 0
;__Lib_Math.c,1725 :: 		
0x01E8	0x07F9      	ADDWF      R9, 1
;__Lib_Math.c,1726 :: 		
0x01E9	0x0876      	MOVF       R6, 0
;__Lib_Math.c,1727 :: 		
0x01EA	0x1803      	BTFSC      STATUS, 0
;__Lib_Math.c,1728 :: 		
0x01EB	0x0F76      	INCFSZ     R6, 0
;__Lib_Math.c,1729 :: 		
0x01EC	0x07FA      	ADDWF      R10, 1
;__Lib_Math.c,1730 :: 		
0x01ED	0x0877      	MOVF       R7, 0
;__Lib_Math.c,1731 :: 		
0x01EE	0x1803      	BTFSC      STATUS, 0
;__Lib_Math.c,1732 :: 		
0x01EF	0x0F77      	INCFSZ     R7, 0
;__Lib_Math.c,1733 :: 		
0x01F0	0x07FB      	ADDWF      R11, 1
;__Lib_Math.c,1734 :: 		
0x01F1	0x0100      	CLRW
;__Lib_Math.c,1735 :: 		
0x01F2	0x1803      	BTFSC      STATUS, 0
;__Lib_Math.c,1736 :: 		
0x01F3	0x3001      	MOVLW      1
;__Lib_Math.c,1737 :: 		
0x01F4	0x07A0      	ADDWF      ___math_tempb, 1
;__Lib_Math.c,1739 :: 		
UOK22LD:
;__Lib_Math.c,1740 :: 		
0x01F5	0x0DF0      	RLF        R0, 1
;__Lib_Math.c,1742 :: 		
0x01F6	0x0BFC      	DECFSZ     R12, 1
;__Lib_Math.c,1743 :: 		
0x01F7	0x29C9      	GOTO       LOOPU3232D
;__Lib_Math.c,1745 :: 		
0x01F8	0x1870      	BTFSC      R0, 0
;__Lib_Math.c,1746 :: 		
0x01F9	0x2A08      	GOTO       UOK22L
;__Lib_Math.c,1747 :: 		
0x01FA	0x0874      	MOVF       R4, 0
;__Lib_Math.c,1748 :: 		
0x01FB	0x07F8      	ADDWF      R8, 1
;__Lib_Math.c,1749 :: 		
0x01FC	0x0875      	MOVF       R5, 0
;__Lib_Math.c,1750 :: 		
0x01FD	0x1803      	BTFSC      STATUS, 0
;__Lib_Math.c,1751 :: 		
0x01FE	0x0F75      	INCFSZ     R5, 0
;__Lib_Math.c,1752 :: 		
0x01FF	0x07F9      	ADDWF      R9, 1
;__Lib_Math.c,1753 :: 		
0x0200	0x0876      	MOVF       R6, 0
;__Lib_Math.c,1754 :: 		
0x0201	0x1803      	BTFSC      STATUS, 0
;__Lib_Math.c,1755 :: 		
0x0202	0x0F76      	INCFSZ     R6, 0
;__Lib_Math.c,1756 :: 		
0x0203	0x07FA      	ADDWF      R10, 1
;__Lib_Math.c,1757 :: 		
0x0204	0x0877      	MOVF       R7, 0
;__Lib_Math.c,1758 :: 		
0x0205	0x1803      	BTFSC      STATUS, 0
;__Lib_Math.c,1759 :: 		
0x0206	0x0F77      	INCFSZ     R7, 0
;__Lib_Math.c,1760 :: 		
0x0207	0x07FB      	ADDWF      R11, 1
;__Lib_Math.c,1762 :: 		
UOK22L:
;__Lib_Math.c,1765 :: 		
L_end_Div_32x32_U:
0x0208	0x0008      	RETURN
; end of _Div_32x32_U
_Lcd_Chr_CP:
;__Lib_Lcd.c,50 :: 		
;__Lib_Lcd.c,52 :: 		
0x0209	0x1283      	BCF        STATUS, 5
0x020A	0x1303      	BCF        STATUS, 6
0x020B	0x1056      	BCF        __Lib_Lcd_cmd_status, BitPos(__Lib_Lcd_cmd_status+0)
;__Lib_Lcd.c,53 :: 		
0x020C	0x0865      	MOVF       FARG_Lcd_Chr_CP_out_char, 0
0x020D	0x00ED      	MOVWF      FARG_Lcd_Cmd_out_char
0x020E	0x2051      	CALL       _Lcd_Cmd
;__Lib_Lcd.c,54 :: 		
0x020F	0x1456      	BSF        __Lib_Lcd_cmd_status, BitPos(__Lib_Lcd_cmd_status+0)
;__Lib_Lcd.c,55 :: 		
L_end_Lcd_Chr_CP:
0x0210	0x0008      	RETURN
; end of _Lcd_Chr_CP
_LongWordToStr:
;__Lib_Conversions.c,209 :: 		
;__Lib_Conversions.c,212 :: 		
0x0211	0x1283      	BCF        STATUS, 5
0x0212	0x1303      	BCF        STATUS, 6
0x0213	0x01EA      	CLRF       LongWordToStr_len_L0
0x0214	0x01EB      	CLRF       LongWordToStr_len_L0+1
L_LongWordToStr38:
0x0215	0x3000      	MOVLW      0
0x0216	0x026B      	SUBWF      LongWordToStr_len_L0+1, 0
0x0217	0x1D03      	BTFSS      STATUS, 2
0x0218	0x2A1B      	GOTO       L__LongWordToStr122
0x0219	0x300A      	MOVLW      10
0x021A	0x026A      	SUBWF      LongWordToStr_len_L0, 0
L__LongWordToStr122:
0x021B	0x1803      	BTFSC      STATUS, 0
0x021C	0x2A26      	GOTO       L_LongWordToStr39
;__Lib_Conversions.c,213 :: 		
0x021D	0x086A      	MOVF       LongWordToStr_len_L0, 0
0x021E	0x0769      	ADDWF      FARG_LongWordToStr_output, 0
0x021F	0x0084      	MOVWF      FSR
0x0220	0x3020      	MOVLW      32
0x0221	0x0080      	MOVWF      INDF
;__Lib_Conversions.c,212 :: 		
0x0222	0x0AEA      	INCF       LongWordToStr_len_L0, 1
0x0223	0x1903      	BTFSC      STATUS, 2
0x0224	0x0AEB      	INCF       LongWordToStr_len_L0+1, 1
;__Lib_Conversions.c,213 :: 		
0x0225	0x2A15      	GOTO       L_LongWordToStr38
L_LongWordToStr39:
;__Lib_Conversions.c,214 :: 		
0x0226	0x086A      	MOVF       LongWordToStr_len_L0, 0
0x0227	0x0769      	ADDWF      FARG_LongWordToStr_output, 0
0x0228	0x0084      	MOVWF      FSR
0x0229	0x0180      	CLRF       INDF
0x022A	0x3001      	MOVLW      1
0x022B	0x02EA      	SUBWF      LongWordToStr_len_L0, 1
0x022C	0x1C03      	BTFSS      STATUS, 0
0x022D	0x03EB      	DECF       LongWordToStr_len_L0+1, 1
;__Lib_Conversions.c,216 :: 		
L_LongWordToStr41:
;__Lib_Conversions.c,217 :: 		
0x022E	0x086A      	MOVF       LongWordToStr_len_L0, 0
0x022F	0x0769      	ADDWF      FARG_LongWordToStr_output, 0
0x0230	0x00EC      	MOVWF      FLOC__LongWordToStr
0x0231	0x300A      	MOVLW      10
0x0232	0x00F4      	MOVWF      R4
0x0233	0x01F5      	CLRF       R4+1
0x0234	0x01F6      	CLRF       R4+2
0x0235	0x01F7      	CLRF       R4+3
0x0236	0x0865      	MOVF       FARG_LongWordToStr_input, 0
0x0237	0x00F0      	MOVWF      R0
0x0238	0x0866      	MOVF       FARG_LongWordToStr_input+1, 0
0x0239	0x00F1      	MOVWF      R0+1
0x023A	0x0867      	MOVF       FARG_LongWordToStr_input+2, 0
0x023B	0x00F2      	MOVWF      R0+2
0x023C	0x0868      	MOVF       FARG_LongWordToStr_input+3, 0
0x023D	0x00F3      	MOVWF      R0+3
0x023E	0x2091      	CALL       _Div_32x32_U
0x023F	0x0878      	MOVF       R8, 0
0x0240	0x00F0      	MOVWF      R0
0x0241	0x0879      	MOVF       R8+1, 0
0x0242	0x00F1      	MOVWF      R0+1
0x0243	0x087A      	MOVF       R8+2, 0
0x0244	0x00F2      	MOVWF      R0+2
0x0245	0x087B      	MOVF       R8+3, 0
0x0246	0x00F3      	MOVWF      R0+3
0x0247	0x3030      	MOVLW      48
0x0248	0x07F0      	ADDWF      R0, 1
0x0249	0x086C      	MOVF       FLOC__LongWordToStr, 0
0x024A	0x0084      	MOVWF      FSR
0x024B	0x0870      	MOVF       R0, 0
0x024C	0x0080      	MOVWF      INDF
;__Lib_Conversions.c,218 :: 		
0x024D	0x300A      	MOVLW      10
0x024E	0x00F4      	MOVWF      R4
0x024F	0x01F5      	CLRF       R4+1
0x0250	0x01F6      	CLRF       R4+2
0x0251	0x01F7      	CLRF       R4+3
0x0252	0x0865      	MOVF       FARG_LongWordToStr_input, 0
0x0253	0x00F0      	MOVWF      R0
0x0254	0x0866      	MOVF       FARG_LongWordToStr_input+1, 0
0x0255	0x00F1      	MOVWF      R0+1
0x0256	0x0867      	MOVF       FARG_LongWordToStr_input+2, 0
0x0257	0x00F2      	MOVWF      R0+2
0x0258	0x0868      	MOVF       FARG_LongWordToStr_input+3, 0
0x0259	0x00F3      	MOVWF      R0+3
0x025A	0x2091      	CALL       _Div_32x32_U
0x025B	0x0870      	MOVF       R0, 0
0x025C	0x00E5      	MOVWF      FARG_LongWordToStr_input
0x025D	0x0871      	MOVF       R0+1, 0
0x025E	0x00E6      	MOVWF      FARG_LongWordToStr_input+1
0x025F	0x0872      	MOVF       R0+2, 0
0x0260	0x00E7      	MOVWF      FARG_LongWordToStr_input+2
0x0261	0x0873      	MOVF       R0+3, 0
0x0262	0x00E8      	MOVWF      FARG_LongWordToStr_input+3
;__Lib_Conversions.c,219 :: 		
0x0263	0x3000      	MOVLW      0
0x0264	0x00F4      	MOVWF      R4
0x0265	0x0673      	XORWF      R0+3, 0
0x0266	0x1D03      	BTFSS      STATUS, 2
0x0267	0x2A72      	GOTO       L__LongWordToStr123
0x0268	0x0874      	MOVF       R4, 0
0x0269	0x0672      	XORWF      R0+2, 0
0x026A	0x1D03      	BTFSS      STATUS, 2
0x026B	0x2A72      	GOTO       L__LongWordToStr123
0x026C	0x0874      	MOVF       R4, 0
0x026D	0x0671      	XORWF      R0+1, 0
0x026E	0x1D03      	BTFSS      STATUS, 2
0x026F	0x2A72      	GOTO       L__LongWordToStr123
0x0270	0x0870      	MOVF       R0, 0
0x0271	0x3A00      	XORLW      0
L__LongWordToStr123:
0x0272	0x1D03      	BTFSS      STATUS, 2
0x0273	0x2A75      	GOTO       L_LongWordToStr43
;__Lib_Conversions.c,220 :: 		
0x0274	0x2A7A      	GOTO       L_LongWordToStr42
L_LongWordToStr43:
;__Lib_Conversions.c,221 :: 		
0x0275	0x3001      	MOVLW      1
0x0276	0x02EA      	SUBWF      LongWordToStr_len_L0, 1
0x0277	0x1C03      	BTFSS      STATUS, 0
0x0278	0x03EB      	DECF       LongWordToStr_len_L0+1, 1
;__Lib_Conversions.c,222 :: 		
0x0279	0x2A2E      	GOTO       L_LongWordToStr41
L_LongWordToStr42:
;__Lib_Conversions.c,223 :: 		
L_end_LongWordToStr:
0x027A	0x0008      	RETURN
; end of _LongWordToStr
_____DoICP:
;__Lib_System.c,6 :: 		
;__Lib_System.c,9 :: 		
0x027B	0x1283      	BCF        STATUS, 5
0x027C	0x1303      	BCF        STATUS, 6
0x027D	0x0854      	MOVF       ___DoICPAddr+1, 0
0x027E	0x008A      	MOVWF      PCLATH
;__Lib_System.c,10 :: 		
0x027F	0x0853      	MOVF       ___DoICPAddr, 0
0x0280	0x0082      	MOVWF      PCL
;__Lib_System.c,12 :: 		
L_end_____DoICP:
0x0281	0x0008      	RETURN
; end of _____DoICP
_Lcd_Out:
;__Lib_Lcd.c,184 :: 		
;__Lib_Lcd.c,187 :: 		
0x0282	0x2A94      	GOTO       L_Lcd_Out11
;__Lib_Lcd.c,188 :: 		
L_Lcd_Out13:
0x0283	0x3080      	MOVLW      128
0x0284	0x1283      	BCF        STATUS, 5
0x0285	0x1303      	BCF        STATUS, 6
0x0286	0x00D8      	MOVWF      FARG_Lcd_Out_row
0x0287	0x2AA7      	GOTO       L_Lcd_Out12
;__Lib_Lcd.c,189 :: 		
L_Lcd_Out14:
0x0288	0x30C0      	MOVLW      192
0x0289	0x00D8      	MOVWF      FARG_Lcd_Out_row
0x028A	0x2AA7      	GOTO       L_Lcd_Out12
;__Lib_Lcd.c,190 :: 		
L_Lcd_Out15:
0x028B	0x3094      	MOVLW      148
0x028C	0x00D8      	MOVWF      FARG_Lcd_Out_row
0x028D	0x2AA7      	GOTO       L_Lcd_Out12
;__Lib_Lcd.c,191 :: 		
L_Lcd_Out16:
0x028E	0x30D4      	MOVLW      212
0x028F	0x00D8      	MOVWF      FARG_Lcd_Out_row
0x0290	0x2AA7      	GOTO       L_Lcd_Out12
;__Lib_Lcd.c,192 :: 		
L_Lcd_Out17:
0x0291	0x3080      	MOVLW      128
0x0292	0x00D8      	MOVWF      FARG_Lcd_Out_row
;__Lib_Lcd.c,193 :: 		
0x0293	0x2AA7      	GOTO       L_Lcd_Out12
L_Lcd_Out11:
0x0294	0x1283      	BCF        STATUS, 5
0x0295	0x1303      	BCF        STATUS, 6
0x0296	0x0858      	MOVF       FARG_Lcd_Out_row, 0
0x0297	0x3A01      	XORLW      1
0x0298	0x1903      	BTFSC      STATUS, 2
0x0299	0x2A83      	GOTO       L_Lcd_Out13
0x029A	0x0858      	MOVF       FARG_Lcd_Out_row, 0
0x029B	0x3A02      	XORLW      2
0x029C	0x1903      	BTFSC      STATUS, 2
0x029D	0x2A88      	GOTO       L_Lcd_Out14
0x029E	0x0858      	MOVF       FARG_Lcd_Out_row, 0
0x029F	0x3A03      	XORLW      3
0x02A0	0x1903      	BTFSC      STATUS, 2
0x02A1	0x2A8B      	GOTO       L_Lcd_Out15
0x02A2	0x0858      	MOVF       FARG_Lcd_Out_row, 0
0x02A3	0x3A04      	XORLW      4
0x02A4	0x1903      	BTFSC      STATUS, 2
0x02A5	0x2A8E      	GOTO       L_Lcd_Out16
0x02A6	0x2A91      	GOTO       L_Lcd_Out17
L_Lcd_Out12:
;__Lib_Lcd.c,194 :: 		
0x02A7	0x0359      	DECF       FARG_Lcd_Out_column, 0
0x02A8	0x00F0      	MOVWF      R0
0x02A9	0x0858      	MOVF       FARG_Lcd_Out_row, 0
0x02AA	0x07F0      	ADDWF      R0, 1
0x02AB	0x0870      	MOVF       R0, 0
0x02AC	0x00D8      	MOVWF      FARG_Lcd_Out_row
;__Lib_Lcd.c,196 :: 		
0x02AD	0x0870      	MOVF       R0, 0
0x02AE	0x00ED      	MOVWF      FARG_Lcd_Cmd_out_char
0x02AF	0x2051      	CALL       _Lcd_Cmd
;__Lib_Lcd.c,197 :: 		
0x02B0	0x1056      	BCF        __Lib_Lcd_cmd_status, BitPos(__Lib_Lcd_cmd_status+0)
;__Lib_Lcd.c,198 :: 		
0x02B1	0x01DB      	CLRF       Lcd_Out_i_L0
;__Lib_Lcd.c,199 :: 		
L_Lcd_Out18:
0x02B2	0x085B      	MOVF       Lcd_Out_i_L0, 0
0x02B3	0x075A      	ADDWF      FARG_Lcd_Out_text, 0
0x02B4	0x0084      	MOVWF      FSR
0x02B5	0x0800      	MOVF       INDF, 0
0x02B6	0x1903      	BTFSC      STATUS, 2
0x02B7	0x2AC0      	GOTO       L_Lcd_Out19
;__Lib_Lcd.c,200 :: 		
0x02B8	0x085B      	MOVF       Lcd_Out_i_L0, 0
0x02B9	0x075A      	ADDWF      FARG_Lcd_Out_text, 0
0x02BA	0x0084      	MOVWF      FSR
0x02BB	0x0800      	MOVF       INDF, 0
0x02BC	0x00E5      	MOVWF      FARG_Lcd_Chr_CP_out_char
0x02BD	0x2209      	CALL       _Lcd_Chr_CP
0x02BE	0x0ADB      	INCF       Lcd_Out_i_L0, 1
0x02BF	0x2AB2      	GOTO       L_Lcd_Out18
L_Lcd_Out19:
;__Lib_Lcd.c,201 :: 		
0x02C0	0x1456      	BSF        __Lib_Lcd_cmd_status, BitPos(__Lib_Lcd_cmd_status+0)
;__Lib_Lcd.c,202 :: 		
L_end_Lcd_Out:
0x02C1	0x0008      	RETURN
; end of _Lcd_Out
_Lcd_Init:
;__Lib_Lcd.c,84 :: 		
;__Lib_Lcd.c,86 :: 		
0x02C2	0x1683      	BSF        STATUS, 5
0x02C3	0x1303      	BCF        STATUS, 6
0x02C4	0x1186      	BCF        LCD_EN_Direction, BitPos(LCD_EN_Direction+0)
;__Lib_Lcd.c,87 :: 		
0x02C5	0x1106      	BCF        LCD_RS_Direction, BitPos(LCD_RS_Direction+0)
;__Lib_Lcd.c,88 :: 		
0x02C6	0x1206      	BCF        LCD_D4_Direction, BitPos(LCD_D4_Direction+0)
;__Lib_Lcd.c,89 :: 		
0x02C7	0x1286      	BCF        LCD_D5_Direction, BitPos(LCD_D5_Direction+0)
;__Lib_Lcd.c,90 :: 		
0x02C8	0x1306      	BCF        LCD_D6_Direction, BitPos(LCD_D6_Direction+0)
;__Lib_Lcd.c,91 :: 		
0x02C9	0x1386      	BCF        LCD_D7_Direction, BitPos(LCD_D7_Direction+0)
;__Lib_Lcd.c,93 :: 		
0x02CA	0x1283      	BCF        STATUS, 5
0x02CB	0x1186      	BCF        LCD_EN, BitPos(LCD_EN+0)
;__Lib_Lcd.c,94 :: 		
0x02CC	0x1106      	BCF        LCD_RS, BitPos(LCD_RS+0)
;__Lib_Lcd.c,95 :: 		
0x02CD	0x1386      	BCF        LCD_D7, BitPos(LCD_D7+0)
;__Lib_Lcd.c,96 :: 		
0x02CE	0x1306      	BCF        LCD_D6, BitPos(LCD_D6+0)
;__Lib_Lcd.c,97 :: 		
0x02CF	0x1286      	BCF        LCD_D5, BitPos(LCD_D5+0)
;__Lib_Lcd.c,98 :: 		
0x02D0	0x1206      	BCF        LCD_D4, BitPos(LCD_D4+0)
;__Lib_Lcd.c,100 :: 		
0x02D1	0x203E      	CALL       _Delay_5500us
;__Lib_Lcd.c,101 :: 		
0x02D2	0x203E      	CALL       _Delay_5500us
;__Lib_Lcd.c,102 :: 		
0x02D3	0x203E      	CALL       _Delay_5500us
;__Lib_Lcd.c,105 :: 		
0x02D4	0x1686      	BSF        LCD_D5, BitPos(LCD_D5+0)
;__Lib_Lcd.c,106 :: 		
0x02D5	0x1606      	BSF        LCD_D4, BitPos(LCD_D4+0)
;__Lib_Lcd.c,107 :: 		
0x02D6	0x1586      	BSF        LCD_EN, BitPos(LCD_EN+0)
;__Lib_Lcd.c,108 :: 		
0x02D7	0x203C      	CALL       _Delay_1us
;__Lib_Lcd.c,109 :: 		
0x02D8	0x1186      	BCF        LCD_EN, BitPos(LCD_EN+0)
;__Lib_Lcd.c,110 :: 		
0x02D9	0x203E      	CALL       _Delay_5500us
;__Lib_Lcd.c,112 :: 		
0x02DA	0x1586      	BSF        LCD_EN, BitPos(LCD_EN+0)
;__Lib_Lcd.c,113 :: 		
0x02DB	0x203C      	CALL       _Delay_1us
;__Lib_Lcd.c,114 :: 		
0x02DC	0x1186      	BCF        LCD_EN, BitPos(LCD_EN+0)
;__Lib_Lcd.c,115 :: 		
0x02DD	0x203E      	CALL       _Delay_5500us
;__Lib_Lcd.c,117 :: 		
0x02DE	0x1586      	BSF        LCD_EN, BitPos(LCD_EN+0)
;__Lib_Lcd.c,118 :: 		
0x02DF	0x203C      	CALL       _Delay_1us
;__Lib_Lcd.c,119 :: 		
0x02E0	0x1186      	BCF        LCD_EN, BitPos(LCD_EN+0)
;__Lib_Lcd.c,120 :: 		
0x02E1	0x203E      	CALL       _Delay_5500us
;__Lib_Lcd.c,123 :: 		
0x02E2	0x1206      	BCF        LCD_D4, BitPos(LCD_D4+0)
;__Lib_Lcd.c,124 :: 		
0x02E3	0x1586      	BSF        LCD_EN, BitPos(LCD_EN+0)
;__Lib_Lcd.c,125 :: 		
0x02E4	0x203C      	CALL       _Delay_1us
;__Lib_Lcd.c,126 :: 		
0x02E5	0x1186      	BCF        LCD_EN, BitPos(LCD_EN+0)
;__Lib_Lcd.c,127 :: 		
0x02E6	0x203E      	CALL       _Delay_5500us
;__Lib_Lcd.c,130 :: 		
0x02E7	0x1586      	BSF        LCD_EN, BitPos(LCD_EN+0)
;__Lib_Lcd.c,131 :: 		
0x02E8	0x203C      	CALL       _Delay_1us
;__Lib_Lcd.c,132 :: 		
0x02E9	0x1186      	BCF        LCD_EN, BitPos(LCD_EN+0)
;__Lib_Lcd.c,134 :: 		
0x02EA	0x1286      	BCF        LCD_D5, BitPos(LCD_D5+0)
;__Lib_Lcd.c,135 :: 		
0x02EB	0x1786      	BSF        LCD_D7, BitPos(LCD_D7+0)
;__Lib_Lcd.c,136 :: 		
0x02EC	0x1586      	BSF        LCD_EN, BitPos(LCD_EN+0)
;__Lib_Lcd.c,137 :: 		
0x02ED	0x203C      	CALL       _Delay_1us
;__Lib_Lcd.c,138 :: 		
0x02EE	0x1186      	BCF        LCD_EN, BitPos(LCD_EN+0)
;__Lib_Lcd.c,139 :: 		
0x02EF	0x203E      	CALL       _Delay_5500us
;__Lib_Lcd.c,142 :: 		
0x02F0	0x1386      	BCF        LCD_D7, BitPos(LCD_D7+0)
;__Lib_Lcd.c,143 :: 		
0x02F1	0x1606      	BSF        LCD_D4, BitPos(LCD_D4+0)
;__Lib_Lcd.c,144 :: 		
0x02F2	0x1586      	BSF        LCD_EN, BitPos(LCD_EN+0)
;__Lib_Lcd.c,145 :: 		
0x02F3	0x203C      	CALL       _Delay_1us
;__Lib_Lcd.c,146 :: 		
0x02F4	0x1186      	BCF        LCD_EN, BitPos(LCD_EN+0)
;__Lib_Lcd.c,148 :: 		
0x02F5	0x1206      	BCF        LCD_D4, BitPos(LCD_D4+0)
;__Lib_Lcd.c,149 :: 		
0x02F6	0x1586      	BSF        LCD_EN, BitPos(LCD_EN+0)
;__Lib_Lcd.c,150 :: 		
0x02F7	0x203C      	CALL       _Delay_1us
;__Lib_Lcd.c,151 :: 		
0x02F8	0x1186      	BCF        LCD_EN, BitPos(LCD_EN+0)
;__Lib_Lcd.c,152 :: 		
0x02F9	0x203E      	CALL       _Delay_5500us
;__Lib_Lcd.c,155 :: 		
0x02FA	0x1586      	BSF        LCD_EN, BitPos(LCD_EN+0)
;__Lib_Lcd.c,156 :: 		
0x02FB	0x203C      	CALL       _Delay_1us
;__Lib_Lcd.c,157 :: 		
0x02FC	0x1186      	BCF        LCD_EN, BitPos(LCD_EN+0)
;__Lib_Lcd.c,159 :: 		
0x02FD	0x1606      	BSF        LCD_D4, BitPos(LCD_D4+0)
;__Lib_Lcd.c,160 :: 		
0x02FE	0x1586      	BSF        LCD_EN, BitPos(LCD_EN+0)
;__Lib_Lcd.c,161 :: 		
0x02FF	0x203C      	CALL       _Delay_1us
;__Lib_Lcd.c,162 :: 		
0x0300	0x1186      	BCF        LCD_EN, BitPos(LCD_EN+0)
;__Lib_Lcd.c,163 :: 		
0x0301	0x203E      	CALL       _Delay_5500us
;__Lib_Lcd.c,166 :: 		
0x0302	0x1206      	BCF        LCD_D4, BitPos(LCD_D4+0)
;__Lib_Lcd.c,167 :: 		
0x0303	0x1586      	BSF        LCD_EN, BitPos(LCD_EN+0)
;__Lib_Lcd.c,168 :: 		
0x0304	0x203C      	CALL       _Delay_1us
;__Lib_Lcd.c,169 :: 		
0x0305	0x1186      	BCF        LCD_EN, BitPos(LCD_EN+0)
;__Lib_Lcd.c,171 :: 		
0x0306	0x1786      	BSF        LCD_D7, BitPos(LCD_D7+0)
;__Lib_Lcd.c,172 :: 		
0x0307	0x1706      	BSF        LCD_D6, BitPos(LCD_D6+0)
;__Lib_Lcd.c,173 :: 		
0x0308	0x1686      	BSF        LCD_D5, BitPos(LCD_D5+0)
;__Lib_Lcd.c,174 :: 		
0x0309	0x1606      	BSF        LCD_D4, BitPos(LCD_D4+0)
;__Lib_Lcd.c,175 :: 		
0x030A	0x1586      	BSF        LCD_EN, BitPos(LCD_EN+0)
;__Lib_Lcd.c,176 :: 		
0x030B	0x203C      	CALL       _Delay_1us
;__Lib_Lcd.c,177 :: 		
0x030C	0x1186      	BCF        LCD_EN, BitPos(LCD_EN+0)
;__Lib_Lcd.c,179 :: 		
0x030D	0x203E      	CALL       _Delay_5500us
;__Lib_Lcd.c,181 :: 		
0x030E	0x1456      	BSF        __Lib_Lcd_cmd_status, BitPos(__Lib_Lcd_cmd_status+0)
;__Lib_Lcd.c,182 :: 		
L_end_Lcd_Init:
0x030F	0x0008      	RETURN
; end of _Lcd_Init
_LongToStr:
;__Lib_Conversions.c,240 :: 		
;__Lib_Conversions.c,246 :: 		
0x0310	0x1283      	BCF        STATUS, 5
0x0311	0x1303      	BCF        STATUS, 6
0x0312	0x01DF      	CLRF       LongToStr_negative_L0
0x0313	0x01E0      	CLRF       LongToStr_negative_L0+1
;__Lib_Conversions.c,247 :: 		
0x0314	0x0858      	MOVF       FARG_LongToStr_input, 0
0x0315	0x00E1      	MOVWF      LongToStr_inword_L0
0x0316	0x0859      	MOVF       FARG_LongToStr_input+1, 0
0x0317	0x00E2      	MOVWF      LongToStr_inword_L0+1
0x0318	0x085A      	MOVF       FARG_LongToStr_input+2, 0
0x0319	0x00E3      	MOVWF      LongToStr_inword_L0+2
0x031A	0x085B      	MOVF       FARG_LongToStr_input+3, 0
0x031B	0x00E4      	MOVWF      LongToStr_inword_L0+3
;__Lib_Conversions.c,248 :: 		
0x031C	0x3080      	MOVLW      128
0x031D	0x065B      	XORWF      FARG_LongToStr_input+3, 0
0x031E	0x00F0      	MOVWF      R0
0x031F	0x3080      	MOVLW      128
0x0320	0x0270      	SUBWF      R0, 0
0x0321	0x1D03      	BTFSS      STATUS, 2
0x0322	0x2B2D      	GOTO       L__LongToStr127
0x0323	0x3000      	MOVLW      0
0x0324	0x025A      	SUBWF      FARG_LongToStr_input+2, 0
0x0325	0x1D03      	BTFSS      STATUS, 2
0x0326	0x2B2D      	GOTO       L__LongToStr127
0x0327	0x3000      	MOVLW      0
0x0328	0x0259      	SUBWF      FARG_LongToStr_input+1, 0
0x0329	0x1D03      	BTFSS      STATUS, 2
0x032A	0x2B2D      	GOTO       L__LongToStr127
0x032B	0x3000      	MOVLW      0
0x032C	0x0258      	SUBWF      FARG_LongToStr_input, 0
L__LongToStr127:
0x032D	0x1803      	BTFSC      STATUS, 0
0x032E	0x2B55      	GOTO       L_LongToStr49
;__Lib_Conversions.c,249 :: 		
0x032F	0x3001      	MOVLW      1
0x0330	0x00DF      	MOVWF      LongToStr_negative_L0
0x0331	0x3000      	MOVLW      0
0x0332	0x00E0      	MOVWF      LongToStr_negative_L0+1
;__Lib_Conversions.c,250 :: 		
0x0333	0x01F4      	CLRF       R4
0x0334	0x01F5      	CLRF       R4+1
0x0335	0x01F6      	CLRF       R4+2
0x0336	0x01F7      	CLRF       R4+3
0x0337	0x0858      	MOVF       FARG_LongToStr_input, 0
0x0338	0x00F0      	MOVWF      R0
0x0339	0x0859      	MOVF       FARG_LongToStr_input+1, 0
0x033A	0x00F1      	MOVWF      R0+1
0x033B	0x085A      	MOVF       FARG_LongToStr_input+2, 0
0x033C	0x00F2      	MOVWF      R0+2
0x033D	0x085B      	MOVF       FARG_LongToStr_input+3, 0
0x033E	0x00F3      	MOVWF      R0+3
0x033F	0x0874      	MOVF       R4, 0
0x0340	0x00E1      	MOVWF      LongToStr_inword_L0
0x0341	0x0875      	MOVF       R4+1, 0
0x0342	0x00E2      	MOVWF      LongToStr_inword_L0+1
0x0343	0x0876      	MOVF       R4+2, 0
0x0344	0x00E3      	MOVWF      LongToStr_inword_L0+2
0x0345	0x0877      	MOVF       R4+3, 0
0x0346	0x00E4      	MOVWF      LongToStr_inword_L0+3
0x0347	0x0870      	MOVF       R0, 0
0x0348	0x02E1      	SUBWF      LongToStr_inword_L0, 1
0x0349	0x0871      	MOVF       R0+1, 0
0x034A	0x1C03      	BTFSS      STATUS, 0
0x034B	0x0F71      	INCFSZ     R0+1, 0
0x034C	0x02E2      	SUBWF      LongToStr_inword_L0+1, 1
0x034D	0x0872      	MOVF       R0+2, 0
0x034E	0x1C03      	BTFSS      STATUS, 0
0x034F	0x0F72      	INCFSZ     R0+2, 0
0x0350	0x02E3      	SUBWF      LongToStr_inword_L0+2, 1
0x0351	0x0873      	MOVF       R0+3, 0
0x0352	0x1C03      	BTFSS      STATUS, 0
0x0353	0x0F73      	INCFSZ     R0+3, 0
0x0354	0x02E4      	SUBWF      LongToStr_inword_L0+3, 1
;__Lib_Conversions.c,251 :: 		
L_LongToStr49:
;__Lib_Conversions.c,252 :: 		
0x0355	0x0861      	MOVF       LongToStr_inword_L0, 0
0x0356	0x00E5      	MOVWF      FARG_LongWordToStr_input
0x0357	0x0862      	MOVF       LongToStr_inword_L0+1, 0
0x0358	0x00E6      	MOVWF      FARG_LongWordToStr_input+1
0x0359	0x0863      	MOVF       LongToStr_inword_L0+2, 0
0x035A	0x00E7      	MOVWF      FARG_LongWordToStr_input+2
0x035B	0x0864      	MOVF       LongToStr_inword_L0+3, 0
0x035C	0x00E8      	MOVWF      FARG_LongWordToStr_input+3
0x035D	0x085C      	MOVF       FARG_LongToStr_output, 0
0x035E	0x00E9      	MOVWF      FARG_LongWordToStr_output
0x035F	0x2211      	CALL       _LongWordToStr
;__Lib_Conversions.c,254 :: 		
0x0360	0x300B      	MOVLW      11
0x0361	0x00DD      	MOVWF      LongToStr_i_L0
0x0362	0x3000      	MOVLW      0
0x0363	0x00DE      	MOVWF      LongToStr_i_L0+1
;__Lib_Conversions.c,255 :: 		
L_LongToStr50:
0x0364	0x085E      	MOVF       LongToStr_i_L0+1, 0
0x0365	0x3C00      	SUBLW      0
0x0366	0x1D03      	BTFSS      STATUS, 2
0x0367	0x2B6A      	GOTO       L__LongToStr128
0x0368	0x085D      	MOVF       LongToStr_i_L0, 0
0x0369	0x3C00      	SUBLW      0
L__LongToStr128:
0x036A	0x1803      	BTFSC      STATUS, 0
0x036B	0x2B85      	GOTO       L_LongToStr51
;__Lib_Conversions.c,256 :: 		
0x036C	0x085D      	MOVF       LongToStr_i_L0, 0
0x036D	0x075C      	ADDWF      FARG_LongToStr_output, 0
0x036E	0x00F2      	MOVWF      R2
0x036F	0x3001      	MOVLW      1
0x0370	0x025D      	SUBWF      LongToStr_i_L0, 0
0x0371	0x00F0      	MOVWF      R0
0x0372	0x3000      	MOVLW      0
0x0373	0x1C03      	BTFSS      STATUS, 0
0x0374	0x3E01      	ADDLW      1
0x0375	0x025E      	SUBWF      LongToStr_i_L0+1, 0
0x0376	0x00F1      	MOVWF      R0+1
0x0377	0x0870      	MOVF       R0, 0
0x0378	0x075C      	ADDWF      FARG_LongToStr_output, 0
0x0379	0x0084      	MOVWF      FSR
0x037A	0x0800      	MOVF       INDF, 0
0x037B	0x00F0      	MOVWF      R0
0x037C	0x0872      	MOVF       R2, 0
0x037D	0x0084      	MOVWF      FSR
0x037E	0x0870      	MOVF       R0, 0
0x037F	0x0080      	MOVWF      INDF
;__Lib_Conversions.c,257 :: 		
0x0380	0x3001      	MOVLW      1
0x0381	0x02DD      	SUBWF      LongToStr_i_L0, 1
0x0382	0x1C03      	BTFSS      STATUS, 0
0x0383	0x03DE      	DECF       LongToStr_i_L0+1, 1
;__Lib_Conversions.c,258 :: 		
0x0384	0x2B64      	GOTO       L_LongToStr50
L_LongToStr51:
;__Lib_Conversions.c,259 :: 		
0x0385	0x085C      	MOVF       FARG_LongToStr_output, 0
0x0386	0x0084      	MOVWF      FSR
0x0387	0x3020      	MOVLW      32
0x0388	0x0080      	MOVWF      INDF
;__Lib_Conversions.c,260 :: 		
0x0389	0x085F      	MOVF       LongToStr_negative_L0, 0
0x038A	0x0460      	IORWF      LongToStr_negative_L0+1, 0
0x038B	0x1903      	BTFSC      STATUS, 2
0x038C	0x2BA3      	GOTO       L_LongToStr52
;__Lib_Conversions.c,261 :: 		
0x038D	0x01DD      	CLRF       LongToStr_i_L0
0x038E	0x01DE      	CLRF       LongToStr_i_L0+1
;__Lib_Conversions.c,262 :: 		
L_LongToStr53:
0x038F	0x085D      	MOVF       LongToStr_i_L0, 0
0x0390	0x075C      	ADDWF      FARG_LongToStr_output, 0
0x0391	0x0084      	MOVWF      FSR
0x0392	0x0800      	MOVF       INDF, 0
0x0393	0x3A20      	XORLW      32
0x0394	0x1D03      	BTFSS      STATUS, 2
0x0395	0x2B9A      	GOTO       L_LongToStr54
0x0396	0x0ADD      	INCF       LongToStr_i_L0, 1
0x0397	0x1903      	BTFSC      STATUS, 2
0x0398	0x0ADE      	INCF       LongToStr_i_L0+1, 1
0x0399	0x2B8F      	GOTO       L_LongToStr53
L_LongToStr54:
;__Lib_Conversions.c,263 :: 		
0x039A	0x3001      	MOVLW      1
0x039B	0x02DD      	SUBWF      LongToStr_i_L0, 1
0x039C	0x1C03      	BTFSS      STATUS, 0
0x039D	0x03DE      	DECF       LongToStr_i_L0+1, 1
;__Lib_Conversions.c,264 :: 		
0x039E	0x085D      	MOVF       LongToStr_i_L0, 0
0x039F	0x075C      	ADDWF      FARG_LongToStr_output, 0
0x03A0	0x0084      	MOVWF      FSR
0x03A1	0x302D      	MOVLW      45
0x03A2	0x0080      	MOVWF      INDF
;__Lib_Conversions.c,265 :: 		
L_LongToStr52:
;__Lib_Conversions.c,266 :: 		
L_end_LongToStr:
0x03A3	0x0008      	RETURN
; end of _LongToStr
_TMR1_CFG:
;Frecuencimetro TMR1.c,56 :: 		void TMR1_CFG(){
;Frecuencimetro TMR1.c,57 :: 		T1CON.T1GINV = 1;             //Puerta activado en Alto
0x03A4	0x1283      	BCF        STATUS, 5
0x03A5	0x1303      	BCF        STATUS, 6
0x03A6	0x1790      	BSF        T1CON, 7
;Frecuencimetro TMR1.c,58 :: 		T1CON.TMR1GE = 0;             //Puerta activada
0x03A7	0x1310      	BCF        T1CON, 6
;Frecuencimetro TMR1.c,59 :: 		T1CON.T1CKPS0 = 0;            //Preescaler 1:1
0x03A8	0x1210      	BCF        T1CON, 4
;Frecuencimetro TMR1.c,60 :: 		T1CON.T1CKPS1 = 0;
0x03A9	0x1290      	BCF        T1CON, 5
;Frecuencimetro TMR1.c,61 :: 		T1CON.T1SYNC = 0;             //No sincronizado
0x03AA	0x1110      	BCF        T1CON, 2
;Frecuencimetro TMR1.c,62 :: 		T1CON.TMR1CS=1;               //Clock externo
0x03AB	0x1490      	BSF        T1CON, 1
;Frecuencimetro TMR1.c,64 :: 		INTCON.GIE = 1;
0x03AC	0x178B      	BSF        INTCON, 7
;Frecuencimetro TMR1.c,65 :: 		INTCON.PEIE = 1;
0x03AD	0x170B      	BSF        INTCON, 6
;Frecuencimetro TMR1.c,66 :: 		PIE1.TMR1IE = 1;              //Interrupcion por overflow del TMR1IE
0x03AE	0x1683      	BSF        STATUS, 5
0x03AF	0x140C      	BSF        PIE1, 0
;Frecuencimetro TMR1.c,67 :: 		}
L_end_TMR1_CFG:
0x03B0	0x0008      	RETURN
; end of _TMR1_CFG
___CC2DW:
;__Lib_System.c,134 :: 		
;__Lib_System.c,137 :: 		
_CC2D_Loop1:
;__Lib_System.c,139 :: 		
0x03B1	0x227B      	CALL       _____DoICP
0x03B2	0x118A      	BCF        PCLATH, 3
0x03B3	0x120A      	BCF        PCLATH, 4
;__Lib_System.c,141 :: 		
0x03B4	0x0080      	MOVWF      INDF
;__Lib_System.c,142 :: 		
0x03B5	0x0A84      	INCF       FSR, 1
;__Lib_System.c,143 :: 		
0x03B6	0x0AD3      	INCF       ___DoICPAddr, 1
;__Lib_System.c,145 :: 		
0x03B7	0x1903      	BTFSC      STATUS, 2
;__Lib_System.c,146 :: 		
0x03B8	0x0AD4      	INCF       ___DoICPAddr+1, 1
;__Lib_System.c,147 :: 		
0x03B9	0x03F0      	DECF       R0, 1
;__Lib_System.c,149 :: 		
0x03BA	0x1D03      	BTFSS      STATUS, 2
;__Lib_System.c,150 :: 		
0x03BB	0x2BB1      	GOTO       _CC2D_Loop1
;__Lib_System.c,152 :: 		
L_end___CC2DW:
0x03BC	0x0008      	RETURN
; end of ___CC2DW
_main:
0x03BD	0x1283      	BCF        STATUS, 5
0x03BE	0x1303      	BCF        STATUS, 6
0x03BF	0x01A5      	CLRF       _timer
0x03C0	0x01A6      	CLRF       38
0x03C1	0x01A7      	CLRF       39
0x03C2	0x01A8      	CLRF       40
0x03C3	0x01A9      	CLRF       _cuenta
0x03C4	0x01AA      	CLRF       42
0x03C5	0x01AB      	CLRF       43
0x03C6	0x01AC      	CLRF       44
0x03C7	0x3046      	MOVLW      70
0x03C8	0x00AD      	MOVWF      _txt1
0x03C9	0x3072      	MOVLW      114
0x03CA	0x00AE      	MOVWF      46
0x03CB	0x3065      	MOVLW      101
0x03CC	0x00AF      	MOVWF      47
0x03CD	0x3063      	MOVLW      99
0x03CE	0x00B0      	MOVWF      48
0x03CF	0x3075      	MOVLW      117
0x03D0	0x00B1      	MOVWF      49
0x03D1	0x3065      	MOVLW      101
0x03D2	0x00B2      	MOVWF      50
0x03D3	0x306E      	MOVLW      110
0x03D4	0x00B3      	MOVWF      51
0x03D5	0x3063      	MOVLW      99
0x03D6	0x00B4      	MOVWF      52
0x03D7	0x3069      	MOVLW      105
0x03D8	0x00B5      	MOVWF      53
0x03D9	0x306D      	MOVLW      109
0x03DA	0x00B6      	MOVWF      54
0x03DB	0x3065      	MOVLW      101
0x03DC	0x00B7      	MOVWF      55
0x03DD	0x3074      	MOVLW      116
0x03DE	0x00B8      	MOVWF      56
0x03DF	0x3072      	MOVLW      114
0x03E0	0x00B9      	MOVWF      57
0x03E1	0x306F      	MOVLW      111
0x03E2	0x00BA      	MOVWF      58
0x03E3	0x01BB      	CLRF       59
0x03E4	0x3048      	MOVLW      72
0x03E5	0x00BC      	MOVWF      _txt3
0x03E6	0x307A      	MOVLW      122
0x03E7	0x00BD      	MOVWF      61
0x03E8	0x01BE      	CLRF       62
;Frecuencimetro TMR1.c,25 :: 		void main() {
;Frecuencimetro TMR1.c,26 :: 		TMR1_CFG();
0x03E9	0x23A4      	CALL       _TMR1_CFG
;Frecuencimetro TMR1.c,27 :: 		ANSEL = 0;
0x03EA	0x1703      	BSF        STATUS, 6
0x03EB	0x0188      	CLRF       ANSEL
;Frecuencimetro TMR1.c,28 :: 		TRISA = 0x00;
0x03EC	0x1303      	BCF        STATUS, 6
0x03ED	0x0185      	CLRF       TRISA
;Frecuencimetro TMR1.c,29 :: 		PORTA = 0x00;
0x03EE	0x1283      	BCF        STATUS, 5
0x03EF	0x0185      	CLRF       PORTA
;Frecuencimetro TMR1.c,30 :: 		TRISD=0x00;
0x03F0	0x1683      	BSF        STATUS, 5
0x03F1	0x0188      	CLRF       TRISD
;Frecuencimetro TMR1.c,31 :: 		PORTD=0x00;
0x03F2	0x1283      	BCF        STATUS, 5
0x03F3	0x0188      	CLRF       PORTD
;Frecuencimetro TMR1.c,32 :: 		ANSELH=0;
0x03F4	0x1683      	BSF        STATUS, 5
0x03F5	0x1703      	BSF        STATUS, 6
0x03F6	0x0189      	CLRF       ANSELH
;Frecuencimetro TMR1.c,33 :: 		Lcd_Init();                        // Initialize LCD
0x03F7	0x22C2      	CALL       _Lcd_Init
;Frecuencimetro TMR1.c,34 :: 		Lcd_Cmd(_LCD_CLEAR);               // Clear display
0x03F8	0x3001      	MOVLW      1
0x03F9	0x00ED      	MOVWF      FARG_Lcd_Cmd_out_char
0x03FA	0x2051      	CALL       _Lcd_Cmd
;Frecuencimetro TMR1.c,35 :: 		Lcd_Cmd(_LCD_CURSOR_OFF);          // Cursor off
0x03FB	0x300C      	MOVLW      12
0x03FC	0x00ED      	MOVWF      FARG_Lcd_Cmd_out_char
0x03FD	0x2051      	CALL       _Lcd_Cmd
;Frecuencimetro TMR1.c,36 :: 		Lcd_Out(1,1,txt1);
0x03FE	0x3001      	MOVLW      1
0x03FF	0x00D8      	MOVWF      FARG_Lcd_Out_row
0x0400	0x3001      	MOVLW      1
0x0401	0x00D9      	MOVWF      FARG_Lcd_Out_column
0x0402	0x302D      	MOVLW      _txt1
0x0403	0x00DA      	MOVWF      FARG_Lcd_Out_text
0x0404	0x2282      	CALL       _Lcd_Out
;Frecuencimetro TMR1.c,37 :: 		Lcd_Out(2,14,txt3);
0x0405	0x3002      	MOVLW      2
0x0406	0x00D8      	MOVWF      FARG_Lcd_Out_row
0x0407	0x300E      	MOVLW      14
0x0408	0x00D9      	MOVWF      FARG_Lcd_Out_column
0x0409	0x303C      	MOVLW      _txt3
0x040A	0x00DA      	MOVWF      FARG_Lcd_Out_text
0x040B	0x2282      	CALL       _Lcd_Out
;Frecuencimetro TMR1.c,39 :: 		while(1){
L_main0:
;Frecuencimetro TMR1.c,40 :: 		T1CON.TMR1ON = 1;
0x040C	0x1410      	BSF        T1CON, 0
;Frecuencimetro TMR1.c,41 :: 		delay_ms(1000);
0x040D	0x3006      	MOVLW      6
0x040E	0x00FB      	MOVWF      R11
0x040F	0x3013      	MOVLW      19
0x0410	0x00FC      	MOVWF      R12
0x0411	0x30AD      	MOVLW      173
0x0412	0x00FD      	MOVWF      R13
L_main2:
0x0413	0x0BFD      	DECFSZ     R13, 1
0x0414	0x2C13      	GOTO       L_main2
0x0415	0x0BFC      	DECFSZ     R12, 1
0x0416	0x2C13      	GOTO       L_main2
0x0417	0x0BFB      	DECFSZ     R11, 1
0x0418	0x2C13      	GOTO       L_main2
0x0419	0x0000      	NOP
0x041A	0x0000      	NOP
;Frecuencimetro TMR1.c,42 :: 		T1CON.TMR1ON = 0;
0x041B	0x1010      	BCF        T1CON, 0
;Frecuencimetro TMR1.c,43 :: 		PORTA = TMR1H;
0x041C	0x080F      	MOVF       TMR1H, 0
0x041D	0x0085      	MOVWF      PORTA
;Frecuencimetro TMR1.c,44 :: 		PORTD = TMR1L;
0x041E	0x080E      	MOVF       TMR1L, 0
0x041F	0x0088      	MOVWF      PORTD
;Frecuencimetro TMR1.c,45 :: 		timer = (TMR1H<<8) + TMR1L;
0x0420	0x01A8      	CLRF       _timer+3
0x0421	0x0810      	MOVF       TMR1H+1, 0
0x0422	0x00A7      	MOVWF      _timer+2
0x0423	0x080F      	MOVF       TMR1H, 0
0x0424	0x00A6      	MOVWF      _timer+1
0x0425	0x01A5      	CLRF       _timer
0x0426	0x080E      	MOVF       TMR1L, 0
0x0427	0x07A5      	ADDWF      _timer, 1
0x0428	0x1803      	BTFSC      STATUS, 0
0x0429	0x0AA6      	INCF       _timer+1, 1
0x042A	0x3000      	MOVLW      0
0x042B	0x00A7      	MOVWF      _timer+2
0x042C	0x00A8      	MOVWF      _timer+3
;Frecuencimetro TMR1.c,46 :: 		cuenta = cuenta * 65536;
0x042D	0x082A      	MOVF       _cuenta+1, 0
0x042E	0x00F3      	MOVWF      R0+3
0x042F	0x0829      	MOVF       _cuenta, 0
0x0430	0x00F2      	MOVWF      R0+2
0x0431	0x01F0      	CLRF       R0
0x0432	0x01F1      	CLRF       R0+1
0x0433	0x0870      	MOVF       R0, 0
0x0434	0x00A9      	MOVWF      _cuenta
0x0435	0x0871      	MOVF       R0+1, 0
0x0436	0x00AA      	MOVWF      _cuenta+1
0x0437	0x0872      	MOVF       R0+2, 0
0x0438	0x00AB      	MOVWF      _cuenta+2
0x0439	0x0873      	MOVF       R0+3, 0
0x043A	0x00AC      	MOVWF      _cuenta+3
;Frecuencimetro TMR1.c,47 :: 		timer = timer+cuenta;
0x043B	0x0825      	MOVF       _timer, 0
0x043C	0x07F0      	ADDWF      R0, 1
0x043D	0x0826      	MOVF       _timer+1, 0
0x043E	0x1803      	BTFSC      STATUS, 0
0x043F	0x0F26      	INCFSZ     _timer+1, 0
0x0440	0x07F1      	ADDWF      R0+1, 1
0x0441	0x0827      	MOVF       _timer+2, 0
0x0442	0x1803      	BTFSC      STATUS, 0
0x0443	0x0F27      	INCFSZ     _timer+2, 0
0x0444	0x07F2      	ADDWF      R0+2, 1
0x0445	0x0828      	MOVF       _timer+3, 0
0x0446	0x1803      	BTFSC      STATUS, 0
0x0447	0x0F28      	INCFSZ     _timer+3, 0
0x0448	0x07F3      	ADDWF      R0+3, 1
0x0449	0x0870      	MOVF       R0, 0
0x044A	0x00A5      	MOVWF      _timer
0x044B	0x0871      	MOVF       R0+1, 0
0x044C	0x00A6      	MOVWF      _timer+1
0x044D	0x0872      	MOVF       R0+2, 0
0x044E	0x00A7      	MOVWF      _timer+2
0x044F	0x0873      	MOVF       R0+3, 0
0x0450	0x00A8      	MOVWF      _timer+3
;Frecuencimetro TMR1.c,48 :: 		LongToStr(timer, txt2);
0x0451	0x0870      	MOVF       R0, 0
0x0452	0x00D8      	MOVWF      FARG_LongToStr_input
0x0453	0x0871      	MOVF       R0+1, 0
0x0454	0x00D9      	MOVWF      FARG_LongToStr_input+1
0x0455	0x0872      	MOVF       R0+2, 0
0x0456	0x00DA      	MOVWF      FARG_LongToStr_input+2
0x0457	0x0873      	MOVF       R0+3, 0
0x0458	0x00DB      	MOVWF      FARG_LongToStr_input+3
0x0459	0x303F      	MOVLW      _txt2
0x045A	0x00DC      	MOVWF      FARG_LongToStr_output
0x045B	0x2310      	CALL       _LongToStr
;Frecuencimetro TMR1.c,49 :: 		Lcd_Out(2,1,txt2);
0x045C	0x3002      	MOVLW      2
0x045D	0x00D8      	MOVWF      FARG_Lcd_Out_row
0x045E	0x3001      	MOVLW      1
0x045F	0x00D9      	MOVWF      FARG_Lcd_Out_column
0x0460	0x303F      	MOVLW      _txt2
0x0461	0x00DA      	MOVWF      FARG_Lcd_Out_text
0x0462	0x2282      	CALL       _Lcd_Out
;Frecuencimetro TMR1.c,50 :: 		TMR1H = 0x00;
0x0463	0x018F      	CLRF       TMR1H
;Frecuencimetro TMR1.c,51 :: 		TMR1L = 0x00;
0x0464	0x018E      	CLRF       TMR1L
;Frecuencimetro TMR1.c,52 :: 		cuenta = 0;
0x0465	0x01A9      	CLRF       _cuenta
0x0466	0x01AA      	CLRF       _cuenta+1
0x0467	0x01AB      	CLRF       _cuenta+2
0x0468	0x01AC      	CLRF       _cuenta+3
;Frecuencimetro TMR1.c,53 :: 		}
0x0469	0x2C0C      	GOTO       L_main0
;Frecuencimetro TMR1.c,54 :: 		}
L_end_main:
0x046A	0x2C6A      	GOTO       $+0
; end of _main
Symbol List:
//** Routines locations **
//ADDRESS    SIZE    PROCEDURE
//----------------------------------------------
0x0004      [56]    _interrupt
0x003C       [2]    _Delay_1us
0x003E      [11]    _Delay_5500us
0x0049       [8]    _Delay_50us
0x0051      [64]    _Lcd_Cmd
0x0091     [376]    _Div_32x32_U
0x0209       [8]    _Lcd_Chr_CP
0x0211     [106]    _LongWordToStr
0x027B       [7]    _____DoICP
0x0282      [64]    _Lcd_Out
0x02C2      [78]    _Lcd_Init
0x0310     [148]    _LongToStr
0x03A4      [13]    _TMR1_CFG
0x03B1      [12]    ___CC2DW
0x03BD     [174]    _main
//** Variables locations ** 
//ADDRESS    SIZE    VARIABLE
//----------------------------------------------
0x0000       [1]    INDF
0x0002       [1]    PCL
0x0003       [1]    STATUS
0x0004       [1]    FSR
0x0005       [1]    PORTA
0x0006       [0]    LCD_D7
0x0006       [0]    RB3_bit
0x0006       [0]    RB2_bit
0x0006       [0]    RB7_bit
0x0006       [0]    LCD_D6
0x0006       [0]    LCD_D4
0x0006       [0]    LCD_EN
0x0006       [0]    LCD_RS
0x0006       [0]    RB6_bit
0x0006       [0]    RB4_bit
0x0006       [0]    LCD_D5
0x0006       [0]    RB5_bit
0x0008       [1]    PORTD
0x000A       [1]    PCLATH
0x000B       [1]    INTCON
0x000C       [1]    PIR1
0x000E       [1]    TMR1L
0x000F       [1]    TMR1H
0x0010       [1]    T1CON
0x0020       [1]    ___math_tempb
0x0025       [4]    _timer
0x0029       [4]    _cuenta
0x002D      [15]    _txt1
0x003C       [3]    _txt3
0x003F      [20]    _txt2
0x0053       [2]    ___DoICPAddr
0x0055       [1]    ___savePCLATH
0x0056       [0]    __Lib_Lcd_cmd_status
0x0057       [1]    ___saveSTATUS
0x0058       [4]    FARG_LongToStr_input
0x0058       [1]    FARG_Lcd_Out_row
0x0059       [1]    FARG_Lcd_Out_column
0x005A       [1]    FARG_Lcd_Out_text
0x005B       [1]    Lcd_Out_i_L0
0x005C       [1]    FARG_LongToStr_output
0x005D       [2]    LongToStr_i_L0
0x005F       [2]    LongToStr_negative_L0
0x0061       [4]    LongToStr_inword_L0
0x0065       [1]    FARG_Lcd_Chr_CP_out_char
0x0065       [4]    FARG_LongWordToStr_input
0x0069       [1]    FARG_LongWordToStr_output
0x006A       [2]    LongWordToStr_len_L0
0x006C       [1]    FLOC__LongWordToStr
0x006D       [1]    FARG_Lcd_Cmd_out_char
0x0070       [1]    R0
0x0071       [1]    R1
0x0072       [1]    R2
0x0073       [1]    R3
0x0074       [1]    R4
0x0075       [1]    R5
0x0076       [1]    R6
0x0077       [1]    R7
0x0078       [1]    R8
0x0079       [1]    R9
0x007A       [1]    R10
0x007B       [1]    R11
0x007C       [1]    R12
0x007D       [1]    R13
0x007E       [1]    R14
0x007F       [1]    R15
0x0085       [1]    TRISA
0x0086       [0]    LCD_D5_Direction
0x0086       [0]    LCD_D6_Direction
0x0086       [0]    LCD_D4_Direction
0x0086       [0]    TRISB7_bit
0x0086       [0]    TRISB6_bit
0x0086       [0]    LCD_EN_Direction
0x0086       [0]    LCD_RS_Direction
0x0086       [0]    TRISB5_bit
0x0086       [0]    TRISB2_bit
0x0086       [0]    TRISB4_bit
0x0086       [0]    LCD_D7_Direction
0x0086       [0]    TRISB3_bit
0x0088       [1]    TRISD
0x008C       [1]    PIE1
0x0188       [1]    ANSEL
0x0189       [1]    ANSELH
//** Label List: ** 
//----------------------------------------------
  L_main0
  L_main1
  L_main2
  L_interrupt3
  L_end_main
  _main
  L_end_TMR1_CFG
  _TMR1_CFG
  L_end_interrupt
  _interrupt
  L__interrupt7
  L_ByteToStr0
  L_ByteToStr1
  L_ByteToStr2
  L_ByteToStr3
  L_ByteToStr4
  L_ByteToStr5
  L_WordToStr6
  L_WordToStr7
  L_WordToStr8
  L_WordToStr9
  L_WordToStr10
  L_WordToStr11
  L_WordToStrWithZeros12
  L_WordToStrWithZeros13
  L_WordToStrWithZeros14
  L_WordToStrWithZeros15
  L_WordToStrWithZeros16
  L_ShortToStr17
  L_ShortToStr18
  L_ShortToStr19
  L_ShortToStr20
  L_ShortToStr21
  L_ShortToStr22
  L_IntToStr23
  L_IntToStr24
  L_IntToStr25
  L_IntToStr26
  L_IntToStr27
  L_IntToStr28
  L_IntToStrWithZeros29
  L_IntToStrWithZeros30
  L_IntToStrWithZeros31
  L_IntToStrWithZeros32
  L_IntToStrWithZeros33
  L_IntToStrWithZeros34
  L_IntToStrWithZeros35
  L_IntToStrWithZeros36
  L_IntToStrWithZeros37
  L_LongWordToStr38
  L_LongWordToStr39
  L_LongWordToStr40
  L_LongWordToStr41
  L_LongWordToStr42
  L_LongWordToStr43
  L_LongWordToStrWithZeros44
  L_LongWordToStrWithZeros45
  L_LongWordToStrWithZeros46
  L_LongWordToStrWithZeros47
  L_LongWordToStrWithZeros48
  L_LongToStr49
  L_LongToStr50
  L_LongToStr51
  L_LongToStr52
  L_LongToStr53
  L_LongToStr54
  L_LongIntToStrWithZeros55
  L_LongIntToStrWithZeros56
  L_LongIntToStrWithZeros57
  L_LongIntToStrWithZeros58
  L_LongIntToStrWithZeros59
  L_LongIntToStrWithZeros60
  L_LongIntToStrWithZeros61
  L_LongIntToStrWithZeros62
  L_LongIntToStrWithZeros63
  L_Dec2Bcd64
  L_Dec2Bcd65
  L_Rtrim66
  L_Rtrim67
  L_Rtrim68
  L_Rtrim69
  L_Ltrim70
  L_Ltrim71
  L_Ltrim72
  L_Ltrim73
  L_Ltrim74
  L_Ltrim75
  L_FloatToStr76
  L_FloatToStr77
  L_FloatToStr78
  L_FloatToStr79
  L_FloatToStr80
  L_FloatToStr81
  L_FloatToStr82
  L_FloatToStr83
  L_FloatToStr84
  L_FloatToStr85
  L_FloatToStr86
  L_FloatToStr87
  L_FloatToStr88
  L_FloatToStr89
  L_FloatToStr90
  L_FloatToStr91
  L_FloatToStr92
  L_FloatToStr93
  L_FloatToStr94
  L_FloatToStr95
  L_FloatToStr96
  L_FloatToStr97
  L__Rtrim98
  L__Ltrim99
  L__FloatToStr100
  L_end_ByteToHex
  _ByteToHex
  L_end_ShortToHex
  _ShortToHex
  L_end_WordToHex
  _WordToHex
  L_end_IntToHex
  _IntToHex
  L_end_LongWordToHex
  _LongWordToHex
  L_end_LongIntToHex
  _LongIntToHex
  L_end_ByteToStr
  _ByteToStr
  L_end_WordToStr
  _WordToStr
  L__WordToStr109
  L_end_WordToStrWithZeros
  _WordToStrWithZeros
  L__WordToStrWithZeros111
  L_end_ShortToStr
  _ShortToStr
  L__ShortToStr113
  L_end_IntToStr
  _IntToStr
  L__IntToStr115
  L__IntToStr116
  L_end_IntToStrWithZeros
  _IntToStrWithZeros
  L__IntToStrWithZeros118
  L__IntToStrWithZeros119
  L__IntToStrWithZeros120
  L_end_LongWordToStr
  _LongWordToStr
  L__LongWordToStr122
  L__LongWordToStr123
  L_end_LongWordToStrWithZeros
  _LongWordToStrWithZeros
  L__LongWordToStrWithZeros125
  L_end_LongToStr
  _LongToStr
  L__LongToStr127
  L__LongToStr128
  L_end_LongIntToStrWithZeros
  _LongIntToStrWithZeros
  L__LongIntToStrWithZeros130
  L__LongIntToStrWithZeros131
  L__LongIntToStrWithZeros132
  L_end_Dec2Bcd
  _Dec2Bcd
  L_end_Bcd2Dec
  _Bcd2Dec
  L_end_Bcd2Dec16
  _Bcd2Dec16
  L__Bcd2Dec16136
  L__Bcd2Dec16137
  L_end_Dec2Bcd16
  _Dec2Bcd16
  L__Dec2Bcd16139
  L__Dec2Bcd16140
  L_end_Rtrim
  _Rtrim
  L_end_Ltrim
  _Ltrim
  L_end_FloatToStr
  _FloatToStr
  L__FloatToStr144
  L__FloatToStr145
  L__FloatToStr146
  L__FloatToStr147
  L__FloatToStr148
  L_Delay_10us0
  L_Delay_22us1
  L_Delay_50us2
  L_Delay_80us3
  L_Delay_500us4
  L_Delay_5500us5
  L_Delay_1ms6
  L_Delay_5ms7
  L_Delay_8ms8
  L_Delay_10ms9
  L_Delay_100ms10
  L_Delay_1sec11
  L_boot16_Delay_5ms12
  L_Delay_Cyc13
  L_Delay_Cyc14
  L_VDelay_ms15
  L_VDelay_ms16
  L_VDelay_ms17
  L_VDelay_Advanced_ms18
  L_VDelay_Advanced_ms19
  L_VDelay_Advanced_ms20
  L_end_Get_Fosc_kHz
  _Get_Fosc_kHz
  L_end_Delay_1us
  _Delay_1us
  L_end_Delay_10us
  _Delay_10us
  L_end_Delay_22us
  _Delay_22us
  L_end_Delay_50us
  _Delay_50us
  L_end_Delay_80us
  _Delay_80us
  L_end_Delay_500us
  _Delay_500us
  L_end_Delay_5500us
  _Delay_5500us
  L_end_Delay_1ms
  _Delay_1ms
  L_end_Delay_5ms
  _Delay_5ms
  L_end_Delay_8ms
  _Delay_8ms
  L_end_Delay_10ms
  _Delay_10ms
  L_end_Delay_100ms
  _Delay_100ms
  L_end_Delay_1sec
  _Delay_1sec
  L_end_boot16_Delay_5ms
  _boot16_Delay_5ms
  L_end_Delay_Cyc
  _Delay_Cyc
  L_end_VDelay_ms
  _VDelay_ms
  L__VDelay_ms38
  L__VDelay_ms39
  L__VDelay_ms40
  L_end_VDelay_Advanced_ms
  _VDelay_Advanced_ms
  L__VDelay_Advanced_ms42
  L__VDelay_Advanced_ms43
  L__VDelay_Advanced_ms44
  L_Lcd_Cmd0
  L_Lcd_Cmd1
  L_Lcd_Out_CP2
  L_Lcd_Out_CP3
  L_Lcd_Chr4
  L_Lcd_Chr5
  L_Lcd_Chr6
  L_Lcd_Chr7
  L_Lcd_Chr8
  L_Lcd_Chr9
  L_Lcd_Chr10
  L_Lcd_Out11
  L_Lcd_Out12
  L_Lcd_Out13
  L_Lcd_Out14
  L_Lcd_Out15
  L_Lcd_Out16
  L_Lcd_Out17
  L_Lcd_Out18
  L_Lcd_Out19
  L_end_Lcd_Cmd
  _Lcd_Cmd
  L__Lcd_Cmd21
  L__Lcd_Cmd22
  L__Lcd_Cmd23
  L__Lcd_Cmd24
  L__Lcd_Cmd25
  L__Lcd_Cmd26
  L__Lcd_Cmd27
  L__Lcd_Cmd28
  L__Lcd_Cmd29
  L__Lcd_Cmd30
  L__Lcd_Cmd31
  L__Lcd_Cmd32
  L__Lcd_Cmd33
  L__Lcd_Cmd34
  L__Lcd_Cmd35
  L__Lcd_Cmd36
  L__Lcd_Cmd37
  L__Lcd_Cmd38
  L__Lcd_Cmd39
  L__Lcd_Cmd40
  L_end_Lcd_Chr_CP
  _Lcd_Chr_CP
  L_end_Lcd_Out_CP
  _Lcd_Out_CP
  L_end_Lcd_Chr
  _Lcd_Chr
  L_end_Lcd_Init
  _Lcd_Init
  L_end_Lcd_Out
  _Lcd_Out
  L_Div_16x16_S0
  L_Div_16x16_S1
  LOOPS3232A
  SADD22LA
  SOK22LA
  SADD22L8
  SOK22L8
  LOOPS3232B
  SADD22LB
  SOK22LB
  SADD22L16
  SOK22L16
  LOOPS3232C
  SADD22LC
  SOK22LC
  SADD22L24
  SOK22L24
  LOOPS3232D
  SADD22LD
  SOK22LD
  SOK22L
  L_Div_32x32_S6
  L_Div_32x32_S7
  L_Div_32x32_S8
  L_Div_32x32_S9
  FXD3232S
  END_ALL
  CA3232S
  C3232SX
  C3232SX1
  C3232S
  C3232S2
  C3232SX4
  C3232SOK
  C3232SX3
  C3232SX2
  avoid_comfrem
  LOOPU3232A
  UADD22LA
  UOK22LA
  UADD22L8
  UOK22L8
  LOOPU3232B
  UADD22LB
  UOK22LB
  UADD22L16
  UOK22L16
  LOOPU3232C
  UADD22LC
  UOK22LC
  UADD22L24
  UOK22L24
  LOOPU3232D
  UADD22LD
  UOK22LD
  UOK22L
  _NEXT
  _EXIT2
  _LOOP
  _EXIT1
  _IF_FIRST
  _IF_SECOND
  _INVERCE_FIRST
  _MULT
  _INBERSE_SECOND
  _EXIT
  L_end_Mul_8x8_U
  _Mul_8x8_U
  L_end_Mul_16x16_U
  _Mul_16x16_U
  L_end_Div_8x8_U
  _Div_8x8_U
  L_end_Div_16x16_U
  _Div_16x16_U
  L_end_Mul_8x8_S
  _Mul_8x8_S
  L_end_Mul_16x16_S
  _Mul_16x16_S
  L_end_Div_16x16_S_L
  _Div_16x16_S_L
  L_end_Div_16x16_S
  _Div_16x16_S
  L_end_Div_8x8_S
  _Div_8x8_S
  L_end_SDIV3232L
  _SDIV3232L
  L_end_COMFREM
  _COMFREM
  L_end_Div_32x32_S
  _Div_32x32_S
  L_end_Div_32x32_U
  _Div_32x32_U
  L_end_Mul_32x32_U
  _Mul_32x32_U
  L_end_Mul_32x32_S
  _Mul_32x32_S
  L_loopCA2AWs
  L_CA2AWend
  _CCA2AW_Loop1
  L_loopCS2Ss
  L_CS2Send
  _CCS2S_Loop1
  L_CCS2Send
  L_loopFZinSWs
  L_FZinSend
  _CC2D_Loop1
  L_end_____DoICP
  _____DoICP
  L_end_____DoIFC
  _____DoIFC
  L_end___CA2AW
  ___CA2AW
  L_end___CCA2AW
  ___CCA2AW
  L_end___CS2S
  ___CS2S
  L_end___CCS2S
  ___CCS2S
  L_end___FZinS
  ___FZinS
  L_end___CC2DW
  ___CC2DW
  L_end_Swap
  _Swap
  L_main0
  L_main1
  L_main2
  L_interrupt3
  L_end_main
  _main
  L_end_TMR1_CFG
  _TMR1_CFG
  L_end_interrupt
  _interrupt
  L__interrupt7
