;  LST file generated by mikroListExporter - v.2.0 
; Date/Time: 16/05/2015 12:45:30 a.m.
;----------------------------------------------

;Address Opcode 	ASM
0x0000	0x284A      	GOTO       74
_Pulso:
;RS-232.c,58 :: 		void Pulso ()
;RS-232.c,60 :: 		PortC.RC3=1;
0x0003	0x1283      	BCF        STATUS, 5
0x0004	0x1303      	BCF        STATUS, 6
0x0005	0x1587      	BSF        PORTC, 3
;RS-232.c,61 :: 		delay_ms(1);
0x0006	0x3002      	MOVLW      2
0x0007	0x00FC      	MOVWF      R12
0x0008	0x304B      	MOVLW      75
0x0009	0x00FD      	MOVWF      R13
L_Pulso8:
0x000A	0x0BFD      	DECFSZ     R13, 1
0x000B	0x280A      	GOTO       L_Pulso8
0x000C	0x0BFC      	DECFSZ     R12, 1
0x000D	0x280A      	GOTO       L_Pulso8
;RS-232.c,62 :: 		PortC.RC3=0;
0x000E	0x1187      	BCF        PORTC, 3
;RS-232.c,63 :: 		delay_ms(1);
0x000F	0x3002      	MOVLW      2
0x0010	0x00FC      	MOVWF      R12
0x0011	0x304B      	MOVLW      75
0x0012	0x00FD      	MOVWF      R13
L_Pulso9:
0x0013	0x0BFD      	DECFSZ     R13, 1
0x0014	0x2813      	GOTO       L_Pulso9
0x0015	0x0BFC      	DECFSZ     R12, 1
0x0016	0x2813      	GOTO       L_Pulso9
;RS-232.c,64 :: 		}
L_end_Pulso:
0x0017	0x0008      	RETURN
; end of _Pulso
_____DoICP:
;__Lib_System.c,6 :: 		
;__Lib_System.c,9 :: 		
0x0018	0x1283      	BCF        STATUS, 5
0x0019	0x1303      	BCF        STATUS, 6
0x001A	0x082A      	MOVF       ___DoICPAddr+1, 0
0x001B	0x008A      	MOVWF      PCLATH
;__Lib_System.c,10 :: 		
0x001C	0x0829      	MOVF       ___DoICPAddr, 0
0x001D	0x0082      	MOVWF      PCL
;__Lib_System.c,12 :: 		
L_end_____DoICP:
0x001E	0x0008      	RETURN
; end of _____DoICP
___CC2DW:
;__Lib_System.c,134 :: 		
;__Lib_System.c,137 :: 		
_CC2D_Loop1:
;__Lib_System.c,139 :: 		
0x001F	0x2018      	CALL       _____DoICP
0x0020	0x118A      	BCF        PCLATH, 3
0x0021	0x120A      	BCF        PCLATH, 4
;__Lib_System.c,141 :: 		
0x0022	0x0080      	MOVWF      INDF
;__Lib_System.c,142 :: 		
0x0023	0x0A84      	INCF       FSR, 1
;__Lib_System.c,143 :: 		
0x0024	0x0AA9      	INCF       ___DoICPAddr, 1
;__Lib_System.c,145 :: 		
0x0025	0x1903      	BTFSC      STATUS, 2
;__Lib_System.c,146 :: 		
0x0026	0x0AAA      	INCF       ___DoICPAddr+1, 1
;__Lib_System.c,147 :: 		
0x0027	0x03F0      	DECF       R0, 1
;__Lib_System.c,149 :: 		
0x0028	0x1D03      	BTFSS      STATUS, 2
;__Lib_System.c,150 :: 		
0x0029	0x281F      	GOTO       _CC2D_Loop1
;__Lib_System.c,152 :: 		
L_end___CC2DW:
0x002A	0x0008      	RETURN
; end of ___CC2DW
_Omega:
;RS-232.c,29 :: 		void Omega()
;RS-232.c,31 :: 		while (veces)
L_Omega3:
0x002B	0x1283      	BCF        STATUS, 5
0x002C	0x1303      	BCF        STATUS, 6
0x002D	0x082B      	MOVF       _veces, 0
0x002E	0x1903      	BTFSC      STATUS, 2
0x002F	0x2848      	GOTO       L_Omega4
;RS-232.c,33 :: 		PortC.RC2=1;
0x0030	0x1507      	BSF        PORTC, 2
;RS-232.c,34 :: 		clk=8;
0x0031	0x3008      	MOVLW      8
0x0032	0x00AC      	MOVWF      _clk
;RS-232.c,36 :: 		while (clk)
L_Omega5:
0x0033	0x082C      	MOVF       _clk, 0
0x0034	0x1903      	BTFSC      STATUS, 2
0x0035	0x2844      	GOTO       L_Omega6
;RS-232.c,38 :: 		PORTB=TABLAa[pos];
0x0036	0x0820      	MOVF       _pos, 0
0x0037	0x3E21      	ADDLW      _TABLAa
0x0038	0x0084      	MOVWF      FSR
0x0039	0x0800      	MOVF       INDF, 0
0x003A	0x0086      	MOVWF      PORTB
;RS-232.c,39 :: 		Pulso();
0x003B	0x2003      	CALL       _Pulso
;RS-232.c,41 :: 		pos++;
0x003C	0x0AA0      	INCF       _pos, 1
;RS-232.c,42 :: 		if (pos==8)
0x003D	0x0820      	MOVF       _pos, 0
0x003E	0x3A08      	XORLW      8
0x003F	0x1D03      	BTFSS      STATUS, 2
0x0040	0x2842      	GOTO       L_Omega7
;RS-232.c,44 :: 		pos=0;
0x0041	0x01A0      	CLRF       _pos
;RS-232.c,45 :: 		}
L_Omega7:
;RS-232.c,47 :: 		clk--;
0x0042	0x03AC      	DECF       _clk, 1
;RS-232.c,48 :: 		}
0x0043	0x2833      	GOTO       L_Omega5
L_Omega6:
;RS-232.c,50 :: 		PortC.RC2=0;
0x0044	0x1107      	BCF        PORTC, 2
;RS-232.c,51 :: 		Pulso();
0x0045	0x2003      	CALL       _Pulso
;RS-232.c,52 :: 		veces--;
0x0046	0x03AB      	DECF       _veces, 1
;RS-232.c,53 :: 		}
0x0047	0x282B      	GOTO       L_Omega3
L_Omega4:
;RS-232.c,55 :: 		PORTB=0;
0x0048	0x0186      	CLRF       PORTB
;RS-232.c,56 :: 		}
L_end_Omega:
0x0049	0x0008      	RETURN
; end of _Omega
_main:
0x004A	0x3001      	MOVLW      1
0x004B	0x1283      	BCF        STATUS, 5
0x004C	0x1303      	BCF        STATUS, 6
0x004D	0x00A0      	MOVWF      _pos
0x004E	0x303C      	MOVLW      60
0x004F	0x00A1      	MOVWF      _TABLAa
0x0050	0x3066      	MOVLW      102
0x0051	0x00A2      	MOVWF      34
0x0052	0x30C3      	MOVLW      195
0x0053	0x00A3      	MOVWF      35
0x0054	0x3081      	MOVLW      129
0x0055	0x00A4      	MOVWF      36
0x0056	0x30C3      	MOVLW      195
0x0057	0x00A5      	MOVWF      37
0x0058	0x3042      	MOVLW      66
0x0059	0x00A6      	MOVWF      38
0x005A	0x30A5      	MOVLW      165
0x005B	0x00A7      	MOVWF      39
0x005C	0x30E7      	MOVLW      231
0x005D	0x00A8      	MOVWF      40
;RS-232.c,7 :: 		void main()
;RS-232.c,9 :: 		TRISB=0;
0x005E	0x1683      	BSF        STATUS, 5
0x005F	0x0186      	CLRF       TRISB
;RS-232.c,10 :: 		TRISC=0x80;
0x0060	0x3080      	MOVLW      128
0x0061	0x0087      	MOVWF      TRISC
;RS-232.c,12 :: 		PortB=0;
0x0062	0x1283      	BCF        STATUS, 5
0x0063	0x0186      	CLRF       PORTB
;RS-232.c,13 :: 		PortC=0;
0x0064	0x0187      	CLRF       PORTC
;RS-232.c,15 :: 		TRISA.RA4=1;
0x0065	0x1683      	BSF        STATUS, 5
0x0066	0x1605      	BSF        TRISA, 4
;RS-232.c,16 :: 		ANSEL=0;
0x0067	0x1703      	BSF        STATUS, 6
0x0068	0x0188      	CLRF       ANSEL
;RS-232.c,17 :: 		ANSELH=0;
0x0069	0x0189      	CLRF       ANSELH
;RS-232.c,19 :: 		while(8)
L_main0:
;RS-232.c,21 :: 		if (PortA.RA0)
0x006A	0x1283      	BCF        STATUS, 5
0x006B	0x1303      	BCF        STATUS, 6
0x006C	0x1C05      	BTFSS      PORTA, 0
0x006D	0x2871      	GOTO       L_main2
;RS-232.c,23 :: 		veces=100;
0x006E	0x3064      	MOVLW      100
0x006F	0x00AB      	MOVWF      _veces
;RS-232.c,24 :: 		Omega();
0x0070	0x202B      	CALL       _Omega
;RS-232.c,25 :: 		}
L_main2:
;RS-232.c,26 :: 		}
0x0071	0x286A      	GOTO       L_main0
;RS-232.c,27 :: 		}
L_end_main:
0x0072	0x2872      	GOTO       $+0
; end of _main
Symbol List:
//** Routines locations **
//ADDRESS    SIZE    PROCEDURE
//----------------------------------------------
0x0003      [21]    _Pulso
0x0018       [7]    _____DoICP
0x001F      [12]    ___CC2DW
0x002B      [31]    _Omega
0x004A      [41]    _main
//** Variables locations ** 
//ADDRESS    SIZE    VARIABLE
//----------------------------------------------
0x0000       [1]    INDF
0x0002       [1]    PCL
0x0003       [1]    STATUS
0x0004       [1]    FSR
0x0005       [1]    PORTA
0x0006       [1]    PORTB
0x0007       [1]    PORTC
0x000A       [1]    PCLATH
0x0020       [1]    _pos
0x0021       [8]    _TABLAa
0x0029       [2]    ___DoICPAddr
0x002B       [1]    _veces
0x002C       [1]    _clk
0x0070       [1]    R0
0x0071       [1]    R1
0x0072       [1]    R2
0x0073       [1]    R3
0x0074       [1]    R4
0x0075       [1]    R5
0x0076       [1]    R6
0x0077       [1]    R7
0x0078       [1]    R8
0x0079       [1]    R9
0x007A       [1]    R10
0x007B       [1]    R11
0x007C       [1]    R12
0x007D       [1]    R13
0x007E       [1]    R14
0x007F       [1]    R15
0x0085       [1]    TRISA
0x0086       [1]    TRISB
0x0087       [1]    TRISC
0x0188       [1]    ANSEL
0x0189       [1]    ANSELH
//** Label List: ** 
//----------------------------------------------
  L_main0
  L_main1
  L_main2
  L_Omega3
  L_Omega4
  L_Omega5
  L_Omega6
  L_Omega7
  L_Pulso8
  L_Pulso9
  L_end_main
  _main
  L_end_Omega
  _Omega
  L_end_Pulso
  _Pulso
  L_loopCA2AWs
  L_CA2AWend
  _CCA2AW_Loop1
  L_loopCS2Ss
  L_CS2Send
  _CCS2S_Loop1
  L_CCS2Send
  L_loopFZinSWs
  L_FZinSend
  _CC2D_Loop1
  L_end_____DoICP
  _____DoICP
  L_end_____DoIFC
  _____DoIFC
  L_end___CA2AW
  ___CA2AW
  L_end___CCA2AW
  ___CCA2AW
  L_end___CS2S
  ___CS2S
  L_end___CCS2S
  ___CCS2S
  L_end___FZinS
  ___FZinS
  L_end___CC2DW
  ___CC2DW
  L_end_Swap
  _Swap
