;  LST file generated by mikroListExporter - v.2.0 
; Date/Time: 17/05/2015 08:03:49 p.m.
;----------------------------------------------

;Address Opcode 	ASM
0x0000	0x2863      	GOTO       99
_interrupt:
0x0004	0x00FF      	MOVWF      R15
0x0005	0x0E03      	SWAPF      STATUS, 0
0x0006	0x0183      	CLRF       STATUS
0x0007	0x00B0      	MOVWF      ___saveSTATUS
0x0008	0x080A      	MOVF       PCLATH, 0
0x0009	0x00AF      	MOVWF      ___savePCLATH
0x000A	0x018A      	CLRF       PCLATH
0x000B	0x087C      	MOVF       R12, 0
0x000C	0x00A1      	MOVWF      33
0x000D	0x087D      	MOVF       R13, 0
0x000E	0x00A0      	MOVWF      32
0x000F	0x0804      	MOVF       FSR, 0
0x0010	0x00A2      	MOVWF      34
;RS-232.c,86 :: 		void interrupt()
;RS-232.c,88 :: 		if (PIR1.RCIF)
0x0011	0x1E8C      	BTFSS      PIR1, 5
0x0012	0x2814      	GOTO       L_interrupt26
;RS-232.c,90 :: 		Omega();
0x0013	0x2049      	CALL       _Omega
;RS-232.c,91 :: 		}
L_interrupt26:
;RS-232.c,92 :: 		}
L_end_interrupt:
L__interrupt36:
0x0014	0x0821      	MOVF       33, 0
0x0015	0x00FC      	MOVWF      R12
0x0016	0x0820      	MOVF       32, 0
0x0017	0x00FD      	MOVWF      R13
0x0018	0x0822      	MOVF       34, 0
0x0019	0x0084      	MOVWF      FSR
0x001A	0x082F      	MOVF       ___savePCLATH, 0
0x001B	0x008A      	MOVWF      PCLATH
0x001C	0x0E30      	SWAPF      ___saveSTATUS, 0
0x001D	0x0083      	MOVWF      STATUS
0x001E	0x0EFF      	SWAPF      R15, 1
0x001F	0x0E7F      	SWAPF      R15, 0
0x0020	0x0009      	RETFIE
; end of _interrupt
_Pulso:
;RS-232.c,121 :: 		void Pulso ()
;RS-232.c,123 :: 		PortC.RC3=1;
0x0021	0x1283      	BCF        STATUS, 5
0x0022	0x1303      	BCF        STATUS, 6
0x0023	0x1587      	BSF        PORTC, 3
;RS-232.c,124 :: 		delay_ms(1);
0x0024	0x3002      	MOVLW      2
0x0025	0x00FC      	MOVWF      R12
0x0026	0x304B      	MOVLW      75
0x0027	0x00FD      	MOVWF      R13
L_Pulso32:
0x0028	0x0BFD      	DECFSZ     R13, 1
0x0029	0x2828      	GOTO       L_Pulso32
0x002A	0x0BFC      	DECFSZ     R12, 1
0x002B	0x2828      	GOTO       L_Pulso32
;RS-232.c,125 :: 		PortC.RC3=0;
0x002C	0x1187      	BCF        PORTC, 3
;RS-232.c,126 :: 		delay_ms(1);
0x002D	0x3002      	MOVLW      2
0x002E	0x00FC      	MOVWF      R12
0x002F	0x304B      	MOVLW      75
0x0030	0x00FD      	MOVWF      R13
L_Pulso33:
0x0031	0x0BFD      	DECFSZ     R13, 1
0x0032	0x2831      	GOTO       L_Pulso33
0x0033	0x0BFC      	DECFSZ     R12, 1
0x0034	0x2831      	GOTO       L_Pulso33
;RS-232.c,127 :: 		}
L_end_Pulso:
0x0035	0x0008      	RETURN
; end of _Pulso
_____DoICP:
;__Lib_System.c,6 :: 		
;__Lib_System.c,9 :: 		
0x0036	0x1283      	BCF        STATUS, 5
0x0037	0x1303      	BCF        STATUS, 6
0x0038	0x082E      	MOVF       ___DoICPAddr+1, 0
0x0039	0x008A      	MOVWF      PCLATH
;__Lib_System.c,10 :: 		
0x003A	0x082D      	MOVF       ___DoICPAddr, 0
0x003B	0x0082      	MOVWF      PCL
;__Lib_System.c,12 :: 		
L_end_____DoICP:
0x003C	0x0008      	RETURN
; end of _____DoICP
___CC2DW:
;__Lib_System.c,134 :: 		
;__Lib_System.c,137 :: 		
_CC2D_Loop1:
;__Lib_System.c,139 :: 		
0x003D	0x2036      	CALL       _____DoICP
0x003E	0x118A      	BCF        PCLATH, 3
0x003F	0x120A      	BCF        PCLATH, 4
;__Lib_System.c,141 :: 		
0x0040	0x0080      	MOVWF      INDF
;__Lib_System.c,142 :: 		
0x0041	0x0A84      	INCF       FSR, 1
;__Lib_System.c,143 :: 		
0x0042	0x0AAD      	INCF       ___DoICPAddr, 1
;__Lib_System.c,145 :: 		
0x0043	0x1903      	BTFSC      STATUS, 2
;__Lib_System.c,146 :: 		
0x0044	0x0AAE      	INCF       ___DoICPAddr+1, 1
;__Lib_System.c,147 :: 		
0x0045	0x03F0      	DECF       R0, 1
;__Lib_System.c,149 :: 		
0x0046	0x1D03      	BTFSS      STATUS, 2
;__Lib_System.c,150 :: 		
0x0047	0x283D      	GOTO       _CC2D_Loop1
;__Lib_System.c,152 :: 		
L_end___CC2DW:
0x0048	0x0008      	RETURN
; end of ___CC2DW
_Omega:
;RS-232.c,94 :: 		void Omega()
;RS-232.c,96 :: 		while (8)
L_Omega27:
;RS-232.c,98 :: 		PortC.RC2=1;                     //Se manda un uno al SIPO para deshabilitar todas las columnas en cada barrido
0x0049	0x1283      	BCF        STATUS, 5
0x004A	0x1303      	BCF        STATUS, 6
0x004B	0x1507      	BSF        PORTC, 2
;RS-232.c,100 :: 		clk=8;
0x004C	0x3008      	MOVLW      8
0x004D	0x00AC      	MOVWF      _clk
;RS-232.c,102 :: 		while (clk)                     //Se repetirá esta acción ocho veces
L_Omega29:
0x004E	0x082C      	MOVF       _clk, 0
0x004F	0x1903      	BTFSC      STATUS, 2
0x0050	0x285F      	GOTO       L_Omega30
;RS-232.c,104 :: 		PORTB=Tabla[pos];       //Se imprime en el PuertoB lo que hay en la Tabla
0x0051	0x0823      	MOVF       _pos, 0
0x0052	0x3E24      	ADDLW      _Tabla
0x0053	0x0084      	MOVWF      FSR
0x0054	0x0800      	MOVF       INDF, 0
0x0055	0x0086      	MOVWF      PORTB
;RS-232.c,105 :: 		Pulso();                //Se da un flanco de subida para recorrer el display
0x0056	0x2021      	CALL       _Pulso
;RS-232.c,107 :: 		pos++;
0x0057	0x0AA3      	INCF       _pos, 1
;RS-232.c,108 :: 		if (pos==8)             //Si el valor de la posición es mayor a 8 se regresa al valor inicial
0x0058	0x0823      	MOVF       _pos, 0
0x0059	0x3A08      	XORLW      8
0x005A	0x1D03      	BTFSS      STATUS, 2
0x005B	0x285D      	GOTO       L_Omega31
;RS-232.c,110 :: 		pos=0;
0x005C	0x01A3      	CLRF       _pos
;RS-232.c,111 :: 		}
L_Omega31:
;RS-232.c,113 :: 		clk--;
0x005D	0x03AC      	DECF       _clk, 1
;RS-232.c,114 :: 		}
0x005E	0x284E      	GOTO       L_Omega29
L_Omega30:
;RS-232.c,116 :: 		PortC.RC2=0;
0x005F	0x1107      	BCF        PORTC, 2
;RS-232.c,117 :: 		Pulso();
0x0060	0x2021      	CALL       _Pulso
;RS-232.c,118 :: 		}
0x0061	0x2849      	GOTO       L_Omega27
;RS-232.c,119 :: 		}
L_end_Omega:
0x0062	0x0008      	RETURN
; end of _Omega
_main:
0x0063	0x3001      	MOVLW      1
0x0064	0x1283      	BCF        STATUS, 5
0x0065	0x1303      	BCF        STATUS, 6
0x0066	0x00A3      	MOVWF      _pos
0x0067	0x303C      	MOVLW      60
0x0068	0x00A4      	MOVWF      _Tabla
0x0069	0x3066      	MOVLW      102
0x006A	0x00A5      	MOVWF      37
0x006B	0x30C3      	MOVLW      195
0x006C	0x00A6      	MOVWF      38
0x006D	0x3081      	MOVLW      129
0x006E	0x00A7      	MOVWF      39
0x006F	0x30C3      	MOVLW      195
0x0070	0x00A8      	MOVWF      40
0x0071	0x3042      	MOVLW      66
0x0072	0x00A9      	MOVWF      41
0x0073	0x30A5      	MOVLW      165
0x0074	0x00AA      	MOVWF      42
0x0075	0x30E7      	MOVLW      231
0x0076	0x00AB      	MOVWF      43
;RS-232.c,7 :: 		void main()
;RS-232.c,9 :: 		TXSTA.SYNC=0;
0x0077	0x1683      	BSF        STATUS, 5
0x0078	0x1218      	BCF        TXSTA, 4
;RS-232.c,10 :: 		TXSTA.BRGH=0;
0x0079	0x1118      	BCF        TXSTA, 2
;RS-232.c,11 :: 		BAUDCTL.BRG16=0;
0x007A	0x1703      	BSF        STATUS, 6
0x007B	0x1187      	BCF        BAUDCTL, 3
;RS-232.c,13 :: 		SPBRG=25;
0x007C	0x3019      	MOVLW      25
0x007D	0x1303      	BCF        STATUS, 6
0x007E	0x0099      	MOVWF      SPBRG
;RS-232.c,15 :: 		RCSTA.SPEN=1;
0x007F	0x1283      	BCF        STATUS, 5
0x0080	0x1798      	BSF        RCSTA, 7
;RS-232.c,16 :: 		RCSTA.CREN=1;
0x0081	0x1618      	BSF        RCSTA, 4
;RS-232.c,17 :: 		TXSTA.TXEN=1;
0x0082	0x1683      	BSF        STATUS, 5
0x0083	0x1698      	BSF        TXSTA, 5
;RS-232.c,19 :: 		PIE1.RCIE=1;
0x0084	0x168C      	BSF        PIE1, 5
;RS-232.c,20 :: 		INTCON.PEIE=1;
0x0085	0x170B      	BSF        INTCON, 6
;RS-232.c,21 :: 		INTCON.GIE=1;
0x0086	0x178B      	BSF        INTCON, 7
;RS-232.c,23 :: 		TRISB=0;         //Se usará el PuertoB para mandar los valores a las filas
0x0087	0x0186      	CLRF       TRISB
;RS-232.c,24 :: 		TRISC=0x80;      //Y dos bits del puerto C para el multiplexado
0x0088	0x3080      	MOVLW      128
0x0089	0x0087      	MOVWF      TRISC
;RS-232.c,26 :: 		PortB=0;         //Se limpian los puertos
0x008A	0x1283      	BCF        STATUS, 5
0x008B	0x0186      	CLRF       PORTB
;RS-232.c,27 :: 		PortC=0;
0x008C	0x0187      	CLRF       PORTC
;RS-232.c,29 :: 		TRISA.RA4=1;
0x008D	0x1683      	BSF        STATUS, 5
0x008E	0x1605      	BSF        TRISA, 4
;RS-232.c,30 :: 		ANSEL=0;
0x008F	0x1703      	BSF        STATUS, 6
0x0090	0x0188      	CLRF       ANSEL
;RS-232.c,31 :: 		ANSELH=0;
0x0091	0x0189      	CLRF       ANSELH
;RS-232.c,33 :: 		while(8)
L_main0:
;RS-232.c,35 :: 		if (!PortA.RA0)
0x0092	0x1283      	BCF        STATUS, 5
0x0093	0x1303      	BCF        STATUS, 6
0x0094	0x1805      	BTFSC      PORTA, 0
0x0095	0x296D      	GOTO       L_main2
;RS-232.c,37 :: 		TXREG='M';
0x0096	0x304D      	MOVLW      77
0x0097	0x0099      	MOVWF      TXREG
;RS-232.c,38 :: 		delay_ms(5);
0x0098	0x3007      	MOVLW      7
0x0099	0x00FC      	MOVWF      R12
0x009A	0x307D      	MOVLW      125
0x009B	0x00FD      	MOVWF      R13
L_main3:
0x009C	0x0BFD      	DECFSZ     R13, 1
0x009D	0x289C      	GOTO       L_main3
0x009E	0x0BFC      	DECFSZ     R12, 1
0x009F	0x289C      	GOTO       L_main3
;RS-232.c,39 :: 		TXREG='A';
0x00A0	0x3041      	MOVLW      65
0x00A1	0x0099      	MOVWF      TXREG
;RS-232.c,40 :: 		delay_ms(5);
0x00A2	0x3007      	MOVLW      7
0x00A3	0x00FC      	MOVWF      R12
0x00A4	0x307D      	MOVLW      125
0x00A5	0x00FD      	MOVWF      R13
L_main4:
0x00A6	0x0BFD      	DECFSZ     R13, 1
0x00A7	0x28A6      	GOTO       L_main4
0x00A8	0x0BFC      	DECFSZ     R12, 1
0x00A9	0x28A6      	GOTO       L_main4
;RS-232.c,41 :: 		TXREG='N';
0x00AA	0x304E      	MOVLW      78
0x00AB	0x0099      	MOVWF      TXREG
;RS-232.c,42 :: 		delay_ms(5);
0x00AC	0x3007      	MOVLW      7
0x00AD	0x00FC      	MOVWF      R12
0x00AE	0x307D      	MOVLW      125
0x00AF	0x00FD      	MOVWF      R13
L_main5:
0x00B0	0x0BFD      	DECFSZ     R13, 1
0x00B1	0x28B0      	GOTO       L_main5
0x00B2	0x0BFC      	DECFSZ     R12, 1
0x00B3	0x28B0      	GOTO       L_main5
;RS-232.c,43 :: 		TXREG='U';
0x00B4	0x3055      	MOVLW      85
0x00B5	0x0099      	MOVWF      TXREG
;RS-232.c,44 :: 		delay_ms(5);
0x00B6	0x3007      	MOVLW      7
0x00B7	0x00FC      	MOVWF      R12
0x00B8	0x307D      	MOVLW      125
0x00B9	0x00FD      	MOVWF      R13
L_main6:
0x00BA	0x0BFD      	DECFSZ     R13, 1
0x00BB	0x28BA      	GOTO       L_main6
0x00BC	0x0BFC      	DECFSZ     R12, 1
0x00BD	0x28BA      	GOTO       L_main6
;RS-232.c,45 :: 		TXREG='E';
0x00BE	0x3045      	MOVLW      69
0x00BF	0x0099      	MOVWF      TXREG
;RS-232.c,46 :: 		delay_ms(5);
0x00C0	0x3007      	MOVLW      7
0x00C1	0x00FC      	MOVWF      R12
0x00C2	0x307D      	MOVLW      125
0x00C3	0x00FD      	MOVWF      R13
L_main7:
0x00C4	0x0BFD      	DECFSZ     R13, 1
0x00C5	0x28C4      	GOTO       L_main7
0x00C6	0x0BFC      	DECFSZ     R12, 1
0x00C7	0x28C4      	GOTO       L_main7
;RS-232.c,47 :: 		TXREG='L';
0x00C8	0x304C      	MOVLW      76
0x00C9	0x0099      	MOVWF      TXREG
;RS-232.c,48 :: 		delay_ms(5);
0x00CA	0x3007      	MOVLW      7
0x00CB	0x00FC      	MOVWF      R12
0x00CC	0x307D      	MOVLW      125
0x00CD	0x00FD      	MOVWF      R13
L_main8:
0x00CE	0x0BFD      	DECFSZ     R13, 1
0x00CF	0x28CE      	GOTO       L_main8
0x00D0	0x0BFC      	DECFSZ     R12, 1
0x00D1	0x28CE      	GOTO       L_main8
;RS-232.c,49 :: 		TXREG=' ';
0x00D2	0x3020      	MOVLW      32
0x00D3	0x0099      	MOVWF      TXREG
;RS-232.c,50 :: 		delay_ms(5);
0x00D4	0x3007      	MOVLW      7
0x00D5	0x00FC      	MOVWF      R12
0x00D6	0x307D      	MOVLW      125
0x00D7	0x00FD      	MOVWF      R13
L_main9:
0x00D8	0x0BFD      	DECFSZ     R13, 1
0x00D9	0x28D8      	GOTO       L_main9
0x00DA	0x0BFC      	DECFSZ     R12, 1
0x00DB	0x28D8      	GOTO       L_main9
;RS-232.c,51 :: 		TXREG='L';
0x00DC	0x304C      	MOVLW      76
0x00DD	0x0099      	MOVWF      TXREG
;RS-232.c,52 :: 		delay_ms(5);
0x00DE	0x3007      	MOVLW      7
0x00DF	0x00FC      	MOVWF      R12
0x00E0	0x307D      	MOVLW      125
0x00E1	0x00FD      	MOVWF      R13
L_main10:
0x00E2	0x0BFD      	DECFSZ     R13, 1
0x00E3	0x28E2      	GOTO       L_main10
0x00E4	0x0BFC      	DECFSZ     R12, 1
0x00E5	0x28E2      	GOTO       L_main10
;RS-232.c,53 :: 		TXREG='A';
0x00E6	0x3041      	MOVLW      65
0x00E7	0x0099      	MOVWF      TXREG
;RS-232.c,54 :: 		delay_ms(5);
0x00E8	0x3007      	MOVLW      7
0x00E9	0x00FC      	MOVWF      R12
0x00EA	0x307D      	MOVLW      125
0x00EB	0x00FD      	MOVWF      R13
L_main11:
0x00EC	0x0BFD      	DECFSZ     R13, 1
0x00ED	0x28EC      	GOTO       L_main11
0x00EE	0x0BFC      	DECFSZ     R12, 1
0x00EF	0x28EC      	GOTO       L_main11
;RS-232.c,55 :: 		TXREG='R';
0x00F0	0x3052      	MOVLW      82
0x00F1	0x0099      	MOVWF      TXREG
;RS-232.c,56 :: 		delay_ms(5);
0x00F2	0x3007      	MOVLW      7
0x00F3	0x00FC      	MOVWF      R12
0x00F4	0x307D      	MOVLW      125
0x00F5	0x00FD      	MOVWF      R13
L_main12:
0x00F6	0x0BFD      	DECFSZ     R13, 1
0x00F7	0x28F6      	GOTO       L_main12
0x00F8	0x0BFC      	DECFSZ     R12, 1
0x00F9	0x28F6      	GOTO       L_main12
;RS-232.c,57 :: 		TXREG='A';
0x00FA	0x3041      	MOVLW      65
0x00FB	0x0099      	MOVWF      TXREG
;RS-232.c,58 :: 		delay_ms(5);
0x00FC	0x3007      	MOVLW      7
0x00FD	0x00FC      	MOVWF      R12
0x00FE	0x307D      	MOVLW      125
0x00FF	0x00FD      	MOVWF      R13
L_main13:
0x0100	0x0BFD      	DECFSZ     R13, 1
0x0101	0x2900      	GOTO       L_main13
0x0102	0x0BFC      	DECFSZ     R12, 1
0x0103	0x2900      	GOTO       L_main13
;RS-232.c,59 :: 		TXREG=' ';
0x0104	0x3020      	MOVLW      32
0x0105	0x0099      	MOVWF      TXREG
;RS-232.c,60 :: 		delay_ms(5);
0x0106	0x3007      	MOVLW      7
0x0107	0x00FC      	MOVWF      R12
0x0108	0x307D      	MOVLW      125
0x0109	0x00FD      	MOVWF      R13
L_main14:
0x010A	0x0BFD      	DECFSZ     R13, 1
0x010B	0x290A      	GOTO       L_main14
0x010C	0x0BFC      	DECFSZ     R12, 1
0x010D	0x290A      	GOTO       L_main14
;RS-232.c,61 :: 		TXREG='2';
0x010E	0x3032      	MOVLW      50
0x010F	0x0099      	MOVWF      TXREG
;RS-232.c,62 :: 		delay_ms(5);
0x0110	0x3007      	MOVLW      7
0x0111	0x00FC      	MOVWF      R12
0x0112	0x307D      	MOVLW      125
0x0113	0x00FD      	MOVWF      R13
L_main15:
0x0114	0x0BFD      	DECFSZ     R13, 1
0x0115	0x2914      	GOTO       L_main15
0x0116	0x0BFC      	DECFSZ     R12, 1
0x0117	0x2914      	GOTO       L_main15
;RS-232.c,63 :: 		TXREG='1';
0x0118	0x3031      	MOVLW      49
0x0119	0x0099      	MOVWF      TXREG
;RS-232.c,64 :: 		delay_ms(5);
0x011A	0x3007      	MOVLW      7
0x011B	0x00FC      	MOVWF      R12
0x011C	0x307D      	MOVLW      125
0x011D	0x00FD      	MOVWF      R13
L_main16:
0x011E	0x0BFD      	DECFSZ     R13, 1
0x011F	0x291E      	GOTO       L_main16
0x0120	0x0BFC      	DECFSZ     R12, 1
0x0121	0x291E      	GOTO       L_main16
;RS-232.c,65 :: 		TXREG='0';
0x0122	0x3030      	MOVLW      48
0x0123	0x0099      	MOVWF      TXREG
;RS-232.c,66 :: 		delay_ms(5);
0x0124	0x3007      	MOVLW      7
0x0125	0x00FC      	MOVWF      R12
0x0126	0x307D      	MOVLW      125
0x0127	0x00FD      	MOVWF      R13
L_main17:
0x0128	0x0BFD      	DECFSZ     R13, 1
0x0129	0x2928      	GOTO       L_main17
0x012A	0x0BFC      	DECFSZ     R12, 1
0x012B	0x2928      	GOTO       L_main17
;RS-232.c,67 :: 		TXREG='4';
0x012C	0x3034      	MOVLW      52
0x012D	0x0099      	MOVWF      TXREG
;RS-232.c,68 :: 		delay_ms(5);
0x012E	0x3007      	MOVLW      7
0x012F	0x00FC      	MOVWF      R12
0x0130	0x307D      	MOVLW      125
0x0131	0x00FD      	MOVWF      R13
L_main18:
0x0132	0x0BFD      	DECFSZ     R13, 1
0x0133	0x2932      	GOTO       L_main18
0x0134	0x0BFC      	DECFSZ     R12, 1
0x0135	0x2932      	GOTO       L_main18
;RS-232.c,69 :: 		TXREG='5';
0x0136	0x3035      	MOVLW      53
0x0137	0x0099      	MOVWF      TXREG
;RS-232.c,70 :: 		delay_ms(5);
0x0138	0x3007      	MOVLW      7
0x0139	0x00FC      	MOVWF      R12
0x013A	0x307D      	MOVLW      125
0x013B	0x00FD      	MOVWF      R13
L_main19:
0x013C	0x0BFD      	DECFSZ     R13, 1
0x013D	0x293C      	GOTO       L_main19
0x013E	0x0BFC      	DECFSZ     R12, 1
0x013F	0x293C      	GOTO       L_main19
;RS-232.c,71 :: 		TXREG='9';
0x0140	0x3039      	MOVLW      57
0x0141	0x0099      	MOVWF      TXREG
;RS-232.c,72 :: 		delay_ms(5);
0x0142	0x3007      	MOVLW      7
0x0143	0x00FC      	MOVWF      R12
0x0144	0x307D      	MOVLW      125
0x0145	0x00FD      	MOVWF      R13
L_main20:
0x0146	0x0BFD      	DECFSZ     R13, 1
0x0147	0x2946      	GOTO       L_main20
0x0148	0x0BFC      	DECFSZ     R12, 1
0x0149	0x2946      	GOTO       L_main20
;RS-232.c,73 :: 		TXREG='9';
0x014A	0x3039      	MOVLW      57
0x014B	0x0099      	MOVWF      TXREG
;RS-232.c,74 :: 		delay_ms(5);
0x014C	0x3007      	MOVLW      7
0x014D	0x00FC      	MOVWF      R12
0x014E	0x307D      	MOVLW      125
0x014F	0x00FD      	MOVWF      R13
L_main21:
0x0150	0x0BFD      	DECFSZ     R13, 1
0x0151	0x2950      	GOTO       L_main21
0x0152	0x0BFC      	DECFSZ     R12, 1
0x0153	0x2950      	GOTO       L_main21
;RS-232.c,75 :: 		TXREG='7';
0x0154	0x3037      	MOVLW      55
0x0155	0x0099      	MOVWF      TXREG
;RS-232.c,76 :: 		delay_ms(5);
0x0156	0x3007      	MOVLW      7
0x0157	0x00FC      	MOVWF      R12
0x0158	0x307D      	MOVLW      125
0x0159	0x00FD      	MOVWF      R13
L_main22:
0x015A	0x0BFD      	DECFSZ     R13, 1
0x015B	0x295A      	GOTO       L_main22
0x015C	0x0BFC      	DECFSZ     R12, 1
0x015D	0x295A      	GOTO       L_main22
;RS-232.c,77 :: 		TXREG='4';
0x015E	0x3034      	MOVLW      52
0x015F	0x0099      	MOVWF      TXREG
;RS-232.c,78 :: 		delay_ms(5);
0x0160	0x3007      	MOVLW      7
0x0161	0x00FC      	MOVWF      R12
0x0162	0x307D      	MOVLW      125
0x0163	0x00FD      	MOVWF      R13
L_main23:
0x0164	0x0BFD      	DECFSZ     R13, 1
0x0165	0x2964      	GOTO       L_main23
0x0166	0x0BFC      	DECFSZ     R12, 1
0x0167	0x2964      	GOTO       L_main23
;RS-232.c,79 :: 		TXREG=' ';
0x0168	0x3020      	MOVLW      32
0x0169	0x0099      	MOVWF      TXREG
;RS-232.c,81 :: 		while(!PORTA.RA4);
L_main24:
0x016A	0x1A05      	BTFSC      PORTA, 4
0x016B	0x296D      	GOTO       L_main25
0x016C	0x296A      	GOTO       L_main24
L_main25:
;RS-232.c,82 :: 		}
L_main2:
;RS-232.c,83 :: 		}
0x016D	0x2892      	GOTO       L_main0
;RS-232.c,84 :: 		}
L_end_main:
0x016E	0x296E      	GOTO       $+0
; end of _main
Symbol List:
//** Routines locations **
//ADDRESS    SIZE    PROCEDURE
//----------------------------------------------
0x0004      [29]    _interrupt
0x0021      [21]    _Pulso
0x0036       [7]    _____DoICP
0x003D      [12]    ___CC2DW
0x0049      [26]    _Omega
0x0063     [268]    _main
//** Variables locations ** 
//ADDRESS    SIZE    VARIABLE
//----------------------------------------------
0x0000       [1]    INDF
0x0002       [1]    PCL
0x0003       [1]    STATUS
0x0004       [1]    FSR
0x0005       [1]    PORTA
0x0006       [1]    PORTB
0x0007       [1]    PORTC
0x000A       [1]    PCLATH
0x000B       [1]    INTCON
0x000C       [1]    PIR1
0x0018       [1]    RCSTA
0x0019       [1]    TXREG
0x0023       [1]    _pos
0x0024       [8]    _Tabla
0x002C       [1]    _clk
0x002D       [2]    ___DoICPAddr
0x002F       [1]    ___savePCLATH
0x0030       [1]    ___saveSTATUS
0x0070       [1]    R0
0x0071       [1]    R1
0x0072       [1]    R2
0x0073       [1]    R3
0x0074       [1]    R4
0x0075       [1]    R5
0x0076       [1]    R6
0x0077       [1]    R7
0x0078       [1]    R8
0x0079       [1]    R9
0x007A       [1]    R10
0x007B       [1]    R11
0x007C       [1]    R12
0x007D       [1]    R13
0x007E       [1]    R14
0x007F       [1]    R15
0x0085       [1]    TRISA
0x0086       [1]    TRISB
0x0087       [1]    TRISC
0x008C       [1]    PIE1
0x0098       [1]    TXSTA
0x0099       [1]    SPBRG
0x0187       [1]    BAUDCTL
0x0188       [1]    ANSEL
0x0189       [1]    ANSELH
//** Label List: ** 
//----------------------------------------------
  L_main0
  L_main1
  L_main2
  L_main3
  L_main4
  L_main5
  L_main6
  L_main7
  L_main8
  L_main9
  L_main10
  L_main11
  L_main12
  L_main13
  L_main14
  L_main15
  L_main16
  L_main17
  L_main18
  L_main19
  L_main20
  L_main21
  L_main22
  L_main23
  L_main24
  L_main25
  L_interrupt26
  L_Omega27
  L_Omega28
  L_Omega29
  L_Omega30
  L_Omega31
  L_Pulso32
  L_Pulso33
  L_end_main
  _main
  L_end_interrupt
  _interrupt
  L__interrupt36
  L_end_Omega
  _Omega
  L_end_Pulso
  _Pulso
  L_loopCA2AWs
  L_CA2AWend
  _CCA2AW_Loop1
  L_loopCS2Ss
  L_CS2Send
  _CCS2S_Loop1
  L_CCS2Send
  L_loopFZinSWs
  L_FZinSend
  _CC2D_Loop1
  L_end_____DoICP
  _____DoICP
  L_end_____DoIFC
  _____DoIFC
  L_end___CA2AW
  ___CA2AW
  L_end___CCA2AW
  ___CCA2AW
  L_end___CS2S
  ___CS2S
  L_end___CCS2S
  ___CCS2S
  L_end___FZinS
  ___FZinS
  L_end___CC2DW
  ___CC2DW
  L_end_Swap
  _Swap
  L_main0
  L_main1
  L_main2
  L_main3
  L_main4
  L_main5
  L_main6
  L_main7
  L_main8
  L_main9
  L_main10
  L_main11
  L_main12
  L_main13
  L_main14
  L_main15
  L_main16
  L_main17
  L_main18
  L_main19
  L_main20
  L_main21
  L_main22
  L_main23
  L_main24
  L_main25
  L_interrupt26
  L_Omega27
  L_Omega28
  L_Omega29
  L_Omega30
  L_Omega31
  L_Pulso32
  L_Pulso33
  L_end_main
  _main
  L_end_interrupt
  _interrupt
  L__interrupt36
  L_end_Omega
  _Omega
  L_end_Pulso
  _Pulso
