;  LST file generated by mikroListExporter - v.2.0 
; Date/Time: 02/05/2015 09:32:40 p.m.
;----------------------------------------------

;Address Opcode 	ASM
0x0000	0x282A      	GOTO       42
_____DoICP:
;__Lib_System.c,6 :: 		
;__Lib_System.c,9 :: 		
0x0003	0x1283      	BCF        STATUS, 5
0x0004	0x1303      	BCF        STATUS, 6
0x0005	0x0822      	MOVF       ___DoICPAddr+1, 0
0x0006	0x008A      	MOVWF      PCLATH
;__Lib_System.c,10 :: 		
0x0007	0x0821      	MOVF       ___DoICPAddr, 0
0x0008	0x0082      	MOVWF      PCL
;__Lib_System.c,12 :: 		
L_end_____DoICP:
0x0009	0x0008      	RETURN
; end of _____DoICP
_Pulso:
;SIPO.c,29 :: 		void Pulso()
;SIPO.c,31 :: 		PortD.Rd0=~PortD.Rd0;
0x000A	0x3001      	MOVLW      1
0x000B	0x1283      	BCF        STATUS, 5
0x000C	0x1303      	BCF        STATUS, 6
0x000D	0x0688      	XORWF      PORTD, 1
;SIPO.c,32 :: 		delay_ms(250);
0x000E	0x3002      	MOVLW      2
0x000F	0x00FB      	MOVWF      R11
0x0010	0x3045      	MOVLW      69
0x0011	0x00FC      	MOVWF      R12
0x0012	0x30A9      	MOVLW      169
0x0013	0x00FD      	MOVWF      R13
L_Pulso5:
0x0014	0x0BFD      	DECFSZ     R13, 1
0x0015	0x2814      	GOTO       L_Pulso5
0x0016	0x0BFC      	DECFSZ     R12, 1
0x0017	0x2814      	GOTO       L_Pulso5
0x0018	0x0BFB      	DECFSZ     R11, 1
0x0019	0x2814      	GOTO       L_Pulso5
0x001A	0x0000      	NOP
0x001B	0x0000      	NOP
;SIPO.c,33 :: 		clk--;
0x001C	0x03A0      	DECF       _clk, 1
;SIPO.c,34 :: 		}
L_end_Pulso:
0x001D	0x0008      	RETURN
; end of _Pulso
___CC2DW:
;__Lib_System.c,134 :: 		
;__Lib_System.c,137 :: 		
_CC2D_Loop1:
;__Lib_System.c,139 :: 		
0x001E	0x2003      	CALL       _____DoICP
0x001F	0x118A      	BCF        PCLATH, 3
0x0020	0x120A      	BCF        PCLATH, 4
;__Lib_System.c,141 :: 		
0x0021	0x0080      	MOVWF      INDF
;__Lib_System.c,142 :: 		
0x0022	0x0A84      	INCF       FSR, 1
;__Lib_System.c,143 :: 		
0x0023	0x0AA1      	INCF       ___DoICPAddr, 1
;__Lib_System.c,145 :: 		
0x0024	0x1903      	BTFSC      STATUS, 2
;__Lib_System.c,146 :: 		
0x0025	0x0AA2      	INCF       ___DoICPAddr+1, 1
;__Lib_System.c,147 :: 		
0x0026	0x03F0      	DECF       R0, 1
;__Lib_System.c,149 :: 		
0x0027	0x1D03      	BTFSS      STATUS, 2
;__Lib_System.c,150 :: 		
0x0028	0x281E      	GOTO       _CC2D_Loop1
;__Lib_System.c,152 :: 		
L_end___CC2DW:
0x0029	0x0008      	RETURN
; end of ___CC2DW
_main:
;SIPO.c,4 :: 		void main()
;SIPO.c,6 :: 		TRISD=0;
0x002A	0x1683      	BSF        STATUS, 5
0x002B	0x1303      	BCF        STATUS, 6
0x002C	0x0188      	CLRF       TRISD
;SIPO.c,7 :: 		PORTB=0;
0x002D	0x1283      	BCF        STATUS, 5
0x002E	0x0186      	CLRF       PORTB
;SIPO.c,9 :: 		while (8)
L_main0:
;SIPO.c,11 :: 		Portd.Rd1=1;
0x002F	0x1488      	BSF        PORTD, 1
;SIPO.c,12 :: 		Portd.Rd0=1;
0x0030	0x1408      	BSF        PORTD, 0
;SIPO.c,13 :: 		Portd.Rd0=0;
0x0031	0x1008      	BCF        PORTD, 0
;SIPO.c,14 :: 		delay_ms(400);
0x0032	0x3003      	MOVLW      3
0x0033	0x00FB      	MOVWF      R11
0x0034	0x3008      	MOVLW      8
0x0035	0x00FC      	MOVWF      R12
0x0036	0x3077      	MOVLW      119
0x0037	0x00FD      	MOVWF      R13
L_main2:
0x0038	0x0BFD      	DECFSZ     R13, 1
0x0039	0x2838      	GOTO       L_main2
0x003A	0x0BFC      	DECFSZ     R12, 1
0x003B	0x2838      	GOTO       L_main2
0x003C	0x0BFB      	DECFSZ     R11, 1
0x003D	0x2838      	GOTO       L_main2
;SIPO.c,16 :: 		clk=14;
0x003E	0x300E      	MOVLW      14
0x003F	0x00A0      	MOVWF      _clk
;SIPO.c,17 :: 		while (clk)
L_main3:
0x0040	0x0820      	MOVF       _clk, 0
0x0041	0x1903      	BTFSC      STATUS, 2
0x0042	0x2845      	GOTO       L_main4
;SIPO.c,19 :: 		Pulso();
0x0043	0x200A      	CALL       _Pulso
;SIPO.c,20 :: 		}
0x0044	0x2840      	GOTO       L_main3
L_main4:
;SIPO.c,22 :: 		Portd.Rd1=0;
0x0045	0x1088      	BCF        PORTD, 1
;SIPO.c,23 :: 		Portd.Rd0=0;
0x0046	0x1008      	BCF        PORTD, 0
;SIPO.c,24 :: 		Portd.Rd0=1;
0x0047	0x1408      	BSF        PORTD, 0
;SIPO.c,26 :: 		}
0x0048	0x282F      	GOTO       L_main0
;SIPO.c,27 :: 		}
L_end_main:
0x0049	0x2849      	GOTO       $+0
; end of _main
Symbol List:
//** Routines locations **
//ADDRESS    SIZE    PROCEDURE
//----------------------------------------------
0x0003       [7]    _____DoICP
0x000A      [20]    _Pulso
0x001E      [12]    ___CC2DW
0x002A      [32]    _main
//** Variables locations ** 
//ADDRESS    SIZE    VARIABLE
//----------------------------------------------
0x0000       [1]    INDF
0x0002       [1]    PCL
0x0003       [1]    STATUS
0x0004       [1]    FSR
0x0006       [1]    PORTB
0x0008       [1]    PORTD
0x000A       [1]    PCLATH
0x0020       [1]    _clk
0x0021       [2]    ___DoICPAddr
0x0070       [1]    R0
0x0071       [1]    R1
0x0072       [1]    R2
0x0073       [1]    R3
0x0074       [1]    R4
0x0075       [1]    R5
0x0076       [1]    R6
0x0077       [1]    R7
0x0078       [1]    R8
0x0079       [1]    R9
0x007A       [1]    R10
0x007B       [1]    R11
0x007C       [1]    R12
0x007D       [1]    R13
0x007E       [1]    R14
0x007F       [1]    R15
0x0088       [1]    TRISD
//** Label List: ** 
//----------------------------------------------
  L_main0
  L_main1
  L_main2
  L_main3
  L_main4
  L_Pulso5
  L_end_main
  _main
  L_end_Pulso
  _Pulso
  L_loopCA2AWs
  L_CA2AWend
  _CCA2AW_Loop1
  L_loopCS2Ss
  L_CS2Send
  _CCS2S_Loop1
  L_CCS2Send
  L_loopFZinSWs
  L_FZinSend
  _CC2D_Loop1
  L_end_____DoICP
  _____DoICP
  L_end_____DoIFC
  _____DoIFC
  L_end___CA2AW
  ___CA2AW
  L_end___CCA2AW
  ___CCA2AW
  L_end___CS2S
  ___CS2S
  L_end___CCS2S
  ___CCS2S
  L_end___FZinS
  ___FZinS
  L_end___CC2DW
  ___CC2DW
  L_end_Swap
  _Swap
