;  LST file generated by mikroListExporter - v.2.0 
; Date/Time: 02/06/2015 02:36:48 p.m.
;----------------------------------------------

;Address Opcode 	ASM
0x0000	0x283E      	GOTO       62
_____DoICP:
;__Lib_System.c,6 :: 		
;__Lib_System.c,9 :: 		
0x0003	0x1283      	BCF        STATUS, 5
0x0004	0x1303      	BCF        STATUS, 6
0x0005	0x0821      	MOVF       ___DoICPAddr+1, 0
0x0006	0x008A      	MOVWF      PCLATH
;__Lib_System.c,10 :: 		
0x0007	0x0820      	MOVF       ___DoICPAddr, 0
0x0008	0x0082      	MOVWF      PCL
;__Lib_System.c,12 :: 		
L_end_____DoICP:
0x0009	0x0008      	RETURN
; end of _____DoICP
_Periodo:
;PWM.c,37 :: 		void Periodo (int t)
;PWM.c,39 :: 		PR2=(t-1);
0x000A	0x1283      	BCF        STATUS, 5
0x000B	0x1303      	BCF        STATUS, 6
0x000C	0x0324      	DECF       FARG_Periodo_t, 0
0x000D	0x1683      	BSF        STATUS, 5
0x000E	0x0092      	MOVWF      PR2
;PWM.c,40 :: 		}
L_end_Periodo:
0x000F	0x0008      	RETURN
; end of _Periodo
_PW:
;PWM.c,31 :: 		void PW (int ancho)
;PWM.c,33 :: 		CCP1CON|=((ancho&0x0003)<<4);
0x0010	0x3003      	MOVLW      3
0x0011	0x1283      	BCF        STATUS, 5
0x0012	0x1303      	BCF        STATUS, 6
0x0013	0x0524      	ANDWF      FARG_PW_ancho, 0
0x0014	0x00F2      	MOVWF      R2
0x0015	0x0872      	MOVF       R2, 0
0x0016	0x00F0      	MOVWF      R0
0x0017	0x0DF0      	RLF        R0, 1
0x0018	0x1070      	BCF        R0, 0
0x0019	0x0DF0      	RLF        R0, 1
0x001A	0x1070      	BCF        R0, 0
0x001B	0x0DF0      	RLF        R0, 1
0x001C	0x1070      	BCF        R0, 0
0x001D	0x0DF0      	RLF        R0, 1
0x001E	0x1070      	BCF        R0, 0
0x001F	0x0870      	MOVF       R0, 0
0x0020	0x0497      	IORWF      CCP1CON, 1
;PWM.c,34 :: 		CCPR1L=ancho>>2;
0x0021	0x0824      	MOVF       FARG_PW_ancho, 0
0x0022	0x00F0      	MOVWF      R0
0x0023	0x0825      	MOVF       FARG_PW_ancho+1, 0
0x0024	0x00F1      	MOVWF      R0+1
0x0025	0x0CF1      	RRF        R0+1, 1
0x0026	0x0CF0      	RRF        R0, 1
0x0027	0x13F1      	BCF        R0+1, 7
0x0028	0x1B71      	BTFSC      R0+1, 6
0x0029	0x17F1      	BSF        R0+1, 7
0x002A	0x0CF1      	RRF        R0+1, 1
0x002B	0x0CF0      	RRF        R0, 1
0x002C	0x13F1      	BCF        R0+1, 7
0x002D	0x1B71      	BTFSC      R0+1, 6
0x002E	0x17F1      	BSF        R0+1, 7
0x002F	0x0870      	MOVF       R0, 0
0x0030	0x0095      	MOVWF      CCPR1L
;PWM.c,35 :: 		}
L_end_PW:
0x0031	0x0008      	RETURN
; end of _PW
___CC2DW:
;__Lib_System.c,134 :: 		
;__Lib_System.c,137 :: 		
_CC2D_Loop1:
;__Lib_System.c,139 :: 		
0x0032	0x2003      	CALL       _____DoICP
0x0033	0x118A      	BCF        PCLATH, 3
0x0034	0x120A      	BCF        PCLATH, 4
;__Lib_System.c,141 :: 		
0x0035	0x0080      	MOVWF      INDF
;__Lib_System.c,142 :: 		
0x0036	0x0A84      	INCF       FSR, 1
;__Lib_System.c,143 :: 		
0x0037	0x0AA0      	INCF       ___DoICPAddr, 1
;__Lib_System.c,145 :: 		
0x0038	0x1903      	BTFSC      STATUS, 2
;__Lib_System.c,146 :: 		
0x0039	0x0AA1      	INCF       ___DoICPAddr+1, 1
;__Lib_System.c,147 :: 		
0x003A	0x03F0      	DECF       R0, 1
;__Lib_System.c,149 :: 		
0x003B	0x1D03      	BTFSS      STATUS, 2
;__Lib_System.c,150 :: 		
0x003C	0x2832      	GOTO       _CC2D_Loop1
;__Lib_System.c,152 :: 		
L_end___CC2DW:
0x003D	0x0008      	RETURN
; end of ___CC2DW
_main:
;PWM.c,6 :: 		void main()
;PWM.c,8 :: 		CCP1CON=0x0C; //0000 1100 PWM Single Outpu, P1A, Modo PWM.
0x003E	0x300C      	MOVLW      12
0x003F	0x1283      	BCF        STATUS, 5
0x0040	0x1303      	BCF        STATUS, 6
0x0041	0x0097      	MOVWF      CCP1CON
;PWM.c,9 :: 		PIR1=0x02;
0x0042	0x3002      	MOVLW      2
0x0043	0x008C      	MOVWF      PIR1
;PWM.c,10 :: 		T2CON=0x04; //Preescala, Activar Timer2
0x0044	0x3004      	MOVLW      4
0x0045	0x0092      	MOVWF      T2CON
;PWM.c,11 :: 		TRISC=0x00;
0x0046	0x1683      	BSF        STATUS, 5
0x0047	0x0187      	CLRF       TRISC
;PWM.c,13 :: 		Periodo (256);
0x0048	0x3000      	MOVLW      0
0x0049	0x1283      	BCF        STATUS, 5
0x004A	0x00A4      	MOVWF      FARG_Periodo_t
0x004B	0x3001      	MOVLW      1
0x004C	0x00A5      	MOVWF      FARG_Periodo_t+1
0x004D	0x200A      	CALL       _Periodo
;PWM.c,15 :: 		while (8)
L_main0:
;PWM.c,17 :: 		for(i=0;i<=1000;i+=100)
0x004E	0x1283      	BCF        STATUS, 5
0x004F	0x01A2      	CLRF       _i
0x0050	0x01A3      	CLRF       _i+1
L_main2:
0x0051	0x3080      	MOVLW      128
0x0052	0x3A03      	XORLW      3
0x0053	0x00F0      	MOVWF      R0
0x0054	0x3080      	MOVLW      128
0x0055	0x0623      	XORWF      _i+1, 0
0x0056	0x0270      	SUBWF      R0, 0
0x0057	0x1D03      	BTFSS      STATUS, 2
0x0058	0x285B      	GOTO       L__main11
0x0059	0x0822      	MOVF       _i, 0
0x005A	0x3CE8      	SUBLW      232
L__main11:
0x005B	0x1C03      	BTFSS      STATUS, 0
0x005C	0x2874      	GOTO       L_main3
;PWM.c,19 :: 		PW(i);
0x005D	0x0822      	MOVF       _i, 0
0x005E	0x00A4      	MOVWF      FARG_PW_ancho
0x005F	0x0823      	MOVF       _i+1, 0
0x0060	0x00A5      	MOVWF      FARG_PW_ancho+1
0x0061	0x2010      	CALL       _PW
;PWM.c,20 :: 		delay_ms(200);
0x0062	0x3002      	MOVLW      2
0x0063	0x00FB      	MOVWF      R11
0x0064	0x3004      	MOVLW      4
0x0065	0x00FC      	MOVWF      R12
0x0066	0x30BA      	MOVLW      186
0x0067	0x00FD      	MOVWF      R13
L_main5:
0x0068	0x0BFD      	DECFSZ     R13, 1
0x0069	0x2868      	GOTO       L_main5
0x006A	0x0BFC      	DECFSZ     R12, 1
0x006B	0x2868      	GOTO       L_main5
0x006C	0x0BFB      	DECFSZ     R11, 1
0x006D	0x2868      	GOTO       L_main5
0x006E	0x0000      	NOP
;PWM.c,17 :: 		for(i=0;i<=1000;i+=100)
0x006F	0x3064      	MOVLW      100
0x0070	0x07A2      	ADDWF      _i, 1
0x0071	0x1803      	BTFSC      STATUS, 0
0x0072	0x0AA3      	INCF       _i+1, 1
;PWM.c,21 :: 		}
0x0073	0x2851      	GOTO       L_main2
L_main3:
;PWM.c,23 :: 		for (i=1000;i>=0;i-=100)
0x0074	0x30E8      	MOVLW      232
0x0075	0x00A2      	MOVWF      _i
0x0076	0x3003      	MOVLW      3
0x0077	0x00A3      	MOVWF      _i+1
L_main6:
0x0078	0x3080      	MOVLW      128
0x0079	0x0623      	XORWF      _i+1, 0
0x007A	0x00F0      	MOVWF      R0
0x007B	0x3080      	MOVLW      128
0x007C	0x0270      	SUBWF      R0, 0
0x007D	0x1D03      	BTFSS      STATUS, 2
0x007E	0x2881      	GOTO       L__main12
0x007F	0x3000      	MOVLW      0
0x0080	0x0222      	SUBWF      _i, 0
L__main12:
0x0081	0x1C03      	BTFSS      STATUS, 0
0x0082	0x289A      	GOTO       L_main7
;PWM.c,25 :: 		PW(i);
0x0083	0x0822      	MOVF       _i, 0
0x0084	0x00A4      	MOVWF      FARG_PW_ancho
0x0085	0x0823      	MOVF       _i+1, 0
0x0086	0x00A5      	MOVWF      FARG_PW_ancho+1
0x0087	0x2010      	CALL       _PW
;PWM.c,26 :: 		delay_ms(200);
0x0088	0x3002      	MOVLW      2
0x0089	0x00FB      	MOVWF      R11
0x008A	0x3004      	MOVLW      4
0x008B	0x00FC      	MOVWF      R12
0x008C	0x30BA      	MOVLW      186
0x008D	0x00FD      	MOVWF      R13
L_main9:
0x008E	0x0BFD      	DECFSZ     R13, 1
0x008F	0x288E      	GOTO       L_main9
0x0090	0x0BFC      	DECFSZ     R12, 1
0x0091	0x288E      	GOTO       L_main9
0x0092	0x0BFB      	DECFSZ     R11, 1
0x0093	0x288E      	GOTO       L_main9
0x0094	0x0000      	NOP
;PWM.c,23 :: 		for (i=1000;i>=0;i-=100)
0x0095	0x3064      	MOVLW      100
0x0096	0x02A2      	SUBWF      _i, 1
0x0097	0x1C03      	BTFSS      STATUS, 0
0x0098	0x03A3      	DECF       _i+1, 1
;PWM.c,27 :: 		}
0x0099	0x2878      	GOTO       L_main6
L_main7:
;PWM.c,28 :: 		}
0x009A	0x284E      	GOTO       L_main0
;PWM.c,29 :: 		}
L_end_main:
0x009B	0x289B      	GOTO       $+0
; end of _main
Symbol List:
//** Routines locations **
//ADDRESS    SIZE    PROCEDURE
//----------------------------------------------
0x0003       [7]    _____DoICP
0x000A       [6]    _Periodo
0x0010      [34]    _PW
0x0032      [12]    ___CC2DW
0x003E      [94]    _main
//** Variables locations ** 
//ADDRESS    SIZE    VARIABLE
//----------------------------------------------
0x0000       [1]    INDF
0x0002       [1]    PCL
0x0003       [1]    STATUS
0x0004       [1]    FSR
0x000A       [1]    PCLATH
0x000C       [1]    PIR1
0x0012       [1]    T2CON
0x0015       [1]    CCPR1L
0x0017       [1]    CCP1CON
0x0020       [2]    ___DoICPAddr
0x0022       [2]    _i
0x0024       [2]    FARG_PW_ancho
0x0024       [2]    FARG_Periodo_t
0x0070       [1]    R0
0x0071       [1]    R1
0x0072       [1]    R2
0x0073       [1]    R3
0x0074       [1]    R4
0x0075       [1]    R5
0x0076       [1]    R6
0x0077       [1]    R7
0x0078       [1]    R8
0x0079       [1]    R9
0x007A       [1]    R10
0x007B       [1]    R11
0x007C       [1]    R12
0x007D       [1]    R13
0x007E       [1]    R14
0x007F       [1]    R15
0x0087       [1]    TRISC
0x0092       [1]    PR2
//** Label List: ** 
//----------------------------------------------
  L_main0
  L_main1
  L_main2
  L_main3
  L_main4
  L_main5
  L_main6
  L_main7
  L_main8
  L_main9
  L_end_main
  _main
  L__main11
  L__main12
  L_end_PW
  _PW
  L_end_Periodo
  _Periodo
  L_loopCA2AWs
  L_CA2AWend
  _CCA2AW_Loop1
  L_loopCS2Ss
  L_CS2Send
  _CCS2S_Loop1
  L_CCS2Send
  L_loopFZinSWs
  L_FZinSend
  _CC2D_Loop1
  L_end_____DoICP
  _____DoICP
  L_end_____DoIFC
  _____DoIFC
  L_end___CA2AW
  ___CA2AW
  L_end___CCA2AW
  ___CCA2AW
  L_end___CS2S
  ___CS2S
  L_end___CCS2S
  ___CCS2S
  L_end___FZinS
  ___FZinS
  L_end___CC2DW
  ___CC2DW
  L_end_Swap
  _Swap
