;  LST file generated by mikroListExporter - v.2.0 
; Date/Time: 21/03/2015 02:26:22 a.m.
;----------------------------------------------

;Address Opcode 	ASM
0x0000	0x284D      	GOTO       77
_____DoICP:
;__Lib_System.c,6 :: 		
;__Lib_System.c,9 :: 		
0x0003	0x1283      	BCF        STATUS, 5
0x0004	0x1303      	BCF        STATUS, 6
0x0005	0x082B      	MOVF       ___DoICPAddr+1, 0
0x0006	0x008A      	MOVWF      PCLATH
;__Lib_System.c,10 :: 		
0x0007	0x082A      	MOVF       ___DoICPAddr, 0
0x0008	0x0082      	MOVWF      PCL
;__Lib_System.c,12 :: 		
L_end_____DoICP:
0x0009	0x0008      	RETURN
; end of _____DoICP
___CC2DW:
;__Lib_System.c,134 :: 		
;__Lib_System.c,137 :: 		
_CC2D_Loop1:
;__Lib_System.c,139 :: 		
0x000A	0x2003      	CALL       _____DoICP
0x000B	0x118A      	BCF        PCLATH, 3
0x000C	0x120A      	BCF        PCLATH, 4
;__Lib_System.c,141 :: 		
0x000D	0x0080      	MOVWF      INDF
;__Lib_System.c,142 :: 		
0x000E	0x0A84      	INCF       FSR, 1
;__Lib_System.c,143 :: 		
0x000F	0x0AAA      	INCF       ___DoICPAddr, 1
;__Lib_System.c,145 :: 		
0x0010	0x1903      	BTFSC      STATUS, 2
;__Lib_System.c,146 :: 		
0x0011	0x0AAB      	INCF       ___DoICPAddr+1, 1
;__Lib_System.c,147 :: 		
0x0012	0x03F0      	DECF       R0, 1
;__Lib_System.c,149 :: 		
0x0013	0x1D03      	BTFSS      STATUS, 2
;__Lib_System.c,150 :: 		
0x0014	0x280A      	GOTO       _CC2D_Loop1
;__Lib_System.c,152 :: 		
L_end___CC2DW:
0x0015	0x0008      	RETURN
; end of ___CC2DW
_multiplexado:
;06 Contador 0-99.c,37 :: 		void multiplexado(unsigned char veces)
;06 Contador 0-99.c,39 :: 		PORTD&=0x00;
0x0016	0x3000      	MOVLW      0
0x0017	0x1283      	BCF        STATUS, 5
0x0018	0x1303      	BCF        STATUS, 6
0x0019	0x0588      	ANDWF      PORTD, 1
;06 Contador 0-99.c,41 :: 		while(veces)
L_multiplexado5:
0x001A	0x082E      	MOVF       FARG_multiplexado_veces, 0
0x001B	0x1903      	BTFSC      STATUS, 2
0x001C	0x283D      	GOTO       L_multiplexado6
;06 Contador 0-99.c,43 :: 		PORTC=TABLA[unidades];
0x001D	0x082C      	MOVF       _unidades, 0
0x001E	0x3E20      	ADDLW      _TABLA
0x001F	0x0084      	MOVWF      FSR
0x0020	0x0800      	MOVF       INDF, 0
0x0021	0x0087      	MOVWF      PORTC
;06 Contador 0-99.c,44 :: 		PORTD+=0x02;
0x0022	0x3002      	MOVLW      2
0x0023	0x0788      	ADDWF      PORTD, 1
;06 Contador 0-99.c,45 :: 		delay_ms(5);
0x0024	0x3007      	MOVLW      7
0x0025	0x00FC      	MOVWF      R12
0x0026	0x307D      	MOVLW      125
0x0027	0x00FD      	MOVWF      R13
L_multiplexado7:
0x0028	0x0BFD      	DECFSZ     R13, 1
0x0029	0x2828      	GOTO       L_multiplexado7
0x002A	0x0BFC      	DECFSZ     R12, 1
0x002B	0x2828      	GOTO       L_multiplexado7
;06 Contador 0-99.c,47 :: 		PORTD-=0x01;
0x002C	0x0388      	DECF       PORTD, 1
;06 Contador 0-99.c,49 :: 		PORTC=TABLA[decenas];
0x002D	0x082D      	MOVF       _decenas, 0
0x002E	0x3E20      	ADDLW      _TABLA
0x002F	0x0084      	MOVWF      FSR
0x0030	0x0800      	MOVF       INDF, 0
0x0031	0x0087      	MOVWF      PORTC
;06 Contador 0-99.c,50 :: 		delay_ms(5);
0x0032	0x3007      	MOVLW      7
0x0033	0x00FC      	MOVWF      R12
0x0034	0x307D      	MOVLW      125
0x0035	0x00FD      	MOVWF      R13
L_multiplexado8:
0x0036	0x0BFD      	DECFSZ     R13, 1
0x0037	0x2836      	GOTO       L_multiplexado8
0x0038	0x0BFC      	DECFSZ     R12, 1
0x0039	0x2836      	GOTO       L_multiplexado8
;06 Contador 0-99.c,51 :: 		PORTD-=0x01;
0x003A	0x0388      	DECF       PORTD, 1
;06 Contador 0-99.c,53 :: 		veces--;
0x003B	0x03AE      	DECF       FARG_multiplexado_veces, 1
;06 Contador 0-99.c,54 :: 		}
0x003C	0x281A      	GOTO       L_multiplexado5
L_multiplexado6:
;06 Contador 0-99.c,55 :: 		}
L_end_multiplexado:
0x003D	0x0008      	RETURN
; end of _multiplexado
_conteo:
;06 Contador 0-99.c,23 :: 		void conteo(){
;06 Contador 0-99.c,24 :: 		unidades++;
0x003E	0x1283      	BCF        STATUS, 5
0x003F	0x1303      	BCF        STATUS, 6
0x0040	0x0AAC      	INCF       _unidades, 1
;06 Contador 0-99.c,25 :: 		if (unidades==10)
0x0041	0x082C      	MOVF       _unidades, 0
0x0042	0x3A0A      	XORLW      10
0x0043	0x1D03      	BTFSS      STATUS, 2
0x0044	0x284C      	GOTO       L_conteo3
;06 Contador 0-99.c,27 :: 		unidades=0;
0x0045	0x01AC      	CLRF       _unidades
;06 Contador 0-99.c,28 :: 		decenas++;
0x0046	0x0AAD      	INCF       _decenas, 1
;06 Contador 0-99.c,30 :: 		if (decenas==10)
0x0047	0x082D      	MOVF       _decenas, 0
0x0048	0x3A0A      	XORLW      10
0x0049	0x1D03      	BTFSS      STATUS, 2
0x004A	0x284C      	GOTO       L_conteo4
;06 Contador 0-99.c,32 :: 		decenas=0;
0x004B	0x01AD      	CLRF       _decenas
;06 Contador 0-99.c,33 :: 		}
L_conteo4:
;06 Contador 0-99.c,34 :: 		}
L_conteo3:
;06 Contador 0-99.c,35 :: 		}
L_end_conteo:
0x004C	0x0008      	RETURN
; end of _conteo
_main:
0x004D	0x3077      	MOVLW      119
0x004E	0x1283      	BCF        STATUS, 5
0x004F	0x1303      	BCF        STATUS, 6
0x0050	0x00A0      	MOVWF      _TABLA
0x0051	0x3041      	MOVLW      65
0x0052	0x00A1      	MOVWF      33
0x0053	0x303B      	MOVLW      59
0x0054	0x00A2      	MOVWF      34
0x0055	0x306B      	MOVLW      107
0x0056	0x00A3      	MOVWF      35
0x0057	0x304D      	MOVLW      77
0x0058	0x00A4      	MOVWF      36
0x0059	0x306E      	MOVLW      110
0x005A	0x00A5      	MOVWF      37
0x005B	0x307E      	MOVLW      126
0x005C	0x00A6      	MOVWF      38
0x005D	0x3043      	MOVLW      67
0x005E	0x00A7      	MOVWF      39
0x005F	0x307F      	MOVLW      127
0x0060	0x00A8      	MOVWF      40
0x0061	0x306F      	MOVLW      111
0x0062	0x00A9      	MOVWF      41
;06 Contador 0-99.c,7 :: 		void main(){
;06 Contador 0-99.c,8 :: 		TRISC&=0x00;
0x0063	0x3000      	MOVLW      0
0x0064	0x1683      	BSF        STATUS, 5
0x0065	0x0587      	ANDWF      TRISC, 1
;06 Contador 0-99.c,9 :: 		TRISD&=0xFC;
0x0066	0x30FC      	MOVLW      252
0x0067	0x0588      	ANDWF      TRISD, 1
;06 Contador 0-99.c,10 :: 		OPTION_REG&=0x7F;
0x0068	0x307F      	MOVLW      127
0x0069	0x0581      	ANDWF      OPTION_REG, 1
;06 Contador 0-99.c,11 :: 		ANSELH&=0x00;
0x006A	0x3000      	MOVLW      0
0x006B	0x1703      	BSF        STATUS, 6
0x006C	0x0589      	ANDWF      ANSELH, 1
;06 Contador 0-99.c,12 :: 		PORTB+=0x01;
0x006D	0x1283      	BCF        STATUS, 5
0x006E	0x1303      	BCF        STATUS, 6
0x006F	0x0A86      	INCF       PORTB, 1
;06 Contador 0-99.c,14 :: 		while (8){
L_main0:
;06 Contador 0-99.c,15 :: 		if(PORTB.RB0=1)
0x0070	0x1406      	BSF        PORTB, 0
0x0071	0x1C06      	BTFSS      PORTB, 0
0x0072	0x2874      	GOTO       L_main2
;06 Contador 0-99.c,17 :: 		conteo();
0x0073	0x203E      	CALL       _conteo
;06 Contador 0-99.c,18 :: 		}
L_main2:
;06 Contador 0-99.c,19 :: 		multiplexado (25);
0x0074	0x3019      	MOVLW      25
0x0075	0x00AE      	MOVWF      FARG_multiplexado_veces
0x0076	0x2016      	CALL       _multiplexado
;06 Contador 0-99.c,20 :: 		}
0x0077	0x2870      	GOTO       L_main0
;06 Contador 0-99.c,21 :: 		}
L_end_main:
0x0078	0x2878      	GOTO       $+0
; end of _main
Symbol List:
//** Routines locations **
//ADDRESS    SIZE    PROCEDURE
//----------------------------------------------
0x0003       [7]    _____DoICP
0x000A      [12]    ___CC2DW
0x0016      [40]    _multiplexado
0x003E      [15]    _conteo
0x004D      [44]    _main
//** Variables locations ** 
//ADDRESS    SIZE    VARIABLE
//----------------------------------------------
0x0000       [1]    INDF
0x0002       [1]    PCL
0x0003       [1]    STATUS
0x0004       [1]    FSR
0x0006       [1]    PORTB
0x0007       [1]    PORTC
0x0008       [1]    PORTD
0x000A       [1]    PCLATH
0x0020      [10]    _TABLA
0x002A       [2]    ___DoICPAddr
0x002C       [1]    _unidades
0x002D       [1]    _decenas
0x002E       [1]    FARG_multiplexado_veces
0x0070       [1]    R0
0x0071       [1]    R1
0x0072       [1]    R2
0x0073       [1]    R3
0x0074       [1]    R4
0x0075       [1]    R5
0x0076       [1]    R6
0x0077       [1]    R7
0x0078       [1]    R8
0x0079       [1]    R9
0x007A       [1]    R10
0x007B       [1]    R11
0x007C       [1]    R12
0x007D       [1]    R13
0x007E       [1]    R14
0x007F       [1]    R15
0x0081       [1]    OPTION_REG
0x0087       [1]    TRISC
0x0088       [1]    TRISD
0x0189       [1]    ANSELH
//** Label List: ** 
//----------------------------------------------
  L_main0
  L_main1
  L_main2
  L_conteo3
  L_conteo4
  L_multiplexado5
  L_multiplexado6
  L_multiplexado7
  L_multiplexado8
  L_end_main
  _main
  L_end_conteo
  _conteo
  L_end_multiplexado
  _multiplexado
  L_loopCA2AWs
  L_CA2AWend
  _CCA2AW_Loop1
  L_loopCS2Ss
  L_CS2Send
  _CCS2S_Loop1
  L_CCS2Send
  L_loopFZinSWs
  L_FZinSend
  _CC2D_Loop1
  L_end_____DoICP
  _____DoICP
  L_end_____DoIFC
  _____DoIFC
  L_end___CA2AW
  ___CA2AW
  L_end___CCA2AW
  ___CCA2AW
  L_end___CS2S
  ___CS2S
  L_end___CCS2S
  ___CCS2S
  L_end___FZinS
  ___FZinS
  L_end___CC2DW
  ___CC2DW
  L_end_Swap
  _Swap
